Files that are found in folder Current_res but NOT in folder Previous_res :

Res\_Arm\_Spring\_SUPER-X5\Res\0_milpmeng.pin
Res\_Arm\_Spring\_SUPER-X5\Res\11_milpmeng.pin
Res\_Arm\_Spring\_SUPER-X5\Res\1_latpmeng.pin
Res\_Arm\_Spring\_SUPER-X5\Res\2_latpmeng.pin
Res\_Arm\_Spring\_SUPER-X5\Res\3_latpmeng.pin
Res\_Arm\_Spring\_SUPER-X5\Res\milmacro.res
Res\_Arm\_Spring\_SUPER-X5\Res\roteng.pin
Res\_Arm\_Spring\_SUPER-X5\Res\rotposeng.pin
Res\_Arm\_Spring\_SUPER-X5\Res\splcaeng.pin
Res\_Arm\_Spring\_SUPER-X5\Res\sysmacro.res
Res\_Arm\_Spring\_SUPER-X5\Res\syspmeng.pin
Res\_Arm\_Spring\_SUPER-X5\Res\VelGlitchCompEng.pin
Res\_Arm\_Spring\_SUPER-X5\Data\CncBase_Ext.ini
Res\_Arm\_Spring\_SUPER-X5\Common\SyntecParam.xml
Res\_Arm\_Spring\_SUPER-X5\Common\string\ASName_Text_COM.xml
Res\_Arm\_Spring\_SUPER-X5\Common\string\AxisName_Text_COM.xml
Res\_Arm\_Spring\_SUPER-X5\Common\string\IOMapping_Text_COM.xml
Res\_Arm\_Spring\_SUPER-X5\Common\string\LaserName_Text_COM.xml
Res\_Arm\_Spring\_SUPER-X5\Common\string\Option_Text_COM.xml
Res\_Arm\_Spring\_SUPER-X5\Common\string\ROTName_Text_COM.xml
Res\_Arm\_Spring\_SUPER-X5\Common\string\SerialAlarm_ECATDelta_COM.Xml
Res\_Arm\_Spring\_SUPER-X5\Common\string\SerialAlarm_ECATMitsu_COM.Xml
Res\_Arm\_Spring\_SUPER-X5\Common\string\SerialAlarm_ECATPana_COM.Xml
Res\_Arm\_Spring\_SUPER-X5\Common\string\SerialAlarm_ECATSVtronix_COM.Xml
Res\_Arm\_Spring\_SUPER-X5\Common\string\SerialAlarm_M2SYNV2_COM.Xml
Res\_Arm\_Spring\_SUPER-X5\Common\string\SerialAlarm_M2SYN_COM.Xml
Res\_Arm\_Spring\_SUPER-X5\Common\string\SerialAlarm_M2YAS_COM.Xml
Res\_Arm\_Spring\_SUPER-X5\Common\string\SerialAlarm_M3SYN_COM.Xml
Res\_Arm\_Spring\_SUPER-X5\Common\string\SerialAlarm_M3YAS_COM.Xml
Res\_Arm\_Spring\_SUPER-X5\Common\string\SerialAlarm_RTEXPana_COM.Xml
Res\_Arm\_Spring\_SUPER-X5\Common\string\SerialParam_ECATDelta_COM.xml
Res\_Arm\_Spring\_SUPER-X5\Common\string\SerialParam_ECATMitsubishi_COM.xml
Res\_Arm\_Spring\_SUPER-X5\Common\string\SerialParam_ECATPana_COM.xml
Res\_Arm\_Spring\_SUPER-X5\Common\string\SerialParam_ECATSVTNX_COM.xml
Res\_Arm\_Spring\_SUPER-X5\Common\string\SerialParam_M23rdParty_COM.xml
Res\_Arm\_Spring\_SUPER-X5\Common\string\SerialParam_M2SYNV2_COM.xml
Res\_Arm\_Spring\_SUPER-X5\Common\string\SerialParam_M2SYN_COM.xml
Res\_Arm\_Spring\_SUPER-X5\Common\string\SerialParam_M2YAS_COM.xml
Res\_Arm\_Spring\_SUPER-X5\Common\string\SerialParam_M33rdParty_COM.xml
Res\_Arm\_Spring\_SUPER-X5\Common\string\SerialParam_M3SYN_COM.xml
Res\_Arm\_Spring\_SUPER-X5\Common\string\SerialParam_M3YAS_COM.xml
Res\_Arm\_Spring\_SUPER-X5\Common\string\SerialParam_RTEXPana_COM.xml
Res\_Arm\_Spring\_SUPER-X5\Common\string\SPLCName_Text_COM.xml
Res\_Arm\_Spring\_SUPER-X5\Common\string\SpName_Text_COM.xml
Res\_Arm\_Spring\_SUPER-X5\Common\string\SysAlarmMsgCom_CIP.Xml
Res\_Arm\_Spring\_SUPER-X5\Common\string\SysAlarmMsgCom_COM.Xml
Res\_Arm\_Spring\_SUPER-X5\Common\string\SysAlarmMsgCom_ENIP.Xml
Res\_Arm\_Spring\_SUPER-X5\Common\string\SysAlarmMsgCom_LATHE.Xml
Res\_Arm\_Spring\_SUPER-X5\Common\string\SysAlarmMsgCom_MILL.Xml
Res\_Arm\_Spring\_SUPER-X5\Common\string\SysAlarmMsgCom_Rot.Xml
Res\_Arm\_Spring\_SUPER-X5\Common\string\SysAlarmMsgCom_SerialPLCAxis.Xml
Res\_Arm\_Spring\_SUPER-X5\Common\string\SysParamCom_COM.xml
Res\_Arm\_Spring\_SUPER-X5\Common\string\SysParamCom_LATHE.Xml
Res\_Arm\_Spring\_SUPER-X5\Common\string\SysParamCom_MILL.Xml
Res\_Arm\_Spring\_SUPER-X5\Common\string\SysParamCom_Rot.Xml
Res\_Arm\_Spring\_SUPER-X5\Common\string\SysParamCom_SerialPLCAxis.Xml
Res\_Arm\_Spring\_SUPER-X5\Common\string\VelGlitchComp_Text_COM.xml
Res\_Arm\_Spring\_SUPER-X5\CHT\string\IOMapping_Text_CHT.xml
Res\_Arm\_Spring\_SUPER-X5\CHT\string\LaserName_Text_CHT.xml
Res\_Arm\_Spring\_SUPER-X5\CHT\string\Option_Text_CHT.xml
Res\_Arm\_Spring\_SUPER-X5\CHT\string\SerialAlarm_ECATDelta_CHT.Xml
Res\_Arm\_Spring\_SUPER-X5\CHT\string\SerialAlarm_ECATMitsu_CHT.Xml
Res\_Arm\_Spring\_SUPER-X5\CHT\string\SerialAlarm_ECATPana_CHT.Xml
Res\_Arm\_Spring\_SUPER-X5\CHT\string\SerialAlarm_ECATSVtronix_CHT.Xml
Res\_Arm\_Spring\_SUPER-X5\CHT\string\SerialAlarm_M2SYNV2_CHT.Xml
Res\_Arm\_Spring\_SUPER-X5\CHT\string\SerialAlarm_M2SYN_CHT.Xml
Res\_Arm\_Spring\_SUPER-X5\CHT\string\SerialAlarm_M2YAS_CHT.Xml
Res\_Arm\_Spring\_SUPER-X5\CHT\string\SerialAlarm_M3SYN_CHT.Xml
Res\_Arm\_Spring\_SUPER-X5\CHT\string\SerialAlarm_M3YAS_CHT.Xml
Res\_Arm\_Spring\_SUPER-X5\CHT\string\SerialAlarm_RTEXPana_CHT.Xml
Res\_Arm\_Spring\_SUPER-X5\CHT\string\SerialParam_ECATDelta_CHT.xml
Res\_Arm\_Spring\_SUPER-X5\CHT\string\SerialParam_ECATMitsubishi_CHT.xml
Res\_Arm\_Spring\_SUPER-X5\CHT\string\SerialParam_ECATPana_CHT.xml
Res\_Arm\_Spring\_SUPER-X5\CHT\string\SerialParam_M23rdParty_CHT.xml
Res\_Arm\_Spring\_SUPER-X5\CHT\string\SerialParam_M2SYNV2_CHT.xml
Res\_Arm\_Spring\_SUPER-X5\CHT\string\SerialParam_M2SYN_CHT.xml
Res\_Arm\_Spring\_SUPER-X5\CHT\string\SerialParam_M2YAS_CHT.xml
Res\_Arm\_Spring\_SUPER-X5\CHT\string\SerialParam_M33rdParty_CHT.xml
Res\_Arm\_Spring\_SUPER-X5\CHT\string\SerialParam_M3SYN_CHT.xml
Res\_Arm\_Spring\_SUPER-X5\CHT\string\SerialParam_M3YAS_CHT.xml
Res\_Arm\_Spring\_SUPER-X5\CHT\string\SerialParam_RTEXPana_CHT.xml
Res\_Arm\_Spring\_SUPER-X5\CHT\string\SysAlarmMsgCht_CIP.Xml
Res\_Arm\_Spring\_SUPER-X5\CHT\string\SysAlarmMsgCht_COM.Xml
Res\_Arm\_Spring\_SUPER-X5\CHT\string\SysAlarmMsgCht_ENIP.Xml
Res\_Arm\_Spring\_SUPER-X5\CHT\string\SysAlarmMsgCht_LATHE.Xml
Res\_Arm\_Spring\_SUPER-X5\CHT\string\SysAlarmMsgCht_MILL.Xml
Res\_Arm\_Spring\_SUPER-X5\CHT\string\SysAlarmMsgCht_Rot.Xml
Res\_Arm\_Spring\_SUPER-X5\CHT\string\SysAlarmMsgCht_SerialPLCAxis.Xml
Res\_Arm\_Spring\_SUPER-X5\CHT\string\SysParamCht_COM.xml
Res\_Arm\_Spring\_SUPER-X5\CHT\string\SysParamCht_LATHE.Xml
Res\_Arm\_Spring\_SUPER-X5\CHT\string\SysParamCht_MILL.Xml
Res\_Arm\_Spring\_SUPER-X5\CHT\string\SysParamCht_Rot.Xml
Res\_Arm\_Spring\_SUPER-X5\CHT\string\SysParamCht_SerialPLCAxis.Xml
Res\_Arm\_Spring\_SUPER-X5\CHT\string\VelGlitchComp_Text_CHT.xml
Res\_Arm\_Spring\_SUPER-X5\CHS\string\IOMapping_Text_CHS.xml
Res\_Arm\_Spring\_SUPER-X5\CHS\string\LaserName_Text_CHS.xml
Res\_Arm\_Spring\_SUPER-X5\CHS\string\Option_Text_CHS.xml
Res\_Arm\_Spring\_SUPER-X5\CHS\string\SerialAlarm_ECATDelta_CHS.xml
Res\_Arm\_Spring\_SUPER-X5\CHS\string\SerialAlarm_ECATMitsu_CHS.xml
Res\_Arm\_Spring\_SUPER-X5\CHS\string\SerialAlarm_ECATPana_CHS.xml
Res\_Arm\_Spring\_SUPER-X5\CHS\string\SerialAlarm_ECATSVtronix_CHS.xml
Res\_Arm\_Spring\_SUPER-X5\CHS\string\SerialAlarm_M2SYNV2_CHS.xml
Res\_Arm\_Spring\_SUPER-X5\CHS\string\SerialAlarm_M2SYN_CHS.xml
Res\_Arm\_Spring\_SUPER-X5\CHS\string\SerialAlarm_M2YAS_CHS.xml
Res\_Arm\_Spring\_SUPER-X5\CHS\string\SerialAlarm_M3SYN_CHS.xml
Res\_Arm\_Spring\_SUPER-X5\CHS\string\SerialAlarm_M3YAS_CHS.xml
Res\_Arm\_Spring\_SUPER-X5\CHS\string\SerialAlarm_RTEXPana_CHS.xml
Res\_Arm\_Spring\_SUPER-X5\CHS\string\SerialParam_ECATDelta_CHS.xml
Res\_Arm\_Spring\_SUPER-X5\CHS\string\SerialParam_ECATMitsubishi_CHS.xml
Res\_Arm\_Spring\_SUPER-X5\CHS\string\SerialParam_ECATPana_CHS.xml
Res\_Arm\_Spring\_SUPER-X5\CHS\string\SerialParam_M23rdParty_CHS.xml
Res\_Arm\_Spring\_SUPER-X5\CHS\string\SerialParam_M2SYNV2_CHS.xml
Res\_Arm\_Spring\_SUPER-X5\CHS\string\SerialParam_M2SYN_CHS.xml
Res\_Arm\_Spring\_SUPER-X5\CHS\string\SerialParam_M2YAS_CHS.xml
Res\_Arm\_Spring\_SUPER-X5\CHS\string\SerialParam_M33rdParty_CHS.xml
Res\_Arm\_Spring\_SUPER-X5\CHS\string\SerialParam_M3SYN_CHS.xml
Res\_Arm\_Spring\_SUPER-X5\CHS\string\SerialParam_M3YAS_CHS.xml
Res\_Arm\_Spring\_SUPER-X5\CHS\string\SerialParam_RTEXPana_CHS.xml
Res\_Arm\_Spring\_SUPER-X5\CHS\string\SysAlarmMsgChs_CIP.Xml
Res\_Arm\_Spring\_SUPER-X5\CHS\string\SysAlarmMsgChs_COM.Xml
Res\_Arm\_Spring\_SUPER-X5\CHS\string\SysAlarmMsgChs_ENIP.Xml
Res\_Arm\_Spring\_SUPER-X5\CHS\string\SysAlarmMsgChs_LATHE.Xml
Res\_Arm\_Spring\_SUPER-X5\CHS\string\SysAlarmMsgChs_MILL.Xml
Res\_Arm\_Spring\_SUPER-X5\CHS\string\SysAlarmMsgChs_Rot.Xml
Res\_Arm\_Spring\_SUPER-X5\CHS\string\SysAlarmMsgChs_SerialPLCAxis.Xml
Res\_Arm\_Spring\_SUPER-X5\CHS\string\SysParamChs_COM.xml
Res\_Arm\_Spring\_SUPER-X5\CHS\string\SysParamChs_LATHE.Xml
Res\_Arm\_Spring\_SUPER-X5\CHS\string\SysParamChs_MILL.Xml
Res\_Arm\_Spring\_SUPER-X5\CHS\string\SysParamChs_Rot.Xml
Res\_Arm\_Spring\_SUPER-X5\CHS\string\SysParamChs_SerialPLCAxis.Xml
Res\_Arm\_Spring\_SUPER-X5\CHS\string\VelGlitchComp_Text_CHS.xml
Res\_Arm\_PRINT\_60E\Res\10_hcpmeng.pin
Res\_Arm\_PRINT\_60E\Res\milmacro.res
Res\_Arm\_PRINT\_60E\Res\roteng.pin
Res\_Arm\_PRINT\_60E\Res\rotposeng.pin
Res\_Arm\_PRINT\_60E\Res\splcaeng.pin
Res\_Arm\_PRINT\_60E\Res\sripmeng.pin
Res\_Arm\_PRINT\_60E\Res\sysmacro.res
Res\_Arm\_PRINT\_60E\Res\syspmeng.pin
Res\_Arm\_PRINT\_60E\Res\VelGlitchCompEng.pin
Res\_Arm\_PRINT\_60E\Data\CncBase_Ext.ini
Res\_Arm\_PRINT\_60E\Common\SyntecParam.xml
Res\_Arm\_PRINT\_60E\Common\string\ASName_Text_COM.xml
Res\_Arm\_PRINT\_60E\Common\string\AxisName_Text_COM.xml
Res\_Arm\_PRINT\_60E\Common\string\IOMapping_Text_COM.xml
Res\_Arm\_PRINT\_60E\Common\string\LaserName_Text_COM.xml
Res\_Arm\_PRINT\_60E\Common\string\Option_Text_COM.xml
Res\_Arm\_PRINT\_60E\Common\string\ROTName_Text_COM.xml
Res\_Arm\_PRINT\_60E\Common\string\SerialAlarm_ECATDelta_COM.Xml
Res\_Arm\_PRINT\_60E\Common\string\SerialAlarm_ECATMitsu_COM.Xml
Res\_Arm\_PRINT\_60E\Common\string\SerialAlarm_ECATPana_COM.Xml
Res\_Arm\_PRINT\_60E\Common\string\SerialAlarm_ECATSVtronix_COM.Xml
Res\_Arm\_PRINT\_60E\Common\string\SerialAlarm_M2SYNV2_COM.Xml
Res\_Arm\_PRINT\_60E\Common\string\SerialAlarm_M2SYN_COM.Xml
Res\_Arm\_PRINT\_60E\Common\string\SerialAlarm_M2YAS_COM.Xml
Res\_Arm\_PRINT\_60E\Common\string\SerialAlarm_M3SYN_COM.Xml
Res\_Arm\_PRINT\_60E\Common\string\SerialAlarm_M3YAS_COM.Xml
Res\_Arm\_PRINT\_60E\Common\string\SerialAlarm_RTEXPana_COM.Xml
Res\_Arm\_PRINT\_60E\Common\string\SerialParam_ECATDelta_COM.xml
Res\_Arm\_PRINT\_60E\Common\string\SerialParam_ECATMitsubishi_COM.xml
Res\_Arm\_PRINT\_60E\Common\string\SerialParam_ECATPana_COM.xml
Res\_Arm\_PRINT\_60E\Common\string\SerialParam_ECATSVTNX_COM.xml
Res\_Arm\_PRINT\_60E\Common\string\SerialParam_M23rdParty_COM.xml
Res\_Arm\_PRINT\_60E\Common\string\SerialParam_M2SYNV2_COM.xml
Res\_Arm\_PRINT\_60E\Common\string\SerialParam_M2SYN_COM.xml
Res\_Arm\_PRINT\_60E\Common\string\SerialParam_M2YAS_COM.xml
Res\_Arm\_PRINT\_60E\Common\string\SerialParam_M33rdParty_COM.xml
Res\_Arm\_PRINT\_60E\Common\string\SerialParam_M3SYN_COM.xml
Res\_Arm\_PRINT\_60E\Common\string\SerialParam_M3YAS_COM.xml
Res\_Arm\_PRINT\_60E\Common\string\SerialParam_RTEXPana_COM.xml
Res\_Arm\_PRINT\_60E\Common\string\SPLCName_Text_COM.xml
Res\_Arm\_PRINT\_60E\Common\string\SpName_Text_COM.xml
Res\_Arm\_PRINT\_60E\Common\string\SysAlarmMsgCom_CIP.Xml
Res\_Arm\_PRINT\_60E\Common\string\SysAlarmMsgCom_COM.Xml
Res\_Arm\_PRINT\_60E\Common\string\SysAlarmMsgCom_ENIP.Xml
Res\_Arm\_PRINT\_60E\Common\string\SysAlarmMsgCom_HC.Xml
Res\_Arm\_PRINT\_60E\Common\string\SysAlarmMsgCom_Rot.Xml
Res\_Arm\_PRINT\_60E\Common\string\SysAlarmMsgCom_SerialPLCAxis.Xml
Res\_Arm\_PRINT\_60E\Common\string\SysAlarmMsgCom_SRI.Xml
Res\_Arm\_PRINT\_60E\Common\string\SysParamCom_COM.xml
Res\_Arm\_PRINT\_60E\Common\string\SysParamCom_HC.Xml
Res\_Arm\_PRINT\_60E\Common\string\SysParamCom_Rot.Xml
Res\_Arm\_PRINT\_60E\Common\string\SysParamCom_SerialPLCAxis.Xml
Res\_Arm\_PRINT\_60E\Common\string\SysParamCom_SRI.Xml
Res\_Arm\_PRINT\_60E\Common\string\VelGlitchComp_Text_COM.xml
Res\_Arm\_PRINT\_60E\CHT\string\IOMapping_Text_CHT.xml
Res\_Arm\_PRINT\_60E\CHT\string\LaserName_Text_CHT.xml
Res\_Arm\_PRINT\_60E\CHT\string\Option_Text_CHT.xml
Res\_Arm\_PRINT\_60E\CHT\string\SerialAlarm_ECATDelta_CHT.Xml
Res\_Arm\_PRINT\_60E\CHT\string\SerialAlarm_ECATMitsu_CHT.Xml
Res\_Arm\_PRINT\_60E\CHT\string\SerialAlarm_ECATPana_CHT.Xml
Res\_Arm\_PRINT\_60E\CHT\string\SerialAlarm_ECATSVtronix_CHT.Xml
Res\_Arm\_PRINT\_60E\CHT\string\SerialAlarm_M2SYNV2_CHT.Xml
Res\_Arm\_PRINT\_60E\CHT\string\SerialAlarm_M2SYN_CHT.Xml
Res\_Arm\_PRINT\_60E\CHT\string\SerialAlarm_M2YAS_CHT.Xml
Res\_Arm\_PRINT\_60E\CHT\string\SerialAlarm_M3SYN_CHT.Xml
Res\_Arm\_PRINT\_60E\CHT\string\SerialAlarm_M3YAS_CHT.Xml
Res\_Arm\_PRINT\_60E\CHT\string\SerialAlarm_RTEXPana_CHT.Xml
Res\_Arm\_PRINT\_60E\CHT\string\SerialParam_ECATDelta_CHT.xml
Res\_Arm\_PRINT\_60E\CHT\string\SerialParam_ECATMitsubishi_CHT.xml
Res\_Arm\_PRINT\_60E\CHT\string\SerialParam_ECATPana_CHT.xml
Res\_Arm\_PRINT\_60E\CHT\string\SerialParam_M23rdParty_CHT.xml
Res\_Arm\_PRINT\_60E\CHT\string\SerialParam_M2SYNV2_CHT.xml
Res\_Arm\_PRINT\_60E\CHT\string\SerialParam_M2SYN_CHT.xml
Res\_Arm\_PRINT\_60E\CHT\string\SerialParam_M2YAS_CHT.xml
Res\_Arm\_PRINT\_60E\CHT\string\SerialParam_M33rdParty_CHT.xml
Res\_Arm\_PRINT\_60E\CHT\string\SerialParam_M3SYN_CHT.xml
Res\_Arm\_PRINT\_60E\CHT\string\SerialParam_M3YAS_CHT.xml
Res\_Arm\_PRINT\_60E\CHT\string\SerialParam_RTEXPana_CHT.xml
Res\_Arm\_PRINT\_60E\CHT\string\SysAlarmMsgCht_CIP.Xml
Res\_Arm\_PRINT\_60E\CHT\string\SysAlarmMsgCht_COM.Xml
Res\_Arm\_PRINT\_60E\CHT\string\SysAlarmMsgCht_ENIP.Xml
Res\_Arm\_PRINT\_60E\CHT\string\SysAlarmMsgCht_HC.Xml
Res\_Arm\_PRINT\_60E\CHT\string\SysAlarmMsgCht_Rot.Xml
Res\_Arm\_PRINT\_60E\CHT\string\SysAlarmMsgCht_SerialPLCAxis.Xml
Res\_Arm\_PRINT\_60E\CHT\string\SysAlarmMsgCht_SRI.Xml
Res\_Arm\_PRINT\_60E\CHT\string\SysParamCht_COM.xml
Res\_Arm\_PRINT\_60E\CHT\string\SysParamCht_HC.Xml
Res\_Arm\_PRINT\_60E\CHT\string\SysParamCht_Rot.Xml
Res\_Arm\_PRINT\_60E\CHT\string\SysParamCht_SerialPLCAxis.Xml
Res\_Arm\_PRINT\_60E\CHT\string\SysParamCht_SRI.Xml
Res\_Arm\_PRINT\_60E\CHT\string\VelGlitchComp_Text_CHT.xml
Res\_Arm\_PRINT\_60E\CHS\string\IOMapping_Text_CHS.xml
Res\_Arm\_PRINT\_60E\CHS\string\LaserName_Text_CHS.xml
Res\_Arm\_PRINT\_60E\CHS\string\Option_Text_CHS.xml
Res\_Arm\_PRINT\_60E\CHS\string\SerialAlarm_ECATDelta_CHS.xml
Res\_Arm\_PRINT\_60E\CHS\string\SerialAlarm_ECATMitsu_CHS.xml
Res\_Arm\_PRINT\_60E\CHS\string\SerialAlarm_ECATPana_CHS.xml
Res\_Arm\_PRINT\_60E\CHS\string\SerialAlarm_ECATSVtronix_CHS.xml
Res\_Arm\_PRINT\_60E\CHS\string\SerialAlarm_M2SYNV2_CHS.xml
Res\_Arm\_PRINT\_60E\CHS\string\SerialAlarm_M2SYN_CHS.xml
Res\_Arm\_PRINT\_60E\CHS\string\SerialAlarm_M2YAS_CHS.xml
Res\_Arm\_PRINT\_60E\CHS\string\SerialAlarm_M3SYN_CHS.xml
Res\_Arm\_PRINT\_60E\CHS\string\SerialAlarm_M3YAS_CHS.xml
Res\_Arm\_PRINT\_60E\CHS\string\SerialAlarm_RTEXPana_CHS.xml
Res\_Arm\_PRINT\_60E\CHS\string\SerialParam_ECATDelta_CHS.xml
Res\_Arm\_PRINT\_60E\CHS\string\SerialParam_ECATMitsubishi_CHS.xml
Res\_Arm\_PRINT\_60E\CHS\string\SerialParam_ECATPana_CHS.xml
Res\_Arm\_PRINT\_60E\CHS\string\SerialParam_M23rdParty_CHS.xml
Res\_Arm\_PRINT\_60E\CHS\string\SerialParam_M2SYNV2_CHS.xml
Res\_Arm\_PRINT\_60E\CHS\string\SerialParam_M2SYN_CHS.xml
Res\_Arm\_PRINT\_60E\CHS\string\SerialParam_M2YAS_CHS.xml
Res\_Arm\_PRINT\_60E\CHS\string\SerialParam_M33rdParty_CHS.xml
Res\_Arm\_PRINT\_60E\CHS\string\SerialParam_M3SYN_CHS.xml
Res\_Arm\_PRINT\_60E\CHS\string\SerialParam_M3YAS_CHS.xml
Res\_Arm\_PRINT\_60E\CHS\string\SerialParam_RTEXPana_CHS.xml
Res\_Arm\_PRINT\_60E\CHS\string\SysAlarmMsgChs_CIP.Xml
Res\_Arm\_PRINT\_60E\CHS\string\SysAlarmMsgChs_COM.Xml
Res\_Arm\_PRINT\_60E\CHS\string\SysAlarmMsgChs_ENIP.Xml
Res\_Arm\_PRINT\_60E\CHS\string\SysAlarmMsgChs_HC.Xml
Res\_Arm\_PRINT\_60E\CHS\string\SysAlarmMsgChs_Rot.Xml
Res\_Arm\_PRINT\_60E\CHS\string\SysAlarmMsgChs_SerialPLCAxis.Xml
Res\_Arm\_PRINT\_60E\CHS\string\SysAlarmMsgChs_SRI.Xml
Res\_Arm\_PRINT\_60E\CHS\string\SysParamChs_COM.xml
Res\_Arm\_PRINT\_60E\CHS\string\SysParamChs_HC.Xml
Res\_Arm\_PRINT\_60E\CHS\string\SysParamChs_Rot.Xml
Res\_Arm\_PRINT\_60E\CHS\string\SysParamChs_SerialPLCAxis.Xml
Res\_Arm\_PRINT\_60E\CHS\string\SysParamChs_SRI.Xml
Res\_Arm\_PRINT\_60E\CHS\string\VelGlitchComp_Text_CHS.xml
Res\_Arm\_Cutting\_60B\Res\0_milpmeng.pin
Res\_Arm\_Cutting\_60B\Res\milmacro.res
Res\_Arm\_Cutting\_60B\Res\roteng.pin
Res\_Arm\_Cutting\_60B\Res\rotposeng.pin
Res\_Arm\_Cutting\_60B\Res\splcaeng.pin
Res\_Arm\_Cutting\_60B\Res\sripmeng.pin
Res\_Arm\_Cutting\_60B\Res\sysmacro.res
Res\_Arm\_Cutting\_60B\Res\syspmeng.pin
Res\_Arm\_Cutting\_60B\Res\VelGlitchCompEng.pin
Res\_Arm\_Cutting\_60B\Data\CncBase_Ext.ini
Res\_Arm\_Cutting\_60B\Common\SyntecParam.xml
Res\_Arm\_Cutting\_60B\Common\string\ASName_Text_COM.xml
Res\_Arm\_Cutting\_60B\Common\string\AxisName_Text_COM.xml
Res\_Arm\_Cutting\_60B\Common\string\IOMapping_Text_COM.xml
Res\_Arm\_Cutting\_60B\Common\string\LaserName_Text_COM.xml
Res\_Arm\_Cutting\_60B\Common\string\Option_Text_COM.xml
Res\_Arm\_Cutting\_60B\Common\string\ROTName_Text_COM.xml
Res\_Arm\_Cutting\_60B\Common\string\SerialAlarm_ECATDelta_COM.Xml
Res\_Arm\_Cutting\_60B\Common\string\SerialAlarm_ECATMitsu_COM.Xml
Res\_Arm\_Cutting\_60B\Common\string\SerialAlarm_ECATPana_COM.Xml
Res\_Arm\_Cutting\_60B\Common\string\SerialAlarm_ECATSVtronix_COM.Xml
Res\_Arm\_Cutting\_60B\Common\string\SerialAlarm_M2SYNV2_COM.Xml
Res\_Arm\_Cutting\_60B\Common\string\SerialAlarm_M2SYN_COM.Xml
Res\_Arm\_Cutting\_60B\Common\string\SerialAlarm_M2YAS_COM.Xml
Res\_Arm\_Cutting\_60B\Common\string\SerialAlarm_M3SYN_COM.Xml
Res\_Arm\_Cutting\_60B\Common\string\SerialAlarm_M3YAS_COM.Xml
Res\_Arm\_Cutting\_60B\Common\string\SerialAlarm_RTEXPana_COM.Xml
Res\_Arm\_Cutting\_60B\Common\string\SerialParam_ECATDelta_COM.xml
Res\_Arm\_Cutting\_60B\Common\string\SerialParam_ECATMitsubishi_COM.xml
Res\_Arm\_Cutting\_60B\Common\string\SerialParam_ECATPana_COM.xml
Res\_Arm\_Cutting\_60B\Common\string\SerialParam_ECATSVTNX_COM.xml
Res\_Arm\_Cutting\_60B\Common\string\SerialParam_M23rdParty_COM.xml
Res\_Arm\_Cutting\_60B\Common\string\SerialParam_M2SYNV2_COM.xml
Res\_Arm\_Cutting\_60B\Common\string\SerialParam_M2SYN_COM.xml
Res\_Arm\_Cutting\_60B\Common\string\SerialParam_M2YAS_COM.xml
Res\_Arm\_Cutting\_60B\Common\string\SerialParam_M33rdParty_COM.xml
Res\_Arm\_Cutting\_60B\Common\string\SerialParam_M3SYN_COM.xml
Res\_Arm\_Cutting\_60B\Common\string\SerialParam_M3YAS_COM.xml
Res\_Arm\_Cutting\_60B\Common\string\SerialParam_RTEXPana_COM.xml
Res\_Arm\_Cutting\_60B\Common\string\SPLCName_Text_COM.xml
Res\_Arm\_Cutting\_60B\Common\string\SpName_Text_COM.xml
Res\_Arm\_Cutting\_60B\Common\string\SysAlarmMsgCom_CIP.Xml
Res\_Arm\_Cutting\_60B\Common\string\SysAlarmMsgCom_COM.Xml
Res\_Arm\_Cutting\_60B\Common\string\SysAlarmMsgCom_ENIP.Xml
Res\_Arm\_Cutting\_60B\Common\string\SysAlarmMsgCom_MILL.Xml
Res\_Arm\_Cutting\_60B\Common\string\SysAlarmMsgCom_Rot.Xml
Res\_Arm\_Cutting\_60B\Common\string\SysAlarmMsgCom_SerialPLCAxis.Xml
Res\_Arm\_Cutting\_60B\Common\string\SysAlarmMsgCom_SRI.Xml
Res\_Arm\_Cutting\_60B\Common\string\SysParamCom_COM.xml
Res\_Arm\_Cutting\_60B\Common\string\SysParamCom_MILL.Xml
Res\_Arm\_Cutting\_60B\Common\string\SysParamCom_Rot.Xml
Res\_Arm\_Cutting\_60B\Common\string\SysParamCom_SerialPLCAxis.Xml
Res\_Arm\_Cutting\_60B\Common\string\SysParamCom_SRI.Xml
Res\_Arm\_Cutting\_60B\Common\string\VelGlitchComp_Text_COM.xml
Res\_Arm\_Cutting\_60B\CHT\string\IOMapping_Text_CHT.xml
Res\_Arm\_Cutting\_60B\CHT\string\LaserName_Text_CHT.xml
Res\_Arm\_Cutting\_60B\CHT\string\Option_Text_CHT.xml
Res\_Arm\_Cutting\_60B\CHT\string\SerialAlarm_ECATDelta_CHT.Xml
Res\_Arm\_Cutting\_60B\CHT\string\SerialAlarm_ECATMitsu_CHT.Xml
Res\_Arm\_Cutting\_60B\CHT\string\SerialAlarm_ECATPana_CHT.Xml
Res\_Arm\_Cutting\_60B\CHT\string\SerialAlarm_ECATSVtronix_CHT.Xml
Res\_Arm\_Cutting\_60B\CHT\string\SerialAlarm_M2SYNV2_CHT.Xml
Res\_Arm\_Cutting\_60B\CHT\string\SerialAlarm_M2SYN_CHT.Xml
Res\_Arm\_Cutting\_60B\CHT\string\SerialAlarm_M2YAS_CHT.Xml
Res\_Arm\_Cutting\_60B\CHT\string\SerialAlarm_M3SYN_CHT.Xml
Res\_Arm\_Cutting\_60B\CHT\string\SerialAlarm_M3YAS_CHT.Xml
Res\_Arm\_Cutting\_60B\CHT\string\SerialAlarm_RTEXPana_CHT.Xml
Res\_Arm\_Cutting\_60B\CHT\string\SerialParam_ECATDelta_CHT.xml
Res\_Arm\_Cutting\_60B\CHT\string\SerialParam_ECATMitsubishi_CHT.xml
Res\_Arm\_Cutting\_60B\CHT\string\SerialParam_ECATPana_CHT.xml
Res\_Arm\_Cutting\_60B\CHT\string\SerialParam_M23rdParty_CHT.xml
Res\_Arm\_Cutting\_60B\CHT\string\SerialParam_M2SYNV2_CHT.xml
Res\_Arm\_Cutting\_60B\CHT\string\SerialParam_M2SYN_CHT.xml
Res\_Arm\_Cutting\_60B\CHT\string\SerialParam_M2YAS_CHT.xml
Res\_Arm\_Cutting\_60B\CHT\string\SerialParam_M33rdParty_CHT.xml
Res\_Arm\_Cutting\_60B\CHT\string\SerialParam_M3SYN_CHT.xml
Res\_Arm\_Cutting\_60B\CHT\string\SerialParam_M3YAS_CHT.xml
Res\_Arm\_Cutting\_60B\CHT\string\SerialParam_RTEXPana_CHT.xml
Res\_Arm\_Cutting\_60B\CHT\string\SysAlarmMsgCht_CIP.Xml
Res\_Arm\_Cutting\_60B\CHT\string\SysAlarmMsgCht_COM.Xml
Res\_Arm\_Cutting\_60B\CHT\string\SysAlarmMsgCht_ENIP.Xml
Res\_Arm\_Cutting\_60B\CHT\string\SysAlarmMsgCht_MILL.Xml
Res\_Arm\_Cutting\_60B\CHT\string\SysAlarmMsgCht_Rot.Xml
Res\_Arm\_Cutting\_60B\CHT\string\SysAlarmMsgCht_SerialPLCAxis.Xml
Res\_Arm\_Cutting\_60B\CHT\string\SysAlarmMsgCht_SRI.Xml
Res\_Arm\_Cutting\_60B\CHT\string\SysParamCht_COM.xml
Res\_Arm\_Cutting\_60B\CHT\string\SysParamCht_MILL.Xml
Res\_Arm\_Cutting\_60B\CHT\string\SysParamCht_Rot.Xml
Res\_Arm\_Cutting\_60B\CHT\string\SysParamCht_SerialPLCAxis.Xml
Res\_Arm\_Cutting\_60B\CHT\string\SysParamCht_SRI.Xml
Res\_Arm\_Cutting\_60B\CHT\string\VelGlitchComp_Text_CHT.xml
Res\_Arm\_Cutting\_60B\CHS\string\IOMapping_Text_CHS.xml
Res\_Arm\_Cutting\_60B\CHS\string\LaserName_Text_CHS.xml
Res\_Arm\_Cutting\_60B\CHS\string\Option_Text_CHS.xml
Res\_Arm\_Cutting\_60B\CHS\string\SerialAlarm_ECATDelta_CHS.xml
Res\_Arm\_Cutting\_60B\CHS\string\SerialAlarm_ECATMitsu_CHS.xml
Res\_Arm\_Cutting\_60B\CHS\string\SerialAlarm_ECATPana_CHS.xml
Res\_Arm\_Cutting\_60B\CHS\string\SerialAlarm_ECATSVtronix_CHS.xml
Res\_Arm\_Cutting\_60B\CHS\string\SerialAlarm_M2SYNV2_CHS.xml
Res\_Arm\_Cutting\_60B\CHS\string\SerialAlarm_M2SYN_CHS.xml
Res\_Arm\_Cutting\_60B\CHS\string\SerialAlarm_M2YAS_CHS.xml
Res\_Arm\_Cutting\_60B\CHS\string\SerialAlarm_M3SYN_CHS.xml
Res\_Arm\_Cutting\_60B\CHS\string\SerialAlarm_M3YAS_CHS.xml
Res\_Arm\_Cutting\_60B\CHS\string\SerialAlarm_RTEXPana_CHS.xml
Res\_Arm\_Cutting\_60B\CHS\string\SerialParam_ECATDelta_CHS.xml
Res\_Arm\_Cutting\_60B\CHS\string\SerialParam_ECATMitsubishi_CHS.xml
Res\_Arm\_Cutting\_60B\CHS\string\SerialParam_ECATPana_CHS.xml
Res\_Arm\_Cutting\_60B\CHS\string\SerialParam_M23rdParty_CHS.xml
Res\_Arm\_Cutting\_60B\CHS\string\SerialParam_M2SYNV2_CHS.xml
Res\_Arm\_Cutting\_60B\CHS\string\SerialParam_M2SYN_CHS.xml
Res\_Arm\_Cutting\_60B\CHS\string\SerialParam_M2YAS_CHS.xml
Res\_Arm\_Cutting\_60B\CHS\string\SerialParam_M33rdParty_CHS.xml
Res\_Arm\_Cutting\_60B\CHS\string\SerialParam_M3SYN_CHS.xml
Res\_Arm\_Cutting\_60B\CHS\string\SerialParam_M3YAS_CHS.xml
Res\_Arm\_Cutting\_60B\CHS\string\SerialParam_RTEXPana_CHS.xml
Res\_Arm\_Cutting\_60B\CHS\string\SysAlarmMsgChs_CIP.Xml
Res\_Arm\_Cutting\_60B\CHS\string\SysAlarmMsgChs_COM.Xml
Res\_Arm\_Cutting\_60B\CHS\string\SysAlarmMsgChs_ENIP.Xml
Res\_Arm\_Cutting\_60B\CHS\string\SysAlarmMsgChs_MILL.Xml
Res\_Arm\_Cutting\_60B\CHS\string\SysAlarmMsgChs_Rot.Xml
Res\_Arm\_Cutting\_60B\CHS\string\SysAlarmMsgChs_SerialPLCAxis.Xml
Res\_Arm\_Cutting\_60B\CHS\string\SysAlarmMsgChs_SRI.Xml
Res\_Arm\_Cutting\_60B\CHS\string\SysParamChs_COM.xml
Res\_Arm\_Cutting\_60B\CHS\string\SysParamChs_MILL.Xml
Res\_Arm\_Cutting\_60B\CHS\string\SysParamChs_Rot.Xml
Res\_Arm\_Cutting\_60B\CHS\string\SysParamChs_SerialPLCAxis.Xml
Res\_Arm\_Cutting\_60B\CHS\string\SysParamChs_SRI.Xml
Res\_Arm\_Cutting\_60B\CHS\string\VelGlitchComp_Text_CHS.xml
----------------------------------------------------------------------
Files that are found in folder Previous_res but NOT in folder Current_res :

----------------------------------------------------------------------
