1	OCDevice_W32_b01.txt			Line 88
2	OCDevice_W32_b01.txt			Line 96
3	OCDevice_W32_b01.txt			Line 106
4	OCDevice_W32_b01.txt			Line 110
5	OCDevice_W32_b01.txt			Line 111
6	OCDevice_W32_b01.txt			Line 135
7	OCDevice_W32_b01.txt			Line 137
8	OCDevice_W32_b01.txt			Line 139
9	OCDevice_W32_b01.txt			Line 141
10	OCDevice_W32_b01.txt			Line 150
11	OCDevice_W32_b01.txt			Line 161
12	OCDevice_W32_b02.txt			Line 31
13	OCDevice_W32_b02.txt			Line 33
14	OCDevice_W32_b02.txt			Line 35
15	OCDevice_W32_b02.txt			Line 37
16	OCDevice_W32_b02.txt			Line 39
17	OCDevice_W32_b02.txt			Line 41
18	OCDevice_W32_b02.txt			Line 44
19	OCDevice_W32_b02.txt			Line 46
20	OCDevice_W32_b02.txt			Line 48
21	OCDevice_W32_b02.txt			Line 50
22	OCDevice_W32_b02.txt			Line 52
23	OCDevice_W32_b02.txt			Line 55
24	OCDevice_W32_b02.txt			Line 65
25	OCDevice_W32_b02.txt			Line 67
26	OCDevice_W32_b02.txt			Line 69
27	OCDevice_W32_b02.txt			Line 71
28	OCDevice_W32_b02.txt			Line 74
29	OCDevice_W32_b03.txt			Line 88
30	OCDevice_W32_b03.txt			Line 96
31	OCDevice_W32_b03.txt			Line 106
32	OCDevice_W32_b03.txt			Line 110
33	OCDevice_W32_b03.txt			Line 111
34	OCDevice_W32_b03.txt			Line 135
35	OCDevice_W32_b03.txt			Line 137
36	OCDevice_W32_b03.txt			Line 139
37	OCDevice_W32_b03.txt			Line 141
38	OCDevice_W32_b03.txt			Line 150
39	OCDevice_W32_b03.txt			Line 278
40	OCDevice_W32_b04.txt			Line 88
41	OCDevice_W32_b04.txt			Line 96
42	OCDevice_W32_b04.txt			Line 106
43	OCDevice_W32_b04.txt			Line 110
44	OCDevice_W32_b04.txt			Line 111
45	OCDevice_W32_b04.txt			Line 135
46	OCDevice_W32_b04.txt			Line 137
47	OCDevice_W32_b04.txt			Line 139
48	OCDevice_W32_b04.txt			Line 141
49	OCDevice_W32_b04.txt			Line 150
50	OCDevice_W32_b04.txt			Line 178
51	OCDevice_WCE6_b01.txt			Line 130
52	OCDevice_WCE6_b01.txt			Line 138
53	OCDevice_WCE6_b01.txt			Line 148
54	OCDevice_WCE6_b01.txt			Line 152
55	OCDevice_WCE6_b01.txt			Line 153
56	OCDevice_WCE6_b01.txt			Line 177
57	OCDevice_WCE6_b01.txt			Line 179
58	OCDevice_WCE6_b01.txt			Line 181
59	OCDevice_WCE6_b01.txt			Line 183
60	OCDevice_WCE6_b01.txt			Line 188
61	OCDevice_WCE6_b01.txt			Line 198
62	OCDevice_WCE6_b01.txt			Line 201
63	OCDevice_WCE6_b01.txt			Line 204
64	OCDevice_WCE6_b01.txt			Line 207
65	OCDevice_WCE6_b01.txt			Line 210
66	OCDevice_WCE6_b01.txt			Line 213
67	OCDevice_WCE6_b01.txt			Line 218
68	OCDevice_WCE6_b01.txt			Line 221
69	OCDevice_WCE6_b01.txt			Line 224
70	OCDevice_WCE6_b01.txt			Line 227
71	OCDevice_WCE6_b01.txt			Line 230
72	OCDevice_WCE6_b01.txt			Line 233
73	OCDevice_WCE6_b01.txt			Line 297
74	OCDevice_WCE6_b01.txt			Line 300
75	OCDevice_WCE6_b01.txt			Line 303
76	OCDevice_WCE6_b01.txt			Line 306
77	OCDevice_WCE6_b01.txt			Line 309
78	OCDevice_WCE6_b01.txt			Line 360
79	OCDevice_WCE6_b01.txt			Line 370
80	OCDevice_WCE6_b01.txt			Line 384
81	OCDevice_WCE6_b01.txt			Line 396
82	OCDevice_WCE6_b01.txt			Line 406
83	OCDevice_WCE6_b01.txt			Line 416
84	OCDevice_WCE6_b01.txt			Line 426
85	OCDevice_WCE6_b01.txt			Line 436
86	OCDevice_WCE6_b01.txt			Line 446
87	OCDevice_WCE6_b01.txt			Line 458
88	OCDevice_WCE6_b01.txt			Line 468
89	OCDevice_WCE6_b01.txt			Line 480
90	OCDevice_WCE6_b01.txt			Line 490
91	OCDevice_WEC7ARM_b01.txt		Line 117
92	OCDevice_WEC7ARM_b01.txt		Line 124
93	OCDevice_WEC7ARM_b01.txt		Line 127
94	OCDevice_WEC7ARM_b01.txt		Line 130
95	OCDevice_WEC7ARM_b01.txt		Line 133
96	OCDevice_WEC7ARM_b01.txt		Line 136
97	OCDevice_WEC7ARM_b01.txt		Line 139
98	OCDevice_WEC7ARM_b01.txt		Line 144
99	OCDevice_WEC7ARM_b01.txt		Line 147
100	OCDevice_WEC7ARM_b01.txt		Line 150
101	OCDevice_WEC7ARM_b01.txt		Line 153
102	OCDevice_WEC7ARM_b01.txt		Line 156
103	OCDevice_WEC7ARM_b01.txt		Line 167
104	OCDevice_WEC7ARM_b01.txt		Line 175
105	OCDevice_WEC7ARM_b01.txt		Line 185
106	OCDevice_WEC7ARM_b01.txt		Line 189
107	OCDevice_WEC7ARM_b01.txt		Line 190
108	OCDevice_WEC7ARM_b01.txt		Line 214
109	OCDevice_WEC7ARM_b01.txt		Line 216
110	OCDevice_WEC7ARM_b01.txt		Line 218
111	OCDevice_WEC7ARM_b01.txt		Line 220
112	OCDevice_WEC7ARM_b01.txt		Line 225
113	OCDevice_WEC7ARM_b01.txt		Line 231
114	OCDevice_WEC7ARM_b01.txt		Line 240
115	OCDevice_WEC7ARM_b01.txt		Line 243
116	OCDevice_WEC7ARM_b01.txt		Line 246
117	OCDevice_WEC7ARM_b01.txt		Line 249
118	OCDevice_WEC7ARM_b01.txt		Line 311
119	OCDevice_WEC7ARM_b01.txt		Line 321
120	OCDevice_WEC7ARM_b01.txt		Line 331
121	OCDevice_WEC7ARM_b01.txt		Line 343
122	OCDevice_WEC7ARM_b01.txt		Line 353
123	OCDevice_WEC7ARM_b01.txt		Line 367
124	OCDevice_WEC7ARM_b01.txt		Line 379
125	OCDevice_WEC7ARM_b01.txt		Line 391
126	OCDevice_WEC7ARM_b01.txt		Line 401
127	OCDevice_WEC7ARM_b01.txt		Line 411
128	OCDevice_WEC7ARM_b01.txt		Line 449
129	OCDevice_WEC7ARM_b01.txt		Line 459
130	OCDevice_WEC7ARM_b01.txt		Line 471
131	OCKrnl_GTEST_09.txt			Line 213
131 Error(s) Found...
