cnc2 error log 
=========================== 
.\cnc2.bld:29:  Number of errors:     0
.\cnc2.syr:2831:Number of errors   :    0 (   0 filtered)
.\cnc2_map.map:594:Number of errors:      0
.\cnc2.par:586:Number of error messages: 0
.\cnc2.twr:690:Timing errors: 0  Score: 0  (Setup/Max: 0, Hold: 0)
=========================== 
cnc2_21A error log 
=========================== 
.\cnc2_21A.bld:29:  Number of errors:     0
.\cnc2_21A.syr:2881:Number of errors   :    0 (   0 filtered)
.\cnc2_21A_map.map:242:Number of errors:      0
.\cnc2_21A.par:326:Number of error messages: 0
.\cnc2_21A.twr:708:Timing errors: 0  Score: 0  (Setup/Max: 0, Hold: 0)
=========================== 
cnc2_30GM error log 
=========================== 
.\cnc2_30GM.bld:29:  Number of errors:     0
.\cnc2_30GM.syr:1859:Number of errors   :    0 (   0 filtered)
.\cnc2_30GM_map.map:602:Number of errors:      0
.\cnc2_30GM.par:546:Number of error messages: 0
.\cnc2_30GM.twr:673:Timing errors: 0  Score: 0  (Setup/Max: 0, Hold: 0)
=========================== 
cnc2_RTEX error log 
=========================== 
.\cnc2_RTEX.bld:29:  Number of errors:     0
.\cnc2_RTEX.syr:2678:Number of errors   :    0 (   0 filtered)
.\cnc2_RTEX_map.map:255:Number of errors:      0
.\cnc2_RTEX.par:322:Number of error messages: 0
.\cnc2_RTEX.twr:687:Timing errors: 0  Score: 0  (Setup/Max: 0, Hold: 0)
=========================== 
CNC2_4in1Driver error log 
=========================== 
.\CNC2_4in1Driver.bld:44:  Number of errors:     0
.\CNC2_4in1Driver.syr:4290:Number of errors   :    0 (   0 filtered)
.\CNC2_4in1Driver_map.map:215:Number of errors:      0
.\CNC2_4in1Driver.par:446:Number of error messages: 0
.\CNC2_4in1Driver.twr:5952:Timing errors: 0  Score: 0  (Setup/Max: 0, Hold: 0)
=========================== 
CNC2_22A_EtherCAT error log 
=========================== 
.\CNC2_22A_EtherCAT.bld:80:  Number of errors:     0
.\CNC2_22A_EtherCAT.syr:5184:Number of errors   :    0 (   0 filtered)
.\CNC2_22A_EtherCAT_map.map:323:Number of errors:      0
.\CNC2_22A_EtherCAT.par:578:Number of error messages: 0
.\CNC2_22A_EtherCAT.twr:6263:Timing errors: 0  Score: 0  (Setup/Max: 0, Hold: 0)
=========================== 
CNC2_22A_M2 error log 
=========================== 
.\CNC2_22A_M2.bld:35:  Number of errors:     0
.\CNC2_22A_M2.syr:4920:Number of errors   :    0 (   0 filtered)
.\CNC2_22A_M2_map.map:307:Number of errors:      0
.\CNC2_22A_M2.par:519:Number of error messages: 0
.\CNC2_22A_M2.twr:3017:Timing errors: 0  Score: 0  (Setup/Max: 0, Hold: 0)
=========================== 
CNC2_22A_M3 error log 
=========================== 
.\CNC2_22A_M3.bld:43:  Number of errors:     0
.\CNC2_22A_M3.syr:5411:Number of errors   :    0 (   0 filtered)
.\CNC2_22A_M3_map.map:389:Number of errors:      0
.\CNC2_22A_M3.par:591:Number of error messages: 0
.\CNC2_22A_M3.twr:6380:Timing errors: 0  Score: 0  (Setup/Max: 0, Hold: 0)
=========================== 
CNC2_EHMC_STEP_TOP error log 
=========================== 
.\CNC2_EHMC_STEP_TOP.bld:37:  Number of errors:     0
.\CNC2_EHMC_STEP_TOP.syr:3670:Number of errors   :    0 (   0 filtered)
.\CNC2_EHMC_STEP_TOP_map.map:951:Number of errors:      0
.\CNC2_EHMC_STEP_TOP.par:979:Number of error messages: 0
.\CNC2_EHMC_STEP_TOP.twr:3202:Timing errors: 0  Score: 0  (Setup/Max: 0, Hold: 0)
=========================== 
CNC2_FC error log 
=========================== 
.\CNC2_FC.bld:35:  Number of errors:     0
.\CNC2_FC.syr:4452:Number of errors   :    0 (   0 filtered)
.\CNC2_FC_map.map:1618:Number of errors:      0
.\CNC2_FC.par:1533:Number of error messages: 0
.\CNC2_FC.twr:3380:Timing errors: 0  Score: 0  (Setup/Max: 0, Hold: 0)
=========================== 
CNC2_FC_EtherCAT error log 
=========================== 
.\CNC2_FC_EtherCAT.bld:80:  Number of errors:     0
.\CNC2_FC_EtherCAT.syr:4838:Number of errors   :    0 (   0 filtered)
.\CNC2_FC_EtherCAT_map.map:1133:Number of errors:      0
.\CNC2_FC_EtherCAT.par:1048:Number of error messages: 0
.\CNC2_FC_EtherCAT.twr:6536:Timing errors: 0  Score: 0  (Setup/Max: 0, Hold: 0)
=========================== 
CNC2_FC_EtherCAT_MARKING error log 
=========================== 
.\CNC2_FC_EtherCAT_MARKING.bld:81:  Number of errors:     0
.\CNC2_FC_EtherCAT_MARKING.syr:4734:Number of errors   :    0 (   0 filtered)
.\CNC2_FC_EtherCAT_MARKING_map.map:1126:Number of errors:      0
.\CNC2_FC_EtherCAT_MARKING.par:981:Number of error messages: 0
.\CNC2_FC_EtherCAT_MARKING.twr:5854:Timing errors: 0  Score: 0  (Setup/Max: 0, Hold: 0)
=========================== 
CNC2_FC_M3 error log 
=========================== 
.\CNC2_FC_M3.bld:43:  Number of errors:     0
.\CNC2_FC_M3.syr:4826:Number of errors   :    0 (   0 filtered)
.\CNC2_FC_M3_map.map:1023:Number of errors:      0
.\CNC2_FC_M3.par:1040:Number of error messages: 0
.\CNC2_FC_M3.twr:5500:Timing errors: 0  Score: 0  (Setup/Max: 0, Hold: 0)
=========================== 
CNC2_FC_M3_MARKING error log 
=========================== 
.\CNC2_FC_M3_MARKING.bld:45:  Number of errors:     0
.\CNC2_FC_M3_MARKING.syr:4724:Number of errors   :    0 (   0 filtered)
.\CNC2_FC_M3_MARKING_map.map:1189:Number of errors:      0
.\CNC2_FC_M3_MARKING.par:990:Number of error messages: 0
.\CNC2_FC_M3_MARKING.twr:5346:Timing errors: 0  Score: 0  (Setup/Max: 0, Hold: 0)
=========================== 
CNC2_GalvoMotor_EtherCAT error log 
=========================== 
.\CNC2_GalvoMotor_EtherCAT.bld:84:  Number of errors:     0
.\CNC2_GalvoMotor_EtherCAT.syr:6204:Number of errors   :    0 (   0 filtered)
.\CNC2_GalvoMotor_EtherCAT_map.map:1146:Number of errors:      0
.\CNC2_GalvoMotor_EtherCAT.par:1010:Number of error messages: 0
.\CNC2_GalvoMotor_EtherCAT.twr:6439:Timing errors: 0  Score: 0  (Setup/Max: 0, Hold: 0)
=========================== 
CNC2_GalvoMotor_M3 error log 
=========================== 
.\CNC2_GalvoMotor_M3.bld:48:  Number of errors:     0
.\CNC2_GalvoMotor_M3.syr:6251:Number of errors   :    0 (   0 filtered)
.\CNC2_GalvoMotor_M3_map.map:1212:Number of errors:      0
.\CNC2_GalvoMotor_M3.par:1037:Number of error messages: 0
.\CNC2_GalvoMotor_M3.twr:6688:Timing errors: 0  Score: 0  (Setup/Max: 0, Hold: 0)
=========================== 
CNC2_HHB_etherCAT error log 
=========================== 
.\CNC2_HHB_etherCAT.bld:80:  Number of errors:     0
.\CNC2_HHB_etherCAT.syr:4243:Number of errors   :    0 (   0 filtered)
.\CNC2_HHB_etherCAT_map.map:120:Number of errors:      0
.\CNC2_HHB_etherCAT.par:373:Number of error messages: 0
.\CNC2_HHB_etherCAT.twr:5806:Timing errors: 0  Score: 0  (Setup/Max: 0, Hold: 0)
=========================== 
CNC2_HHB_M3 error log 
=========================== 
.\CNC2_HHB_M3.bld:43:  Number of errors:     0
.\CNC2_HHB_M3.syr:4283:Number of errors   :    0 (   0 filtered)
.\CNC2_HHB_M3_map.map:190:Number of errors:      0
.\CNC2_HHB_M3.par:405:Number of error messages: 0
.\CNC2_HHB_M3.twr:5379:Timing errors: 0  Score: 0  (Setup/Max: 0, Hold: 0)
=========================== 
CNC2_STARM_ETHERCAT error log 
=========================== 
.\CNC2_STARM_ETHERCAT.bld:80:  Number of errors:     0
.\CNC2_STARM_ETHERCAT.syr:4906:Number of errors   :    0 (   0 filtered)
.\CNC2_STARM_ETHERCAT_map.map:128:Number of errors:      0
.\CNC2_STARM_ETHERCAT.par:390:Number of error messages: 0
.\CNC2_STARM_ETHERCAT.twr:5471:Timing errors: 0  Score: 0  (Setup/Max: 0, Hold: 0)
=========================== 
CNC2_STARM2 error log 
=========================== 
.\CNC2_STARM2.bld:43:  Number of errors:     0
.\CNC2_STARM2.syr:5071:Number of errors   :    0 (   0 filtered)
.\CNC2_STARM2_map.map:194:Number of errors:      0
.\CNC2_STARM2.par:421:Number of error messages: 0
.\CNC2_STARM2.twr:6338:Timing errors: 0  Score: 0  (Setup/Max: 0, Hold: 0)
=========================== 
