Files that are found in folder Current_res but NOT in folder Previous_res :

Res\_Arm\_SCARA\Macro\O2000
Res\_Arm\_HC\_8S\Res\10_hcpmeng.pin
Res\_Arm\_HC\_8S\Common\string\SysAlarmMsgCom_HC.Xml
Res\_Arm\_HC\_8S\Common\string\SysParamCom_HC.Xml
Res\_Arm\_HC\_8S\CHT\string\SysAlarmMsgCht_HC.Xml
Res\_Arm\_HC\_8S\CHT\string\SysParamCht_HC.Xml
Res\_Arm\_HC\_8S\CHS\string\SysAlarmMsgChs_HC.Xml
Res\_Arm\_HC\_8S\CHS\string\SysParamChs_HC.Xml
Res\_Arm\_HC\_8C-5\Res\10_hcpmeng.pin
Res\_Arm\_HC\_8C-5\Common\string\SysAlarmMsgCom_HC.Xml
Res\_Arm\_HC\_8C-5\Common\string\SysParamCom_HC.Xml
Res\_Arm\_HC\_8C-5\CHT\string\SysAlarmMsgCht_HC.Xml
Res\_Arm\_HC\_8C-5\CHT\string\SysParamCht_HC.Xml
Res\_Arm\_HC\_8C-5\CHS\string\SysAlarmMsgChs_HC.Xml
Res\_Arm\_HC\_8C-5\CHS\string\SysParamChs_HC.Xml
Res\_Arm\_HC\_8C\Res\10_hcpmeng.pin
Res\_Arm\_HC\_8C\Common\string\SysAlarmMsgCom_HC.Xml
Res\_Arm\_HC\_8C\Common\string\SysParamCom_HC.Xml
Res\_Arm\_HC\_8C\CHT\string\SysAlarmMsgCht_HC.Xml
Res\_Arm\_HC\_8C\CHT\string\SysParamCht_HC.Xml
Res\_Arm\_HC\_8C\CHS\string\SysAlarmMsgChs_HC.Xml
Res\_Arm\_HC\_8C\CHS\string\SysParamChs_HC.Xml
Res\_Arm\_HC\_8B\Res\10_hcpmeng.pin
Res\_Arm\_HC\_8B\Common\string\SysAlarmMsgCom_HC.Xml
Res\_Arm\_HC\_8B\Common\string\SysParamCom_HC.Xml
Res\_Arm\_HC\_8B\CHT\string\SysAlarmMsgCht_HC.Xml
Res\_Arm\_HC\_8B\CHT\string\SysParamCht_HC.Xml
Res\_Arm\_HC\_8B\CHS\string\SysAlarmMsgChs_HC.Xml
Res\_Arm\_HC\_8B\CHS\string\SysParamChs_HC.Xml
Res\_Arm\_HC\_8A\Res\10_hcpmeng.pin
Res\_Arm\_HC\_8A\Common\string\SysAlarmMsgCom_HC.Xml
Res\_Arm\_HC\_8A\Common\string\SysParamCom_HC.Xml
Res\_Arm\_HC\_8A\CHT\string\SysAlarmMsgCht_HC.Xml
Res\_Arm\_HC\_8A\CHT\string\SysParamCht_HC.Xml
Res\_Arm\_HC\_8A\CHS\string\SysAlarmMsgChs_HC.Xml
Res\_Arm\_HC\_8A\CHS\string\SysParamChs_HC.Xml
Res\_Arm\_HC\_80MI\Res\10_hcpmeng.pin
Res\_Arm\_HC\_80MI\Common\string\SysAlarmMsgCom_HC.Xml
Res\_Arm\_HC\_80MI\Common\string\SysParamCom_HC.Xml
Res\_Arm\_HC\_80MI\CHT\string\SysAlarmMsgCht_HC.Xml
Res\_Arm\_HC\_80MI\CHT\string\SysParamCht_HC.Xml
Res\_Arm\_HC\_80MI\CHS\string\SysAlarmMsgChs_HC.Xml
Res\_Arm\_HC\_80MI\CHS\string\SysParamChs_HC.Xml
Res\_Arm\_HC\_80GM\Res\10_hcpmeng.pin
Res\_Arm\_HC\_80GM\Common\string\SysAlarmMsgCom_HC.Xml
Res\_Arm\_HC\_80GM\Common\string\SysParamCom_HC.Xml
Res\_Arm\_HC\_80GM\CHT\string\SysAlarmMsgCht_HC.Xml
Res\_Arm\_HC\_80GM\CHT\string\SysParamCht_HC.Xml
Res\_Arm\_HC\_80GM\CHS\string\SysAlarmMsgChs_HC.Xml
Res\_Arm\_HC\_80GM\CHS\string\SysParamChs_HC.Xml
Res\_Arm\_HC\_7C\Res\10_hcpmeng.pin
Res\_Arm\_HC\_7C\Res\milmacro.res
Res\_Arm\_HC\_7C\Res\splcaeng.pin
Res\_Arm\_HC\_7C\Res\sripmeng.pin
Res\_Arm\_HC\_7C\Res\sysmacro.res
Res\_Arm\_HC\_7C\Res\syspmeng.pin
Res\_Arm\_HC\_7C\Res\VelGlitchCompEng.pin
Res\_Arm\_HC\_7C\Data\CncBase_Ext.ini
Res\_Arm\_HC\_7C\Common\SyntecParam.xml
Res\_Arm\_HC\_7C\Common\string\ASName_Text_COM.xml
Res\_Arm\_HC\_7C\Common\string\AxisName_Text_COM.xml
Res\_Arm\_HC\_7C\Common\string\IOMapping_Text_COM.xml
Res\_Arm\_HC\_7C\Common\string\Option_Text_COM.xml
Res\_Arm\_HC\_7C\Common\string\ROTName_Text_COM.xml
Res\_Arm\_HC\_7C\Common\string\SerialAlarm_ECATDelta_COM.Xml
Res\_Arm\_HC\_7C\Common\string\SerialAlarm_ECATPana_COM.Xml
Res\_Arm\_HC\_7C\Common\string\SerialAlarm_ECATSVtronix_COM.Xml
Res\_Arm\_HC\_7C\Common\string\SerialAlarm_M2SYNV2_COM.Xml
Res\_Arm\_HC\_7C\Common\string\SerialAlarm_M2SYN_COM.Xml
Res\_Arm\_HC\_7C\Common\string\SerialAlarm_M2YAS_COM.Xml
Res\_Arm\_HC\_7C\Common\string\SerialAlarm_M3SYN_COM.Xml
Res\_Arm\_HC\_7C\Common\string\SerialAlarm_M3YAS_COM.Xml
Res\_Arm\_HC\_7C\Common\string\SerialAlarm_RTEXPana_COM.Xml
Res\_Arm\_HC\_7C\Common\string\SerialParam_ECATDelta_COM.xml
Res\_Arm\_HC\_7C\Common\string\SerialParam_ECATPana_COM.xml
Res\_Arm\_HC\_7C\Common\string\SerialParam_ECATSVTNX_COM.xml
Res\_Arm\_HC\_7C\Common\string\SerialParam_M23rdParty_COM.xml
Res\_Arm\_HC\_7C\Common\string\SerialParam_M2SYNV2_COM.xml
Res\_Arm\_HC\_7C\Common\string\SerialParam_M2SYN_COM.xml
Res\_Arm\_HC\_7C\Common\string\SerialParam_M2YAS_COM.xml
Res\_Arm\_HC\_7C\Common\string\SerialParam_M33rdParty_COM.xml
Res\_Arm\_HC\_7C\Common\string\SerialParam_M3SYN_COM.xml
Res\_Arm\_HC\_7C\Common\string\SerialParam_M3YAS_COM.xml
Res\_Arm\_HC\_7C\Common\string\SerialParam_RTEXPana_COM.xml
Res\_Arm\_HC\_7C\Common\string\SPLCName_Text_COM.xml
Res\_Arm\_HC\_7C\Common\string\SpName_Text_COM.xml
Res\_Arm\_HC\_7C\Common\string\SysAlarmMsgCom_COM.Xml
Res\_Arm\_HC\_7C\Common\string\SysAlarmMsgCom_HC.Xml
Res\_Arm\_HC\_7C\Common\string\SysAlarmMsgCom_SerialPLCAxis.Xml
Res\_Arm\_HC\_7C\Common\string\SysAlarmMsgCom_SRI.Xml
Res\_Arm\_HC\_7C\Common\string\SysParamCom_COM.xml
Res\_Arm\_HC\_7C\Common\string\SysParamCom_HC.Xml
Res\_Arm\_HC\_7C\Common\string\SysParamCom_SerialPLCAxis.Xml
Res\_Arm\_HC\_7C\Common\string\SysParamCom_SRI.Xml
Res\_Arm\_HC\_7C\Common\string\VelGlitchComp_Text_COM.xml
Res\_Arm\_HC\_7C\CHT\string\IOMapping_Text_CHT.xml
Res\_Arm\_HC\_7C\CHT\string\Option_Text_CHT.xml
Res\_Arm\_HC\_7C\CHT\string\SerialAlarm_ECATDelta_CHT.Xml
Res\_Arm\_HC\_7C\CHT\string\SerialAlarm_ECATPana_CHT.Xml
Res\_Arm\_HC\_7C\CHT\string\SerialAlarm_ECATSVtronix_CHT.Xml
Res\_Arm\_HC\_7C\CHT\string\SerialAlarm_M2SYNV2_CHT.Xml
Res\_Arm\_HC\_7C\CHT\string\SerialAlarm_M2SYN_CHT.Xml
Res\_Arm\_HC\_7C\CHT\string\SerialAlarm_M2YAS_CHT.Xml
Res\_Arm\_HC\_7C\CHT\string\SerialAlarm_M3SYN_CHT.Xml
Res\_Arm\_HC\_7C\CHT\string\SerialAlarm_M3YAS_CHT.Xml
Res\_Arm\_HC\_7C\CHT\string\SerialAlarm_RTEXPana_CHT.Xml
Res\_Arm\_HC\_7C\CHT\string\SerialParam_ECATDelta_CHT.xml
Res\_Arm\_HC\_7C\CHT\string\SerialParam_ECATPana_CHT.xml
Res\_Arm\_HC\_7C\CHT\string\SerialParam_M23rdParty_CHT.xml
Res\_Arm\_HC\_7C\CHT\string\SerialParam_M2SYNV2_CHT.xml
Res\_Arm\_HC\_7C\CHT\string\SerialParam_M2SYN_CHT.xml
Res\_Arm\_HC\_7C\CHT\string\SerialParam_M2YAS_CHT.xml
Res\_Arm\_HC\_7C\CHT\string\SerialParam_M33rdParty_CHT.xml
Res\_Arm\_HC\_7C\CHT\string\SerialParam_M3SYN_CHT.xml
Res\_Arm\_HC\_7C\CHT\string\SerialParam_M3YAS_CHT.xml
Res\_Arm\_HC\_7C\CHT\string\SerialParam_RTEXPana_CHT.xml
Res\_Arm\_HC\_7C\CHT\string\SysAlarmMsgCht_COM.Xml
Res\_Arm\_HC\_7C\CHT\string\SysAlarmMsgCht_HC.Xml
Res\_Arm\_HC\_7C\CHT\string\SysAlarmMsgCht_SerialPLCAxis.Xml
Res\_Arm\_HC\_7C\CHT\string\SysAlarmMsgCht_SRI.Xml
Res\_Arm\_HC\_7C\CHT\string\SysParamCht_COM.xml
Res\_Arm\_HC\_7C\CHT\string\SysParamCht_HC.Xml
Res\_Arm\_HC\_7C\CHT\string\SysParamCht_SerialPLCAxis.Xml
Res\_Arm\_HC\_7C\CHT\string\SysParamCht_SRI.Xml
Res\_Arm\_HC\_7C\CHT\string\VelGlitchComp_Text_CHT.xml
Res\_Arm\_HC\_7C\CHS\string\IOMapping_Text_CHS.xml
Res\_Arm\_HC\_7C\CHS\string\Option_Text_CHS.xml
Res\_Arm\_HC\_7C\CHS\string\SerialAlarm_ECATDelta_CHS.xml
Res\_Arm\_HC\_7C\CHS\string\SerialAlarm_ECATPana_CHS.xml
Res\_Arm\_HC\_7C\CHS\string\SerialAlarm_ECATSVtronix_CHS.xml
Res\_Arm\_HC\_7C\CHS\string\SerialAlarm_M2SYNV2_CHS.xml
Res\_Arm\_HC\_7C\CHS\string\SerialAlarm_M2SYN_CHS.xml
Res\_Arm\_HC\_7C\CHS\string\SerialAlarm_M2YAS_CHS.xml
Res\_Arm\_HC\_7C\CHS\string\SerialAlarm_M3SYN_CHS.xml
Res\_Arm\_HC\_7C\CHS\string\SerialAlarm_M3YAS_CHS.xml
Res\_Arm\_HC\_7C\CHS\string\SerialAlarm_RTEXPana_CHS.xml
Res\_Arm\_HC\_7C\CHS\string\SerialParam_ECATDelta_CHS.xml
Res\_Arm\_HC\_7C\CHS\string\SerialParam_ECATPana_CHS.xml
Res\_Arm\_HC\_7C\CHS\string\SerialParam_M23rdParty_CHS.xml
Res\_Arm\_HC\_7C\CHS\string\SerialParam_M2SYNV2_CHS.xml
Res\_Arm\_HC\_7C\CHS\string\SerialParam_M2SYN_CHS.xml
Res\_Arm\_HC\_7C\CHS\string\SerialParam_M2YAS_CHS.xml
Res\_Arm\_HC\_7C\CHS\string\SerialParam_M33rdParty_CHS.xml
Res\_Arm\_HC\_7C\CHS\string\SerialParam_M3SYN_CHS.xml
Res\_Arm\_HC\_7C\CHS\string\SerialParam_M3YAS_CHS.xml
Res\_Arm\_HC\_7C\CHS\string\SerialParam_RTEXPana_CHS.xml
Res\_Arm\_HC\_7C\CHS\string\SysAlarmMsgChs_COM.Xml
Res\_Arm\_HC\_7C\CHS\string\SysAlarmMsgChs_HC.Xml
Res\_Arm\_HC\_7C\CHS\string\SysAlarmMsgChs_SerialPLCAxis.Xml
Res\_Arm\_HC\_7C\CHS\string\SysAlarmMsgChs_SRI.Xml
Res\_Arm\_HC\_7C\CHS\string\SysParamChs_COM.xml
Res\_Arm\_HC\_7C\CHS\string\SysParamChs_HC.Xml
Res\_Arm\_HC\_7C\CHS\string\SysParamChs_SerialPLCAxis.Xml
Res\_Arm\_HC\_7C\CHS\string\SysParamChs_SRI.Xml
Res\_Arm\_HC\_7C\CHS\string\VelGlitchComp_Text_CHS.xml
Res\_Arm\_HC\_15C-5\Res\10_hcpmeng.pin
Res\_Arm\_HC\_15C-5\Common\string\SysAlarmMsgCom_HC.Xml
Res\_Arm\_HC\_15C-5\Common\string\SysParamCom_HC.Xml
Res\_Arm\_HC\_15C-5\CHT\string\SysAlarmMsgCht_HC.Xml
Res\_Arm\_HC\_15C-5\CHT\string\SysParamCht_HC.Xml
Res\_Arm\_HC\_15C-5\CHS\string\SysAlarmMsgChs_HC.Xml
Res\_Arm\_HC\_15C-5\CHS\string\SysParamChs_HC.Xml
Res\_Arm\_HC\_15C\Res\10_hcpmeng.pin
Res\_Arm\_HC\_15C\Common\string\SysAlarmMsgCom_HC.Xml
Res\_Arm\_HC\_15C\Common\string\SysParamCom_HC.Xml
Res\_Arm\_HC\_15C\CHT\string\SysAlarmMsgCht_HC.Xml
Res\_Arm\_HC\_15C\CHT\string\SysParamCht_HC.Xml
Res\_Arm\_HC\_15C\CHS\string\SysAlarmMsgChs_HC.Xml
Res\_Arm\_HC\_15C\CHS\string\SysParamChs_HC.Xml
Res\_Arm\_HC\_15B\Res\10_hcpmeng.pin
Res\_Arm\_HC\_15B\Common\string\SysAlarmMsgCom_HC.Xml
Res\_Arm\_HC\_15B\Common\string\SysParamCom_HC.Xml
Res\_Arm\_HC\_15B\CHT\string\SysAlarmMsgCht_HC.Xml
Res\_Arm\_HC\_15B\CHT\string\SysParamCht_HC.Xml
Res\_Arm\_HC\_15B\CHS\string\SysAlarmMsgChs_HC.Xml
Res\_Arm\_HC\_15B\CHS\string\SysParamChs_HC.Xml
Res\_Arm\_HC\_15A\Res\10_hcpmeng.pin
Res\_Arm\_HC\_15A\Common\string\SysAlarmMsgCom_HC.Xml
Res\_Arm\_HC\_15A\Common\string\SysParamCom_HC.Xml
Res\_Arm\_HC\_15A\CHT\string\SysAlarmMsgCht_HC.Xml
Res\_Arm\_HC\_15A\CHT\string\SysParamCht_HC.Xml
Res\_Arm\_HC\_15A\CHS\string\SysAlarmMsgChs_HC.Xml
Res\_Arm\_HC\_15A\CHS\string\SysParamChs_HC.Xml
Res\_Arm\_HC\_12B\Res\10_hcpmeng.pin
Res\_Arm\_HC\_12B\Common\string\SysAlarmMsgCom_HC.Xml
Res\_Arm\_HC\_12B\Common\string\SysParamCom_HC.Xml
Res\_Arm\_HC\_12B\CHT\string\SysAlarmMsgCht_HC.Xml
Res\_Arm\_HC\_12B\CHT\string\SysParamCht_HC.Xml
Res\_Arm\_HC\_12B\CHS\string\SysAlarmMsgChs_HC.Xml
Res\_Arm\_HC\_12B\CHS\string\SysParamChs_HC.Xml
Res\_Arm\_HC\_12A\Res\10_hcpmeng.pin
Res\_Arm\_HC\_12A\Common\string\SysAlarmMsgCom_HC.Xml
Res\_Arm\_HC\_12A\Common\string\SysParamCom_HC.Xml
Res\_Arm\_HC\_12A\CHT\string\SysAlarmMsgCht_HC.Xml
Res\_Arm\_HC\_12A\CHT\string\SysParamCht_HC.Xml
Res\_Arm\_HC\_12A\CHS\string\SysAlarmMsgChs_HC.Xml
Res\_Arm\_HC\_12A\CHS\string\SysParamChs_HC.Xml
Res\_Arm\_HC\_10C-5\Res\10_hcpmeng.pin
Res\_Arm\_HC\_10C-5\Common\string\SysAlarmMsgCom_HC.Xml
Res\_Arm\_HC\_10C-5\Common\string\SysParamCom_HC.Xml
Res\_Arm\_HC\_10C-5\CHT\string\SysAlarmMsgCht_HC.Xml
Res\_Arm\_HC\_10C-5\CHT\string\SysParamCht_HC.Xml
Res\_Arm\_HC\_10C-5\CHS\string\SysAlarmMsgChs_HC.Xml
Res\_Arm\_HC\_10C-5\CHS\string\SysParamChs_HC.Xml
Res\_Arm\_HC\_10C\Res\10_hcpmeng.pin
Res\_Arm\_HC\_10C\Common\string\SysAlarmMsgCom_HC.Xml
Res\_Arm\_HC\_10C\Common\string\SysParamCom_HC.Xml
Res\_Arm\_HC\_10C\CHT\string\SysAlarmMsgCht_HC.Xml
Res\_Arm\_HC\_10C\CHT\string\SysParamCht_HC.Xml
Res\_Arm\_HC\_10C\CHS\string\SysAlarmMsgChs_HC.Xml
Res\_Arm\_HC\_10C\CHS\string\SysParamChs_HC.Xml
Res\_Arm\_HC\_10B\Res\10_hcpmeng.pin
Res\_Arm\_HC\_10B\Common\string\SysAlarmMsgCom_HC.Xml
Res\_Arm\_HC\_10B\Common\string\SysParamCom_HC.Xml
Res\_Arm\_HC\_10B\CHT\string\SysAlarmMsgCht_HC.Xml
Res\_Arm\_HC\_10B\CHT\string\SysParamCht_HC.Xml
Res\_Arm\_HC\_10B\CHS\string\SysAlarmMsgChs_HC.Xml
Res\_Arm\_HC\_10B\CHS\string\SysParamChs_HC.Xml
Res\_Arm\_HC\_10A\Res\10_hcpmeng.pin
Res\_Arm\_HC\_10A\Common\string\SysAlarmMsgCom_HC.Xml
Res\_Arm\_HC\_10A\Common\string\SysParamCom_HC.Xml
Res\_Arm\_HC\_10A\CHT\string\SysAlarmMsgCht_HC.Xml
Res\_Arm\_HC\_10A\CHT\string\SysParamCht_HC.Xml
Res\_Arm\_HC\_10A\CHS\string\SysAlarmMsgChs_HC.Xml
Res\_Arm\_HC\_10A\CHS\string\SysParamChs_HC.Xml
Res\_Arm\_DELTA\Macro\O2000
Res\_Arm\_Cutting\_60A\Data\PrepRule.xml
Res\_Arm\_ARTIC\Macro\O2000
----------------------------------------------------------------------
Files that are found in folder Previous_res but NOT in folder Current_res :

Res\_Arm\_HC\_8S\Res\0_milpmeng.pin
Res\_Arm\_HC\_8S\Common\string\SysAlarmMsgCom_MILL.Xml
Res\_Arm\_HC\_8S\Common\string\SysParamCom_MILL.Xml
Res\_Arm\_HC\_8S\CHT\string\SysAlarmMsgCht_MILL.Xml
Res\_Arm\_HC\_8S\CHT\string\SysParamCht_MILL.Xml
Res\_Arm\_HC\_8S\CHS\string\SysAlarmMsgChs_MILL.Xml
Res\_Arm\_HC\_8S\CHS\string\SysParamChs_MILL.Xml
Res\_Arm\_HC\_8C-5\Res\0_milpmeng.pin
Res\_Arm\_HC\_8C-5\Common\string\SysAlarmMsgCom_MILL.Xml
Res\_Arm\_HC\_8C-5\Common\string\SysParamCom_MILL.Xml
Res\_Arm\_HC\_8C-5\CHT\string\SysAlarmMsgCht_MILL.Xml
Res\_Arm\_HC\_8C-5\CHT\string\SysParamCht_MILL.Xml
Res\_Arm\_HC\_8C-5\CHS\string\SysAlarmMsgChs_MILL.Xml
Res\_Arm\_HC\_8C-5\CHS\string\SysParamChs_MILL.Xml
Res\_Arm\_HC\_8C\Res\0_milpmeng.pin
Res\_Arm\_HC\_8C\Common\string\SysAlarmMsgCom_MILL.Xml
Res\_Arm\_HC\_8C\Common\string\SysParamCom_MILL.Xml
Res\_Arm\_HC\_8C\CHT\string\SysAlarmMsgCht_MILL.Xml
Res\_Arm\_HC\_8C\CHT\string\SysParamCht_MILL.Xml
Res\_Arm\_HC\_8C\CHS\string\SysAlarmMsgChs_MILL.Xml
Res\_Arm\_HC\_8C\CHS\string\SysParamChs_MILL.Xml
Res\_Arm\_HC\_8B\Res\0_milpmeng.pin
Res\_Arm\_HC\_8B\Common\string\SysAlarmMsgCom_MILL.Xml
Res\_Arm\_HC\_8B\Common\string\SysParamCom_MILL.Xml
Res\_Arm\_HC\_8B\CHT\string\SysAlarmMsgCht_MILL.Xml
Res\_Arm\_HC\_8B\CHT\string\SysParamCht_MILL.Xml
Res\_Arm\_HC\_8B\CHS\string\SysAlarmMsgChs_MILL.Xml
Res\_Arm\_HC\_8B\CHS\string\SysParamChs_MILL.Xml
Res\_Arm\_HC\_8A\Res\0_milpmeng.pin
Res\_Arm\_HC\_8A\Common\string\SysAlarmMsgCom_MILL.Xml
Res\_Arm\_HC\_8A\Common\string\SysParamCom_MILL.Xml
Res\_Arm\_HC\_8A\CHT\string\SysAlarmMsgCht_MILL.Xml
Res\_Arm\_HC\_8A\CHT\string\SysParamCht_MILL.Xml
Res\_Arm\_HC\_8A\CHS\string\SysAlarmMsgChs_MILL.Xml
Res\_Arm\_HC\_8A\CHS\string\SysParamChs_MILL.Xml
Res\_Arm\_HC\_80MI\Res\0_milpmeng.pin
Res\_Arm\_HC\_80MI\Common\string\SysAlarmMsgCom_MILL.Xml
Res\_Arm\_HC\_80MI\Common\string\SysParamCom_MILL.Xml
Res\_Arm\_HC\_80MI\CHT\string\SysAlarmMsgCht_MILL.Xml
Res\_Arm\_HC\_80MI\CHT\string\SysParamCht_MILL.Xml
Res\_Arm\_HC\_80MI\CHS\string\SysAlarmMsgChs_MILL.Xml
Res\_Arm\_HC\_80MI\CHS\string\SysParamChs_MILL.Xml
Res\_Arm\_HC\_80GM\Res\0_milpmeng.pin
Res\_Arm\_HC\_80GM\Common\string\SysAlarmMsgCom_MILL.Xml
Res\_Arm\_HC\_80GM\Common\string\SysParamCom_MILL.Xml
Res\_Arm\_HC\_80GM\CHT\string\SysAlarmMsgCht_MILL.Xml
Res\_Arm\_HC\_80GM\CHT\string\SysParamCht_MILL.Xml
Res\_Arm\_HC\_80GM\CHS\string\SysAlarmMsgChs_MILL.Xml
Res\_Arm\_HC\_80GM\CHS\string\SysParamChs_MILL.Xml
Res\_Arm\_HC\_15C-5\Res\0_milpmeng.pin
Res\_Arm\_HC\_15C-5\Common\string\SysAlarmMsgCom_MILL.Xml
Res\_Arm\_HC\_15C-5\Common\string\SysParamCom_MILL.Xml
Res\_Arm\_HC\_15C-5\CHT\string\SysAlarmMsgCht_MILL.Xml
Res\_Arm\_HC\_15C-5\CHT\string\SysParamCht_MILL.Xml
Res\_Arm\_HC\_15C-5\CHS\string\SysAlarmMsgChs_MILL.Xml
Res\_Arm\_HC\_15C-5\CHS\string\SysParamChs_MILL.Xml
Res\_Arm\_HC\_15C\Res\0_milpmeng.pin
Res\_Arm\_HC\_15C\Common\string\SysAlarmMsgCom_MILL.Xml
Res\_Arm\_HC\_15C\Common\string\SysParamCom_MILL.Xml
Res\_Arm\_HC\_15C\CHT\string\SysAlarmMsgCht_MILL.Xml
Res\_Arm\_HC\_15C\CHT\string\SysParamCht_MILL.Xml
Res\_Arm\_HC\_15C\CHS\string\SysAlarmMsgChs_MILL.Xml
Res\_Arm\_HC\_15C\CHS\string\SysParamChs_MILL.Xml
Res\_Arm\_HC\_15B\Res\0_milpmeng.pin
Res\_Arm\_HC\_15B\Common\string\SysAlarmMsgCom_MILL.Xml
Res\_Arm\_HC\_15B\Common\string\SysParamCom_MILL.Xml
Res\_Arm\_HC\_15B\CHT\string\SysAlarmMsgCht_MILL.Xml
Res\_Arm\_HC\_15B\CHT\string\SysParamCht_MILL.Xml
Res\_Arm\_HC\_15B\CHS\string\SysAlarmMsgChs_MILL.Xml
Res\_Arm\_HC\_15B\CHS\string\SysParamChs_MILL.Xml
Res\_Arm\_HC\_15A\Res\0_milpmeng.pin
Res\_Arm\_HC\_15A\Common\string\SysAlarmMsgCom_MILL.Xml
Res\_Arm\_HC\_15A\Common\string\SysParamCom_MILL.Xml
Res\_Arm\_HC\_15A\CHT\string\SysAlarmMsgCht_MILL.Xml
Res\_Arm\_HC\_15A\CHT\string\SysParamCht_MILL.Xml
Res\_Arm\_HC\_15A\CHS\string\SysAlarmMsgChs_MILL.Xml
Res\_Arm\_HC\_15A\CHS\string\SysParamChs_MILL.Xml
Res\_Arm\_HC\_12B\Res\0_milpmeng.pin
Res\_Arm\_HC\_12B\Common\string\SysAlarmMsgCom_MILL.Xml
Res\_Arm\_HC\_12B\Common\string\SysParamCom_MILL.Xml
Res\_Arm\_HC\_12B\CHT\string\SysAlarmMsgCht_MILL.Xml
Res\_Arm\_HC\_12B\CHT\string\SysParamCht_MILL.Xml
Res\_Arm\_HC\_12B\CHS\string\SysAlarmMsgChs_MILL.Xml
Res\_Arm\_HC\_12B\CHS\string\SysParamChs_MILL.Xml
Res\_Arm\_HC\_12A\Res\0_milpmeng.pin
Res\_Arm\_HC\_12A\Common\string\SysAlarmMsgCom_MILL.Xml
Res\_Arm\_HC\_12A\Common\string\SysParamCom_MILL.Xml
Res\_Arm\_HC\_12A\CHT\string\SysAlarmMsgCht_MILL.Xml
Res\_Arm\_HC\_12A\CHT\string\SysParamCht_MILL.Xml
Res\_Arm\_HC\_12A\CHS\string\SysAlarmMsgChs_MILL.Xml
Res\_Arm\_HC\_12A\CHS\string\SysParamChs_MILL.Xml
Res\_Arm\_HC\_10C-5\Res\0_milpmeng.pin
Res\_Arm\_HC\_10C-5\Common\string\SysAlarmMsgCom_MILL.Xml
Res\_Arm\_HC\_10C-5\Common\string\SysParamCom_MILL.Xml
Res\_Arm\_HC\_10C-5\CHT\string\SysAlarmMsgCht_MILL.Xml
Res\_Arm\_HC\_10C-5\CHT\string\SysParamCht_MILL.Xml
Res\_Arm\_HC\_10C-5\CHS\string\SysAlarmMsgChs_MILL.Xml
Res\_Arm\_HC\_10C-5\CHS\string\SysParamChs_MILL.Xml
Res\_Arm\_HC\_10C\Res\0_milpmeng.pin
Res\_Arm\_HC\_10C\Common\string\SysAlarmMsgCom_MILL.Xml
Res\_Arm\_HC\_10C\Common\string\SysParamCom_MILL.Xml
Res\_Arm\_HC\_10C\CHT\string\SysAlarmMsgCht_MILL.Xml
Res\_Arm\_HC\_10C\CHT\string\SysParamCht_MILL.Xml
Res\_Arm\_HC\_10C\CHS\string\SysAlarmMsgChs_MILL.Xml
Res\_Arm\_HC\_10C\CHS\string\SysParamChs_MILL.Xml
Res\_Arm\_HC\_10B\Res\0_milpmeng.pin
Res\_Arm\_HC\_10B\Common\string\SysAlarmMsgCom_MILL.Xml
Res\_Arm\_HC\_10B\Common\string\SysParamCom_MILL.Xml
Res\_Arm\_HC\_10B\CHT\string\SysAlarmMsgCht_MILL.Xml
Res\_Arm\_HC\_10B\CHT\string\SysParamCht_MILL.Xml
Res\_Arm\_HC\_10B\CHS\string\SysAlarmMsgChs_MILL.Xml
Res\_Arm\_HC\_10B\CHS\string\SysParamChs_MILL.Xml
Res\_Arm\_HC\_10A\Res\0_milpmeng.pin
Res\_Arm\_HC\_10A\Common\string\SysAlarmMsgCom_MILL.Xml
Res\_Arm\_HC\_10A\Common\string\SysParamCom_MILL.Xml
Res\_Arm\_HC\_10A\CHT\string\SysAlarmMsgCht_MILL.Xml
Res\_Arm\_HC\_10A\CHT\string\SysParamCht_MILL.Xml
Res\_Arm\_HC\_10A\CHS\string\SysAlarmMsgChs_MILL.Xml
Res\_Arm\_HC\_10A\CHS\string\SysParamChs_MILL.Xml
----------------------------------------------------------------------
