Files that are found in folder Current_res but NOT in folder Previous_res :

Res\_x86\_Mill\Res\rb227eng.pin
Res\_x86\_Lathe\Res\rb227eng.pin
Res\_Arm\_WOOD\_60A\Res\rb227eng.pin
Res\_Arm\_SCARA\_HHB\Common\SyntecParam.xml
Res\_Arm\_SCARA\_HHB\Common\string\SysParamCom_COM.xml
Res\_Arm\_SCARA\_HHB\CHT\string\SysParamCht_COM.xml
Res\_Arm\_SCARA\_HHB\CHS\string\SysParamChs_COM.xml
Res\_Arm\_SCARA\_81R\Res\rb227eng.pin
Res\_Arm\_SCARA\_80R\Res\rb227eng.pin
Res\_Arm\_Scanning\_71A\Res\rb227eng.pin
Res\_Arm\_Scanning\_70B\Res\rb227eng.pin
Res\_Arm\_Scanning\_70A\Res\rb227eng.pin
Res\_Arm\_PRINT\_60C\Res\rb227eng.pin
Res\_Arm\_PRINT\_60B\Res\rb227eng.pin
Res\_Arm\_Mill\_SUPER-X\Res\rb227eng.pin
Res\_Arm\_Mill\_7A\Res\rb227eng.pin
Res\_Arm\_Mill\_6D-H\Res\rb227eng.pin
Res\_Arm\_Mill\_6D\Res\rb227eng.pin
Res\_Arm\_Mill\_6B\Res\rb227eng.pin
Res\_Arm\_Mill\_6A\Res\rb227eng.pin
Res\_Arm\_Mill\_30GM\Res\rb227eng.pin
Res\_Arm\_Mill\_22A\Res\rb227eng.pin
Res\_Arm\_Mill\_220B-5\Res\rb227eng.pin
Res\_Arm\_Mill\_220B\Res\rb227eng.pin
Res\_Arm\_Mill\_220A-5\Res\rb227eng.pin
Res\_Arm\_Mill\_220A\Res\rb227eng.pin
Res\_Arm\_Mill\_21A-X\Res\rb227eng.pin
Res\_Arm\_Mill\_21A-H\Res\rb227eng.pin
Res\_Arm\_Mill\_21A\Res\rb227eng.pin
Res\_Arm\_Mill\_200B-X5\Res\rb227eng.pin
Res\_Arm\_Mill\_200B-X\Res\rb227eng.pin
Res\_Arm\_Mill\_200A-X5\Res\rb227eng.pin
Res\_Arm\_Mill\_200A-X\Res\rb227eng.pin
Res\_Arm\_Mill\_11B-X\Res\rb227eng.pin
Res\_Arm\_Mill\_11B\Res\rb227eng.pin
Res\_Arm\_Mill\_11A-X\Res\rb227eng.pin
Res\_Arm\_Mill\_11A\Res\rb227eng.pin
Res\_Arm\_Lathe\_SUPER-X\Res\rb227eng.pin
Res\_Arm\_Lathe\_7A\Res\rb227eng.pin
Res\_Arm\_Lathe\_6B\Res\rb227eng.pin
Res\_Arm\_Lathe\_6A-E\Res\ktx51eng.pin
Res\_Arm\_Lathe\_6A-E\Res\ktx71eng.pin
Res\_Arm\_Lathe\_6A-E\Res\latmacro.res
Res\_Arm\_Lathe\_6A-E\Res\latpmeng.pin
Res\_Arm\_Lathe\_6A-E\Res\milpmeng.pin
Res\_Arm\_Lathe\_6A-E\Res\rb101eng.pin
Res\_Arm\_Lathe\_6A-E\Res\rb106eng.pin
Res\_Arm\_Lathe\_6A-E\Res\rb107eng.pin
Res\_Arm\_Lathe\_6A-E\Res\rb108eng.pin
Res\_Arm\_Lathe\_6A-E\Res\rb111eng.pin
Res\_Arm\_Lathe\_6A-E\Res\rb116eng.pin
Res\_Arm\_Lathe\_6A-E\Res\rb117eng.pin
Res\_Arm\_Lathe\_6A-E\Res\rb118eng.pin
Res\_Arm\_Lathe\_6A-E\Res\rb121eng.pin
Res\_Arm\_Lathe\_6A-E\Res\rb122eng.pin
Res\_Arm\_Lathe\_6A-E\Res\rb123eng.pin
Res\_Arm\_Lathe\_6A-E\Res\rb124eng.pin
Res\_Arm\_Lathe\_6A-E\Res\rb151eng.pin
Res\_Arm\_Lathe\_6A-E\Res\rb152eng.pin
Res\_Arm\_Lathe\_6A-E\Res\rb176eng.pin
Res\_Arm\_Lathe\_6A-E\Res\rb177eng.pin
Res\_Arm\_Lathe\_6A-E\Res\rb226eng.pin
Res\_Arm\_Lathe\_6A-E\Res\rb227eng.pin
Res\_Arm\_Lathe\_6A-E\Res\rb251eng.pin
Res\_Arm\_Lathe\_6A-E\Res\rb252eng.pin
Res\_Arm\_Lathe\_6A-E\Res\rbpmeng.pin
Res\_Arm\_Lathe\_6A-E\Res\roteng.pin
Res\_Arm\_Lathe\_6A-E\Res\splcaeng.pin
Res\_Arm\_Lathe\_6A-E\Res\sripmeng.pin
Res\_Arm\_Lathe\_6A-E\Res\sysmacro.res
Res\_Arm\_Lathe\_6A-E\Res\syspmeng.pin
Res\_Arm\_Lathe\_6A-E\Data\CncBase_Ext.ini
Res\_Arm\_Lathe\_6A-E\Common\SyntecParam.xml
Res\_Arm\_Lathe\_6A-E\Common\string\SysParamCom_COM.xml
Res\_Arm\_Lathe\_6A-E\CHT\string\SysParamCht_COM.xml
Res\_Arm\_Lathe\_6A-E\CHS\string\SysParamChs_COM.xml
Res\_Arm\_Lathe\_6A\Res\rb227eng.pin
Res\_Arm\_Lathe\_22B\Res\rb227eng.pin
Res\_Arm\_Lathe\_22A\Res\rb227eng.pin
Res\_Arm\_Lathe\_220B-5\Res\rb227eng.pin
Res\_Arm\_Lathe\_220B\Res\rb227eng.pin
Res\_Arm\_Lathe\_21B-X\Res\rb227eng.pin
Res\_Arm\_Lathe\_21B-H\Res\rb227eng.pin
Res\_Arm\_Lathe\_21B\Res\rb227eng.pin
Res\_Arm\_Lathe\_21A-X\Res\rb227eng.pin
Res\_Arm\_Lathe\_21A-H\Res\rb227eng.pin
Res\_Arm\_Lathe\_21A\Res\rb227eng.pin
Res\_Arm\_Lathe\_200B-X\Res\rb227eng.pin
Res\_Arm\_Lathe\_200A-X\Res\rb227eng.pin
Res\_Arm\_Lathe\_11B-X\Res\rb227eng.pin
Res\_Arm\_Lathe\_11B\Res\rb227eng.pin
Res\_Arm\_Lathe\_11A-X\Res\rb227eng.pin
Res\_Arm\_Lathe\_11A\Res\rb227eng.pin
Res\_Arm\_HC\_8S\Res\rb227eng.pin
Res\_Arm\_HC\_8C-5\Res\rb227eng.pin
Res\_Arm\_HC\_8C\Res\rb227eng.pin
Res\_Arm\_HC\_8B\Res\rb227eng.pin
Res\_Arm\_HC\_8A\Res\rb227eng.pin
Res\_Arm\_HC\_80MI\Res\rb227eng.pin
Res\_Arm\_HC\_80GM\Res\rb227eng.pin
Res\_Arm\_HC\_15C-5\Res\rb227eng.pin
Res\_Arm\_HC\_15C\Res\rb227eng.pin
Res\_Arm\_HC\_15B\Res\rb227eng.pin
Res\_Arm\_HC\_15A\Res\rb227eng.pin
Res\_Arm\_HC\_12B\Res\rb227eng.pin
Res\_Arm\_HC\_12A\Res\rb227eng.pin
Res\_Arm\_HC\_10C-5\Res\rb227eng.pin
Res\_Arm\_HC\_10C\Res\rb227eng.pin
Res\_Arm\_HC\_10B\Res\rb227eng.pin
Res\_Arm\_HC\_10A\Res\rb227eng.pin
Res\_Arm\_GlassGrind\_6B\Res\rb227eng.pin
Res\_Arm\_GANTRY\_HHB\Common\SyntecParam.xml
Res\_Arm\_GANTRY\_HHB\Common\string\SysParamCom_COM.xml
Res\_Arm\_GANTRY\_HHB\CHT\string\SysParamCht_COM.xml
Res\_Arm\_GANTRY\_HHB\CHS\string\SysParamChs_COM.xml
Res\_Arm\_GANTRY\_81R\Res\rb227eng.pin
Res\_Arm\_GANTRY\_80R\Res\rb227eng.pin
Res\_Arm\_FC\_B-5\Res\rb227eng.pin
Res\_Arm\_FC\_B\Res\rb227eng.pin
Res\_Arm\_FC\_A\Res\rb227eng.pin
Res\_Arm\_Drill\_60B\Res\rb227eng.pin
Res\_Arm\_DELTA\_HHB\Common\SyntecParam.xml
Res\_Arm\_DELTA\_HHB\Common\string\SysParamCom_COM.xml
Res\_Arm\_DELTA\_HHB\CHT\string\SysParamCht_COM.xml
Res\_Arm\_DELTA\_HHB\CHS\string\SysParamChs_COM.xml
Res\_Arm\_DELTA\_81R\Res\rb227eng.pin
Res\_Arm\_DELTA\_80R\Res\rb227eng.pin
Res\_Arm\_Cutting\_70B-5\Res\ktx51eng.pin
Res\_Arm\_Cutting\_70B-5\Res\ktx71eng.pin
Res\_Arm\_Cutting\_70B-5\Res\latpmeng.pin
Res\_Arm\_Cutting\_70B-5\Res\lcpmeng.pin
Res\_Arm\_Cutting\_70B-5\Res\milmacro.res
Res\_Arm\_Cutting\_70B-5\Res\milpmeng.pin
Res\_Arm\_Cutting\_70B-5\Res\rb101eng.pin
Res\_Arm\_Cutting\_70B-5\Res\rb106eng.pin
Res\_Arm\_Cutting\_70B-5\Res\rb107eng.pin
Res\_Arm\_Cutting\_70B-5\Res\rb108eng.pin
Res\_Arm\_Cutting\_70B-5\Res\rb111eng.pin
Res\_Arm\_Cutting\_70B-5\Res\rb116eng.pin
Res\_Arm\_Cutting\_70B-5\Res\rb117eng.pin
Res\_Arm\_Cutting\_70B-5\Res\rb118eng.pin
Res\_Arm\_Cutting\_70B-5\Res\rb121eng.pin
Res\_Arm\_Cutting\_70B-5\Res\rb122eng.pin
Res\_Arm\_Cutting\_70B-5\Res\rb123eng.pin
Res\_Arm\_Cutting\_70B-5\Res\rb124eng.pin
Res\_Arm\_Cutting\_70B-5\Res\rb151eng.pin
Res\_Arm\_Cutting\_70B-5\Res\rb152eng.pin
Res\_Arm\_Cutting\_70B-5\Res\rb176eng.pin
Res\_Arm\_Cutting\_70B-5\Res\rb177eng.pin
Res\_Arm\_Cutting\_70B-5\Res\rb226eng.pin
Res\_Arm\_Cutting\_70B-5\Res\rb227eng.pin
Res\_Arm\_Cutting\_70B-5\Res\rb251eng.pin
Res\_Arm\_Cutting\_70B-5\Res\rb252eng.pin
Res\_Arm\_Cutting\_70B-5\Res\rbpmeng.pin
Res\_Arm\_Cutting\_70B-5\Res\splcaeng.pin
Res\_Arm\_Cutting\_70B-5\Res\sripmeng.pin
Res\_Arm\_Cutting\_70B-5\Res\sysmacro.res
Res\_Arm\_Cutting\_70B-5\Res\syspmeng.pin
Res\_Arm\_Cutting\_70B-5\Data\CncBase_Ext.ini
Res\_Arm\_Cutting\_70B-5\Common\SyntecParam.xml
Res\_Arm\_Cutting\_70B-5\Common\string\SysParamCom_COM.xml
Res\_Arm\_Cutting\_70B-5\CHT\string\SysParamCht_COM.xml
Res\_Arm\_Cutting\_70B-5\CHS\string\SysParamChs_COM.xml
Res\_Arm\_Cutting\_70B\Res\ktx51eng.pin
Res\_Arm\_Cutting\_70B\Res\ktx71eng.pin
Res\_Arm\_Cutting\_70B\Res\latpmeng.pin
Res\_Arm\_Cutting\_70B\Res\lcpmeng.pin
Res\_Arm\_Cutting\_70B\Res\milmacro.res
Res\_Arm\_Cutting\_70B\Res\milpmeng.pin
Res\_Arm\_Cutting\_70B\Res\rb101eng.pin
Res\_Arm\_Cutting\_70B\Res\rb106eng.pin
Res\_Arm\_Cutting\_70B\Res\rb107eng.pin
Res\_Arm\_Cutting\_70B\Res\rb108eng.pin
Res\_Arm\_Cutting\_70B\Res\rb111eng.pin
Res\_Arm\_Cutting\_70B\Res\rb116eng.pin
Res\_Arm\_Cutting\_70B\Res\rb117eng.pin
Res\_Arm\_Cutting\_70B\Res\rb118eng.pin
Res\_Arm\_Cutting\_70B\Res\rb121eng.pin
Res\_Arm\_Cutting\_70B\Res\rb122eng.pin
Res\_Arm\_Cutting\_70B\Res\rb123eng.pin
Res\_Arm\_Cutting\_70B\Res\rb124eng.pin
Res\_Arm\_Cutting\_70B\Res\rb151eng.pin
Res\_Arm\_Cutting\_70B\Res\rb152eng.pin
Res\_Arm\_Cutting\_70B\Res\rb176eng.pin
Res\_Arm\_Cutting\_70B\Res\rb177eng.pin
Res\_Arm\_Cutting\_70B\Res\rb226eng.pin
Res\_Arm\_Cutting\_70B\Res\rb227eng.pin
Res\_Arm\_Cutting\_70B\Res\rb251eng.pin
Res\_Arm\_Cutting\_70B\Res\rb252eng.pin
Res\_Arm\_Cutting\_70B\Res\rbpmeng.pin
Res\_Arm\_Cutting\_70B\Res\splcaeng.pin
Res\_Arm\_Cutting\_70B\Res\sripmeng.pin
Res\_Arm\_Cutting\_70B\Res\sysmacro.res
Res\_Arm\_Cutting\_70B\Res\syspmeng.pin
Res\_Arm\_Cutting\_70B\Data\CncBase_Ext.ini
Res\_Arm\_Cutting\_70B\Common\SyntecParam.xml
Res\_Arm\_Cutting\_70B\Common\string\SysParamCom_COM.xml
Res\_Arm\_Cutting\_70B\CHT\string\SysParamCht_COM.xml
Res\_Arm\_Cutting\_70B\CHS\string\SysParamChs_COM.xml
Res\_Arm\_Cutting\_70A\Res\rb227eng.pin
Res\_Arm\_Cutting\_6B\Res\rb227eng.pin
Res\_Arm\_Cutting\_6A\Res\rb227eng.pin
Res\_Arm\_Cutting\_60A\Res\rb227eng.pin
Res\_Arm\_ARTIC\_HHB\Common\SyntecParam.xml
Res\_Arm\_ARTIC\_HHB\Common\string\SysParamCom_COM.xml
Res\_Arm\_ARTIC\_HHB\CHT\string\SysParamCht_COM.xml
Res\_Arm\_ARTIC\_HHB\CHS\string\SysParamChs_COM.xml
Res\_Arm\_ARTIC\_81R\Res\rb227eng.pin
Res\_Arm\_ARTIC\_80R\Res\rb227eng.pin
Com\OCRes\Common\String\AxisName_Text_COM.xml
----------------------------------------------------------------------
Files that are found in folder Previous_res but NOT in folder Current_res :

Res\_Arm\_Lathe\_6D-H\Res\ktx51eng.pin
Res\_Arm\_Lathe\_6D-H\Res\ktx71eng.pin
Res\_Arm\_Lathe\_6D-H\Res\latmacro.res
Res\_Arm\_Lathe\_6D-H\Res\latpmeng.pin
Res\_Arm\_Lathe\_6D-H\Res\milpmeng.pin
Res\_Arm\_Lathe\_6D-H\Res\rb101eng.pin
Res\_Arm\_Lathe\_6D-H\Res\rb106eng.pin
Res\_Arm\_Lathe\_6D-H\Res\rb107eng.pin
Res\_Arm\_Lathe\_6D-H\Res\rb108eng.pin
Res\_Arm\_Lathe\_6D-H\Res\rb111eng.pin
Res\_Arm\_Lathe\_6D-H\Res\rb116eng.pin
Res\_Arm\_Lathe\_6D-H\Res\rb117eng.pin
Res\_Arm\_Lathe\_6D-H\Res\rb118eng.pin
Res\_Arm\_Lathe\_6D-H\Res\rb121eng.pin
Res\_Arm\_Lathe\_6D-H\Res\rb122eng.pin
Res\_Arm\_Lathe\_6D-H\Res\rb123eng.pin
Res\_Arm\_Lathe\_6D-H\Res\rb124eng.pin
Res\_Arm\_Lathe\_6D-H\Res\rb151eng.pin
Res\_Arm\_Lathe\_6D-H\Res\rb152eng.pin
Res\_Arm\_Lathe\_6D-H\Res\rb176eng.pin
Res\_Arm\_Lathe\_6D-H\Res\rb177eng.pin
Res\_Arm\_Lathe\_6D-H\Res\rb226eng.pin
Res\_Arm\_Lathe\_6D-H\Res\rb251eng.pin
Res\_Arm\_Lathe\_6D-H\Res\rb252eng.pin
Res\_Arm\_Lathe\_6D-H\Res\rbpmeng.pin
Res\_Arm\_Lathe\_6D-H\Res\roteng.pin
Res\_Arm\_Lathe\_6D-H\Res\rotposeng.pin
Res\_Arm\_Lathe\_6D-H\Res\splcaeng.pin
Res\_Arm\_Lathe\_6D-H\Res\sripmeng.pin
Res\_Arm\_Lathe\_6D-H\Res\sysmacro.res
Res\_Arm\_Lathe\_6D-H\Res\syspmeng.pin
Res\_Arm\_Lathe\_6D-H\Data\CncBase_Ext.ini
Res\_Arm\_Lathe\_6D-H\Common\SyntecParam.xml
Res\_Arm\_Lathe\_6D-H\Common\string\SysParamCom_COM.xml
Res\_Arm\_Lathe\_6D-H\CHT\string\SysParamCht_COM.xml
Res\_Arm\_Lathe\_6D-H\CHS\string\SysParamChs_COM.xml
Res\_Arm\_Lathe\_6D-E\Res\ktx51eng.pin
Res\_Arm\_Lathe\_6D-E\Res\ktx71eng.pin
Res\_Arm\_Lathe\_6D-E\Res\latmacro.res
Res\_Arm\_Lathe\_6D-E\Res\latpmeng.pin
Res\_Arm\_Lathe\_6D-E\Res\milpmeng.pin
Res\_Arm\_Lathe\_6D-E\Res\rb101eng.pin
Res\_Arm\_Lathe\_6D-E\Res\rb106eng.pin
Res\_Arm\_Lathe\_6D-E\Res\rb107eng.pin
Res\_Arm\_Lathe\_6D-E\Res\rb108eng.pin
Res\_Arm\_Lathe\_6D-E\Res\rb111eng.pin
Res\_Arm\_Lathe\_6D-E\Res\rb116eng.pin
Res\_Arm\_Lathe\_6D-E\Res\rb117eng.pin
Res\_Arm\_Lathe\_6D-E\Res\rb118eng.pin
Res\_Arm\_Lathe\_6D-E\Res\rb121eng.pin
Res\_Arm\_Lathe\_6D-E\Res\rb122eng.pin
Res\_Arm\_Lathe\_6D-E\Res\rb123eng.pin
Res\_Arm\_Lathe\_6D-E\Res\rb124eng.pin
Res\_Arm\_Lathe\_6D-E\Res\rb151eng.pin
Res\_Arm\_Lathe\_6D-E\Res\rb152eng.pin
Res\_Arm\_Lathe\_6D-E\Res\rb176eng.pin
Res\_Arm\_Lathe\_6D-E\Res\rb177eng.pin
Res\_Arm\_Lathe\_6D-E\Res\rb226eng.pin
Res\_Arm\_Lathe\_6D-E\Res\rb251eng.pin
Res\_Arm\_Lathe\_6D-E\Res\rb252eng.pin
Res\_Arm\_Lathe\_6D-E\Res\rbpmeng.pin
Res\_Arm\_Lathe\_6D-E\Res\roteng.pin
Res\_Arm\_Lathe\_6D-E\Res\splcaeng.pin
Res\_Arm\_Lathe\_6D-E\Res\sripmeng.pin
Res\_Arm\_Lathe\_6D-E\Res\sysmacro.res
Res\_Arm\_Lathe\_6D-E\Res\syspmeng.pin
Res\_Arm\_Lathe\_6D-E\Data\CncBase_Ext.ini
Res\_Arm\_Lathe\_6D-E\Common\SyntecParam.xml
Res\_Arm\_Lathe\_6D-E\Common\string\SysParamCom_COM.xml
Res\_Arm\_Lathe\_6D-E\CHT\string\SysParamCht_COM.xml
Res\_Arm\_Lathe\_6D-E\CHS\string\SysParamChs_COM.xml
----------------------------------------------------------------------
