1	EnIPModule_W32_b01.txt			Line 12
2	EnIPModule_WCE6_b01.txt			Line 12
3	EnIPModule_WEC7ARM_b01.txt		Line 12
4	LaserCtrl_W32_b01.txt			Line 48
5	LaserCtrl_W32_b02.txt			Line 54
6	LaserCtrl_WCE6_b01.txt			Line 74
7	LaserCtrl_WCE7ARM_b01.txt		Line 74
8	OCDevice_W32_b01.txt			Line 26
9	OCDevice_W32_b01.txt			Line 81
10	OCDevice_W32_b01.txt			Line 90
11	OCDevice_W32_b01.txt			Line 108
12	OCDevice_W32_b01.txt			Line 120
13	OCDevice_W32_b01.txt			Line 142
14	OCDevice_W32_b01.txt			Line 153
15	OCDevice_W32_b02.txt			Line 63
16	OCDevice_W32_b02.txt			Line 81
17	OCDevice_W32_b03.txt			Line 26
18	OCDevice_W32_b03.txt			Line 81
19	OCDevice_W32_b03.txt			Line 90
20	OCDevice_W32_b03.txt			Line 108
21	OCDevice_W32_b03.txt			Line 120
22	OCDevice_W32_b03.txt			Line 142
23	OCDevice_W32_b03.txt			Line 212
24	OCDevice_W32_b03.txt			Line 251
25	OCDevice_W32_b03.txt			Line 253
26	OCDevice_W32_b03.txt			Line 255
27	OCDevice_W32_b03.txt			Line 257
28	OCDevice_W32_b03.txt			Line 264
29	OCDevice_W32_b03.txt			Line 275
30	OCDevice_W32_b04.txt			Line 16
31	OCDevice_W32_b04.txt			Line 81
32	OCDevice_W32_b04.txt			Line 90
33	OCDevice_W32_b04.txt			Line 108
34	OCDevice_W32_b04.txt			Line 120
35	OCDevice_W32_b04.txt			Line 142
36	OCDevice_W32_b04.txt			Line 170
37	OCDevice_WCE6_b01.txt			Line 22
38	OCDevice_WCE6_b01.txt			Line 46
39	OCDevice_WCE6_b01.txt			Line 55
40	OCDevice_WCE6_b01.txt			Line 118
41	OCDevice_WCE6_b01.txt			Line 127
42	OCDevice_WCE6_b01.txt			Line 145
43	OCDevice_WCE6_b01.txt			Line 157
44	OCDevice_WCE6_b01.txt			Line 175
45	OCDevice_WCE6_b01.txt			Line 213
46	OCDevice_WCE6_b01.txt			Line 235
47	OCDevice_WCE6_b01.txt			Line 240
48	OCDevice_WCE6_b01.txt			Line 243
49	OCDevice_WCE6_b01.txt			Line 246
50	OCDevice_WCE6_b01.txt			Line 249
51	OCDevice_WCE6_b01.txt			Line 254
52	OCDevice_WCE6_b01.txt			Line 277
53	OCDevice_WCE6_b01.txt			Line 317
54	OCDevice_WCE6_b01.txt			Line 327
55	OCDevice_WCE6_b01.txt			Line 337
56	OCDevice_WCE6_b01.txt			Line 347
57	OCDevice_WCE6_b01.txt			Line 353
58	OCDevice_WCE6_b01.txt			Line 355
59	OCDevice_WCE6_b01.txt			Line 357
60	OCDevice_WCE6_b01.txt			Line 360
61	OCDevice_WCE6_b01.txt			Line 363
62	OCDevice_WCE6_b01.txt			Line 373
63	OCDevice_WCE6_b01.txt			Line 399
64	OCDevice_WCE6_b01.txt			Line 411
65	OCDevice_WCE6_b01.txt			Line 421
66	OCDevice_WCE6_b01.txt			Line 431
67	OCDevice_WCE6_b01.txt			Line 441
68	OCDevice_WCE6_b01.txt			Line 453
69	OCDevice_WCE6_b01.txt			Line 463
70	OCDevice_WCE6_b01.txt			Line 475
71	OCDevice_WCE6_b01.txt			Line 485
72	OCDevice_WEC7ARM_b01.txt		Line 22
73	OCDevice_WEC7ARM_b01.txt		Line 51
74	OCDevice_WEC7ARM_b01.txt		Line 60
75	OCDevice_WEC7ARM_b01.txt		Line 149
76	OCDevice_WEC7ARM_b01.txt		Line 157
77	OCDevice_WEC7ARM_b01.txt		Line 166
78	OCDevice_WEC7ARM_b01.txt		Line 184
79	OCDevice_WEC7ARM_b01.txt		Line 196
80	OCDevice_WEC7ARM_b01.txt		Line 214
81	OCDevice_WEC7ARM_b01.txt		Line 229
82	OCDevice_WEC7ARM_b01.txt		Line 232
83	OCDevice_WEC7ARM_b01.txt		Line 234
84	OCDevice_WEC7ARM_b01.txt		Line 236
85	OCDevice_WEC7ARM_b01.txt		Line 238
86	OCDevice_WEC7ARM_b01.txt		Line 242
87	OCDevice_WEC7ARM_b01.txt		Line 265
88	OCDevice_WEC7ARM_b01.txt		Line 292
89	OCDevice_WEC7ARM_b01.txt		Line 318
90	OCDevice_WEC7ARM_b01.txt		Line 328
91	OCDevice_WEC7ARM_b01.txt		Line 338
92	OCDevice_WEC7ARM_b01.txt		Line 348
93	OCDevice_WEC7ARM_b01.txt		Line 353
94	OCDevice_WEC7ARM_b01.txt		Line 356
95	OCDevice_WEC7ARM_b01.txt		Line 358
96	OCDevice_WEC7ARM_b01.txt		Line 360
97	OCDevice_WEC7ARM_b01.txt		Line 364
98	OCDevice_WEC7ARM_b01.txt		Line 376
99	OCDevice_WEC7ARM_b01.txt		Line 388
100	OCDevice_WEC7ARM_b01.txt		Line 400
101	OCDevice_WEC7ARM_b01.txt		Line 410
102	OCDevice_WEC7ARM_b01.txt		Line 420
103	OCDevice_WEC7ARM_b01.txt		Line 443
104	OCDevice_WEC7ARM_b01.txt		Line 453
105	OCDevice_WEC7ARM_b01.txt		Line 463
106	OCDevice_WEC7ARM_b01.txt		Line 475
107	OCKrnl_GTEST_01.txt			Line 177
108	OCKrnl_GTEST_01.txt			Line 206
109	OCKrnl_GTEST_01.txt			Line 292
110	OCKrnl_GTEST_01.txt			Line 570
111	OCKrnl_GTEST_01.txt			Line 583
112	OCKrnl_GTEST_01.txt			Line 596
113	OCKrnl_GTEST_01.txt			Line 603
114	OCKrnl_GTEST_01.txt			Line 627
115	OCKrnl_GTEST_01.txt			Line 640
116	OCKrnl_GTEST_01.txt			Line 921
117	OCKrnl_GTEST_03.txt			Line 342
118	OCKrnl_GTEST_03.txt			Line 371
119	OCKrnl_GTEST_03.txt			Line 457
120	OCKrnl_GTEST_03.txt			Line 484
121	OCKrnl_GTEST_03.txt			Line 497
122	OCKrnl_GTEST_03.txt			Line 510
123	OCKrnl_GTEST_03.txt			Line 517
124	OCKrnl_GTEST_03.txt			Line 541
125	OCKrnl_GTEST_03.txt			Line 554
126	OCKrnl_GTEST_03.txt			Line 713
127	OCKrnl_GTEST_03.txt			Line 715
128	OCKrnl_GTEST_03.txt			Line 720
129	OCKrnl_GTEST_03.txt			Line 722
130	OCKrnl_GTEST_03.txt			Line 724
131	OCKrnl_GTEST_03.txt			Line 726
132	OCKrnl_GTEST_03.txt			Line 734
133	OCKrnl_GTEST_03.txt			Line 950
134	OCKrnl_GTEST_04.txt			Line 414
135	OCKrnl_GTEST_04.txt			Line 443
136	OCKrnl_GTEST_04.txt			Line 529
137	OCKrnl_GTEST_04.txt			Line 546
138	OCKrnl_GTEST_05.txt			Line 156
139	OCKrnl_GTEST_05.txt			Line 185
140	OCKrnl_GTEST_05.txt			Line 271
141	OCKrnl_GTEST_05.txt			Line 284
142	OCKrnl_GTEST_06.txt			Line 120
143	OCKrnl_GTEST_06.txt			Line 133
144	OCKrnl_GTEST_06.txt			Line 146
145	OCKrnl_GTEST_06.txt			Line 153
146	OCKrnl_GTEST_06.txt			Line 177
147	OCKrnl_GTEST_06.txt			Line 190
148	OCKrnl_GTEST_06.txt			Line 201
149	OCKrnl_GTEST_08.txt			Line 22
150	OCKrnl_GTEST_08.txt			Line 51
151	OCKrnl_GTEST_08.txt			Line 137
152	OCKrnl_GTEST_08.txt			Line 169
153	OCKrnl_GTEST_08.txt			Line 171
154	OCKrnl_GTEST_08.txt			Line 176
155	OCKrnl_GTEST_08.txt			Line 178
156	OCKrnl_GTEST_08.txt			Line 180
157	OCKrnl_GTEST_08.txt			Line 182
158	OCKrnl_GTEST_08.txt			Line 190
159	OCKrnl_GTEST_08.txt			Line 205
160	OCKrnl_GTEST_09.txt			Line 22
161	OCKrnl_GTEST_09.txt			Line 51
162	OCKrnl_GTEST_09.txt			Line 137
163	OCKrnl_GTEST_09.txt			Line 166
164	OCKrnl_W32_b01.txt			Line 56
165	OCKrnl_W32_b01.txt			Line 85
166	OCKrnl_W32_b01.txt			Line 171
167	OCKrnl_W32_b01.txt			Line 205
168	OCKrnl_W32_b02.txt			Line 342
169	OCKrnl_W32_b02.txt			Line 371
170	OCKrnl_W32_b02.txt			Line 457
171	OCKrnl_W32_b02.txt			Line 484
172	OCKrnl_W32_b02.txt			Line 497
173	OCKrnl_W32_b02.txt			Line 510
174	OCKrnl_W32_b02.txt			Line 517
175	OCKrnl_W32_b02.txt			Line 541
176	OCKrnl_W32_b02.txt			Line 554
177	OCKrnl_W32_b02.txt			Line 713
178	OCKrnl_W32_b02.txt			Line 715
179	OCKrnl_W32_b02.txt			Line 720
180	OCKrnl_W32_b02.txt			Line 722
181	OCKrnl_W32_b02.txt			Line 724
182	OCKrnl_W32_b02.txt			Line 726
183	OCKrnl_W32_b02.txt			Line 734
184	OCKrnl_W32_b02.txt			Line 951
185	OCKrnl_W32_b03.txt			Line 342
186	OCKrnl_W32_b03.txt			Line 371
187	OCKrnl_W32_b03.txt			Line 457
188	OCKrnl_W32_b03.txt			Line 484
189	OCKrnl_W32_b03.txt			Line 497
190	OCKrnl_W32_b03.txt			Line 510
191	OCKrnl_W32_b03.txt			Line 517
192	OCKrnl_W32_b03.txt			Line 541
193	OCKrnl_W32_b03.txt			Line 554
194	OCKrnl_W32_b03.txt			Line 713
195	OCKrnl_W32_b03.txt			Line 715
196	OCKrnl_W32_b03.txt			Line 720
197	OCKrnl_W32_b03.txt			Line 722
198	OCKrnl_W32_b03.txt			Line 724
199	OCKrnl_W32_b03.txt			Line 726
200	OCKrnl_W32_b03.txt			Line 734
201	OCKrnl_W32_b03.txt			Line 951
202	OCKrnl_W32_b03.txt			Line 984
203	OCKrnl_W32_l02.txt			Line 22
204	OCKrnl_W32_l02.txt			Line 51
205	OCKrnl_W32_l02.txt			Line 137
206	OCKrnl_W32_l04.txt			Line 56
207	OCKrnl_W32_l04.txt			Line 85
208	OCKrnl_W32_l04.txt			Line 171
209	OCKrnl_W32_l08.txt			Line 22
210	OCKrnl_W32_l08.txt			Line 51
211	OCKrnl_W32_l08.txt			Line 137
212	OCKrnl_W32_l10.txt			Line 56
213	OCKrnl_W32_l10.txt			Line 85
214	OCKrnl_W32_l10.txt			Line 171
215	OCKrnl_W64_l02.txt			Line 38
216	OCKrnl_W64_l02.txt			Line 79
217	OCKrnl_W64_l02.txt			Line 220
218	OCKrnl_W64_l03.txt			Line 60
219	OCKrnl_W64_l03.txt			Line 101
220	OCKrnl_W64_l03.txt			Line 242
221	OCKrnl_W64_l06.txt			Line 38
222	OCKrnl_W64_l06.txt			Line 79
223	OCKrnl_W64_l06.txt			Line 220
224	OCKrnl_W64_l07.txt			Line 60
225	OCKrnl_W64_l07.txt			Line 101
226	OCKrnl_W64_l07.txt			Line 242
227	OCKrnl_WCE6_b01.txt			Line 99
228	OCKrnl_WCE6_b01.txt			Line 127
229	OCKrnl_WCE6_b01.txt			Line 209
230	OCKrnl_WCE6_b01.txt			Line 451
231	OCKrnl_WCE6_b01.txt			Line 453
232	OCKrnl_WCE6_b01.txt			Line 458
233	OCKrnl_WCE6_b01.txt			Line 460
234	OCKrnl_WCE6_b01.txt			Line 462
235	OCKrnl_WCE6_b01.txt			Line 464
236	OCKrnl_WCE6_b01.txt			Line 468
237	OCKrnl_WCE6_b01.txt			Line 479
238	OCKrnl_WCE6_b01.txt			Line 492
239	OCKrnl_WCE6_b01.txt			Line 505
240	OCKrnl_WCE6_b01.txt			Line 512
241	OCKrnl_WCE6_b01.txt			Line 536
242	OCKrnl_WCE6_b01.txt			Line 545
243	OCKrnl_WCE6_b01.txt			Line 876
244	OCKrnl_WCE6_b02.txt			Line 99
245	OCKrnl_WCE6_b02.txt			Line 127
246	OCKrnl_WCE6_b02.txt			Line 209
247	OCKrnl_WCE6_b02.txt			Line 451
248	OCKrnl_WCE6_b02.txt			Line 453
249	OCKrnl_WCE6_b02.txt			Line 458
250	OCKrnl_WCE6_b02.txt			Line 460
251	OCKrnl_WCE6_b02.txt			Line 462
252	OCKrnl_WCE6_b02.txt			Line 464
253	OCKrnl_WCE6_b02.txt			Line 468
254	OCKrnl_WCE6_b02.txt			Line 479
255	OCKrnl_WCE6_b02.txt			Line 492
256	OCKrnl_WCE6_b02.txt			Line 505
257	OCKrnl_WCE6_b02.txt			Line 512
258	OCKrnl_WCE6_b02.txt			Line 536
259	OCKrnl_WCE6_b02.txt			Line 545
260	OCKrnl_WCE6_b02.txt			Line 876
261	OCKrnl_WCE6_b02.txt			Line 912
262	OCKrnl_WCE6_l02.txt			Line 22
263	OCKrnl_WCE6_l02.txt			Line 50
264	OCKrnl_WCE6_l02.txt			Line 132
265	OCKrnl_WCE6_l04.txt			Line 50
266	OCKrnl_WCE6_l04.txt			Line 78
267	OCKrnl_WCE6_l04.txt			Line 160
268	OCKrnl_WEC7ARM_b01.txt			Line 305
269	OCKrnl_WEC7ARM_b01.txt			Line 307
270	OCKrnl_WEC7ARM_b01.txt			Line 312
271	OCKrnl_WEC7ARM_b01.txt			Line 314
272	OCKrnl_WEC7ARM_b01.txt			Line 316
273	OCKrnl_WEC7ARM_b01.txt			Line 318
274	OCKrnl_WEC7ARM_b01.txt			Line 322
275	OCKrnl_WEC7ARM_b01.txt			Line 371
276	OCKrnl_WEC7ARM_b01.txt			Line 400
277	OCKrnl_WEC7ARM_b01.txt			Line 482
278	OCKrnl_WEC7ARM_b01.txt			Line 559
279	OCKrnl_WEC7ARM_b01.txt			Line 572
280	OCKrnl_WEC7ARM_b01.txt			Line 585
281	OCKrnl_WEC7ARM_b01.txt			Line 592
282	OCKrnl_WEC7ARM_b01.txt			Line 616
283	OCKrnl_WEC7ARM_b01.txt			Line 625
284	OCKrnl_WEC7ARM_b01.txt			Line 873
285	OCKrnl_WEC7ARM_b02.txt			Line 305
286	OCKrnl_WEC7ARM_b02.txt			Line 307
287	OCKrnl_WEC7ARM_b02.txt			Line 312
288	OCKrnl_WEC7ARM_b02.txt			Line 314
289	OCKrnl_WEC7ARM_b02.txt			Line 316
290	OCKrnl_WEC7ARM_b02.txt			Line 318
291	OCKrnl_WEC7ARM_b02.txt			Line 322
292	OCKrnl_WEC7ARM_b02.txt			Line 371
293	OCKrnl_WEC7ARM_b02.txt			Line 400
294	OCKrnl_WEC7ARM_b02.txt			Line 482
295	OCKrnl_WEC7ARM_b02.txt			Line 559
296	OCKrnl_WEC7ARM_b02.txt			Line 572
297	OCKrnl_WEC7ARM_b02.txt			Line 585
298	OCKrnl_WEC7ARM_b02.txt			Line 592
299	OCKrnl_WEC7ARM_b02.txt			Line 616
300	OCKrnl_WEC7ARM_b02.txt			Line 625
301	OCKrnl_WEC7ARM_b02.txt			Line 873
302	OCKrnl_WEC7ARM_b02.txt			Line 909
303	OCKrnl_WEC7ARM_l02.txt			Line 16
304	OCKrnl_WEC7ARM_l02.txt			Line 45
305	OCKrnl_WEC7ARM_l02.txt			Line 127
306	OCProtocol_W32_b01.txt			Line 14
307	OCProtocol_W32_b02.txt			Line 17
308	OCProtocol_W32_b03.txt			Line 17
309	OCProtocol_WCE6_b01.txt			Line 13
310	OCProtocol_WCE6_b02.txt			Line 17
311	OCProtocol_WEC7ARM_b01.txt		Line 13
312	OCProtocol_WEC7ARM_b02.txt		Line 17
313	OCTest_b01.txt				Line 42
314	OCTest_b02.txt				Line 43
315	OCTest_b04.txt				Line 8
316	OCTest_b04.txt				Line 10
317	OCTest_b04.txt				Line 12
318	OCTest_b04.txt				Line 14
319	OCTest_b04.txt				Line 16
320	OCTest_b04.txt				Line 19
321	OCTest_b04.txt				Line 28
322	OCTest_b04.txt				Line 32
323	OCTest_b04.txt				Line 35
324	OCTest_b04.txt				Line 44
325	OCTest_b04.txt				Line 47
326	Prep_W32_b01.txt			Line 13
327	Prep_WCE6_b01.txt			Line 13
328	Prep_WEC7ARM_b01.txt			Line 13
329	Rot_W32_b01.txt				Line 20
330	Rot_WCE6_b01.txt			Line 17
331	Rot_WEC7ARM_b01.txt			Line 17
332	SerialPLCAxis_W32_b01.txt		Line 18
333	SerialPLCAxis_WCE6_b01.txt		Line 15
334	SerialPLCAxis_WEC7ARM_b01.txt		Line 15
334 Error(s) Found...
