1	LaserCtrl_W32_b01.txt			Line 37
2	LaserCtrl_W32_b02.txt			Line 43
3	OCDevice_W32_b01.txt			Line 26
4	OCDevice_W32_b01.txt			Line 147
5	OCDevice_W32_b02.txt			Line 59
6	OCDevice_W32_b02.txt			Line 76
7	OCDevice_W32_b03.txt			Line 26
8	OCDevice_W32_b03.txt			Line 264
9	OCDevice_W32_b04.txt			Line 16
10	OCDevice_W32_b04.txt			Line 164
11	OCKrnl_GTEST_01.txt			Line 585
12	OCKrnl_GTEST_01.txt			Line 624
13	OCKrnl_GTEST_01.txt			Line 896
14	OCKrnl_GTEST_03.txt			Line 499
15	OCKrnl_GTEST_03.txt			Line 538
16	OCKrnl_GTEST_03.txt			Line 919
17	OCKrnl_GTEST_06.txt			Line 144
18	OCKrnl_GTEST_06.txt			Line 183
19	OCKrnl_GTEST_06.txt			Line 194
20	OCKrnl_W32_b02.txt			Line 499
21	OCKrnl_W32_b02.txt			Line 538
22	OCKrnl_W32_b02.txt			Line 920
23	OCKrnl_W32_b03.txt			Line 499
24	OCKrnl_W32_b03.txt			Line 538
25	OCKrnl_W32_b03.txt			Line 920
26	OCKrnl_W32_b03.txt			Line 953
27	OCKrnl_WCE6_b01.txt			Line 489
28	OCKrnl_WCE6_b01.txt			Line 525
29	OCKrnl_WCE6_b01.txt			Line 847
30	OCKrnl_WCE6_b02.txt			Line 489
31	OCKrnl_WCE6_b02.txt			Line 525
32	OCKrnl_WCE6_b02.txt			Line 847
33	OCKrnl_WCE6_b02.txt			Line 883
34	OCKrnl_WEC7ARM_b01.txt			Line 569
35	OCKrnl_WEC7ARM_b01.txt			Line 605
36	OCKrnl_WEC7ARM_b01.txt			Line 844
37	OCKrnl_WEC7ARM_b02.txt			Line 569
38	OCKrnl_WEC7ARM_b02.txt			Line 605
39	OCKrnl_WEC7ARM_b02.txt			Line 844
40	OCKrnl_WEC7ARM_b02.txt			Line 880
41	OCTest_b01.txt				Line 42
42	OCTest_b02.txt				Line 45
43	OCTest_b04.txt				Line 45
44	Rot_W32_b01.txt				Line 20
45	SerialPLCAxis_W32_b01.txt		Line 18
45 Error(s) Found...
