Files that are found in folder Current_res but NOT in folder Previous_res :

Wood\OCRes\Common\String\SysAlarmMsgCom_MILL.Xml
Wood\OCRes\Common\String\SysParamCom_MILL.Xml
Wood\OCRes\CHT\String\SysAlarmMsgCht_MILL.Xml
Wood\OCRes\CHT\String\SysParamCht_MILL.Xml
Wood\OCRes\CHS\String\SysAlarmMsgChs_MILL.Xml
Wood\OCRes\CHS\String\SysParamChs_MILL.Xml
Res\_Arm\_WOOD\_610B-H\Res\apppmeng.pin
Res\_Arm\_WOOD\_610B-H\Res\milmacro.res
Res\_Arm\_WOOD\_610B-H\Res\roteng.pin
Res\_Arm\_WOOD\_610B-H\Res\splcaeng.pin
Res\_Arm\_WOOD\_610B-H\Res\sripmeng.pin
Res\_Arm\_WOOD\_610B-H\Res\sysmacro.res
Res\_Arm\_WOOD\_610B-H\Res\syspmeng.pin
Res\_Arm\_WOOD\_610B-H\Data\CncBase_Ext.ini
Res\_Arm\_WOOD\_610B-H\Common\SyntecParam.xml
Res\_Arm\_WOOD\_610B-H\Common\string\SysParamCom_COM.xml
Res\_Arm\_WOOD\_610B-H\CHT\string\SysParamCht_COM.xml
Res\_Arm\_WOOD\_610B-H\CHS\string\SysParamChs_COM.xml
Res\_Arm\_WOOD\_610A-H\Res\apppmeng.pin
Res\_Arm\_WOOD\_610A-H\Res\milmacro.res
Res\_Arm\_WOOD\_610A-H\Res\roteng.pin
Res\_Arm\_WOOD\_610A-H\Res\splcaeng.pin
Res\_Arm\_WOOD\_610A-H\Res\sripmeng.pin
Res\_Arm\_WOOD\_610A-H\Res\sysmacro.res
Res\_Arm\_WOOD\_610A-H\Res\syspmeng.pin
Res\_Arm\_WOOD\_610A-H\Data\CncBase_Ext.ini
Res\_Arm\_WOOD\_610A-H\Common\SyntecParam.xml
Res\_Arm\_WOOD\_610A-H\Common\string\SysParamCom_COM.xml
Res\_Arm\_WOOD\_610A-H\CHT\string\SysParamCht_COM.xml
Res\_Arm\_WOOD\_610A-H\CHS\string\SysParamChs_COM.xml
Res\_Arm\_Mill\_6B-E\Res\apppmeng.pin
Res\_Arm\_Mill\_6B-E\Res\milmacro.res
Res\_Arm\_Mill\_6B-E\Res\roteng.pin
Res\_Arm\_Mill\_6B-E\Res\splcaeng.pin
Res\_Arm\_Mill\_6B-E\Res\sripmeng.pin
Res\_Arm\_Mill\_6B-E\Res\sysmacro.res
Res\_Arm\_Mill\_6B-E\Res\syspmeng.pin
Res\_Arm\_Mill\_6B-E\Res\WoodMacro.res
Res\_Arm\_Mill\_6B-E\Macro\G0301
Res\_Arm\_Mill\_6B-E\Macro\G0304
Res\_Arm\_Mill\_6B-E\Macro\G0305
Res\_Arm\_Mill\_6B-E\Macro\G0306
Res\_Arm\_Mill\_6B-E\Macro\G0307
Res\_Arm\_Mill\_6B-E\Macro\G0308
Res\_Arm\_Mill\_6B-E\Macro\G0450
Res\_Arm\_Mill\_6B-E\Macro\G0500
Res\_Arm\_Mill\_6B-E\Macro\G0502
Res\_Arm\_Mill\_6B-E\Macro\G0503
Res\_Arm\_Mill\_6B-E\Macro\G0600
Res\_Arm\_Mill\_6B-E\Macro\G0601
Res\_Arm\_Mill\_6B-E\Macro\G1100
Res\_Arm\_Mill\_6B-E\Macro\G1200
Res\_Arm\_Mill\_6B-E\Macro\G1300
Res\_Arm\_Mill\_6B-E\Macro\G1400
Res\_Arm\_Mill\_6B-E\Macro\G1500
Res\_Arm\_Mill\_6B-E\Macro\G304100
Res\_Arm\_Mill\_6B-E\Macro\O0302
Res\_Arm\_Mill\_6B-E\Macro\O0303
Res\_Arm\_Mill\_6B-E\Macro\O0307
Res\_Arm\_Mill\_6B-E\Macro\O0309
Res\_Arm\_Mill\_6B-E\Macro\O0333
Res\_Arm\_Mill\_6B-E\Macro\O0402
Res\_Arm\_Mill\_6B-E\Macro\O0403
Res\_Arm\_Mill\_6B-E\Macro\O0500
Res\_Arm\_Mill\_6B-E\Data\CncBase_Ext.ini
Res\_Arm\_Mill\_6B-E\Common\SyntecParam.xml
Res\_Arm\_Mill\_6B-E\Common\string\SysParamCom_COM.xml
Res\_Arm\_Mill\_6B-E\CHT\string\SysParamCht_COM.xml
Res\_Arm\_Mill\_6B-E\CHS\string\SysParamChs_COM.xml
Res\_Arm\_Mill\_6A-E\Res\apppmeng.pin
Res\_Arm\_Mill\_6A-E\Res\milmacro.res
Res\_Arm\_Mill\_6A-E\Res\roteng.pin
Res\_Arm\_Mill\_6A-E\Res\splcaeng.pin
Res\_Arm\_Mill\_6A-E\Res\sripmeng.pin
Res\_Arm\_Mill\_6A-E\Res\sysmacro.res
Res\_Arm\_Mill\_6A-E\Res\syspmeng.pin
Res\_Arm\_Mill\_6A-E\Res\WoodMacro.res
Res\_Arm\_Mill\_6A-E\Macro\G0301
Res\_Arm\_Mill\_6A-E\Macro\G0304
Res\_Arm\_Mill\_6A-E\Macro\G0305
Res\_Arm\_Mill\_6A-E\Macro\G0306
Res\_Arm\_Mill\_6A-E\Macro\G0307
Res\_Arm\_Mill\_6A-E\Macro\G0308
Res\_Arm\_Mill\_6A-E\Macro\G0450
Res\_Arm\_Mill\_6A-E\Macro\G0500
Res\_Arm\_Mill\_6A-E\Macro\G0502
Res\_Arm\_Mill\_6A-E\Macro\G0503
Res\_Arm\_Mill\_6A-E\Macro\G0600
Res\_Arm\_Mill\_6A-E\Macro\G0601
Res\_Arm\_Mill\_6A-E\Macro\G1100
Res\_Arm\_Mill\_6A-E\Macro\G1200
Res\_Arm\_Mill\_6A-E\Macro\G1300
Res\_Arm\_Mill\_6A-E\Macro\G1400
Res\_Arm\_Mill\_6A-E\Macro\G1500
Res\_Arm\_Mill\_6A-E\Macro\G304100
Res\_Arm\_Mill\_6A-E\Macro\O0302
Res\_Arm\_Mill\_6A-E\Macro\O0303
Res\_Arm\_Mill\_6A-E\Macro\O0307
Res\_Arm\_Mill\_6A-E\Macro\O0309
Res\_Arm\_Mill\_6A-E\Macro\O0333
Res\_Arm\_Mill\_6A-E\Macro\O0402
Res\_Arm\_Mill\_6A-E\Macro\O0403
Res\_Arm\_Mill\_6A-E\Macro\O0500
Res\_Arm\_Mill\_6A-E\Data\CncBase_Ext.ini
Res\_Arm\_Mill\_6A-E\Common\SyntecParam.xml
Res\_Arm\_Mill\_6A-E\Common\string\SysParamCom_COM.xml
Res\_Arm\_Mill\_6A-E\CHT\string\SysParamCht_COM.xml
Res\_Arm\_Mill\_6A-E\CHS\string\SysParamChs_COM.xml
Res\_Arm\_Mill\_21A-E\Res\apppmeng.pin
Res\_Arm\_Mill\_21A-E\Res\milmacro.res
Res\_Arm\_Mill\_21A-E\Res\roteng.pin
Res\_Arm\_Mill\_21A-E\Res\splcaeng.pin
Res\_Arm\_Mill\_21A-E\Res\sripmeng.pin
Res\_Arm\_Mill\_21A-E\Res\sysmacro.res
Res\_Arm\_Mill\_21A-E\Res\syspmeng.pin
Res\_Arm\_Mill\_21A-E\Data\CncBase_Ext.ini
Res\_Arm\_Mill\_21A-E\Common\SyntecParam.xml
Res\_Arm\_Mill\_21A-E\Common\string\SysParamCom_COM.xml
Res\_Arm\_Mill\_21A-E\CHT\string\SysParamCht_COM.xml
Res\_Arm\_Mill\_21A-E\CHS\string\SysParamChs_COM.xml
Res\_Arm\_Mill\_210B-H5\Res\apppmeng.pin
Res\_Arm\_Mill\_210B-H5\Res\milmacro.res
Res\_Arm\_Mill\_210B-H5\Res\roteng.pin
Res\_Arm\_Mill\_210B-H5\Res\splcaeng.pin
Res\_Arm\_Mill\_210B-H5\Res\sripmeng.pin
Res\_Arm\_Mill\_210B-H5\Res\sysmacro.res
Res\_Arm\_Mill\_210B-H5\Res\syspmeng.pin
Res\_Arm\_Mill\_210B-H5\Data\CncBase_Ext.ini
Res\_Arm\_Mill\_210B-H5\Common\SyntecParam.xml
Res\_Arm\_Mill\_210B-H5\Common\string\SysParamCom_COM.xml
Res\_Arm\_Mill\_210B-H5\CHT\string\SysParamCht_COM.xml
Res\_Arm\_Mill\_210B-H5\CHS\string\SysParamChs_COM.xml
Res\_Arm\_Mill\_210B-H\Res\apppmeng.pin
Res\_Arm\_Mill\_210B-H\Res\milmacro.res
Res\_Arm\_Mill\_210B-H\Res\roteng.pin
Res\_Arm\_Mill\_210B-H\Res\splcaeng.pin
Res\_Arm\_Mill\_210B-H\Res\sripmeng.pin
Res\_Arm\_Mill\_210B-H\Res\sysmacro.res
Res\_Arm\_Mill\_210B-H\Res\syspmeng.pin
Res\_Arm\_Mill\_210B-H\Data\CncBase_Ext.ini
Res\_Arm\_Mill\_210B-H\Common\SyntecParam.xml
Res\_Arm\_Mill\_210B-H\Common\string\SysParamCom_COM.xml
Res\_Arm\_Mill\_210B-H\CHT\string\SysParamCht_COM.xml
Res\_Arm\_Mill\_210B-H\CHS\string\SysParamChs_COM.xml
Res\_Arm\_Mill\_210A-H5\Res\apppmeng.pin
Res\_Arm\_Mill\_210A-H5\Res\milmacro.res
Res\_Arm\_Mill\_210A-H5\Res\roteng.pin
Res\_Arm\_Mill\_210A-H5\Res\splcaeng.pin
Res\_Arm\_Mill\_210A-H5\Res\sripmeng.pin
Res\_Arm\_Mill\_210A-H5\Res\sysmacro.res
Res\_Arm\_Mill\_210A-H5\Res\syspmeng.pin
Res\_Arm\_Mill\_210A-H5\Data\CncBase_Ext.ini
Res\_Arm\_Mill\_210A-H5\Common\SyntecParam.xml
Res\_Arm\_Mill\_210A-H5\Common\string\SysParamCom_COM.xml
Res\_Arm\_Mill\_210A-H5\CHT\string\SysParamCht_COM.xml
Res\_Arm\_Mill\_210A-H5\CHS\string\SysParamChs_COM.xml
Res\_Arm\_Mill\_210A-H\Res\apppmeng.pin
Res\_Arm\_Mill\_210A-H\Res\milmacro.res
Res\_Arm\_Mill\_210A-H\Res\roteng.pin
Res\_Arm\_Mill\_210A-H\Res\splcaeng.pin
Res\_Arm\_Mill\_210A-H\Res\sripmeng.pin
Res\_Arm\_Mill\_210A-H\Res\sysmacro.res
Res\_Arm\_Mill\_210A-H\Res\syspmeng.pin
Res\_Arm\_Mill\_210A-H\Data\CncBase_Ext.ini
Res\_Arm\_Mill\_210A-H\Common\SyntecParam.xml
Res\_Arm\_Mill\_210A-H\Common\string\SysParamCom_COM.xml
Res\_Arm\_Mill\_210A-H\CHT\string\SysParamCht_COM.xml
Res\_Arm\_Mill\_210A-H\CHS\string\SysParamChs_COM.xml
Res\_Arm\_Lathe\_21B-E\Res\apppmeng.pin
Res\_Arm\_Lathe\_21B-E\Res\latmacro.res
Res\_Arm\_Lathe\_21B-E\Res\roteng.pin
Res\_Arm\_Lathe\_21B-E\Res\splcaeng.pin
Res\_Arm\_Lathe\_21B-E\Res\sripmeng.pin
Res\_Arm\_Lathe\_21B-E\Res\sysmacro.res
Res\_Arm\_Lathe\_21B-E\Res\syspmeng.pin
Res\_Arm\_Lathe\_21B-E\Data\CncBase_Ext.ini
Res\_Arm\_Lathe\_21B-E\Common\SyntecParam.xml
Res\_Arm\_Lathe\_21B-E\Common\string\SysParamCom_COM.xml
Res\_Arm\_Lathe\_21B-E\CHT\string\SysParamCht_COM.xml
Res\_Arm\_Lathe\_21B-E\CHS\string\SysParamChs_COM.xml
Res\_Arm\_Lathe\_21A-E\Res\apppmeng.pin
Res\_Arm\_Lathe\_21A-E\Res\latmacro.res
Res\_Arm\_Lathe\_21A-E\Res\roteng.pin
Res\_Arm\_Lathe\_21A-E\Res\splcaeng.pin
Res\_Arm\_Lathe\_21A-E\Res\sripmeng.pin
Res\_Arm\_Lathe\_21A-E\Res\sysmacro.res
Res\_Arm\_Lathe\_21A-E\Res\syspmeng.pin
Res\_Arm\_Lathe\_21A-E\Data\CncBase_Ext.ini
Res\_Arm\_Lathe\_21A-E\Common\SyntecParam.xml
Res\_Arm\_Lathe\_21A-E\Common\string\SysParamCom_COM.xml
Res\_Arm\_Lathe\_21A-E\CHT\string\SysParamCht_COM.xml
Res\_Arm\_Lathe\_21A-E\CHS\string\SysParamChs_COM.xml
Res\_Arm\_Lathe\_210B-H5\Res\apppmeng.pin
Res\_Arm\_Lathe\_210B-H5\Res\latmacro.res
Res\_Arm\_Lathe\_210B-H5\Res\roteng.pin
Res\_Arm\_Lathe\_210B-H5\Res\splcaeng.pin
Res\_Arm\_Lathe\_210B-H5\Res\sripmeng.pin
Res\_Arm\_Lathe\_210B-H5\Res\sysmacro.res
Res\_Arm\_Lathe\_210B-H5\Res\syspmeng.pin
Res\_Arm\_Lathe\_210B-H5\Data\CncBase_Ext.ini
Res\_Arm\_Lathe\_210B-H5\Common\SyntecParam.xml
Res\_Arm\_Lathe\_210B-H5\Common\string\SysParamCom_COM.xml
Res\_Arm\_Lathe\_210B-H5\CHT\string\SysParamCht_COM.xml
Res\_Arm\_Lathe\_210B-H5\CHS\string\SysParamChs_COM.xml
Res\_Arm\_Lathe\_210B-H\Res\apppmeng.pin
Res\_Arm\_Lathe\_210B-H\Res\latmacro.res
Res\_Arm\_Lathe\_210B-H\Res\roteng.pin
Res\_Arm\_Lathe\_210B-H\Res\splcaeng.pin
Res\_Arm\_Lathe\_210B-H\Res\sripmeng.pin
Res\_Arm\_Lathe\_210B-H\Res\sysmacro.res
Res\_Arm\_Lathe\_210B-H\Res\syspmeng.pin
Res\_Arm\_Lathe\_210B-H\Data\CncBase_Ext.ini
Res\_Arm\_Lathe\_210B-H\Common\SyntecParam.xml
Res\_Arm\_Lathe\_210B-H\Common\string\SysParamCom_COM.xml
Res\_Arm\_Lathe\_210B-H\CHT\string\SysParamCht_COM.xml
Res\_Arm\_Lathe\_210B-H\CHS\string\SysParamChs_COM.xml
----------------------------------------------------------------------
Files that are found in folder Previous_res but NOT in folder Current_res :

----------------------------------------------------------------------
