1	LaserCtrl_W32_b01.txt			Line 37
2	LaserCtrl_W32_b02.txt			Line 43
3	LaserCtrl_WCE6_b01.txt			Line 40
4	LaserCtrl_WCE7ARM_b01.txt		Line 39
5	OCDevice_W32_b01.txt			Line 56
6	OCDevice_W32_b01.txt			Line 155
7	OCDevice_W32_b02.txt			Line 42
8	OCDevice_W32_b02.txt			Line 81
9	OCDevice_W32_b03.txt			Line 56
10	OCDevice_W32_b03.txt			Line 229
11	OCDevice_W32_b04.txt			Line 16
12	OCDevice_W32_b04.txt			Line 155
13	OCKrnl_GTEST_01.txt			Line 804
14	OCKrnl_GTEST_03.txt			Line 757
15	OCKrnl_GTEST_03.txt			Line 772
16	OCKrnl_GTEST_03.txt			Line 827
17	OCKrnl_GTEST_08.txt			Line 157
18	OCKrnl_GTEST_08.txt			Line 172
19	OCKrnl_GTEST_08.txt			Line 187
20	OCKrnl_W32_b02.txt			Line 757
21	OCKrnl_W32_b02.txt			Line 772
22	OCKrnl_W32_b02.txt			Line 828
23	OCKrnl_W32_b03.txt			Line 757
24	OCKrnl_W32_b03.txt			Line 772
25	OCKrnl_W32_b03.txt			Line 828
26	OCKrnl_W32_b03.txt			Line 861
27	OCKrnl_WCE6_b01.txt			Line 310
28	OCKrnl_WCE6_b01.txt			Line 322
29	OCKrnl_WCE6_b01.txt			Line 755
30	OCKrnl_WCE6_b02.txt			Line 310
31	OCKrnl_WCE6_b02.txt			Line 322
32	OCKrnl_WCE6_b02.txt			Line 755
33	OCKrnl_WCE6_b02.txt			Line 791
34	OCKrnl_WEC7ARM_b01.txt			Line 469
35	OCKrnl_WEC7ARM_b01.txt			Line 470
36	OCKrnl_WEC7ARM_b01.txt			Line 482
37	OCKrnl_WEC7ARM_b01.txt			Line 784
38	OCKrnl_WEC7ARM_b02.txt			Line 469
39	OCKrnl_WEC7ARM_b02.txt			Line 470
40	OCKrnl_WEC7ARM_b02.txt			Line 482
41	OCKrnl_WEC7ARM_b02.txt			Line 784
42	OCKrnl_WEC7ARM_b02.txt			Line 820
43	OCTest_b01.txt				Line 44
44	OCTest_b02.txt				Line 47
45	OCTest_b04.txt				Line 47
46	Prep_W32_b01.txt			Line 13
47	Prep_WCE6_b01.txt			Line 15
48	Prep_WEC7ARM_b01.txt			Line 15
49	Rot_W32_b01.txt				Line 18
50	SerialPLCAxis_W32_b01.txt		Line 18
50 Error(s) Found...
