Files that are found in folder Current_pack but NOT in folder Previous_pack :

OpenInstallerConfigurationFile.xml
Windows\ModbusComm.dll
Windows\OCKrnl.dll
Windows\PLC_COMM.dll
Windows\ServoLink.dll
DiskC\Shared\Windows\CANDeviceDriver.dll
DiskC\Shared\Windows\ModbusComm.dll
DiskC\Shared\Windows\OCKrnl.dll
DiskC\Shared\Windows\RTCommDriver.dll
DiskC\Shared\Windows\ServoLink.dll
DiskC\OpenCNC\Ladder\develop.lad
DiskC\OpenCNC\firmware\FC-DI-16.bin
DiskC\OpenCNC\firmware\FC-DI-32.bin
DiskC\OpenCNC\firmware\FC-DO-16.bin
DiskC\OpenCNC\firmware\FC-DO-32.bin
DiskC\OpenCNC\firmware\FC-LSRMK.bin
DiskC\OpenCNC\firmware\FC-SMLSR.bin
DiskC\OpenCNC\Data\CNC2_Syntec_Galvo.xml
DiskC\OpenCNC\Data\CNCBASE.ini
DiskC\OpenCNC\Data\ECAT_ALM_DELTA_ASDA_A2_E.xml
DiskC\OpenCNC\Data\ECAT_OD_DELTA_ASDA_A2_E.xml
DiskC\OpenCNC\Data\ECAT_OD_PANASONIC_MINAS_A5B.xml
DiskC\OpenCNC\Data\ECAT_PM_DELTA_ASDA_A2_E.xml
DiskC\OpenCNC\Data\ECAT_PM_PANASONIC_MINAS_A5B.xml
DiskC\OpenCNC\Data\EtherCAT.xml
DiskC\OpenCNC\Data\M2_Syntec.xml
DiskC\OpenCNC\Data\M2_Syntec_3rd_Party.xml
DiskC\OpenCNC\Data\M2_Yaskawa_sigma_5.xml
DiskC\OpenCNC\Data\M2_Yaskawa_sigma_7.xml
DiskC\OpenCNC\Data\M2_Yaskawa_sigma_M.xml
DiskC\OpenCNC\Data\M3_Syntec.xml
DiskC\OpenCNC\Data\M3_Syntec_3rd_Party.xml
DiskC\OpenCNC\Data\M3_Yaskawa_sigma_5.xml
DiskC\OpenCNC\Data\M3_Yaskawa_sigma_7S.xml
DiskC\OpenCNC\Data\M3_Yaskawa_sigma_7W.xml
DiskC\OpenCNC\Data\M3_Yaskawa_sigma_M.xml
DiskC\OpenCNC\Data\IO\IoMap_13.xml
DiskC\OpenCNC\Data\IO\IoMap_200.xml
DiskC\OpenCNC\Data\IO\IoMap_201.xml
DiskC\OpenCNC\Data\IO\IoMap_202.xml
DiskC\OpenCNC\Data\IO\IoMap_203.xml
DiskC\OpenCNC\Data\IO\IoMap_204.xml
DiskC\OpenCNC\Data\IO\IoMap_205.xml
DiskC\OpenCNC\Data\IO\IoMap_300.xml
DiskC\OpenCNC\Data\IO\IoMap_301.xml
DiskC\OpenCNC\Data\IO\IoMap_302.xml
DiskC\OpenCNC\Bin\30GM.mci
DiskC\OpenCNC\Bin\cnc2.bin
DiskC\OpenCNC\Bin\CNC2PIO.cio
DiskC\OpenCNC\Bin\cnc2_11b.bin
DiskC\OpenCNC\Bin\cnc2_20d.bin
DiskC\OpenCNC\Bin\cnc2_21a.bin
DiskC\OpenCNC\Bin\cnc2_22a_ethercat.bin
DiskC\OpenCNC\Bin\cnc2_22a_m2.bin
DiskC\OpenCNC\Bin\cnc2_22a_m3.bin
DiskC\OpenCNC\Bin\cnc2_30gm.bin
DiskC\OpenCNC\Bin\cnc2_4in1driver.bin
DiskC\OpenCNC\Bin\cnc2_ehmc_step_top.bin
DiskC\OpenCNC\Bin\cnc2_fc.bin
DiskC\OpenCNC\Bin\cnc2_fc_ethercat.bin
DiskC\OpenCNC\Bin\cnc2_fc_ethercat_marking.bin
DiskC\OpenCNC\Bin\cnc2_fc_m3.bin
DiskC\OpenCNC\Bin\cnc2_fc_m3_marking.bin
DiskC\OpenCNC\Bin\cnc2_fc_marking.bin
DiskC\OpenCNC\Bin\cnc2_galvomotor.bin
DiskC\OpenCNC\Bin\cnc2_hhb_ethercat.bin
DiskC\OpenCNC\Bin\cnc2_hhb_m3.bin
DiskC\OpenCNC\Bin\cnc2_rtex.bin
DiskC\OpenCNC\Bin\cnc2_starm2.bin
DiskC\OpenCNC\Bin\cnc2_starm_ethercat.bin
DiskC\OpenCNC\Bin\LaserCtrl.dll
DiskC\OpenCNC\Bin\M2.mci
DiskC\OpenCNC\Bin\M3.mci
DiskC\OpenCNC\Bin\netservo.mci
DiskC\OpenCNC\Bin\Null.mci
DiskC\OpenCNC\Bin\NullIO.cio
DiskC\OpenCNC\Bin\OCSri.dll
DiskC\OpenCNC\Bin\OCTest.dll
DiskC\OpenCNC\Bin\PLC_COMM.dll
DiskC\OpenCNC\Bin\Release_utf8.txt
DiskC\OpenCNC\Bin\Rot.dll
DiskC\OpenCNC\Bin\SerialPLCAxis.dll
DiskC\OpenCNC\Bin\SriDriver.dll
----------------------------------------------------------------------
Files that are found in folder Previous_pack but NOT in folder Current_pack :

----------------------------------------------------------------------
