Files that are found in folder Current_res but NOT in folder Previous_res :

Res\_x86\_Mill\Res\apppmeng.pin
Res\_x86\_Mill\Res\conveyoreng.pin
Res\_x86\_Mill\Res\laserctrleng.pin
Res\_x86\_Mill\Res\lasergaeng.pin
Res\_x86\_Mill\Res\milmacro.res
Res\_x86\_Mill\Res\roteng.pin
Res\_x86\_Mill\Res\splcaeng.pin
Res\_x86\_Mill\Res\sripmeng.pin
Res\_x86\_Mill\Res\sysmacro.res
Res\_x86\_Mill\Res\syspmeng.pin
Res\_x86\_Mill\Data\CncBase_Ext.ini
Res\_x86\_Mill\Common\SyntecParam.xml
Res\_x86\_Mill\Common\string\SysParamPrdModify_COM.Xml
Res\_x86\_Mill\CHT\string\SysParamPrdModify_CHT.Xml
Res\_x86\_Mill\CHS\string\SysParamPrdModify_CHS.Xml
Res\_x86\_Lathe\Res\apppmeng.pin
Res\_x86\_Lathe\Res\latmacro.res
Res\_x86\_Lathe\Res\roteng.pin
Res\_x86\_Lathe\Res\splcaeng.pin
Res\_x86\_Lathe\Res\sripmeng.pin
Res\_x86\_Lathe\Res\sysmacro.res
Res\_x86\_Lathe\Res\syspmeng.pin
Res\_x86\_Lathe\Data\CncBase_Ext.ini
Res\_x86\_Lathe\Common\SyntecParam.xml
Res\_x86\_Lathe\Common\string\SysParamPrdModify_COM.Xml
Res\_x86\_Lathe\CHT\string\SysParamPrdModify_CHT.Xml
Res\_x86\_Lathe\CHS\string\SysParamPrdModify_CHS.Xml
Res\_Arm\_WOOD\_60A\Res\apppmeng.pin
Res\_Arm\_WOOD\_60A\Res\laserctrleng.pin
Res\_Arm\_WOOD\_60A\Res\lasergaeng.pin
Res\_Arm\_WOOD\_60A\Res\milmacro.res
Res\_Arm\_WOOD\_60A\Res\roteng.pin
Res\_Arm\_WOOD\_60A\Res\splcaeng.pin
Res\_Arm\_WOOD\_60A\Res\sripmeng.pin
Res\_Arm\_WOOD\_60A\Res\sysmacro.res
Res\_Arm\_WOOD\_60A\Res\syspmeng.pin
Res\_Arm\_WOOD\_60A\Data\CncBase_Ext.ini
Res\_Arm\_WOOD\_60A\Common\SyntecParam.xml
Res\_Arm\_WOOD\_60A\Common\string\SysParamPrdModify_COM.Xml
Res\_Arm\_WOOD\_60A\CHT\string\SysParamPrdModify_CHT.Xml
Res\_Arm\_WOOD\_60A\CHS\string\SysParamPrdModify_CHS.Xml
Res\_Arm\_Scanning\_71A\Res\apppmeng.pin
Res\_Arm\_Scanning\_71A\Res\laserctrleng.pin
Res\_Arm\_Scanning\_71A\Res\lasergaeng.pin
Res\_Arm\_Scanning\_71A\Res\milmacro.res
Res\_Arm\_Scanning\_71A\Res\roteng.pin
Res\_Arm\_Scanning\_71A\Res\ScanMacro.res
Res\_Arm\_Scanning\_71A\Res\splcaeng.pin
Res\_Arm\_Scanning\_71A\Res\sripmeng.pin
Res\_Arm\_Scanning\_71A\Res\sysmacro.res
Res\_Arm\_Scanning\_71A\Res\syspmeng.pin
Res\_Arm\_Scanning\_71A\Macro\G0550
Res\_Arm\_Scanning\_71A\Macro\G0551
Res\_Arm\_Scanning\_71A\Data\CncBase_Ext.ini
Res\_Arm\_Scanning\_71A\Common\SyntecParam.xml
Res\_Arm\_Scanning\_71A\Common\string\SysParamPrdModify_COM.Xml
Res\_Arm\_Scanning\_71A\CHT\string\SysParamPrdModify_CHT.Xml
Res\_Arm\_Scanning\_71A\CHS\string\SysParamPrdModify_CHS.Xml
Res\_Arm\_Scanning\_70B\Res\apppmeng.pin
Res\_Arm\_Scanning\_70B\Res\laserctrleng.pin
Res\_Arm\_Scanning\_70B\Res\lasergaeng.pin
Res\_Arm\_Scanning\_70B\Res\milmacro.res
Res\_Arm\_Scanning\_70B\Res\roteng.pin
Res\_Arm\_Scanning\_70B\Res\ScanMacro.res
Res\_Arm\_Scanning\_70B\Res\splcaeng.pin
Res\_Arm\_Scanning\_70B\Res\sripmeng.pin
Res\_Arm\_Scanning\_70B\Res\sysmacro.res
Res\_Arm\_Scanning\_70B\Res\syspmeng.pin
Res\_Arm\_Scanning\_70B\Macro\G0550
Res\_Arm\_Scanning\_70B\Macro\G0551
Res\_Arm\_Scanning\_70B\Data\CncBase_Ext.ini
Res\_Arm\_Scanning\_70B\Common\SyntecParam.xml
Res\_Arm\_Scanning\_70B\Common\string\SysParamPrdModify_COM.Xml
Res\_Arm\_Scanning\_70B\CHT\string\SysParamPrdModify_CHT.Xml
Res\_Arm\_Scanning\_70B\CHS\string\SysParamPrdModify_CHS.Xml
Res\_Arm\_Scanning\_70A\Res\apppmeng.pin
Res\_Arm\_Scanning\_70A\Res\laserctrleng.pin
Res\_Arm\_Scanning\_70A\Res\lasergaeng.pin
Res\_Arm\_Scanning\_70A\Res\milmacro.res
Res\_Arm\_Scanning\_70A\Res\roteng.pin
Res\_Arm\_Scanning\_70A\Res\splcaeng.pin
Res\_Arm\_Scanning\_70A\Res\sripmeng.pin
Res\_Arm\_Scanning\_70A\Res\sysmacro.res
Res\_Arm\_Scanning\_70A\Res\syspmeng.pin
Res\_Arm\_Scanning\_70A\Data\CncBase_Ext.ini
Res\_Arm\_Scanning\_70A\Common\SyntecParam.xml
Res\_Arm\_Scanning\_70A\Common\string\SysParamPrdModify_COM.Xml
Res\_Arm\_Scanning\_70A\CHT\string\SysParamPrdModify_CHT.Xml
Res\_Arm\_Scanning\_70A\CHS\string\SysParamPrdModify_CHS.Xml
Res\_Arm\_PRINT\_60C\Res\apppmeng.pin
Res\_Arm\_PRINT\_60C\Res\milmacro.res
Res\_Arm\_PRINT\_60C\Res\PrintMacro.res
Res\_Arm\_PRINT\_60C\Res\roteng.pin
Res\_Arm\_PRINT\_60C\Res\splcaeng.pin
Res\_Arm\_PRINT\_60C\Res\sripmeng.pin
Res\_Arm\_PRINT\_60C\Res\sysmacro.res
Res\_Arm\_PRINT\_60C\Res\syspmeng.pin
Res\_Arm\_PRINT\_60C\Macro\G0300
Res\_Arm\_PRINT\_60C\Macro\G0301
Res\_Arm\_PRINT\_60C\Macro\G0304
Res\_Arm\_PRINT\_60C\Macro\G0305
Res\_Arm\_PRINT\_60C\Macro\G0306
Res\_Arm\_PRINT\_60C\Macro\G0307
Res\_Arm\_PRINT\_60C\Macro\G0308
Res\_Arm\_PRINT\_60C\Macro\G0404
Res\_Arm\_PRINT\_60C\Macro\G0405
Res\_Arm\_PRINT\_60C\Macro\G0406
Res\_Arm\_PRINT\_60C\Macro\G0407
Res\_Arm\_PRINT\_60C\Macro\G0500
Res\_Arm\_PRINT\_60C\Macro\G0502
Res\_Arm\_PRINT\_60C\Macro\G0503
Res\_Arm\_PRINT\_60C\Macro\G0600
Res\_Arm\_PRINT\_60C\Macro\G0601
Res\_Arm\_PRINT\_60C\Macro\G0700
Res\_Arm\_PRINT\_60C\Macro\G0800
Res\_Arm\_PRINT\_60C\Macro\G0900
Res\_Arm\_PRINT\_60C\Macro\G1100
Res\_Arm\_PRINT\_60C\Macro\G1200
Res\_Arm\_PRINT\_60C\Macro\G1300
Res\_Arm\_PRINT\_60C\Macro\G1400
Res\_Arm\_PRINT\_60C\Macro\G1500
Res\_Arm\_PRINT\_60C\Macro\G304100
Res\_Arm\_PRINT\_60C\Macro\O0302
Res\_Arm\_PRINT\_60C\Macro\O0303
Res\_Arm\_PRINT\_60C\Macro\O0307
Res\_Arm\_PRINT\_60C\Macro\O0309
Res\_Arm\_PRINT\_60C\Macro\O0333
Res\_Arm\_PRINT\_60C\Macro\O0401
Res\_Arm\_PRINT\_60C\Macro\O0402
Res\_Arm\_PRINT\_60C\Macro\O0403
Res\_Arm\_PRINT\_60C\Macro\O0500
Res\_Arm\_PRINT\_60C\Macro\O0501
Res\_Arm\_PRINT\_60C\Data\CncBase_Ext.ini
Res\_Arm\_PRINT\_60C\Common\SyntecParam.xml
Res\_Arm\_PRINT\_60C\Common\string\SysParamPrdModify_COM.Xml
Res\_Arm\_PRINT\_60C\CHT\string\SysParamPrdModify_CHT.Xml
Res\_Arm\_PRINT\_60C\CHS\string\SysParamPrdModify_CHS.Xml
Res\_Arm\_PRINT\_60B\Res\apppmeng.pin
Res\_Arm\_PRINT\_60B\Res\milmacro.res
Res\_Arm\_PRINT\_60B\Res\PrintMacro.res
Res\_Arm\_PRINT\_60B\Res\roteng.pin
Res\_Arm\_PRINT\_60B\Res\splcaeng.pin
Res\_Arm\_PRINT\_60B\Res\sripmeng.pin
Res\_Arm\_PRINT\_60B\Res\sysmacro.res
Res\_Arm\_PRINT\_60B\Res\syspmeng.pin
Res\_Arm\_PRINT\_60B\Macro\G0300
Res\_Arm\_PRINT\_60B\Macro\G0301
Res\_Arm\_PRINT\_60B\Macro\G0304
Res\_Arm\_PRINT\_60B\Macro\G0305
Res\_Arm\_PRINT\_60B\Macro\G0306
Res\_Arm\_PRINT\_60B\Macro\G0307
Res\_Arm\_PRINT\_60B\Macro\G0308
Res\_Arm\_PRINT\_60B\Macro\G0404
Res\_Arm\_PRINT\_60B\Macro\G0405
Res\_Arm\_PRINT\_60B\Macro\G0406
Res\_Arm\_PRINT\_60B\Macro\G0407
Res\_Arm\_PRINT\_60B\Macro\G0500
Res\_Arm\_PRINT\_60B\Macro\G0502
Res\_Arm\_PRINT\_60B\Macro\G0503
Res\_Arm\_PRINT\_60B\Macro\G0600
Res\_Arm\_PRINT\_60B\Macro\G0601
Res\_Arm\_PRINT\_60B\Macro\G0700
Res\_Arm\_PRINT\_60B\Macro\G0800
Res\_Arm\_PRINT\_60B\Macro\G0900
Res\_Arm\_PRINT\_60B\Macro\G1100
Res\_Arm\_PRINT\_60B\Macro\G1200
Res\_Arm\_PRINT\_60B\Macro\G1300
Res\_Arm\_PRINT\_60B\Macro\G1400
Res\_Arm\_PRINT\_60B\Macro\G1500
Res\_Arm\_PRINT\_60B\Macro\G304100
Res\_Arm\_PRINT\_60B\Macro\O0302
Res\_Arm\_PRINT\_60B\Macro\O0303
Res\_Arm\_PRINT\_60B\Macro\O0307
Res\_Arm\_PRINT\_60B\Macro\O0309
Res\_Arm\_PRINT\_60B\Macro\O0333
Res\_Arm\_PRINT\_60B\Macro\O0401
Res\_Arm\_PRINT\_60B\Macro\O0402
Res\_Arm\_PRINT\_60B\Macro\O0403
Res\_Arm\_PRINT\_60B\Macro\O0500
Res\_Arm\_PRINT\_60B\Macro\O0501
Res\_Arm\_PRINT\_60B\Data\CncBase_Ext.ini
Res\_Arm\_PRINT\_60B\Common\SyntecParam.xml
Res\_Arm\_PRINT\_60B\Common\string\SysParamPrdModify_COM.Xml
Res\_Arm\_PRINT\_60B\CHT\string\SysParamPrdModify_CHT.Xml
Res\_Arm\_PRINT\_60B\CHS\string\SysParamPrdModify_CHS.Xml
Res\_Arm\_Mill\_7A\Res\apppmeng.pin
Res\_Arm\_Mill\_7A\Res\milmacro.res
Res\_Arm\_Mill\_7A\Res\roteng.pin
Res\_Arm\_Mill\_7A\Res\splcaeng.pin
Res\_Arm\_Mill\_7A\Res\sripmeng.pin
Res\_Arm\_Mill\_7A\Res\sysmacro.res
Res\_Arm\_Mill\_7A\Res\syspmeng.pin
Res\_Arm\_Mill\_7A\Data\CncBase_Ext.ini
Res\_Arm\_Mill\_7A\Common\SyntecParam.xml
Res\_Arm\_Mill\_7A\Common\string\SysParamPrdModify_COM.Xml
Res\_Arm\_Mill\_7A\CHT\string\SysParamPrdModify_CHT.Xml
Res\_Arm\_Mill\_7A\CHS\string\SysParamPrdModify_CHS.Xml
Res\_Arm\_Mill\_6D-H\Res\apppmeng.pin
Res\_Arm\_Mill\_6D-H\Res\milmacro.res
Res\_Arm\_Mill\_6D-H\Res\roteng.pin
Res\_Arm\_Mill\_6D-H\Res\splcaeng.pin
Res\_Arm\_Mill\_6D-H\Res\sripmeng.pin
Res\_Arm\_Mill\_6D-H\Res\sysmacro.res
Res\_Arm\_Mill\_6D-H\Res\syspmeng.pin
Res\_Arm\_Mill\_6D-H\Data\CncBase_Ext.ini
Res\_Arm\_Mill\_6D-H\Common\SyntecParam.xml
Res\_Arm\_Mill\_6D-H\Common\string\SysParamPrdModify_COM.Xml
Res\_Arm\_Mill\_6D-H\CHT\string\SysParamPrdModify_CHT.Xml
Res\_Arm\_Mill\_6D-H\CHS\string\SysParamPrdModify_CHS.Xml
Res\_Arm\_Mill\_6D\Res\apppmeng.pin
Res\_Arm\_Mill\_6D\Res\milmacro.res
Res\_Arm\_Mill\_6D\Res\roteng.pin
Res\_Arm\_Mill\_6D\Res\splcaeng.pin
Res\_Arm\_Mill\_6D\Res\sripmeng.pin
Res\_Arm\_Mill\_6D\Res\sysmacro.res
Res\_Arm\_Mill\_6D\Res\syspmeng.pin
Res\_Arm\_Mill\_6D\Data\CncBase_Ext.ini
Res\_Arm\_Mill\_6D\Common\SyntecParam.xml
Res\_Arm\_Mill\_6D\Common\string\SysParamPrdModify_COM.Xml
Res\_Arm\_Mill\_6D\CHT\string\SysParamPrdModify_CHT.Xml
Res\_Arm\_Mill\_6D\CHS\string\SysParamPrdModify_CHS.Xml
Res\_Arm\_Mill\_6B\Res\apppmeng.pin
Res\_Arm\_Mill\_6B\Res\milmacro.res
Res\_Arm\_Mill\_6B\Res\roteng.pin
Res\_Arm\_Mill\_6B\Res\splcaeng.pin
Res\_Arm\_Mill\_6B\Res\sripmeng.pin
Res\_Arm\_Mill\_6B\Res\sysmacro.res
Res\_Arm\_Mill\_6B\Res\syspmeng.pin
Res\_Arm\_Mill\_6B\Data\CncBase_Ext.ini
Res\_Arm\_Mill\_6B\Common\SyntecParam.xml
Res\_Arm\_Mill\_6B\Common\string\SysParamPrdModify_COM.Xml
Res\_Arm\_Mill\_6B\CHT\string\SysParamPrdModify_CHT.Xml
Res\_Arm\_Mill\_6B\CHS\string\SysParamPrdModify_CHS.Xml
Res\_Arm\_Mill\_6A\Res\apppmeng.pin
Res\_Arm\_Mill\_6A\Res\milmacro.res
Res\_Arm\_Mill\_6A\Res\roteng.pin
Res\_Arm\_Mill\_6A\Res\splcaeng.pin
Res\_Arm\_Mill\_6A\Res\sripmeng.pin
Res\_Arm\_Mill\_6A\Res\sysmacro.res
Res\_Arm\_Mill\_6A\Res\syspmeng.pin
Res\_Arm\_Mill\_6A\Data\CncBase_Ext.ini
Res\_Arm\_Mill\_6A\Common\SyntecParam.xml
Res\_Arm\_Mill\_6A\Common\string\SysParamPrdModify_COM.Xml
Res\_Arm\_Mill\_6A\CHT\string\SysParamPrdModify_CHT.Xml
Res\_Arm\_Mill\_6A\CHS\string\SysParamPrdModify_CHS.Xml
Res\_Arm\_Mill\_30GM\Res\apppmeng.pin
Res\_Arm\_Mill\_30GM\Res\milmacro.res
Res\_Arm\_Mill\_30GM\Res\roteng.pin
Res\_Arm\_Mill\_30GM\Res\splcaeng.pin
Res\_Arm\_Mill\_30GM\Res\sripmeng.pin
Res\_Arm\_Mill\_30GM\Res\sysmacro.res
Res\_Arm\_Mill\_30GM\Res\syspmeng.pin
Res\_Arm\_Mill\_30GM\Data\CncBase_Ext.ini
Res\_Arm\_Mill\_22A\Res\apppmeng.pin
Res\_Arm\_Mill\_22A\Res\milmacro.res
Res\_Arm\_Mill\_22A\Res\roteng.pin
Res\_Arm\_Mill\_22A\Res\splcaeng.pin
Res\_Arm\_Mill\_22A\Res\sripmeng.pin
Res\_Arm\_Mill\_22A\Res\sysmacro.res
Res\_Arm\_Mill\_22A\Res\syspmeng.pin
Res\_Arm\_Mill\_22A\Data\CncBase_Ext.ini
Res\_Arm\_Mill\_22A\Common\SyntecParam.xml
Res\_Arm\_Mill\_22A\Common\string\SysParamPrdModify_COM.Xml
Res\_Arm\_Mill\_22A\CHT\string\SysParamPrdModify_CHT.Xml
Res\_Arm\_Mill\_22A\CHS\string\SysParamPrdModify_CHS.Xml
Res\_Arm\_Mill\_220B-5\Res\apppmeng.pin
Res\_Arm\_Mill\_220B-5\Res\milmacro.res
Res\_Arm\_Mill\_220B-5\Res\roteng.pin
Res\_Arm\_Mill\_220B-5\Res\splcaeng.pin
Res\_Arm\_Mill\_220B-5\Res\sripmeng.pin
Res\_Arm\_Mill\_220B-5\Res\sysmacro.res
Res\_Arm\_Mill\_220B-5\Res\syspmeng.pin
Res\_Arm\_Mill\_220B-5\Data\CncBase_Ext.ini
Res\_Arm\_Mill\_220B-5\Common\SyntecParam.xml
Res\_Arm\_Mill\_220B-5\Common\string\SysParamPrdModify_COM.Xml
Res\_Arm\_Mill\_220B-5\CHT\string\SysParamPrdModify_CHT.Xml
Res\_Arm\_Mill\_220B-5\CHS\string\SysParamPrdModify_CHS.Xml
Res\_Arm\_Mill\_220B\Res\apppmeng.pin
Res\_Arm\_Mill\_220B\Res\milmacro.res
Res\_Arm\_Mill\_220B\Res\roteng.pin
Res\_Arm\_Mill\_220B\Res\splcaeng.pin
Res\_Arm\_Mill\_220B\Res\sripmeng.pin
Res\_Arm\_Mill\_220B\Res\sysmacro.res
Res\_Arm\_Mill\_220B\Res\syspmeng.pin
Res\_Arm\_Mill\_220B\Data\CncBase_Ext.ini
Res\_Arm\_Mill\_220B\Common\SyntecParam.xml
Res\_Arm\_Mill\_220B\Common\string\SysParamPrdModify_COM.Xml
Res\_Arm\_Mill\_220B\CHT\string\SysParamPrdModify_CHT.Xml
Res\_Arm\_Mill\_220B\CHS\string\SysParamPrdModify_CHS.Xml
Res\_Arm\_Mill\_220A-5\Res\apppmeng.pin
Res\_Arm\_Mill\_220A-5\Res\milmacro.res
Res\_Arm\_Mill\_220A-5\Res\roteng.pin
Res\_Arm\_Mill\_220A-5\Res\splcaeng.pin
Res\_Arm\_Mill\_220A-5\Res\sripmeng.pin
Res\_Arm\_Mill\_220A-5\Res\sysmacro.res
Res\_Arm\_Mill\_220A-5\Res\syspmeng.pin
Res\_Arm\_Mill\_220A-5\Data\CncBase_Ext.ini
Res\_Arm\_Mill\_220A-5\Common\SyntecParam.xml
Res\_Arm\_Mill\_220A-5\Common\string\SysParamPrdModify_COM.Xml
Res\_Arm\_Mill\_220A-5\CHT\string\SysParamPrdModify_CHT.Xml
Res\_Arm\_Mill\_220A-5\CHS\string\SysParamPrdModify_CHS.Xml
Res\_Arm\_Mill\_220A\Res\apppmeng.pin
Res\_Arm\_Mill\_220A\Res\milmacro.res
Res\_Arm\_Mill\_220A\Res\roteng.pin
Res\_Arm\_Mill\_220A\Res\splcaeng.pin
Res\_Arm\_Mill\_220A\Res\sripmeng.pin
Res\_Arm\_Mill\_220A\Res\sysmacro.res
Res\_Arm\_Mill\_220A\Res\syspmeng.pin
Res\_Arm\_Mill\_220A\Data\CncBase_Ext.ini
Res\_Arm\_Mill\_220A\Common\SyntecParam.xml
Res\_Arm\_Mill\_220A\Common\string\SysParamPrdModify_COM.Xml
Res\_Arm\_Mill\_220A\CHT\string\SysParamPrdModify_CHT.Xml
Res\_Arm\_Mill\_220A\CHS\string\SysParamPrdModify_CHS.Xml
Res\_Arm\_Mill\_21A-H\Res\apppmeng.pin
Res\_Arm\_Mill\_21A-H\Res\milmacro.res
Res\_Arm\_Mill\_21A-H\Res\roteng.pin
Res\_Arm\_Mill\_21A-H\Res\splcaeng.pin
Res\_Arm\_Mill\_21A-H\Res\sripmeng.pin
Res\_Arm\_Mill\_21A-H\Res\sysmacro.res
Res\_Arm\_Mill\_21A-H\Res\syspmeng.pin
Res\_Arm\_Mill\_21A-H\Data\CncBase_Ext.ini
Res\_Arm\_Mill\_21A-H\Common\SyntecParam.xml
Res\_Arm\_Mill\_21A-H\Common\string\SysParamPrdModify_COM.Xml
Res\_Arm\_Mill\_21A-H\CHT\string\SysParamPrdModify_CHT.Xml
Res\_Arm\_Mill\_21A-H\CHS\string\SysParamPrdModify_CHS.Xml
Res\_Arm\_Mill\_21A\Res\apppmeng.pin
Res\_Arm\_Mill\_21A\Res\milmacro.res
Res\_Arm\_Mill\_21A\Res\roteng.pin
Res\_Arm\_Mill\_21A\Res\splcaeng.pin
Res\_Arm\_Mill\_21A\Res\sripmeng.pin
Res\_Arm\_Mill\_21A\Res\sysmacro.res
Res\_Arm\_Mill\_21A\Res\syspmeng.pin
Res\_Arm\_Mill\_21A\Data\CncBase_Ext.ini
Res\_Arm\_Mill\_21A\Common\SyntecParam.xml
Res\_Arm\_Mill\_21A\Common\string\SysParamPrdModify_COM.Xml
Res\_Arm\_Mill\_21A\CHT\string\SysParamPrdModify_CHT.Xml
Res\_Arm\_Mill\_21A\CHS\string\SysParamPrdModify_CHS.Xml
Res\_Arm\_Mill\_11B\Res\apppmeng.pin
Res\_Arm\_Mill\_11B\Res\milmacro.res
Res\_Arm\_Mill\_11B\Res\roteng.pin
Res\_Arm\_Mill\_11B\Res\splcaeng.pin
Res\_Arm\_Mill\_11B\Res\sripmeng.pin
Res\_Arm\_Mill\_11B\Res\sysmacro.res
Res\_Arm\_Mill\_11B\Res\syspmeng.pin
Res\_Arm\_Mill\_11B\Data\CncBase_Ext.ini
Res\_Arm\_Mill\_11B\Common\SyntecParam.xml
Res\_Arm\_Mill\_11B\Common\string\SysParamPrdModify_COM.Xml
Res\_Arm\_Mill\_11B\CHT\string\SysParamPrdModify_CHT.Xml
Res\_Arm\_Mill\_11B\CHS\string\SysParamPrdModify_CHS.Xml
Res\_Arm\_Mill\_11A\Res\apppmeng.pin
Res\_Arm\_Mill\_11A\Res\milmacro.res
Res\_Arm\_Mill\_11A\Res\roteng.pin
Res\_Arm\_Mill\_11A\Res\splcaeng.pin
Res\_Arm\_Mill\_11A\Res\sripmeng.pin
Res\_Arm\_Mill\_11A\Res\sysmacro.res
Res\_Arm\_Mill\_11A\Res\syspmeng.pin
Res\_Arm\_Mill\_11A\Data\CncBase_Ext.ini
Res\_Arm\_Mill\_11A\Common\SyntecParam.xml
Res\_Arm\_Mill\_11A\Common\string\SysParamPrdModify_COM.Xml
Res\_Arm\_Mill\_11A\CHT\string\SysParamPrdModify_CHT.Xml
Res\_Arm\_Mill\_11A\CHS\string\SysParamPrdModify_CHS.Xml
Res\_Arm\_Lathe\_7A\Res\apppmeng.pin
Res\_Arm\_Lathe\_7A\Res\latmacro.res
Res\_Arm\_Lathe\_7A\Res\roteng.pin
Res\_Arm\_Lathe\_7A\Res\splcaeng.pin
Res\_Arm\_Lathe\_7A\Res\sripmeng.pin
Res\_Arm\_Lathe\_7A\Res\sysmacro.res
Res\_Arm\_Lathe\_7A\Res\syspmeng.pin
Res\_Arm\_Lathe\_7A\Data\CncBase_Ext.ini
Res\_Arm\_Lathe\_7A\Common\SyntecParam.xml
Res\_Arm\_Lathe\_7A\Common\string\SysParamPrdModify_COM.Xml
Res\_Arm\_Lathe\_7A\CHT\string\SysParamPrdModify_CHT.Xml
Res\_Arm\_Lathe\_7A\CHS\string\SysParamPrdModify_CHS.Xml
Res\_Arm\_Lathe\_6D-H\Res\apppmeng.pin
Res\_Arm\_Lathe\_6D-H\Res\latmacro.res
Res\_Arm\_Lathe\_6D-H\Res\roteng.pin
Res\_Arm\_Lathe\_6D-H\Res\splcaeng.pin
Res\_Arm\_Lathe\_6D-H\Res\sripmeng.pin
Res\_Arm\_Lathe\_6D-H\Res\sysmacro.res
Res\_Arm\_Lathe\_6D-H\Res\syspmeng.pin
Res\_Arm\_Lathe\_6D-H\Data\CncBase_Ext.ini
Res\_Arm\_Lathe\_6D-H\Common\SyntecParam.xml
Res\_Arm\_Lathe\_6D-H\Common\string\SysParamPrdModify_COM.Xml
Res\_Arm\_Lathe\_6D-H\CHT\string\SysParamPrdModify_CHT.Xml
Res\_Arm\_Lathe\_6D-H\CHS\string\SysParamPrdModify_CHS.Xml
Res\_Arm\_Lathe\_6B\Res\apppmeng.pin
Res\_Arm\_Lathe\_6B\Res\latmacro.res
Res\_Arm\_Lathe\_6B\Res\roteng.pin
Res\_Arm\_Lathe\_6B\Res\splcaeng.pin
Res\_Arm\_Lathe\_6B\Res\sripmeng.pin
Res\_Arm\_Lathe\_6B\Res\sysmacro.res
Res\_Arm\_Lathe\_6B\Res\syspmeng.pin
Res\_Arm\_Lathe\_6B\Data\CncBase_Ext.ini
Res\_Arm\_Lathe\_6B\Common\SyntecParam.xml
Res\_Arm\_Lathe\_6B\Common\string\SysParamPrdModify_COM.Xml
Res\_Arm\_Lathe\_6B\CHT\string\SysParamPrdModify_CHT.Xml
Res\_Arm\_Lathe\_6B\CHS\string\SysParamPrdModify_CHS.Xml
Res\_Arm\_Lathe\_6A\Res\apppmeng.pin
Res\_Arm\_Lathe\_6A\Res\latmacro.res
Res\_Arm\_Lathe\_6A\Res\roteng.pin
Res\_Arm\_Lathe\_6A\Res\splcaeng.pin
Res\_Arm\_Lathe\_6A\Res\sripmeng.pin
Res\_Arm\_Lathe\_6A\Res\sysmacro.res
Res\_Arm\_Lathe\_6A\Res\syspmeng.pin
Res\_Arm\_Lathe\_6A\Data\CncBase_Ext.ini
Res\_Arm\_Lathe\_6A\Common\SyntecParam.xml
Res\_Arm\_Lathe\_6A\Common\string\SysParamPrdModify_COM.Xml
Res\_Arm\_Lathe\_6A\CHT\string\SysParamPrdModify_CHT.Xml
Res\_Arm\_Lathe\_6A\CHS\string\SysParamPrdModify_CHS.Xml
Res\_Arm\_Lathe\_22B\Res\apppmeng.pin
Res\_Arm\_Lathe\_22B\Res\latmacro.res
Res\_Arm\_Lathe\_22B\Res\roteng.pin
Res\_Arm\_Lathe\_22B\Res\splcaeng.pin
Res\_Arm\_Lathe\_22B\Res\sripmeng.pin
Res\_Arm\_Lathe\_22B\Res\sysmacro.res
Res\_Arm\_Lathe\_22B\Res\syspmeng.pin
Res\_Arm\_Lathe\_22B\Data\CncBase_Ext.ini
Res\_Arm\_Lathe\_22B\Common\SyntecParam.xml
Res\_Arm\_Lathe\_22B\Common\string\SysParamPrdModify_COM.Xml
Res\_Arm\_Lathe\_22B\CHT\string\SysParamPrdModify_CHT.Xml
Res\_Arm\_Lathe\_22B\CHS\string\SysParamPrdModify_CHS.Xml
Res\_Arm\_Lathe\_22A\Res\apppmeng.pin
Res\_Arm\_Lathe\_22A\Res\latmacro.res
Res\_Arm\_Lathe\_22A\Res\roteng.pin
Res\_Arm\_Lathe\_22A\Res\splcaeng.pin
Res\_Arm\_Lathe\_22A\Res\sripmeng.pin
Res\_Arm\_Lathe\_22A\Res\sysmacro.res
Res\_Arm\_Lathe\_22A\Res\syspmeng.pin
Res\_Arm\_Lathe\_22A\Data\CncBase_Ext.ini
Res\_Arm\_Lathe\_22A\Common\SyntecParam.xml
Res\_Arm\_Lathe\_22A\Common\string\SysParamPrdModify_COM.Xml
Res\_Arm\_Lathe\_22A\CHT\string\SysParamPrdModify_CHT.Xml
Res\_Arm\_Lathe\_22A\CHS\string\SysParamPrdModify_CHS.Xml
Res\_Arm\_Lathe\_220B\Res\apppmeng.pin
Res\_Arm\_Lathe\_220B\Res\latmacro.res
Res\_Arm\_Lathe\_220B\Res\roteng.pin
Res\_Arm\_Lathe\_220B\Res\splcaeng.pin
Res\_Arm\_Lathe\_220B\Res\sripmeng.pin
Res\_Arm\_Lathe\_220B\Res\sysmacro.res
Res\_Arm\_Lathe\_220B\Res\syspmeng.pin
Res\_Arm\_Lathe\_220B\Data\CncBase_Ext.ini
Res\_Arm\_Lathe\_220B\Common\SyntecParam.xml
Res\_Arm\_Lathe\_220B\Common\string\SysParamPrdModify_COM.Xml
Res\_Arm\_Lathe\_220B\CHT\string\SysParamPrdModify_CHT.Xml
Res\_Arm\_Lathe\_220B\CHS\string\SysParamPrdModify_CHS.Xml
Res\_Arm\_Lathe\_21B-H\Res\apppmeng.pin
Res\_Arm\_Lathe\_21B-H\Res\latmacro.res
Res\_Arm\_Lathe\_21B-H\Res\roteng.pin
Res\_Arm\_Lathe\_21B-H\Res\splcaeng.pin
Res\_Arm\_Lathe\_21B-H\Res\sripmeng.pin
Res\_Arm\_Lathe\_21B-H\Res\sysmacro.res
Res\_Arm\_Lathe\_21B-H\Res\syspmeng.pin
Res\_Arm\_Lathe\_21B-H\Data\CncBase_Ext.ini
Res\_Arm\_Lathe\_21B-H\Common\SyntecParam.xml
Res\_Arm\_Lathe\_21B-H\Common\string\SysParamPrdModify_COM.Xml
Res\_Arm\_Lathe\_21B-H\CHT\string\SysParamPrdModify_CHT.Xml
Res\_Arm\_Lathe\_21B-H\CHS\string\SysParamPrdModify_CHS.Xml
Res\_Arm\_Lathe\_21B\Res\apppmeng.pin
Res\_Arm\_Lathe\_21B\Res\latmacro.res
Res\_Arm\_Lathe\_21B\Res\roteng.pin
Res\_Arm\_Lathe\_21B\Res\splcaeng.pin
Res\_Arm\_Lathe\_21B\Res\sripmeng.pin
Res\_Arm\_Lathe\_21B\Res\sysmacro.res
Res\_Arm\_Lathe\_21B\Res\syspmeng.pin
Res\_Arm\_Lathe\_21B\Data\CncBase_Ext.ini
Res\_Arm\_Lathe\_21B\Common\SyntecParam.xml
Res\_Arm\_Lathe\_21B\Common\string\SysParamPrdModify_COM.Xml
Res\_Arm\_Lathe\_21B\CHT\string\SysParamPrdModify_CHT.Xml
Res\_Arm\_Lathe\_21B\CHS\string\SysParamPrdModify_CHS.Xml
Res\_Arm\_Lathe\_21A-H\Res\apppmeng.pin
Res\_Arm\_Lathe\_21A-H\Res\latmacro.res
Res\_Arm\_Lathe\_21A-H\Res\roteng.pin
Res\_Arm\_Lathe\_21A-H\Res\splcaeng.pin
Res\_Arm\_Lathe\_21A-H\Res\sripmeng.pin
Res\_Arm\_Lathe\_21A-H\Res\sysmacro.res
Res\_Arm\_Lathe\_21A-H\Res\syspmeng.pin
Res\_Arm\_Lathe\_21A-H\Data\CncBase_Ext.ini
Res\_Arm\_Lathe\_21A-H\Common\SyntecParam.xml
Res\_Arm\_Lathe\_21A-H\Common\string\SysParamPrdModify_COM.Xml
Res\_Arm\_Lathe\_21A-H\CHT\string\SysParamPrdModify_CHT.Xml
Res\_Arm\_Lathe\_21A-H\CHS\string\SysParamPrdModify_CHS.Xml
Res\_Arm\_Lathe\_21A\Res\apppmeng.pin
Res\_Arm\_Lathe\_21A\Res\latmacro.res
Res\_Arm\_Lathe\_21A\Res\roteng.pin
Res\_Arm\_Lathe\_21A\Res\splcaeng.pin
Res\_Arm\_Lathe\_21A\Res\sripmeng.pin
Res\_Arm\_Lathe\_21A\Res\sysmacro.res
Res\_Arm\_Lathe\_21A\Res\syspmeng.pin
Res\_Arm\_Lathe\_21A\Data\CncBase_Ext.ini
Res\_Arm\_Lathe\_21A\Common\SyntecParam.xml
Res\_Arm\_Lathe\_21A\Common\string\SysParamPrdModify_COM.Xml
Res\_Arm\_Lathe\_21A\CHT\string\SysParamPrdModify_CHT.Xml
Res\_Arm\_Lathe\_21A\CHS\string\SysParamPrdModify_CHS.Xml
Res\_Arm\_Lathe\_11B\Res\apppmeng.pin
Res\_Arm\_Lathe\_11B\Res\latmacro.res
Res\_Arm\_Lathe\_11B\Res\roteng.pin
Res\_Arm\_Lathe\_11B\Res\splcaeng.pin
Res\_Arm\_Lathe\_11B\Res\sripmeng.pin
Res\_Arm\_Lathe\_11B\Res\sysmacro.res
Res\_Arm\_Lathe\_11B\Res\syspmeng.pin
Res\_Arm\_Lathe\_11B\Data\CncBase_Ext.ini
Res\_Arm\_Lathe\_11B\Common\SyntecParam.xml
Res\_Arm\_Lathe\_11B\Common\string\SysParamPrdModify_COM.Xml
Res\_Arm\_Lathe\_11B\CHT\string\SysParamPrdModify_CHT.Xml
Res\_Arm\_Lathe\_11B\CHS\string\SysParamPrdModify_CHS.Xml
Res\_Arm\_Lathe\_11A\Res\apppmeng.pin
Res\_Arm\_Lathe\_11A\Res\latmacro.res
Res\_Arm\_Lathe\_11A\Res\roteng.pin
Res\_Arm\_Lathe\_11A\Res\splcaeng.pin
Res\_Arm\_Lathe\_11A\Res\sripmeng.pin
Res\_Arm\_Lathe\_11A\Res\sysmacro.res
Res\_Arm\_Lathe\_11A\Res\syspmeng.pin
Res\_Arm\_Lathe\_11A\Data\CncBase_Ext.ini
Res\_Arm\_Lathe\_11A\Common\SyntecParam.xml
Res\_Arm\_Lathe\_11A\Common\string\SysParamPrdModify_COM.Xml
Res\_Arm\_Lathe\_11A\CHT\string\SysParamPrdModify_CHT.Xml
Res\_Arm\_Lathe\_11A\CHS\string\SysParamPrdModify_CHS.Xml
Res\_Arm\_LASER\_61C\Res\apppmeng.pin
Res\_Arm\_LASER\_61C\Res\milmacro.res
Res\_Arm\_LASER\_61C\Res\roteng.pin
Res\_Arm\_LASER\_61C\Res\splcaeng.pin
Res\_Arm\_LASER\_61C\Res\sripmeng.pin
Res\_Arm\_LASER\_61C\Res\sysmacro.res
Res\_Arm\_LASER\_61C\Res\syspmeng.pin
Res\_Arm\_LASER\_61C\Data\CncBase_Ext.ini
Res\_Arm\_LASER\_61C\Common\SyntecParam.xml
Res\_Arm\_LASER\_61C\Common\string\SysParamPrdModify_COM.Xml
Res\_Arm\_LASER\_61C\CHT\string\SysParamPrdModify_CHT.Xml
Res\_Arm\_LASER\_61C\CHS\string\SysParamPrdModify_CHS.Xml
Res\_Arm\_LASER\_60C\Res\apppmeng.pin
Res\_Arm\_LASER\_60C\Res\milmacro.res
Res\_Arm\_LASER\_60C\Res\roteng.pin
Res\_Arm\_LASER\_60C\Res\splcaeng.pin
Res\_Arm\_LASER\_60C\Res\sripmeng.pin
Res\_Arm\_LASER\_60C\Res\sysmacro.res
Res\_Arm\_LASER\_60C\Res\syspmeng.pin
Res\_Arm\_LASER\_60C\Data\CncBase_Ext.ini
Res\_Arm\_LASER\_60C\Common\SyntecParam.xml
Res\_Arm\_LASER\_60C\Common\string\SysParamPrdModify_COM.Xml
Res\_Arm\_LASER\_60C\CHT\string\SysParamPrdModify_CHT.Xml
Res\_Arm\_LASER\_60C\CHS\string\SysParamPrdModify_CHS.Xml
Res\_Arm\_HC\_8S\Res\apppmeng.pin
Res\_Arm\_HC\_8S\Res\milmacro.res
Res\_Arm\_HC\_8S\Res\roteng.pin
Res\_Arm\_HC\_8S\Res\splcaeng.pin
Res\_Arm\_HC\_8S\Res\sripmeng.pin
Res\_Arm\_HC\_8S\Res\sysmacro.res
Res\_Arm\_HC\_8S\Res\syspmeng.pin
Res\_Arm\_HC\_8S\Data\CncBase_Ext.ini
Res\_Arm\_HC\_8S\Common\SyntecParam.xml
Res\_Arm\_HC\_8C\Res\apppmeng.pin
Res\_Arm\_HC\_8C\Res\milmacro.res
Res\_Arm\_HC\_8C\Res\roteng.pin
Res\_Arm\_HC\_8C\Res\splcaeng.pin
Res\_Arm\_HC\_8C\Res\sripmeng.pin
Res\_Arm\_HC\_8C\Res\sysmacro.res
Res\_Arm\_HC\_8C\Res\syspmeng.pin
Res\_Arm\_HC\_8C\Data\CncBase_Ext.ini
Res\_Arm\_HC\_8C\Common\SyntecParam.xml
Res\_Arm\_HC\_8B\Res\apppmeng.pin
Res\_Arm\_HC\_8B\Res\milmacro.res
Res\_Arm\_HC\_8B\Res\roteng.pin
Res\_Arm\_HC\_8B\Res\splcaeng.pin
Res\_Arm\_HC\_8B\Res\sripmeng.pin
Res\_Arm\_HC\_8B\Res\sysmacro.res
Res\_Arm\_HC\_8B\Res\syspmeng.pin
Res\_Arm\_HC\_8B\Data\CncBase_Ext.ini
Res\_Arm\_HC\_8B\Common\SyntecParam.xml
Res\_Arm\_HC\_8A\Res\apppmeng.pin
Res\_Arm\_HC\_8A\Res\milmacro.res
Res\_Arm\_HC\_8A\Res\roteng.pin
Res\_Arm\_HC\_8A\Res\splcaeng.pin
Res\_Arm\_HC\_8A\Res\sripmeng.pin
Res\_Arm\_HC\_8A\Res\sysmacro.res
Res\_Arm\_HC\_8A\Res\syspmeng.pin
Res\_Arm\_HC\_8A\Data\CncBase_Ext.ini
Res\_Arm\_HC\_8A\Common\SyntecParam.xml
Res\_Arm\_HC\_80GM\Res\apppmeng.pin
Res\_Arm\_HC\_80GM\Res\milmacro.res
Res\_Arm\_HC\_80GM\Res\roteng.pin
Res\_Arm\_HC\_80GM\Res\splcaeng.pin
Res\_Arm\_HC\_80GM\Res\sripmeng.pin
Res\_Arm\_HC\_80GM\Res\sysmacro.res
Res\_Arm\_HC\_80GM\Res\syspmeng.pin
Res\_Arm\_HC\_80GM\Data\CncBase_Ext.ini
Res\_Arm\_HC\_80GM\Common\SyntecParam.xml
Res\_Arm\_HC\_15B\Res\apppmeng.pin
Res\_Arm\_HC\_15B\Res\milmacro.res
Res\_Arm\_HC\_15B\Res\roteng.pin
Res\_Arm\_HC\_15B\Res\splcaeng.pin
Res\_Arm\_HC\_15B\Res\sripmeng.pin
Res\_Arm\_HC\_15B\Res\sysmacro.res
Res\_Arm\_HC\_15B\Res\syspmeng.pin
Res\_Arm\_HC\_15B\Data\CncBase_Ext.ini
Res\_Arm\_HC\_15B\Common\SyntecParam.xml
Res\_Arm\_HC\_15A\Res\apppmeng.pin
Res\_Arm\_HC\_15A\Res\milmacro.res
Res\_Arm\_HC\_15A\Res\roteng.pin
Res\_Arm\_HC\_15A\Res\splcaeng.pin
Res\_Arm\_HC\_15A\Res\sripmeng.pin
Res\_Arm\_HC\_15A\Res\sysmacro.res
Res\_Arm\_HC\_15A\Res\syspmeng.pin
Res\_Arm\_HC\_15A\Data\CncBase_Ext.ini
Res\_Arm\_HC\_15A\Common\SyntecParam.xml
Res\_Arm\_HC\_12B\Res\apppmeng.pin
Res\_Arm\_HC\_12B\Res\milmacro.res
Res\_Arm\_HC\_12B\Res\roteng.pin
Res\_Arm\_HC\_12B\Res\splcaeng.pin
Res\_Arm\_HC\_12B\Res\sripmeng.pin
Res\_Arm\_HC\_12B\Res\sysmacro.res
Res\_Arm\_HC\_12B\Res\syspmeng.pin
Res\_Arm\_HC\_12B\Data\CncBase_Ext.ini
Res\_Arm\_HC\_12B\Common\SyntecParam.xml
Res\_Arm\_HC\_12A\Res\apppmeng.pin
Res\_Arm\_HC\_12A\Res\milmacro.res
Res\_Arm\_HC\_12A\Res\roteng.pin
Res\_Arm\_HC\_12A\Res\splcaeng.pin
Res\_Arm\_HC\_12A\Res\sripmeng.pin
Res\_Arm\_HC\_12A\Res\sysmacro.res
Res\_Arm\_HC\_12A\Res\syspmeng.pin
Res\_Arm\_HC\_12A\Data\CncBase_Ext.ini
Res\_Arm\_HC\_12A\Common\SyntecParam.xml
Res\_Arm\_HC\_10C\Res\apppmeng.pin
Res\_Arm\_HC\_10C\Res\milmacro.res
Res\_Arm\_HC\_10C\Res\roteng.pin
Res\_Arm\_HC\_10C\Res\splcaeng.pin
Res\_Arm\_HC\_10C\Res\sripmeng.pin
Res\_Arm\_HC\_10C\Res\sysmacro.res
Res\_Arm\_HC\_10C\Res\syspmeng.pin
Res\_Arm\_HC\_10C\Data\CncBase_Ext.ini
Res\_Arm\_HC\_10C\Common\SyntecParam.xml
Res\_Arm\_HC\_10B\Res\apppmeng.pin
Res\_Arm\_HC\_10B\Res\milmacro.res
Res\_Arm\_HC\_10B\Res\roteng.pin
Res\_Arm\_HC\_10B\Res\splcaeng.pin
Res\_Arm\_HC\_10B\Res\sripmeng.pin
Res\_Arm\_HC\_10B\Res\sysmacro.res
Res\_Arm\_HC\_10B\Res\syspmeng.pin
Res\_Arm\_HC\_10B\Data\CncBase_Ext.ini
Res\_Arm\_HC\_10B\Common\SyntecParam.xml
Res\_Arm\_HC\_10A\Res\apppmeng.pin
Res\_Arm\_HC\_10A\Res\milmacro.res
Res\_Arm\_HC\_10A\Res\roteng.pin
Res\_Arm\_HC\_10A\Res\splcaeng.pin
Res\_Arm\_HC\_10A\Res\sripmeng.pin
Res\_Arm\_HC\_10A\Res\sysmacro.res
Res\_Arm\_HC\_10A\Res\syspmeng.pin
Res\_Arm\_HC\_10A\Data\CncBase_Ext.ini
Res\_Arm\_HC\_10A\Common\SyntecParam.xml
Res\_Arm\_GlassGrind\_6B\Res\apppmeng.pin
Res\_Arm\_GlassGrind\_6B\Res\laserctrleng.pin
Res\_Arm\_GlassGrind\_6B\Res\lasergaeng.pin
Res\_Arm\_GlassGrind\_6B\Res\milmacro.res
Res\_Arm\_GlassGrind\_6B\Res\roteng.pin
Res\_Arm\_GlassGrind\_6B\Res\splcaeng.pin
Res\_Arm\_GlassGrind\_6B\Res\sripmeng.pin
Res\_Arm\_GlassGrind\_6B\Res\sysmacro.res
Res\_Arm\_GlassGrind\_6B\Res\syspmeng.pin
Res\_Arm\_GlassGrind\_6B\Macro\G0150
Res\_Arm\_GlassGrind\_6B\Macro\G0151
Res\_Arm\_GlassGrind\_6B\Data\CncBase_Ext.ini
Res\_Arm\_GlassGrind\_6B\Common\SyntecParam.xml
Res\_Arm\_GlassGrind\_6B\Common\string\SysParamPrdModify_COM.Xml
Res\_Arm\_GlassGrind\_6B\CHT\string\SysParamPrdModify_CHT.Xml
Res\_Arm\_GlassGrind\_6B\CHS\string\SysParamPrdModify_CHS.Xml
Res\_Arm\_FC\_B\Res\apppmeng.pin
Res\_Arm\_FC\_B\Res\milmacro.res
Res\_Arm\_FC\_B\Res\roteng.pin
Res\_Arm\_FC\_B\Res\splcaeng.pin
Res\_Arm\_FC\_B\Res\sripmeng.pin
Res\_Arm\_FC\_B\Res\sysmacro.res
Res\_Arm\_FC\_B\Res\syspmeng.pin
Res\_Arm\_FC\_B\Data\CncBase_Ext.ini
Res\_Arm\_FC\_B\Common\SyntecParam.xml
Res\_Arm\_FC\_B\Common\string\SysParamPrdModify_COM.Xml
Res\_Arm\_FC\_B\CHT\string\SysParamPrdModify_CHT.Xml
Res\_Arm\_FC\_B\CHS\string\SysParamPrdModify_CHS.Xml
Res\_Arm\_FC\_A\Res\apppmeng.pin
Res\_Arm\_FC\_A\Res\milmacro.res
Res\_Arm\_FC\_A\Res\roteng.pin
Res\_Arm\_FC\_A\Res\splcaeng.pin
Res\_Arm\_FC\_A\Res\sripmeng.pin
Res\_Arm\_FC\_A\Res\sysmacro.res
Res\_Arm\_FC\_A\Res\syspmeng.pin
Res\_Arm\_FC\_A\Data\CncBase_Ext.ini
Res\_Arm\_FC\_A\Common\SyntecParam.xml
Res\_Arm\_Drill\_60B\Res\apppmeng.pin
Res\_Arm\_Drill\_60B\Res\laserctrleng.pin
Res\_Arm\_Drill\_60B\Res\lasergaeng.pin
Res\_Arm\_Drill\_60B\Res\milmacro.res
Res\_Arm\_Drill\_60B\Res\roteng.pin
Res\_Arm\_Drill\_60B\Res\splcaeng.pin
Res\_Arm\_Drill\_60B\Res\sripmeng.pin
Res\_Arm\_Drill\_60B\Res\sysmacro.res
Res\_Arm\_Drill\_60B\Res\syspmeng.pin
Res\_Arm\_Drill\_60B\Data\CncBase_Ext.ini
Res\_Arm\_Drill\_60B\Common\SyntecParam.xml
Res\_Arm\_Drill\_60B\Common\string\SysParamPrdModify_COM.Xml
Res\_Arm\_Drill\_60B\CHT\string\SysParamPrdModify_CHT.Xml
Res\_Arm\_Drill\_60B\CHS\string\SysParamPrdModify_CHS.Xml
Res\_Arm\_Cutting\_6B\Res\apppmeng.pin
Res\_Arm\_Cutting\_6B\Res\roteng.pin
Res\_Arm\_Cutting\_6B\Res\splcaeng.pin
Res\_Arm\_Cutting\_6B\Res\sripmeng.pin
Res\_Arm\_Cutting\_6B\Res\sysmacro.res
Res\_Arm\_Cutting\_6B\Res\syspmeng.pin
Res\_Arm\_Cutting\_6B\Data\CncBase_Ext.ini
Res\_Arm\_Cutting\_6B\Common\SyntecParam.xml
Res\_Arm\_Cutting\_6B\Common\string\SysParamPrdModify_COM.Xml
Res\_Arm\_Cutting\_6B\CHT\string\SysParamPrdModify_CHT.Xml
Res\_Arm\_Cutting\_6B\CHS\string\SysParamPrdModify_CHS.Xml
Res\_Arm\_Cutting\_6A\Res\apppmeng.pin
Res\_Arm\_Cutting\_6A\Res\roteng.pin
Res\_Arm\_Cutting\_6A\Res\splcaeng.pin
Res\_Arm\_Cutting\_6A\Res\sripmeng.pin
Res\_Arm\_Cutting\_6A\Res\sysmacro.res
Res\_Arm\_Cutting\_6A\Res\syspmeng.pin
Res\_Arm\_Cutting\_6A\Data\CncBase_Ext.ini
Res\_Arm\_Cutting\_6A\Common\SyntecParam.xml
Res\_Arm\_Cutting\_6A\Common\string\SysParamPrdModify_COM.Xml
Res\_Arm\_Cutting\_6A\CHT\string\SysParamPrdModify_CHT.Xml
Res\_Arm\_Cutting\_6A\CHS\string\SysParamPrdModify_CHS.Xml
Res\_Arm\Common\String\SysParamPrdModify_Com.Xml
Res\_Arm\CHT\String\SysParamPrdModify_CHT.Xml
Res\_Arm\CHS\String\SysParamPrdModify_CHS.Xml
Mill\OCRes\Common\String\SysAlarmMsgCom_MILL.Xml
Mill\OCRes\Common\String\SysParamCom_MILL.Xml
Mill\OCRes\CHT\String\SysAlarmMsgCht_MILL.Xml
Mill\OCRes\CHT\String\SysParamCht_MILL.Xml
Mill\OCRes\CHS\String\SysAlarmMsgChs_MILL.Xml
Mill\OCRes\CHS\String\SysParamChs_MILL.Xml
Lathe\OCRes\Common\String\SysAlarmMsgCom_LATHE.Xml
Lathe\OCRes\Common\String\SysParamCom_LATHE.Xml
Lathe\OCRes\CHT\String\SysAlarmMsgCht_LATHE.Xml
Lathe\OCRes\CHT\String\SysParamCht_LATHE.Xml
Lathe\OCRes\CHS\String\SysAlarmMsgChs_LATHE.Xml
Lathe\OCRes\CHS\String\SysParamChs_LATHE.Xml
Com\OCRes\Common\String\SerialAlarm_ECATDelta_COM.Xml
Com\OCRes\Common\String\SerialAlarm_ECATPana_COM.Xml
Com\OCRes\Common\String\SerialAlarm_M2SYN_COM.Xml
Com\OCRes\Common\String\SerialAlarm_M2YAS_COM.Xml
Com\OCRes\Common\String\SerialAlarm_M3SYN_COM.Xml
Com\OCRes\Common\String\SerialAlarm_M3YAS_COM.Xml
Com\OCRes\Common\String\SerialParam_ECATDelta_COM.xml
Com\OCRes\Common\String\SerialParam_ECATPana_COM.xml
Com\OCRes\Common\String\SerialParam_M23rdParty_COM.xml
Com\OCRes\Common\String\SerialParam_M2SYN_COM.xml
Com\OCRes\Common\String\SerialParam_M2YAS_COM.xml
Com\OCRes\Common\String\SerialParam_M33rdParty_COM.xml
Com\OCRes\Common\String\SerialParam_M3SYN_COM.xml
Com\OCRes\Common\String\SerialParam_M3YAS_COM.xml
Com\OCRes\Common\String\SerialParam_RTEXPana_COM.xml
Com\OCRes\Common\String\String_Option_COM.xml
Com\OCRes\Common\String\SysAlarmMsgCom_COM.Xml
Com\OCRes\Common\String\SysAlarmMsgCom_LaserCtrl.Xml
Com\OCRes\Common\String\SysAlarmMsgCom_Rot.Xml
Com\OCRes\Common\String\SysAlarmMsgCom_SerialPLCAxis.Xml
Com\OCRes\Common\String\SysAlarmMsgCom_SRI.Xml
Com\OCRes\Common\String\SysParamCom_COM.Xml
Com\OCRes\Common\String\SysParamCom_LaserCtrl.Xml
Com\OCRes\Common\String\SysParamCom_Rot.Xml
Com\OCRes\Common\String\SysParamCom_SerialPLCAxis.Xml
Com\OCRes\Common\String\SysParamCom_SRI.Xml
Com\OCRes\CHT\String\SerialAlarm_ECATDelta_CHT.Xml
Com\OCRes\CHT\String\SerialAlarm_ECATPana_CHT.Xml
Com\OCRes\CHT\String\SerialAlarm_M2SYN_CHT.Xml
Com\OCRes\CHT\String\SerialAlarm_M2YAS_CHT.Xml
Com\OCRes\CHT\String\SerialAlarm_M3SYN_CHT.Xml
Com\OCRes\CHT\String\SerialAlarm_M3YAS_CHT.Xml
Com\OCRes\CHT\String\SerialParam_ECATDelta_CHT.xml
Com\OCRes\CHT\String\SerialParam_ECATPana_CHT.xml
Com\OCRes\CHT\String\SerialParam_M23rdParty_CHT.xml
Com\OCRes\CHT\String\SerialParam_M2SYN_CHT.xml
Com\OCRes\CHT\String\SerialParam_M2YAS_CHT.xml
Com\OCRes\CHT\String\SerialParam_M33rdParty_CHT.xml
Com\OCRes\CHT\String\SerialParam_M3SYN_CHT.xml
Com\OCRes\CHT\String\SerialParam_M3YAS_CHT.xml
Com\OCRes\CHT\String\SerialParam_RTEXPana_CHT.xml
Com\OCRes\CHT\String\String_Option_CHT.xml
Com\OCRes\CHT\String\SysAlarmMsgCht_COM.Xml
Com\OCRes\CHT\String\SysAlarmMsgCht_LaserCtrl.Xml
Com\OCRes\CHT\String\SysAlarmMsgCht_Rot.Xml
Com\OCRes\CHT\String\SysAlarmMsgCht_SerialPLCAxis.Xml
Com\OCRes\CHT\String\SysAlarmMsgCht_SRI.Xml
Com\OCRes\CHT\String\SysParamCht_COM.Xml
Com\OCRes\CHT\String\SysParamCht_LaserCtrl.Xml
Com\OCRes\CHT\String\SysParamCht_Rot.Xml
Com\OCRes\CHT\String\SysParamCht_SerialPLCAxis.Xml
Com\OCRes\CHT\String\SysParamCht_SRI.Xml
Com\OCRes\CHS\String\SerialAlarm_ECATDelta_CHS.xml
Com\OCRes\CHS\String\SerialAlarm_ECATPana_CHS.xml
Com\OCRes\CHS\String\SerialAlarm_M2SYN_CHS.xml
Com\OCRes\CHS\String\SerialAlarm_M2YAS_CHS.xml
Com\OCRes\CHS\String\SerialAlarm_M3SYN_CHS.xml
Com\OCRes\CHS\String\SerialAlarm_M3YAS_CHS.xml
Com\OCRes\CHS\String\SerialParam_ECATDelta_CHS.xml
Com\OCRes\CHS\String\SerialParam_ECATPana_CHS.xml
Com\OCRes\CHS\String\SerialParam_M23rdParty_CHS.xml
Com\OCRes\CHS\String\SerialParam_M2SYN_CHS.xml
Com\OCRes\CHS\String\SerialParam_M2YAS_CHS.xml
Com\OCRes\CHS\String\SerialParam_M33rdParty_CHS.xml
Com\OCRes\CHS\String\SerialParam_M3SYN_CHS.xml
Com\OCRes\CHS\String\SerialParam_M3YAS_CHS.xml
Com\OCRes\CHS\String\SerialParam_RTEXPana_CHS.xml
Com\OCRes\CHS\String\String_Option_CHS.xml
Com\OCRes\CHS\String\SysAlarmMsgChs_COM.Xml
Com\OCRes\CHS\String\SysAlarmMsgChs_LaserCtrl.Xml
Com\OCRes\CHS\String\SysAlarmMsgChs_Rot.Xml
Com\OCRes\CHS\String\SysAlarmMsgChs_SerialPLCAxis.Xml
Com\OCRes\CHS\String\SysAlarmMsgChs_SRI.Xml
Com\OCRes\CHS\String\SysParamChs_COM.Xml
Com\OCRes\CHS\String\SysParamChs_LaserCtrl.Xml
Com\OCRes\CHS\String\SysParamChs_Rot.Xml
Com\OCRes\CHS\String\SysParamChs_SerialPLCAxis.Xml
Com\OCRes\CHS\String\SysParamChs_SRI.Xml
----------------------------------------------------------------------
Files that are found in folder Previous_res but NOT in folder Current_res :

----------------------------------------------------------------------
