Files that are found in folder Current_pack but NOT in folder Previous_pack :

OpenInstallerConfigurationFile.xml
DiskC\OpenCNC\Ladder\develop.lad
DiskC\OpenCNC\Data\CNC2_Syntec_Galvo.xml
DiskC\OpenCNC\Data\CNCBASE.ini
DiskC\OpenCNC\Data\CNCBASE_OCSDK.ini
DiskC\OpenCNC\Data\ECAT_ALM_DELTA_ASDA_A2_E.xml
DiskC\OpenCNC\Data\ECAT_OD_DELTA_ASDA_A2_E.xml
DiskC\OpenCNC\Data\ECAT_OD_PANASONIC_MINAS_A5B.xml
DiskC\OpenCNC\Data\ECAT_PM_DELTA_ASDA_A2_E.xml
DiskC\OpenCNC\Data\ECAT_PM_PANASONIC_MINAS_A5B.xml
DiskC\OpenCNC\Data\EtherCAT.xml
DiskC\OpenCNC\Data\M2_Syntec.xml
DiskC\OpenCNC\Data\M2_Syntec_3rd_Party.xml
DiskC\OpenCNC\Data\M2_Yaskawa_sigma_5.xml
DiskC\OpenCNC\Data\M2_Yaskawa_sigma_7.xml
DiskC\OpenCNC\Data\M2_Yaskawa_sigma_M.xml
DiskC\OpenCNC\Data\M3_Syntec.xml
DiskC\OpenCNC\Data\M3_Syntec_3rd_Party.xml
DiskC\OpenCNC\Data\M3_Yaskawa_sigma_5.xml
DiskC\OpenCNC\Data\M3_Yaskawa_sigma_7S.xml
DiskC\OpenCNC\Data\M3_Yaskawa_sigma_7W.xml
DiskC\OpenCNC\Data\M3_Yaskawa_sigma_M.xml
DiskC\OpenCNC\Data\IO\IoMap_13.xml
DiskC\OpenCNC\Data\IO\IoMap_200.xml
DiskC\OpenCNC\Data\IO\IoMap_201.xml
DiskC\OpenCNC\Data\IO\IoMap_202.xml
DiskC\OpenCNC\Data\IO\IoMap_203.xml
DiskC\OpenCNC\Data\IO\IoMap_204.xml
DiskC\OpenCNC\Data\IO\IoMap_205.xml
DiskC\OpenCNC\Data\IO\IoMap_300.xml
DiskC\OpenCNC\Data\IO\IoMap_301.xml
DiskC\OpenCNC\Data\IO\IoMap_302.xml
DiskC\OpenCNC\Bin\CANDeviceDriver.dll
DiskC\OpenCNC\Bin\LadDLL.dll
DiskC\OpenCNC\Bin\LaserCtrl.dll
DiskC\OpenCNC\Bin\ModbusComm.dll
DiskC\OpenCNC\Bin\Null.mci
DiskC\OpenCNC\Bin\NullIO.cio
DiskC\OpenCNC\Bin\OCKrnl.dll
DiskC\OpenCNC\Bin\OCSri.dll
DiskC\OpenCNC\Bin\OCTest.dll
DiskC\OpenCNC\Bin\PLC_COMM.dll
DiskC\OpenCNC\Bin\Rot.dll
DiskC\OpenCNC\Bin\RTCommDriver.dll
DiskC\OpenCNC\Bin\SerialPLCAxis.dll
DiskC\OpenCNC\Bin\ServoLink.dll
DiskC\OpenCNC\Bin\SetupMMIEnv.bat
----------------------------------------------------------------------
Files that are found in folder Previous_pack but NOT in folder Current_pack :

----------------------------------------------------------------------
