Files that are found in folder Current_res but NOT in folder Previous_res :

Res\_x86\_Mill\Res\0_milpmeng.pin
Res\_x86\_Mill\Res\11_milpmeng.pin
Res\_x86\_Mill\Res\1_latpmeng.pin
Res\_x86\_Mill\Res\2_latpmeng.pin
Res\_x86\_Mill\Res\3_latpmeng.pin
Res\_x86\_Mill\Res\milmacro.res
Res\_x86\_Mill\Res\roteng.pin
Res\_x86\_Mill\Res\rotposeng.pin
Res\_x86\_Mill\Res\splcaeng.pin
Res\_x86\_Mill\Res\sysmacro.res
Res\_x86\_Mill\Res\syspmeng.pin
Res\_x86\_Mill\Res\VelGlitchCompEng.pin
Res\_x86\_Mill\Data\CncBase_Ext.ini
Res\_x86\_Mill\Common\SyntecParam.xml
Res\_x86\_Mill\Common\string\SysParamCom_COM.xml
Res\_x86\_Mill\CHT\string\SysParamCht_COM.xml
Res\_x86\_Mill\CHS\string\SysParamChs_COM.xml
Res\_x86\_Lathe\Res\0_milpmeng.pin
Res\_x86\_Lathe\Res\11_milpmeng.pin
Res\_x86\_Lathe\Res\1_latpmeng.pin
Res\_x86\_Lathe\Res\2_latpmeng.pin
Res\_x86\_Lathe\Res\3_latpmeng.pin
Res\_x86\_Lathe\Res\latmacro.res
Res\_x86\_Lathe\Res\roteng.pin
Res\_x86\_Lathe\Res\rotposeng.pin
Res\_x86\_Lathe\Res\splcaeng.pin
Res\_x86\_Lathe\Res\sysmacro.res
Res\_x86\_Lathe\Res\syspmeng.pin
Res\_x86\_Lathe\Res\VelGlitchCompEng.pin
Res\_x86\_Lathe\Data\CncBase_Ext.ini
Res\_x86\_Lathe\Common\SyntecParam.xml
Res\_x86\_Lathe\Common\string\SysParamCom_COM.xml
Res\_x86\_Lathe\CHT\string\SysParamCht_COM.xml
Res\_x86\_Lathe\CHS\string\SysParamChs_COM.xml
Res\_Arm\_WOOD\_610B-H\Res\0_milpmeng.pin
Res\_Arm\_WOOD\_610B-H\Res\milmacro.res
Res\_Arm\_WOOD\_610B-H\Res\roteng.pin
Res\_Arm\_WOOD\_610B-H\Res\rotposeng.pin
Res\_Arm\_WOOD\_610B-H\Res\splcaeng.pin
Res\_Arm\_WOOD\_610B-H\Res\sripmeng.pin
Res\_Arm\_WOOD\_610B-H\Res\sysmacro.res
Res\_Arm\_WOOD\_610B-H\Res\syspmeng.pin
Res\_Arm\_WOOD\_610B-H\Res\VelGlitchCompEng.pin
Res\_Arm\_WOOD\_610B-H\Data\CncBase_Ext.ini
Res\_Arm\_WOOD\_610B-H\Common\SyntecParam.xml
Res\_Arm\_WOOD\_610B-H\Common\string\SysParamCom_COM.xml
Res\_Arm\_WOOD\_610B-H\CHT\string\SysParamCht_COM.xml
Res\_Arm\_WOOD\_610B-H\CHS\string\SysParamChs_COM.xml
Res\_Arm\_WOOD\_610A-H\Res\0_milpmeng.pin
Res\_Arm\_WOOD\_610A-H\Res\milmacro.res
Res\_Arm\_WOOD\_610A-H\Res\roteng.pin
Res\_Arm\_WOOD\_610A-H\Res\rotposeng.pin
Res\_Arm\_WOOD\_610A-H\Res\splcaeng.pin
Res\_Arm\_WOOD\_610A-H\Res\sripmeng.pin
Res\_Arm\_WOOD\_610A-H\Res\sysmacro.res
Res\_Arm\_WOOD\_610A-H\Res\syspmeng.pin
Res\_Arm\_WOOD\_610A-H\Res\VelGlitchCompEng.pin
Res\_Arm\_WOOD\_610A-H\Data\CncBase_Ext.ini
Res\_Arm\_WOOD\_610A-H\Common\SyntecParam.xml
Res\_Arm\_WOOD\_610A-H\Common\string\SysParamCom_COM.xml
Res\_Arm\_WOOD\_610A-H\CHT\string\SysParamCht_COM.xml
Res\_Arm\_WOOD\_610A-H\CHS\string\SysParamChs_COM.xml
Res\_Arm\_WOOD\_60A\Res\0_milpmeng.pin
Res\_Arm\_WOOD\_60A\Res\milmacro.res
Res\_Arm\_WOOD\_60A\Res\roteng.pin
Res\_Arm\_WOOD\_60A\Res\rotposeng.pin
Res\_Arm\_WOOD\_60A\Res\splcaeng.pin
Res\_Arm\_WOOD\_60A\Res\sripmeng.pin
Res\_Arm\_WOOD\_60A\Res\sysmacro.res
Res\_Arm\_WOOD\_60A\Res\syspmeng.pin
Res\_Arm\_WOOD\_60A\Res\VelGlitchCompEng.pin
Res\_Arm\_WOOD\_60A\Data\CncBase_Ext.ini
Res\_Arm\_WOOD\_60A\Common\SyntecParam.xml
Res\_Arm\_WOOD\_60A\Common\string\SysParamCom_COM.xml
Res\_Arm\_WOOD\_60A\CHT\string\SysParamCht_COM.xml
Res\_Arm\_WOOD\_60A\CHS\string\SysParamChs_COM.xml
Res\_Arm\_SCARA\_HHB\Common\SyntecParam.xml
Res\_Arm\_SCARA\_HHB\Common\string\SysParamCom_COM.xml
Res\_Arm\_SCARA\_HHB\CHT\string\SysParamCht_COM.xml
Res\_Arm\_SCARA\_HHB\CHS\string\SysParamChs_COM.xml
Res\_Arm\_SCARA\_81R\Res\101_rbpmeng.pin
Res\_Arm\_SCARA\_81R\Res\106_rbpmeng.pin
Res\_Arm\_SCARA\_81R\Res\107_rbpmeng.pin
Res\_Arm\_SCARA\_81R\Res\108_rbpmeng.pin
Res\_Arm\_SCARA\_81R\Res\111_rbpmeng.pin
Res\_Arm\_SCARA\_81R\Res\116_rbpmeng.pin
Res\_Arm\_SCARA\_81R\Res\117_rbpmeng.pin
Res\_Arm\_SCARA\_81R\Res\118_rbpmeng.pin
Res\_Arm\_SCARA\_81R\Res\121_rbpmeng.pin
Res\_Arm\_SCARA\_81R\Res\122_rbpmeng.pin
Res\_Arm\_SCARA\_81R\Res\123_rbpmeng.pin
Res\_Arm\_SCARA\_81R\Res\124_rbpmeng.pin
Res\_Arm\_SCARA\_81R\Res\151_rbpmeng.pin
Res\_Arm\_SCARA\_81R\Res\152_rbpmeng.pin
Res\_Arm\_SCARA\_81R\Res\176_rbpmeng.pin
Res\_Arm\_SCARA\_81R\Res\177_rbpmeng.pin
Res\_Arm\_SCARA\_81R\Res\226_rbpmeng.pin
Res\_Arm\_SCARA\_81R\Res\227_rbpmeng.pin
Res\_Arm\_SCARA\_81R\Res\251_rbpmeng.pin
Res\_Arm\_SCARA\_81R\Res\252_rbpmeng.pin
Res\_Arm\_SCARA\_81R\Res\SCARAMacro.res
Res\_Arm\_SCARA\_81R\Res\splcaeng.pin
Res\_Arm\_SCARA\_81R\Res\sripmeng.pin
Res\_Arm\_SCARA\_81R\Res\sysmacro.res
Res\_Arm\_SCARA\_81R\Res\syspmeng.pin
Res\_Arm\_SCARA\_81R\Res\VelGlitchCompEng.pin
Res\_Arm\_SCARA\_81R\Data\CncBase_Ext.ini
Res\_Arm\_SCARA\_81R\Common\SyntecParam.xml
Res\_Arm\_SCARA\_81R\Common\string\SysParamCom_COM.xml
Res\_Arm\_SCARA\_81R\CHT\string\SysParamCht_COM.xml
Res\_Arm\_SCARA\_81R\CHS\string\SysParamChs_COM.xml
Res\_Arm\_SCARA\_80R\Res\101_rbpmeng.pin
Res\_Arm\_SCARA\_80R\Res\106_rbpmeng.pin
Res\_Arm\_SCARA\_80R\Res\107_rbpmeng.pin
Res\_Arm\_SCARA\_80R\Res\108_rbpmeng.pin
Res\_Arm\_SCARA\_80R\Res\111_rbpmeng.pin
Res\_Arm\_SCARA\_80R\Res\116_rbpmeng.pin
Res\_Arm\_SCARA\_80R\Res\117_rbpmeng.pin
Res\_Arm\_SCARA\_80R\Res\118_rbpmeng.pin
Res\_Arm\_SCARA\_80R\Res\121_rbpmeng.pin
Res\_Arm\_SCARA\_80R\Res\122_rbpmeng.pin
Res\_Arm\_SCARA\_80R\Res\123_rbpmeng.pin
Res\_Arm\_SCARA\_80R\Res\124_rbpmeng.pin
Res\_Arm\_SCARA\_80R\Res\151_rbpmeng.pin
Res\_Arm\_SCARA\_80R\Res\152_rbpmeng.pin
Res\_Arm\_SCARA\_80R\Res\176_rbpmeng.pin
Res\_Arm\_SCARA\_80R\Res\177_rbpmeng.pin
Res\_Arm\_SCARA\_80R\Res\226_rbpmeng.pin
Res\_Arm\_SCARA\_80R\Res\227_rbpmeng.pin
Res\_Arm\_SCARA\_80R\Res\251_rbpmeng.pin
Res\_Arm\_SCARA\_80R\Res\252_rbpmeng.pin
Res\_Arm\_SCARA\_80R\Res\SCARAMacro.res
Res\_Arm\_SCARA\_80R\Res\splcaeng.pin
Res\_Arm\_SCARA\_80R\Res\sripmeng.pin
Res\_Arm\_SCARA\_80R\Res\sysmacro.res
Res\_Arm\_SCARA\_80R\Res\syspmeng.pin
Res\_Arm\_SCARA\_80R\Res\VelGlitchCompEng.pin
Res\_Arm\_SCARA\_80R\Data\CncBase_Ext.ini
Res\_Arm\_SCARA\_80R\Common\SyntecParam.xml
Res\_Arm\_SCARA\_80R\Common\string\SysParamCom_COM.xml
Res\_Arm\_SCARA\_80R\CHT\string\SysParamCht_COM.xml
Res\_Arm\_SCARA\_80R\CHS\string\SysParamChs_COM.xml
Res\_Arm\_SCARA\Macro\G0100
Res\_Arm\_SCARA\Macro\G0101
Res\_Arm\_SCARA\Macro\G0102
Res\_Arm\_SCARA\Macro\G0103
Res\_Arm\_SCARA\Macro\G0104
Res\_Arm\_SCARA\Macro\G0105
Res\_Arm\_SCARA\Macro\G0106
Res\_Arm\_SCARA\Macro\G0107
Res\_Arm\_SCARA\Macro\G0108
Res\_Arm\_SCARA\Macro\G0109
Res\_Arm\_SCARA\Macro\G0110
Res\_Arm\_SCARA\Macro\G0111
Res\_Arm\_Scanning\_71A\Res\0_milpmeng.pin
Res\_Arm\_Scanning\_71A\Res\laserctrleng.pin
Res\_Arm\_Scanning\_71A\Res\lasergaeng.pin
Res\_Arm\_Scanning\_71A\Res\milmacro.res
Res\_Arm\_Scanning\_71A\Res\ScanMacro.res
Res\_Arm\_Scanning\_71A\Res\splcaeng.pin
Res\_Arm\_Scanning\_71A\Res\sripmeng.pin
Res\_Arm\_Scanning\_71A\Res\sysmacro.res
Res\_Arm\_Scanning\_71A\Res\syspmeng.pin
Res\_Arm\_Scanning\_71A\Res\VelGlitchCompEng.pin
Res\_Arm\_Scanning\_71A\Macro\G0550
Res\_Arm\_Scanning\_71A\Macro\G0551
Res\_Arm\_Scanning\_71A\Data\CncBase_Ext.ini
Res\_Arm\_Scanning\_71A\Common\SyntecParam.xml
Res\_Arm\_Scanning\_71A\Common\string\SysParamCom_COM.xml
Res\_Arm\_Scanning\_71A\CHT\string\SysParamCht_COM.xml
Res\_Arm\_Scanning\_71A\CHS\string\SysParamChs_COM.xml
Res\_Arm\_Scanning\_70B\Res\0_milpmeng.pin
Res\_Arm\_Scanning\_70B\Res\laserctrleng.pin
Res\_Arm\_Scanning\_70B\Res\lasergaeng.pin
Res\_Arm\_Scanning\_70B\Res\milmacro.res
Res\_Arm\_Scanning\_70B\Res\ScanMacro.res
Res\_Arm\_Scanning\_70B\Res\splcaeng.pin
Res\_Arm\_Scanning\_70B\Res\sripmeng.pin
Res\_Arm\_Scanning\_70B\Res\sysmacro.res
Res\_Arm\_Scanning\_70B\Res\syspmeng.pin
Res\_Arm\_Scanning\_70B\Res\VelGlitchCompEng.pin
Res\_Arm\_Scanning\_70B\Macro\G0550
Res\_Arm\_Scanning\_70B\Macro\G0551
Res\_Arm\_Scanning\_70B\Data\CncBase_Ext.ini
Res\_Arm\_Scanning\_70B\Common\SyntecParam.xml
Res\_Arm\_Scanning\_70B\Common\string\SysParamCom_COM.xml
Res\_Arm\_Scanning\_70B\CHT\string\SysParamCht_COM.xml
Res\_Arm\_Scanning\_70B\CHS\string\SysParamChs_COM.xml
Res\_Arm\_Scanning\_70A\Res\0_milpmeng.pin
Res\_Arm\_Scanning\_70A\Res\laserctrleng.pin
Res\_Arm\_Scanning\_70A\Res\lasergaeng.pin
Res\_Arm\_Scanning\_70A\Res\milmacro.res
Res\_Arm\_Scanning\_70A\Res\sripmeng.pin
Res\_Arm\_Scanning\_70A\Res\sysmacro.res
Res\_Arm\_Scanning\_70A\Res\syspmeng.pin
Res\_Arm\_Scanning\_70A\Res\VelGlitchCompEng.pin
Res\_Arm\_Scanning\_70A\Data\CncBase_Ext.ini
Res\_Arm\_Scanning\_70A\Common\SyntecParam.xml
Res\_Arm\_Scanning\_70A\Common\string\SysParamCom_COM.xml
Res\_Arm\_Scanning\_70A\CHT\string\SysParamCht_COM.xml
Res\_Arm\_Scanning\_70A\CHS\string\SysParamChs_COM.xml
Res\_Arm\_PRINT\_60C\Res\0_milpmeng.pin
Res\_Arm\_PRINT\_60C\Res\milmacro.res
Res\_Arm\_PRINT\_60C\Res\PrintMacro.res
Res\_Arm\_PRINT\_60C\Res\splcaeng.pin
Res\_Arm\_PRINT\_60C\Res\sripmeng.pin
Res\_Arm\_PRINT\_60C\Res\sysmacro.res
Res\_Arm\_PRINT\_60C\Res\syspmeng.pin
Res\_Arm\_PRINT\_60C\Res\VelGlitchCompEng.pin
Res\_Arm\_PRINT\_60C\Macro\G0300
Res\_Arm\_PRINT\_60C\Macro\G0301
Res\_Arm\_PRINT\_60C\Macro\G0304
Res\_Arm\_PRINT\_60C\Macro\G0305
Res\_Arm\_PRINT\_60C\Macro\G0306
Res\_Arm\_PRINT\_60C\Macro\G0307
Res\_Arm\_PRINT\_60C\Macro\G0308
Res\_Arm\_PRINT\_60C\Macro\G0404
Res\_Arm\_PRINT\_60C\Macro\G0405
Res\_Arm\_PRINT\_60C\Macro\G0406
Res\_Arm\_PRINT\_60C\Macro\G0407
Res\_Arm\_PRINT\_60C\Macro\G0500
Res\_Arm\_PRINT\_60C\Macro\G0502
Res\_Arm\_PRINT\_60C\Macro\G0503
Res\_Arm\_PRINT\_60C\Macro\G0600
Res\_Arm\_PRINT\_60C\Macro\G0601
Res\_Arm\_PRINT\_60C\Macro\G0700
Res\_Arm\_PRINT\_60C\Macro\G0800
Res\_Arm\_PRINT\_60C\Macro\G0900
Res\_Arm\_PRINT\_60C\Macro\G1100
Res\_Arm\_PRINT\_60C\Macro\G1200
Res\_Arm\_PRINT\_60C\Macro\G1300
Res\_Arm\_PRINT\_60C\Macro\G1400
Res\_Arm\_PRINT\_60C\Macro\G1500
Res\_Arm\_PRINT\_60C\Macro\G304100
Res\_Arm\_PRINT\_60C\Macro\O0302
Res\_Arm\_PRINT\_60C\Macro\O0303
Res\_Arm\_PRINT\_60C\Macro\O0307
Res\_Arm\_PRINT\_60C\Macro\O0309
Res\_Arm\_PRINT\_60C\Macro\O0333
Res\_Arm\_PRINT\_60C\Macro\O0401
Res\_Arm\_PRINT\_60C\Macro\O0402
Res\_Arm\_PRINT\_60C\Macro\O0403
Res\_Arm\_PRINT\_60C\Macro\O0500
Res\_Arm\_PRINT\_60C\Macro\O0501
Res\_Arm\_PRINT\_60C\Data\CncBase_Ext.ini
Res\_Arm\_PRINT\_60C\Common\SyntecParam.xml
Res\_Arm\_PRINT\_60C\Common\string\SysParamCom_COM.xml
Res\_Arm\_PRINT\_60C\CHT\string\SysParamCht_COM.xml
Res\_Arm\_PRINT\_60C\CHS\string\SysParamChs_COM.xml
Res\_Arm\_PRINT\_60B\Res\0_milpmeng.pin
Res\_Arm\_PRINT\_60B\Res\milmacro.res
Res\_Arm\_PRINT\_60B\Res\PrintMacro.res
Res\_Arm\_PRINT\_60B\Res\sysmacro.res
Res\_Arm\_PRINT\_60B\Res\syspmeng.pin
Res\_Arm\_PRINT\_60B\Res\VelGlitchCompEng.pin
Res\_Arm\_PRINT\_60B\Macro\G0300
Res\_Arm\_PRINT\_60B\Macro\G0301
Res\_Arm\_PRINT\_60B\Macro\G0304
Res\_Arm\_PRINT\_60B\Macro\G0305
Res\_Arm\_PRINT\_60B\Macro\G0306
Res\_Arm\_PRINT\_60B\Macro\G0307
Res\_Arm\_PRINT\_60B\Macro\G0308
Res\_Arm\_PRINT\_60B\Macro\G0404
Res\_Arm\_PRINT\_60B\Macro\G0405
Res\_Arm\_PRINT\_60B\Macro\G0406
Res\_Arm\_PRINT\_60B\Macro\G0407
Res\_Arm\_PRINT\_60B\Macro\G0500
Res\_Arm\_PRINT\_60B\Macro\G0502
Res\_Arm\_PRINT\_60B\Macro\G0503
Res\_Arm\_PRINT\_60B\Macro\G0600
Res\_Arm\_PRINT\_60B\Macro\G0601
Res\_Arm\_PRINT\_60B\Macro\G0700
Res\_Arm\_PRINT\_60B\Macro\G0800
Res\_Arm\_PRINT\_60B\Macro\G0900
Res\_Arm\_PRINT\_60B\Macro\G1100
Res\_Arm\_PRINT\_60B\Macro\G1200
Res\_Arm\_PRINT\_60B\Macro\G1300
Res\_Arm\_PRINT\_60B\Macro\G1400
Res\_Arm\_PRINT\_60B\Macro\G1500
Res\_Arm\_PRINT\_60B\Macro\G304100
Res\_Arm\_PRINT\_60B\Macro\O0302
Res\_Arm\_PRINT\_60B\Macro\O0303
Res\_Arm\_PRINT\_60B\Macro\O0307
Res\_Arm\_PRINT\_60B\Macro\O0309
Res\_Arm\_PRINT\_60B\Macro\O0333
Res\_Arm\_PRINT\_60B\Macro\O0401
Res\_Arm\_PRINT\_60B\Macro\O0402
Res\_Arm\_PRINT\_60B\Macro\O0403
Res\_Arm\_PRINT\_60B\Macro\O0500
Res\_Arm\_PRINT\_60B\Macro\O0501
Res\_Arm\_PRINT\_60B\Data\CncBase_Ext.ini
Res\_Arm\_PRINT\_60B\Common\SyntecParam.xml
Res\_Arm\_PRINT\_60B\Common\string\SysParamCom_COM.xml
Res\_Arm\_PRINT\_60B\CHT\string\SysParamCht_COM.xml
Res\_Arm\_PRINT\_60B\CHS\string\SysParamChs_COM.xml
Res\_Arm\_Mill\_SUPER-X\Res\0_milpmeng.pin
Res\_Arm\_Mill\_SUPER-X\Res\11_milpmeng.pin
Res\_Arm\_Mill\_SUPER-X\Res\1_latpmeng.pin
Res\_Arm\_Mill\_SUPER-X\Res\2_latpmeng.pin
Res\_Arm\_Mill\_SUPER-X\Res\3_latpmeng.pin
Res\_Arm\_Mill\_SUPER-X\Res\milmacro.res
Res\_Arm\_Mill\_SUPER-X\Res\roteng.pin
Res\_Arm\_Mill\_SUPER-X\Res\rotposeng.pin
Res\_Arm\_Mill\_SUPER-X\Res\splcaeng.pin
Res\_Arm\_Mill\_SUPER-X\Res\sysmacro.res
Res\_Arm\_Mill\_SUPER-X\Res\syspmeng.pin
Res\_Arm\_Mill\_SUPER-X\Res\VelGlitchCompEng.pin
Res\_Arm\_Mill\_SUPER-X\Data\CncBase_Ext.ini
Res\_Arm\_Mill\_SUPER-X\Common\SyntecParam.xml
Res\_Arm\_Mill\_SUPER-X\Common\string\SysParamCom_COM.xml
Res\_Arm\_Mill\_SUPER-X\CHT\string\SysParamCht_COM.xml
Res\_Arm\_Mill\_SUPER-X\CHS\string\SysParamChs_COM.xml
Res\_Arm\_Mill\_7A\Res\0_milpmeng.pin
Res\_Arm\_Mill\_7A\Res\milmacro.res
Res\_Arm\_Mill\_7A\Res\roteng.pin
Res\_Arm\_Mill\_7A\Res\rotposeng.pin
Res\_Arm\_Mill\_7A\Res\splcaeng.pin
Res\_Arm\_Mill\_7A\Res\sripmeng.pin
Res\_Arm\_Mill\_7A\Res\sysmacro.res
Res\_Arm\_Mill\_7A\Res\syspmeng.pin
Res\_Arm\_Mill\_7A\Res\VelGlitchCompEng.pin
Res\_Arm\_Mill\_7A\Data\CncBase_Ext.ini
Res\_Arm\_Mill\_7A\Common\SyntecParam.xml
Res\_Arm\_Mill\_7A\Common\string\SysParamCom_COM.xml
Res\_Arm\_Mill\_7A\CHT\string\SysParamCht_COM.xml
Res\_Arm\_Mill\_7A\CHS\string\SysParamChs_COM.xml
Res\_Arm\_Mill\_6D-H\Res\0_milpmeng.pin
Res\_Arm\_Mill\_6D-H\Res\milmacro.res
Res\_Arm\_Mill\_6D-H\Res\roteng.pin
Res\_Arm\_Mill\_6D-H\Res\rotposeng.pin
Res\_Arm\_Mill\_6D-H\Res\splcaeng.pin
Res\_Arm\_Mill\_6D-H\Res\sripmeng.pin
Res\_Arm\_Mill\_6D-H\Res\sysmacro.res
Res\_Arm\_Mill\_6D-H\Res\syspmeng.pin
Res\_Arm\_Mill\_6D-H\Res\VelGlitchCompEng.pin
Res\_Arm\_Mill\_6D-H\Res\WoodMacro.res
Res\_Arm\_Mill\_6D-H\Macro\G0301
Res\_Arm\_Mill\_6D-H\Macro\G0304
Res\_Arm\_Mill\_6D-H\Macro\G0305
Res\_Arm\_Mill\_6D-H\Macro\G0306
Res\_Arm\_Mill\_6D-H\Macro\G0307
Res\_Arm\_Mill\_6D-H\Macro\G0308
Res\_Arm\_Mill\_6D-H\Macro\G0450
Res\_Arm\_Mill\_6D-H\Macro\G0500
Res\_Arm\_Mill\_6D-H\Macro\G0502
Res\_Arm\_Mill\_6D-H\Macro\G0503
Res\_Arm\_Mill\_6D-H\Macro\G0600
Res\_Arm\_Mill\_6D-H\Macro\G0601
Res\_Arm\_Mill\_6D-H\Macro\G1100
Res\_Arm\_Mill\_6D-H\Macro\G1200
Res\_Arm\_Mill\_6D-H\Macro\G1300
Res\_Arm\_Mill\_6D-H\Macro\G1400
Res\_Arm\_Mill\_6D-H\Macro\G1500
Res\_Arm\_Mill\_6D-H\Macro\G304100
Res\_Arm\_Mill\_6D-H\Macro\O0302
Res\_Arm\_Mill\_6D-H\Macro\O0303
Res\_Arm\_Mill\_6D-H\Macro\O0307
Res\_Arm\_Mill\_6D-H\Macro\O0309
Res\_Arm\_Mill\_6D-H\Macro\O0333
Res\_Arm\_Mill\_6D-H\Macro\O0402
Res\_Arm\_Mill\_6D-H\Macro\O0403
Res\_Arm\_Mill\_6D-H\Macro\O0500
Res\_Arm\_Mill\_6D-H\Data\CncBase_Ext.ini
Res\_Arm\_Mill\_6D-H\Common\SyntecParam.xml
Res\_Arm\_Mill\_6D-H\Common\string\SysParamCom_COM.xml
Res\_Arm\_Mill\_6D-H\CHT\string\SysParamCht_COM.xml
Res\_Arm\_Mill\_6D-H\CHS\string\SysParamChs_COM.xml
Res\_Arm\_Mill\_6D\Res\0_milpmeng.pin
Res\_Arm\_Mill\_6D\Res\milmacro.res
Res\_Arm\_Mill\_6D\Res\roteng.pin
Res\_Arm\_Mill\_6D\Res\rotposeng.pin
Res\_Arm\_Mill\_6D\Res\splcaeng.pin
Res\_Arm\_Mill\_6D\Res\sysmacro.res
Res\_Arm\_Mill\_6D\Res\syspmeng.pin
Res\_Arm\_Mill\_6D\Res\VelGlitchCompEng.pin
Res\_Arm\_Mill\_6D\Res\WoodMacro.res
Res\_Arm\_Mill\_6D\Macro\G0301
Res\_Arm\_Mill\_6D\Macro\G0304
Res\_Arm\_Mill\_6D\Macro\G0305
Res\_Arm\_Mill\_6D\Macro\G0306
Res\_Arm\_Mill\_6D\Macro\G0307
Res\_Arm\_Mill\_6D\Macro\G0308
Res\_Arm\_Mill\_6D\Macro\G0450
Res\_Arm\_Mill\_6D\Macro\G0500
Res\_Arm\_Mill\_6D\Macro\G0502
Res\_Arm\_Mill\_6D\Macro\G0503
Res\_Arm\_Mill\_6D\Macro\G0600
Res\_Arm\_Mill\_6D\Macro\G0601
Res\_Arm\_Mill\_6D\Macro\G1100
Res\_Arm\_Mill\_6D\Macro\G1200
Res\_Arm\_Mill\_6D\Macro\G1300
Res\_Arm\_Mill\_6D\Macro\G1400
Res\_Arm\_Mill\_6D\Macro\G1500
Res\_Arm\_Mill\_6D\Macro\G304100
Res\_Arm\_Mill\_6D\Macro\O0302
Res\_Arm\_Mill\_6D\Macro\O0303
Res\_Arm\_Mill\_6D\Macro\O0307
Res\_Arm\_Mill\_6D\Macro\O0309
Res\_Arm\_Mill\_6D\Macro\O0333
Res\_Arm\_Mill\_6D\Macro\O0402
Res\_Arm\_Mill\_6D\Macro\O0403
Res\_Arm\_Mill\_6D\Macro\O0500
Res\_Arm\_Mill\_6D\Data\CncBase_Ext.ini
Res\_Arm\_Mill\_6D\Common\SyntecParam.xml
Res\_Arm\_Mill\_6D\Common\string\SysParamCom_COM.xml
Res\_Arm\_Mill\_6D\CHT\string\SysParamCht_COM.xml
Res\_Arm\_Mill\_6D\CHS\string\SysParamChs_COM.xml
Res\_Arm\_Mill\_6B\Res\0_milpmeng.pin
Res\_Arm\_Mill\_6B\Res\milmacro.res
Res\_Arm\_Mill\_6B\Res\sysmacro.res
Res\_Arm\_Mill\_6B\Res\syspmeng.pin
Res\_Arm\_Mill\_6B\Res\VelGlitchCompEng.pin
Res\_Arm\_Mill\_6B\Res\WoodMacro.res
Res\_Arm\_Mill\_6B\Macro\G0301
Res\_Arm\_Mill\_6B\Macro\G0304
Res\_Arm\_Mill\_6B\Macro\G0305
Res\_Arm\_Mill\_6B\Macro\G0306
Res\_Arm\_Mill\_6B\Macro\G0307
Res\_Arm\_Mill\_6B\Macro\G0308
Res\_Arm\_Mill\_6B\Macro\G0450
Res\_Arm\_Mill\_6B\Macro\G0500
Res\_Arm\_Mill\_6B\Macro\G0502
Res\_Arm\_Mill\_6B\Macro\G0503
Res\_Arm\_Mill\_6B\Macro\G0600
Res\_Arm\_Mill\_6B\Macro\G0601
Res\_Arm\_Mill\_6B\Macro\G1100
Res\_Arm\_Mill\_6B\Macro\G1200
Res\_Arm\_Mill\_6B\Macro\G1300
Res\_Arm\_Mill\_6B\Macro\G1400
Res\_Arm\_Mill\_6B\Macro\G1500
Res\_Arm\_Mill\_6B\Macro\G304100
Res\_Arm\_Mill\_6B\Macro\O0302
Res\_Arm\_Mill\_6B\Macro\O0303
Res\_Arm\_Mill\_6B\Macro\O0307
Res\_Arm\_Mill\_6B\Macro\O0309
Res\_Arm\_Mill\_6B\Macro\O0333
Res\_Arm\_Mill\_6B\Macro\O0402
Res\_Arm\_Mill\_6B\Macro\O0403
Res\_Arm\_Mill\_6B\Macro\O0500
Res\_Arm\_Mill\_6B\Data\CncBase_Ext.ini
Res\_Arm\_Mill\_6B\Common\SyntecParam.xml
Res\_Arm\_Mill\_6B\Common\string\SysParamCom_COM.xml
Res\_Arm\_Mill\_6B\CHT\string\SysParamCht_COM.xml
Res\_Arm\_Mill\_6B\CHS\string\SysParamChs_COM.xml
Res\_Arm\_Mill\_6A\Res\0_milpmeng.pin
Res\_Arm\_Mill\_6A\Res\milmacro.res
Res\_Arm\_Mill\_6A\Res\sysmacro.res
Res\_Arm\_Mill\_6A\Res\syspmeng.pin
Res\_Arm\_Mill\_6A\Res\VelGlitchCompEng.pin
Res\_Arm\_Mill\_6A\Res\WoodMacro.res
Res\_Arm\_Mill\_6A\Macro\G0301
Res\_Arm\_Mill\_6A\Macro\G0304
Res\_Arm\_Mill\_6A\Macro\G0305
Res\_Arm\_Mill\_6A\Macro\G0306
Res\_Arm\_Mill\_6A\Macro\G0307
Res\_Arm\_Mill\_6A\Macro\G0308
Res\_Arm\_Mill\_6A\Macro\G0450
Res\_Arm\_Mill\_6A\Macro\G0500
Res\_Arm\_Mill\_6A\Macro\G0502
Res\_Arm\_Mill\_6A\Macro\G0503
Res\_Arm\_Mill\_6A\Macro\G0600
Res\_Arm\_Mill\_6A\Macro\G0601
Res\_Arm\_Mill\_6A\Macro\G1100
Res\_Arm\_Mill\_6A\Macro\G1200
Res\_Arm\_Mill\_6A\Macro\G1300
Res\_Arm\_Mill\_6A\Macro\G1400
Res\_Arm\_Mill\_6A\Macro\G1500
Res\_Arm\_Mill\_6A\Macro\G304100
Res\_Arm\_Mill\_6A\Macro\O0302
Res\_Arm\_Mill\_6A\Macro\O0303
Res\_Arm\_Mill\_6A\Macro\O0307
Res\_Arm\_Mill\_6A\Macro\O0309
Res\_Arm\_Mill\_6A\Macro\O0333
Res\_Arm\_Mill\_6A\Macro\O0402
Res\_Arm\_Mill\_6A\Macro\O0403
Res\_Arm\_Mill\_6A\Macro\O0500
Res\_Arm\_Mill\_6A\Data\CncBase_Ext.ini
Res\_Arm\_Mill\_6A\Common\SyntecParam.xml
Res\_Arm\_Mill\_6A\Common\string\SysParamCom_COM.xml
Res\_Arm\_Mill\_6A\CHT\string\SysParamCht_COM.xml
Res\_Arm\_Mill\_6A\CHS\string\SysParamChs_COM.xml
Res\_Arm\_Mill\_30GM\Res\0_milpmeng.pin
Res\_Arm\_Mill\_30GM\Res\milmacro.res
Res\_Arm\_Mill\_30GM\Res\sysmacro.res
Res\_Arm\_Mill\_30GM\Res\syspmeng.pin
Res\_Arm\_Mill\_30GM\Res\VelGlitchCompEng.pin
Res\_Arm\_Mill\_30GM\Data\CncBase_Ext.ini
Res\_Arm\_Mill\_30GM\Common\SyntecParam.xml
Res\_Arm\_Mill\_30GM\Common\string\SysParamCom_COM.xml
Res\_Arm\_Mill\_30GM\CHT\string\SysParamCht_COM.xml
Res\_Arm\_Mill\_30GM\CHS\string\SysParamChs_COM.xml
Res\_Arm\_Mill\_22A\Res\0_milpmeng.pin
Res\_Arm\_Mill\_22A\Res\milmacro.res
Res\_Arm\_Mill\_22A\Res\roteng.pin
Res\_Arm\_Mill\_22A\Res\rotposeng.pin
Res\_Arm\_Mill\_22A\Res\splcaeng.pin
Res\_Arm\_Mill\_22A\Res\sripmeng.pin
Res\_Arm\_Mill\_22A\Res\sysmacro.res
Res\_Arm\_Mill\_22A\Res\syspmeng.pin
Res\_Arm\_Mill\_22A\Res\VelGlitchCompEng.pin
Res\_Arm\_Mill\_22A\Data\CncBase_Ext.ini
Res\_Arm\_Mill\_22A\Common\SyntecParam.xml
Res\_Arm\_Mill\_22A\Common\string\SysParamCom_COM.xml
Res\_Arm\_Mill\_22A\CHT\string\SysParamCht_COM.xml
Res\_Arm\_Mill\_22A\CHS\string\SysParamChs_COM.xml
Res\_Arm\_Mill\_220B-5\Res\0_milpmeng.pin
Res\_Arm\_Mill\_220B-5\Res\milmacro.res
Res\_Arm\_Mill\_220B-5\Res\roteng.pin
Res\_Arm\_Mill\_220B-5\Res\rotposeng.pin
Res\_Arm\_Mill\_220B-5\Res\splcaeng.pin
Res\_Arm\_Mill\_220B-5\Res\sripmeng.pin
Res\_Arm\_Mill\_220B-5\Res\sysmacro.res
Res\_Arm\_Mill\_220B-5\Res\syspmeng.pin
Res\_Arm\_Mill\_220B-5\Res\VelGlitchCompEng.pin
Res\_Arm\_Mill\_220B-5\Data\CncBase_Ext.ini
Res\_Arm\_Mill\_220B-5\Common\SyntecParam.xml
Res\_Arm\_Mill\_220B-5\Common\string\SysParamCom_COM.xml
Res\_Arm\_Mill\_220B-5\CHT\string\SysParamCht_COM.xml
Res\_Arm\_Mill\_220B-5\CHS\string\SysParamChs_COM.xml
Res\_Arm\_Mill\_220B\Res\0_milpmeng.pin
Res\_Arm\_Mill\_220B\Res\milmacro.res
Res\_Arm\_Mill\_220B\Res\roteng.pin
Res\_Arm\_Mill\_220B\Res\rotposeng.pin
Res\_Arm\_Mill\_220B\Res\splcaeng.pin
Res\_Arm\_Mill\_220B\Res\sripmeng.pin
Res\_Arm\_Mill\_220B\Res\sysmacro.res
Res\_Arm\_Mill\_220B\Res\syspmeng.pin
Res\_Arm\_Mill\_220B\Res\VelGlitchCompEng.pin
Res\_Arm\_Mill\_220B\Data\CncBase_Ext.ini
Res\_Arm\_Mill\_220B\Common\SyntecParam.xml
Res\_Arm\_Mill\_220B\Common\string\SysParamCom_COM.xml
Res\_Arm\_Mill\_220B\CHT\string\SysParamCht_COM.xml
Res\_Arm\_Mill\_220B\CHS\string\SysParamChs_COM.xml
Res\_Arm\_Mill\_220A-5\Res\0_milpmeng.pin
Res\_Arm\_Mill\_220A-5\Res\milmacro.res
Res\_Arm\_Mill\_220A-5\Res\roteng.pin
Res\_Arm\_Mill\_220A-5\Res\rotposeng.pin
Res\_Arm\_Mill\_220A-5\Res\splcaeng.pin
Res\_Arm\_Mill\_220A-5\Res\sripmeng.pin
Res\_Arm\_Mill\_220A-5\Res\sysmacro.res
Res\_Arm\_Mill\_220A-5\Res\syspmeng.pin
Res\_Arm\_Mill\_220A-5\Res\VelGlitchCompEng.pin
Res\_Arm\_Mill\_220A-5\Data\CncBase_Ext.ini
Res\_Arm\_Mill\_220A-5\Common\SyntecParam.xml
Res\_Arm\_Mill\_220A-5\Common\string\SysParamCom_COM.xml
Res\_Arm\_Mill\_220A-5\CHT\string\SysParamCht_COM.xml
Res\_Arm\_Mill\_220A-5\CHS\string\SysParamChs_COM.xml
Res\_Arm\_Mill\_220A\Res\0_milpmeng.pin
Res\_Arm\_Mill\_220A\Res\milmacro.res
Res\_Arm\_Mill\_220A\Res\roteng.pin
Res\_Arm\_Mill\_220A\Res\rotposeng.pin
Res\_Arm\_Mill\_220A\Res\splcaeng.pin
Res\_Arm\_Mill\_220A\Res\sripmeng.pin
Res\_Arm\_Mill\_220A\Res\sysmacro.res
Res\_Arm\_Mill\_220A\Res\syspmeng.pin
Res\_Arm\_Mill\_220A\Res\VelGlitchCompEng.pin
Res\_Arm\_Mill\_220A\Data\CncBase_Ext.ini
Res\_Arm\_Mill\_220A\Common\SyntecParam.xml
Res\_Arm\_Mill\_220A\Common\string\SysParamCom_COM.xml
Res\_Arm\_Mill\_220A\CHT\string\SysParamCht_COM.xml
Res\_Arm\_Mill\_220A\CHS\string\SysParamChs_COM.xml
Res\_Arm\_Mill\_21A-X\Res\0_milpmeng.pin
Res\_Arm\_Mill\_21A-X\Res\milmacro.res
Res\_Arm\_Mill\_21A-X\Res\roteng.pin
Res\_Arm\_Mill\_21A-X\Res\rotposeng.pin
Res\_Arm\_Mill\_21A-X\Res\splcaeng.pin
Res\_Arm\_Mill\_21A-X\Res\sysmacro.res
Res\_Arm\_Mill\_21A-X\Res\syspmeng.pin
Res\_Arm\_Mill\_21A-X\Res\VelGlitchCompEng.pin
Res\_Arm\_Mill\_21A-X\Data\CncBase_Ext.ini
Res\_Arm\_Mill\_21A-X\Common\SyntecParam.xml
Res\_Arm\_Mill\_21A-X\Common\string\SysParamCom_COM.xml
Res\_Arm\_Mill\_21A-X\CHT\string\SysParamCht_COM.xml
Res\_Arm\_Mill\_21A-X\CHS\string\SysParamChs_COM.xml
Res\_Arm\_Mill\_21A-H\Res\0_milpmeng.pin
Res\_Arm\_Mill\_21A-H\Res\milmacro.res
Res\_Arm\_Mill\_21A-H\Res\roteng.pin
Res\_Arm\_Mill\_21A-H\Res\rotposeng.pin
Res\_Arm\_Mill\_21A-H\Res\splcaeng.pin
Res\_Arm\_Mill\_21A-H\Res\sripmeng.pin
Res\_Arm\_Mill\_21A-H\Res\sysmacro.res
Res\_Arm\_Mill\_21A-H\Res\syspmeng.pin
Res\_Arm\_Mill\_21A-H\Res\VelGlitchCompEng.pin
Res\_Arm\_Mill\_21A-H\Data\CncBase_Ext.ini
Res\_Arm\_Mill\_21A-H\Common\SyntecParam.xml
Res\_Arm\_Mill\_21A-H\Common\string\SysParamCom_COM.xml
Res\_Arm\_Mill\_21A-H\CHT\string\SysParamCht_COM.xml
Res\_Arm\_Mill\_21A-H\CHS\string\SysParamChs_COM.xml
Res\_Arm\_Mill\_21A\Res\0_milpmeng.pin
Res\_Arm\_Mill\_21A\Res\milmacro.res
Res\_Arm\_Mill\_21A\Res\roteng.pin
Res\_Arm\_Mill\_21A\Res\rotposeng.pin
Res\_Arm\_Mill\_21A\Res\splcaeng.pin
Res\_Arm\_Mill\_21A\Res\sysmacro.res
Res\_Arm\_Mill\_21A\Res\syspmeng.pin
Res\_Arm\_Mill\_21A\Res\VelGlitchCompEng.pin
Res\_Arm\_Mill\_21A\Data\CncBase_Ext.ini
Res\_Arm\_Mill\_21A\Common\SyntecParam.xml
Res\_Arm\_Mill\_21A\Common\string\SysParamCom_COM.xml
Res\_Arm\_Mill\_21A\CHT\string\SysParamCht_COM.xml
Res\_Arm\_Mill\_21A\CHS\string\SysParamChs_COM.xml
Res\_Arm\_Mill\_210B-H5\Res\0_milpmeng.pin
Res\_Arm\_Mill\_210B-H5\Res\milmacro.res
Res\_Arm\_Mill\_210B-H5\Res\roteng.pin
Res\_Arm\_Mill\_210B-H5\Res\rotposeng.pin
Res\_Arm\_Mill\_210B-H5\Res\splcaeng.pin
Res\_Arm\_Mill\_210B-H5\Res\sripmeng.pin
Res\_Arm\_Mill\_210B-H5\Res\sysmacro.res
Res\_Arm\_Mill\_210B-H5\Res\syspmeng.pin
Res\_Arm\_Mill\_210B-H5\Res\VelGlitchCompEng.pin
Res\_Arm\_Mill\_210B-H5\Data\CncBase_Ext.ini
Res\_Arm\_Mill\_210B-H5\Common\SyntecParam.xml
Res\_Arm\_Mill\_210B-H5\Common\string\SysParamCom_COM.xml
Res\_Arm\_Mill\_210B-H5\CHT\string\SysParamCht_COM.xml
Res\_Arm\_Mill\_210B-H5\CHS\string\SysParamChs_COM.xml
Res\_Arm\_Mill\_210B-H\Res\0_milpmeng.pin
Res\_Arm\_Mill\_210B-H\Res\milmacro.res
Res\_Arm\_Mill\_210B-H\Res\roteng.pin
Res\_Arm\_Mill\_210B-H\Res\rotposeng.pin
Res\_Arm\_Mill\_210B-H\Res\splcaeng.pin
Res\_Arm\_Mill\_210B-H\Res\sripmeng.pin
Res\_Arm\_Mill\_210B-H\Res\sysmacro.res
Res\_Arm\_Mill\_210B-H\Res\syspmeng.pin
Res\_Arm\_Mill\_210B-H\Res\VelGlitchCompEng.pin
Res\_Arm\_Mill\_210B-H\Data\CncBase_Ext.ini
Res\_Arm\_Mill\_210B-H\Common\SyntecParam.xml
Res\_Arm\_Mill\_210B-H\Common\string\SysParamCom_COM.xml
Res\_Arm\_Mill\_210B-H\CHT\string\SysParamCht_COM.xml
Res\_Arm\_Mill\_210B-H\CHS\string\SysParamChs_COM.xml
Res\_Arm\_Mill\_210A-H5\Res\0_milpmeng.pin
Res\_Arm\_Mill\_210A-H5\Res\milmacro.res
Res\_Arm\_Mill\_210A-H5\Res\roteng.pin
Res\_Arm\_Mill\_210A-H5\Res\rotposeng.pin
Res\_Arm\_Mill\_210A-H5\Res\splcaeng.pin
Res\_Arm\_Mill\_210A-H5\Res\sripmeng.pin
Res\_Arm\_Mill\_210A-H5\Res\sysmacro.res
Res\_Arm\_Mill\_210A-H5\Res\syspmeng.pin
Res\_Arm\_Mill\_210A-H5\Res\VelGlitchCompEng.pin
Res\_Arm\_Mill\_210A-H5\Data\CncBase_Ext.ini
Res\_Arm\_Mill\_210A-H5\Common\SyntecParam.xml
Res\_Arm\_Mill\_210A-H5\Common\string\SysParamCom_COM.xml
Res\_Arm\_Mill\_210A-H5\CHT\string\SysParamCht_COM.xml
Res\_Arm\_Mill\_210A-H5\CHS\string\SysParamChs_COM.xml
Res\_Arm\_Mill\_210A-H\Res\0_milpmeng.pin
Res\_Arm\_Mill\_210A-H\Res\milmacro.res
Res\_Arm\_Mill\_210A-H\Res\roteng.pin
Res\_Arm\_Mill\_210A-H\Res\rotposeng.pin
Res\_Arm\_Mill\_210A-H\Res\splcaeng.pin
Res\_Arm\_Mill\_210A-H\Res\sripmeng.pin
Res\_Arm\_Mill\_210A-H\Res\sysmacro.res
Res\_Arm\_Mill\_210A-H\Res\syspmeng.pin
Res\_Arm\_Mill\_210A-H\Res\VelGlitchCompEng.pin
Res\_Arm\_Mill\_210A-H\Data\CncBase_Ext.ini
Res\_Arm\_Mill\_210A-H\Common\SyntecParam.xml
Res\_Arm\_Mill\_210A-H\Common\string\SysParamCom_COM.xml
Res\_Arm\_Mill\_210A-H\CHT\string\SysParamCht_COM.xml
Res\_Arm\_Mill\_210A-H\CHS\string\SysParamChs_COM.xml
Res\_Arm\_Mill\_200B-X5\Res\0_milpmeng.pin
Res\_Arm\_Mill\_200B-X5\Res\milmacro.res
Res\_Arm\_Mill\_200B-X5\Res\roteng.pin
Res\_Arm\_Mill\_200B-X5\Res\rotposeng.pin
Res\_Arm\_Mill\_200B-X5\Res\splcaeng.pin
Res\_Arm\_Mill\_200B-X5\Res\sysmacro.res
Res\_Arm\_Mill\_200B-X5\Res\syspmeng.pin
Res\_Arm\_Mill\_200B-X5\Res\VelGlitchCompEng.pin
Res\_Arm\_Mill\_200B-X5\Data\CncBase_Ext.ini
Res\_Arm\_Mill\_200B-X5\Common\SyntecParam.xml
Res\_Arm\_Mill\_200B-X5\Common\string\SysParamCom_COM.xml
Res\_Arm\_Mill\_200B-X5\CHT\string\SysParamCht_COM.xml
Res\_Arm\_Mill\_200B-X5\CHS\string\SysParamChs_COM.xml
Res\_Arm\_Mill\_200B-X\Res\0_milpmeng.pin
Res\_Arm\_Mill\_200B-X\Res\milmacro.res
Res\_Arm\_Mill\_200B-X\Res\roteng.pin
Res\_Arm\_Mill\_200B-X\Res\rotposeng.pin
Res\_Arm\_Mill\_200B-X\Res\splcaeng.pin
Res\_Arm\_Mill\_200B-X\Res\sysmacro.res
Res\_Arm\_Mill\_200B-X\Res\syspmeng.pin
Res\_Arm\_Mill\_200B-X\Res\VelGlitchCompEng.pin
Res\_Arm\_Mill\_200B-X\Data\CncBase_Ext.ini
Res\_Arm\_Mill\_200B-X\Common\SyntecParam.xml
Res\_Arm\_Mill\_200B-X\Common\string\SysParamCom_COM.xml
Res\_Arm\_Mill\_200B-X\CHT\string\SysParamCht_COM.xml
Res\_Arm\_Mill\_200B-X\CHS\string\SysParamChs_COM.xml
Res\_Arm\_Mill\_200A-X5\Res\0_milpmeng.pin
Res\_Arm\_Mill\_200A-X5\Res\milmacro.res
Res\_Arm\_Mill\_200A-X5\Res\roteng.pin
Res\_Arm\_Mill\_200A-X5\Res\rotposeng.pin
Res\_Arm\_Mill\_200A-X5\Res\splcaeng.pin
Res\_Arm\_Mill\_200A-X5\Res\sysmacro.res
Res\_Arm\_Mill\_200A-X5\Res\syspmeng.pin
Res\_Arm\_Mill\_200A-X5\Res\VelGlitchCompEng.pin
Res\_Arm\_Mill\_200A-X5\Data\CncBase_Ext.ini
Res\_Arm\_Mill\_200A-X5\Common\SyntecParam.xml
Res\_Arm\_Mill\_200A-X5\Common\string\SysParamCom_COM.xml
Res\_Arm\_Mill\_200A-X5\CHT\string\SysParamCht_COM.xml
Res\_Arm\_Mill\_200A-X5\CHS\string\SysParamChs_COM.xml
Res\_Arm\_Mill\_200A-X\Res\0_milpmeng.pin
Res\_Arm\_Mill\_200A-X\Res\milmacro.res
Res\_Arm\_Mill\_200A-X\Res\roteng.pin
Res\_Arm\_Mill\_200A-X\Res\rotposeng.pin
Res\_Arm\_Mill\_200A-X\Res\splcaeng.pin
Res\_Arm\_Mill\_200A-X\Res\sysmacro.res
Res\_Arm\_Mill\_200A-X\Res\syspmeng.pin
Res\_Arm\_Mill\_200A-X\Res\VelGlitchCompEng.pin
Res\_Arm\_Mill\_200A-X\Data\CncBase_Ext.ini
Res\_Arm\_Mill\_200A-X\Common\SyntecParam.xml
Res\_Arm\_Mill\_200A-X\Common\string\SysParamCom_COM.xml
Res\_Arm\_Mill\_200A-X\CHT\string\SysParamCht_COM.xml
Res\_Arm\_Mill\_200A-X\CHS\string\SysParamChs_COM.xml
Res\_Arm\_Mill\_11B-X\Res\0_milpmeng.pin
Res\_Arm\_Mill\_11B-X\Res\milmacro.res
Res\_Arm\_Mill\_11B-X\Res\sysmacro.res
Res\_Arm\_Mill\_11B-X\Res\syspmeng.pin
Res\_Arm\_Mill\_11B-X\Res\VelGlitchCompEng.pin
Res\_Arm\_Mill\_11B-X\Data\CncBase_Ext.ini
Res\_Arm\_Mill\_11B-X\Common\SyntecParam.xml
Res\_Arm\_Mill\_11B-X\Common\string\SysParamCom_COM.xml
Res\_Arm\_Mill\_11B-X\CHT\string\SysParamCht_COM.xml
Res\_Arm\_Mill\_11B-X\CHS\string\SysParamChs_COM.xml
Res\_Arm\_Mill\_11B\Res\0_milpmeng.pin
Res\_Arm\_Mill\_11B\Res\milmacro.res
Res\_Arm\_Mill\_11B\Res\sysmacro.res
Res\_Arm\_Mill\_11B\Res\syspmeng.pin
Res\_Arm\_Mill\_11B\Res\VelGlitchCompEng.pin
Res\_Arm\_Mill\_11B\Data\CncBase_Ext.ini
Res\_Arm\_Mill\_11B\Common\SyntecParam.xml
Res\_Arm\_Mill\_11B\Common\string\SysParamCom_COM.xml
Res\_Arm\_Mill\_11B\CHT\string\SysParamCht_COM.xml
Res\_Arm\_Mill\_11B\CHS\string\SysParamChs_COM.xml
Res\_Arm\_Mill\_11A-X\Res\0_milpmeng.pin
Res\_Arm\_Mill\_11A-X\Res\milmacro.res
Res\_Arm\_Mill\_11A-X\Res\sysmacro.res
Res\_Arm\_Mill\_11A-X\Res\syspmeng.pin
Res\_Arm\_Mill\_11A-X\Res\VelGlitchCompEng.pin
Res\_Arm\_Mill\_11A-X\Data\CncBase_Ext.ini
Res\_Arm\_Mill\_11A-X\Common\SyntecParam.xml
Res\_Arm\_Mill\_11A-X\Common\string\SysParamCom_COM.xml
Res\_Arm\_Mill\_11A-X\CHT\string\SysParamCht_COM.xml
Res\_Arm\_Mill\_11A-X\CHS\string\SysParamChs_COM.xml
Res\_Arm\_Mill\_11A\Res\0_milpmeng.pin
Res\_Arm\_Mill\_11A\Res\milmacro.res
Res\_Arm\_Mill\_11A\Res\sysmacro.res
Res\_Arm\_Mill\_11A\Res\syspmeng.pin
Res\_Arm\_Mill\_11A\Res\VelGlitchCompEng.pin
Res\_Arm\_Mill\_11A\Data\CncBase_Ext.ini
Res\_Arm\_Mill\_11A\Common\SyntecParam.xml
Res\_Arm\_Mill\_11A\Common\string\SysParamCom_COM.xml
Res\_Arm\_Mill\_11A\CHT\string\SysParamCht_COM.xml
Res\_Arm\_Mill\_11A\CHS\string\SysParamChs_COM.xml
Res\_Arm\_Lathe\_SUPER-X\Res\0_milpmeng.pin
Res\_Arm\_Lathe\_SUPER-X\Res\11_milpmeng.pin
Res\_Arm\_Lathe\_SUPER-X\Res\1_latpmeng.pin
Res\_Arm\_Lathe\_SUPER-X\Res\2_latpmeng.pin
Res\_Arm\_Lathe\_SUPER-X\Res\3_latpmeng.pin
Res\_Arm\_Lathe\_SUPER-X\Res\latmacro.res
Res\_Arm\_Lathe\_SUPER-X\Res\roteng.pin
Res\_Arm\_Lathe\_SUPER-X\Res\rotposeng.pin
Res\_Arm\_Lathe\_SUPER-X\Res\splcaeng.pin
Res\_Arm\_Lathe\_SUPER-X\Res\sysmacro.res
Res\_Arm\_Lathe\_SUPER-X\Res\syspmeng.pin
Res\_Arm\_Lathe\_SUPER-X\Res\VelGlitchCompEng.pin
Res\_Arm\_Lathe\_SUPER-X\Data\CncBase_Ext.ini
Res\_Arm\_Lathe\_SUPER-X\Common\SyntecParam.xml
Res\_Arm\_Lathe\_SUPER-X\Common\string\SysParamCom_COM.xml
Res\_Arm\_Lathe\_SUPER-X\CHT\string\SysParamCht_COM.xml
Res\_Arm\_Lathe\_SUPER-X\CHS\string\SysParamChs_COM.xml
Res\_Arm\_Lathe\_7A\Res\1_latpmeng.pin
Res\_Arm\_Lathe\_7A\Res\2_latpmeng.pin
Res\_Arm\_Lathe\_7A\Res\3_latpmeng.pin
Res\_Arm\_Lathe\_7A\Res\latmacro.res
Res\_Arm\_Lathe\_7A\Res\roteng.pin
Res\_Arm\_Lathe\_7A\Res\rotposeng.pin
Res\_Arm\_Lathe\_7A\Res\splcaeng.pin
Res\_Arm\_Lathe\_7A\Res\sripmeng.pin
Res\_Arm\_Lathe\_7A\Res\sysmacro.res
Res\_Arm\_Lathe\_7A\Res\syspmeng.pin
Res\_Arm\_Lathe\_7A\Res\VelGlitchCompEng.pin
Res\_Arm\_Lathe\_7A\Data\CncBase_Ext.ini
Res\_Arm\_Lathe\_7A\Common\SyntecParam.xml
Res\_Arm\_Lathe\_7A\Common\string\SysParamCom_COM.xml
Res\_Arm\_Lathe\_7A\CHT\string\SysParamCht_COM.xml
Res\_Arm\_Lathe\_7A\CHS\string\SysParamChs_COM.xml
Res\_Arm\_Lathe\_6B\Res\1_latpmeng.pin
Res\_Arm\_Lathe\_6B\Res\2_latpmeng.pin
Res\_Arm\_Lathe\_6B\Res\3_latpmeng.pin
Res\_Arm\_Lathe\_6B\Res\latmacro.res
Res\_Arm\_Lathe\_6B\Res\sysmacro.res
Res\_Arm\_Lathe\_6B\Res\syspmeng.pin
Res\_Arm\_Lathe\_6B\Res\VelGlitchCompEng.pin
Res\_Arm\_Lathe\_6B\Data\CncBase_Ext.ini
Res\_Arm\_Lathe\_6B\Common\SyntecParam.xml
Res\_Arm\_Lathe\_6B\Common\string\SysParamCom_COM.xml
Res\_Arm\_Lathe\_6B\CHT\string\SysParamCht_COM.xml
Res\_Arm\_Lathe\_6B\CHS\string\SysParamChs_COM.xml
Res\_Arm\_Lathe\_6A-E\Res\1_latpmeng.pin
Res\_Arm\_Lathe\_6A-E\Res\2_latpmeng.pin
Res\_Arm\_Lathe\_6A-E\Res\3_latpmeng.pin
Res\_Arm\_Lathe\_6A-E\Res\latmacro.res
Res\_Arm\_Lathe\_6A-E\Res\roteng.pin
Res\_Arm\_Lathe\_6A-E\Res\splcaeng.pin
Res\_Arm\_Lathe\_6A-E\Res\sripmeng.pin
Res\_Arm\_Lathe\_6A-E\Res\sysmacro.res
Res\_Arm\_Lathe\_6A-E\Res\syspmeng.pin
Res\_Arm\_Lathe\_6A-E\Res\VelGlitchCompEng.pin
Res\_Arm\_Lathe\_6A-E\Data\CncBase_Ext.ini
Res\_Arm\_Lathe\_6A-E\Common\SyntecParam.xml
Res\_Arm\_Lathe\_6A-E\Common\string\SysParamCom_COM.xml
Res\_Arm\_Lathe\_6A-E\CHT\string\SysParamCht_COM.xml
Res\_Arm\_Lathe\_6A-E\CHS\string\SysParamChs_COM.xml
Res\_Arm\_Lathe\_6A\Res\1_latpmeng.pin
Res\_Arm\_Lathe\_6A\Res\2_latpmeng.pin
Res\_Arm\_Lathe\_6A\Res\3_latpmeng.pin
Res\_Arm\_Lathe\_6A\Res\latmacro.res
Res\_Arm\_Lathe\_6A\Res\sysmacro.res
Res\_Arm\_Lathe\_6A\Res\syspmeng.pin
Res\_Arm\_Lathe\_6A\Res\VelGlitchCompEng.pin
Res\_Arm\_Lathe\_6A\Data\CncBase_Ext.ini
Res\_Arm\_Lathe\_6A\Common\SyntecParam.xml
Res\_Arm\_Lathe\_6A\Common\string\SysParamCom_COM.xml
Res\_Arm\_Lathe\_6A\CHT\string\SysParamCht_COM.xml
Res\_Arm\_Lathe\_6A\CHS\string\SysParamChs_COM.xml
Res\_Arm\_Lathe\_22B\Res\1_latpmeng.pin
Res\_Arm\_Lathe\_22B\Res\2_latpmeng.pin
Res\_Arm\_Lathe\_22B\Res\3_latpmeng.pin
Res\_Arm\_Lathe\_22B\Res\latmacro.res
Res\_Arm\_Lathe\_22B\Res\roteng.pin
Res\_Arm\_Lathe\_22B\Res\rotposeng.pin
Res\_Arm\_Lathe\_22B\Res\splcaeng.pin
Res\_Arm\_Lathe\_22B\Res\sripmeng.pin
Res\_Arm\_Lathe\_22B\Res\sysmacro.res
Res\_Arm\_Lathe\_22B\Res\syspmeng.pin
Res\_Arm\_Lathe\_22B\Res\VelGlitchCompEng.pin
Res\_Arm\_Lathe\_22B\Data\CncBase_Ext.ini
Res\_Arm\_Lathe\_22B\Common\SyntecParam.xml
Res\_Arm\_Lathe\_22B\Common\string\SysParamCom_COM.xml
Res\_Arm\_Lathe\_22B\CHT\string\SysParamCht_COM.xml
Res\_Arm\_Lathe\_22B\CHS\string\SysParamChs_COM.xml
Res\_Arm\_Lathe\_22A\Res\1_latpmeng.pin
Res\_Arm\_Lathe\_22A\Res\2_latpmeng.pin
Res\_Arm\_Lathe\_22A\Res\3_latpmeng.pin
Res\_Arm\_Lathe\_22A\Res\latmacro.res
Res\_Arm\_Lathe\_22A\Res\roteng.pin
Res\_Arm\_Lathe\_22A\Res\rotposeng.pin
Res\_Arm\_Lathe\_22A\Res\splcaeng.pin
Res\_Arm\_Lathe\_22A\Res\sripmeng.pin
Res\_Arm\_Lathe\_22A\Res\sysmacro.res
Res\_Arm\_Lathe\_22A\Res\syspmeng.pin
Res\_Arm\_Lathe\_22A\Res\VelGlitchCompEng.pin
Res\_Arm\_Lathe\_22A\Data\CncBase_Ext.ini
Res\_Arm\_Lathe\_22A\Common\SyntecParam.xml
Res\_Arm\_Lathe\_22A\Common\string\SysParamCom_COM.xml
Res\_Arm\_Lathe\_22A\CHT\string\SysParamCht_COM.xml
Res\_Arm\_Lathe\_22A\CHS\string\SysParamChs_COM.xml
Res\_Arm\_Lathe\_220B-5\Res\1_latpmeng.pin
Res\_Arm\_Lathe\_220B-5\Res\2_latpmeng.pin
Res\_Arm\_Lathe\_220B-5\Res\3_latpmeng.pin
Res\_Arm\_Lathe\_220B-5\Res\latmacro.res
Res\_Arm\_Lathe\_220B-5\Res\roteng.pin
Res\_Arm\_Lathe\_220B-5\Res\rotposeng.pin
Res\_Arm\_Lathe\_220B-5\Res\splcaeng.pin
Res\_Arm\_Lathe\_220B-5\Res\sripmeng.pin
Res\_Arm\_Lathe\_220B-5\Res\sysmacro.res
Res\_Arm\_Lathe\_220B-5\Res\syspmeng.pin
Res\_Arm\_Lathe\_220B-5\Res\VelGlitchCompEng.pin
Res\_Arm\_Lathe\_220B-5\Data\CncBase_Ext.ini
Res\_Arm\_Lathe\_220B-5\Common\SyntecParam.xml
Res\_Arm\_Lathe\_220B-5\Common\string\SysParamCom_COM.xml
Res\_Arm\_Lathe\_220B-5\CHT\string\SysParamCht_COM.xml
Res\_Arm\_Lathe\_220B-5\CHS\string\SysParamChs_COM.xml
Res\_Arm\_Lathe\_220B\Res\1_latpmeng.pin
Res\_Arm\_Lathe\_220B\Res\2_latpmeng.pin
Res\_Arm\_Lathe\_220B\Res\3_latpmeng.pin
Res\_Arm\_Lathe\_220B\Res\latmacro.res
Res\_Arm\_Lathe\_220B\Res\roteng.pin
Res\_Arm\_Lathe\_220B\Res\rotposeng.pin
Res\_Arm\_Lathe\_220B\Res\splcaeng.pin
Res\_Arm\_Lathe\_220B\Res\sripmeng.pin
Res\_Arm\_Lathe\_220B\Res\sysmacro.res
Res\_Arm\_Lathe\_220B\Res\syspmeng.pin
Res\_Arm\_Lathe\_220B\Res\VelGlitchCompEng.pin
Res\_Arm\_Lathe\_220B\Data\CncBase_Ext.ini
Res\_Arm\_Lathe\_220B\Common\SyntecParam.xml
Res\_Arm\_Lathe\_220B\Common\string\SysParamCom_COM.xml
Res\_Arm\_Lathe\_220B\CHT\string\SysParamCht_COM.xml
Res\_Arm\_Lathe\_220B\CHS\string\SysParamChs_COM.xml
Res\_Arm\_Lathe\_21B-X\Res\1_latpmeng.pin
Res\_Arm\_Lathe\_21B-X\Res\2_latpmeng.pin
Res\_Arm\_Lathe\_21B-X\Res\3_latpmeng.pin
Res\_Arm\_Lathe\_21B-X\Res\latmacro.res
Res\_Arm\_Lathe\_21B-X\Res\roteng.pin
Res\_Arm\_Lathe\_21B-X\Res\rotposeng.pin
Res\_Arm\_Lathe\_21B-X\Res\splcaeng.pin
Res\_Arm\_Lathe\_21B-X\Res\sysmacro.res
Res\_Arm\_Lathe\_21B-X\Res\syspmeng.pin
Res\_Arm\_Lathe\_21B-X\Res\VelGlitchCompEng.pin
Res\_Arm\_Lathe\_21B-X\Data\CncBase_Ext.ini
Res\_Arm\_Lathe\_21B-X\Common\SyntecParam.xml
Res\_Arm\_Lathe\_21B-X\Common\string\SysParamCom_COM.xml
Res\_Arm\_Lathe\_21B-X\CHT\string\SysParamCht_COM.xml
Res\_Arm\_Lathe\_21B-X\CHS\string\SysParamChs_COM.xml
Res\_Arm\_Lathe\_21B-H\Res\1_latpmeng.pin
Res\_Arm\_Lathe\_21B-H\Res\2_latpmeng.pin
Res\_Arm\_Lathe\_21B-H\Res\3_latpmeng.pin
Res\_Arm\_Lathe\_21B-H\Res\latmacro.res
Res\_Arm\_Lathe\_21B-H\Res\roteng.pin
Res\_Arm\_Lathe\_21B-H\Res\rotposeng.pin
Res\_Arm\_Lathe\_21B-H\Res\splcaeng.pin
Res\_Arm\_Lathe\_21B-H\Res\sripmeng.pin
Res\_Arm\_Lathe\_21B-H\Res\sysmacro.res
Res\_Arm\_Lathe\_21B-H\Res\syspmeng.pin
Res\_Arm\_Lathe\_21B-H\Res\VelGlitchCompEng.pin
Res\_Arm\_Lathe\_21B-H\Data\CncBase_Ext.ini
Res\_Arm\_Lathe\_21B-H\Common\SyntecParam.xml
Res\_Arm\_Lathe\_21B-H\Common\string\SysParamCom_COM.xml
Res\_Arm\_Lathe\_21B-H\CHT\string\SysParamCht_COM.xml
Res\_Arm\_Lathe\_21B-H\CHS\string\SysParamChs_COM.xml
Res\_Arm\_Lathe\_21B\Res\1_latpmeng.pin
Res\_Arm\_Lathe\_21B\Res\2_latpmeng.pin
Res\_Arm\_Lathe\_21B\Res\3_latpmeng.pin
Res\_Arm\_Lathe\_21B\Res\latmacro.res
Res\_Arm\_Lathe\_21B\Res\roteng.pin
Res\_Arm\_Lathe\_21B\Res\rotposeng.pin
Res\_Arm\_Lathe\_21B\Res\splcaeng.pin
Res\_Arm\_Lathe\_21B\Res\sysmacro.res
Res\_Arm\_Lathe\_21B\Res\syspmeng.pin
Res\_Arm\_Lathe\_21B\Res\VelGlitchCompEng.pin
Res\_Arm\_Lathe\_21B\Data\CncBase_Ext.ini
Res\_Arm\_Lathe\_21B\Common\SyntecParam.xml
Res\_Arm\_Lathe\_21B\Common\string\SysParamCom_COM.xml
Res\_Arm\_Lathe\_21B\CHT\string\SysParamCht_COM.xml
Res\_Arm\_Lathe\_21B\CHS\string\SysParamChs_COM.xml
Res\_Arm\_Lathe\_21A-X\Res\1_latpmeng.pin
Res\_Arm\_Lathe\_21A-X\Res\2_latpmeng.pin
Res\_Arm\_Lathe\_21A-X\Res\3_latpmeng.pin
Res\_Arm\_Lathe\_21A-X\Res\latmacro.res
Res\_Arm\_Lathe\_21A-X\Res\roteng.pin
Res\_Arm\_Lathe\_21A-X\Res\rotposeng.pin
Res\_Arm\_Lathe\_21A-X\Res\splcaeng.pin
Res\_Arm\_Lathe\_21A-X\Res\sysmacro.res
Res\_Arm\_Lathe\_21A-X\Res\syspmeng.pin
Res\_Arm\_Lathe\_21A-X\Res\VelGlitchCompEng.pin
Res\_Arm\_Lathe\_21A-X\Data\CncBase_Ext.ini
Res\_Arm\_Lathe\_21A-X\Common\SyntecParam.xml
Res\_Arm\_Lathe\_21A-X\Common\string\SysParamCom_COM.xml
Res\_Arm\_Lathe\_21A-X\CHT\string\SysParamCht_COM.xml
Res\_Arm\_Lathe\_21A-X\CHS\string\SysParamChs_COM.xml
Res\_Arm\_Lathe\_21A-H\Res\1_latpmeng.pin
Res\_Arm\_Lathe\_21A-H\Res\2_latpmeng.pin
Res\_Arm\_Lathe\_21A-H\Res\3_latpmeng.pin
Res\_Arm\_Lathe\_21A-H\Res\latmacro.res
Res\_Arm\_Lathe\_21A-H\Res\roteng.pin
Res\_Arm\_Lathe\_21A-H\Res\rotposeng.pin
Res\_Arm\_Lathe\_21A-H\Res\splcaeng.pin
Res\_Arm\_Lathe\_21A-H\Res\sripmeng.pin
Res\_Arm\_Lathe\_21A-H\Res\sysmacro.res
Res\_Arm\_Lathe\_21A-H\Res\syspmeng.pin
Res\_Arm\_Lathe\_21A-H\Res\VelGlitchCompEng.pin
Res\_Arm\_Lathe\_21A-H\Data\CncBase_Ext.ini
Res\_Arm\_Lathe\_21A-H\Common\SyntecParam.xml
Res\_Arm\_Lathe\_21A-H\Common\string\SysParamCom_COM.xml
Res\_Arm\_Lathe\_21A-H\CHT\string\SysParamCht_COM.xml
Res\_Arm\_Lathe\_21A-H\CHS\string\SysParamChs_COM.xml
Res\_Arm\_Lathe\_21A\Res\1_latpmeng.pin
Res\_Arm\_Lathe\_21A\Res\2_latpmeng.pin
Res\_Arm\_Lathe\_21A\Res\3_latpmeng.pin
Res\_Arm\_Lathe\_21A\Res\latmacro.res
Res\_Arm\_Lathe\_21A\Res\roteng.pin
Res\_Arm\_Lathe\_21A\Res\rotposeng.pin
Res\_Arm\_Lathe\_21A\Res\splcaeng.pin
Res\_Arm\_Lathe\_21A\Res\sysmacro.res
Res\_Arm\_Lathe\_21A\Res\syspmeng.pin
Res\_Arm\_Lathe\_21A\Res\VelGlitchCompEng.pin
Res\_Arm\_Lathe\_21A\Data\CncBase_Ext.ini
Res\_Arm\_Lathe\_21A\Common\SyntecParam.xml
Res\_Arm\_Lathe\_21A\Common\string\SysParamCom_COM.xml
Res\_Arm\_Lathe\_21A\CHT\string\SysParamCht_COM.xml
Res\_Arm\_Lathe\_21A\CHS\string\SysParamChs_COM.xml
Res\_Arm\_Lathe\_210B-H5\Res\1_latpmeng.pin
Res\_Arm\_Lathe\_210B-H5\Res\2_latpmeng.pin
Res\_Arm\_Lathe\_210B-H5\Res\3_latpmeng.pin
Res\_Arm\_Lathe\_210B-H5\Res\latmacro.res
Res\_Arm\_Lathe\_210B-H5\Res\roteng.pin
Res\_Arm\_Lathe\_210B-H5\Res\rotposeng.pin
Res\_Arm\_Lathe\_210B-H5\Res\splcaeng.pin
Res\_Arm\_Lathe\_210B-H5\Res\sripmeng.pin
Res\_Arm\_Lathe\_210B-H5\Res\sysmacro.res
Res\_Arm\_Lathe\_210B-H5\Res\syspmeng.pin
Res\_Arm\_Lathe\_210B-H5\Res\VelGlitchCompEng.pin
Res\_Arm\_Lathe\_210B-H5\Data\CncBase_Ext.ini
Res\_Arm\_Lathe\_210B-H5\Common\SyntecParam.xml
Res\_Arm\_Lathe\_210B-H5\Common\string\SysParamCom_COM.xml
Res\_Arm\_Lathe\_210B-H5\CHT\string\SysParamCht_COM.xml
Res\_Arm\_Lathe\_210B-H5\CHS\string\SysParamChs_COM.xml
Res\_Arm\_Lathe\_210B-H\Res\1_latpmeng.pin
Res\_Arm\_Lathe\_210B-H\Res\2_latpmeng.pin
Res\_Arm\_Lathe\_210B-H\Res\3_latpmeng.pin
Res\_Arm\_Lathe\_210B-H\Res\latmacro.res
Res\_Arm\_Lathe\_210B-H\Res\roteng.pin
Res\_Arm\_Lathe\_210B-H\Res\rotposeng.pin
Res\_Arm\_Lathe\_210B-H\Res\splcaeng.pin
Res\_Arm\_Lathe\_210B-H\Res\sripmeng.pin
Res\_Arm\_Lathe\_210B-H\Res\sysmacro.res
Res\_Arm\_Lathe\_210B-H\Res\syspmeng.pin
Res\_Arm\_Lathe\_210B-H\Res\VelGlitchCompEng.pin
Res\_Arm\_Lathe\_210B-H\Data\CncBase_Ext.ini
Res\_Arm\_Lathe\_210B-H\Common\SyntecParam.xml
Res\_Arm\_Lathe\_210B-H\Common\string\SysParamCom_COM.xml
Res\_Arm\_Lathe\_210B-H\CHT\string\SysParamCht_COM.xml
Res\_Arm\_Lathe\_210B-H\CHS\string\SysParamChs_COM.xml
Res\_Arm\_Lathe\_200B-X\Res\1_latpmeng.pin
Res\_Arm\_Lathe\_200B-X\Res\2_latpmeng.pin
Res\_Arm\_Lathe\_200B-X\Res\3_latpmeng.pin
Res\_Arm\_Lathe\_200B-X\Res\latmacro.res
Res\_Arm\_Lathe\_200B-X\Res\roteng.pin
Res\_Arm\_Lathe\_200B-X\Res\rotposeng.pin
Res\_Arm\_Lathe\_200B-X\Res\splcaeng.pin
Res\_Arm\_Lathe\_200B-X\Res\sysmacro.res
Res\_Arm\_Lathe\_200B-X\Res\syspmeng.pin
Res\_Arm\_Lathe\_200B-X\Res\VelGlitchCompEng.pin
Res\_Arm\_Lathe\_200B-X\Data\CncBase_Ext.ini
Res\_Arm\_Lathe\_200B-X\Common\SyntecParam.xml
Res\_Arm\_Lathe\_200B-X\Common\string\SysParamCom_COM.xml
Res\_Arm\_Lathe\_200B-X\CHT\string\SysParamCht_COM.xml
Res\_Arm\_Lathe\_200B-X\CHS\string\SysParamChs_COM.xml
Res\_Arm\_Lathe\_200A-X\Res\1_latpmeng.pin
Res\_Arm\_Lathe\_200A-X\Res\2_latpmeng.pin
Res\_Arm\_Lathe\_200A-X\Res\3_latpmeng.pin
Res\_Arm\_Lathe\_200A-X\Res\latmacro.res
Res\_Arm\_Lathe\_200A-X\Res\roteng.pin
Res\_Arm\_Lathe\_200A-X\Res\rotposeng.pin
Res\_Arm\_Lathe\_200A-X\Res\splcaeng.pin
Res\_Arm\_Lathe\_200A-X\Res\sysmacro.res
Res\_Arm\_Lathe\_200A-X\Res\syspmeng.pin
Res\_Arm\_Lathe\_200A-X\Res\VelGlitchCompEng.pin
Res\_Arm\_Lathe\_200A-X\Data\CncBase_Ext.ini
Res\_Arm\_Lathe\_200A-X\Common\SyntecParam.xml
Res\_Arm\_Lathe\_200A-X\Common\string\SysParamCom_COM.xml
Res\_Arm\_Lathe\_200A-X\CHT\string\SysParamCht_COM.xml
Res\_Arm\_Lathe\_200A-X\CHS\string\SysParamChs_COM.xml
Res\_Arm\_Lathe\_11B-X\Res\1_latpmeng.pin
Res\_Arm\_Lathe\_11B-X\Res\2_latpmeng.pin
Res\_Arm\_Lathe\_11B-X\Res\3_latpmeng.pin
Res\_Arm\_Lathe\_11B-X\Res\latmacro.res
Res\_Arm\_Lathe\_11B-X\Res\sysmacro.res
Res\_Arm\_Lathe\_11B-X\Res\syspmeng.pin
Res\_Arm\_Lathe\_11B-X\Res\VelGlitchCompEng.pin
Res\_Arm\_Lathe\_11B-X\Data\CncBase_Ext.ini
Res\_Arm\_Lathe\_11B-X\Common\SyntecParam.xml
Res\_Arm\_Lathe\_11B-X\Common\string\SysParamCom_COM.xml
Res\_Arm\_Lathe\_11B-X\CHT\string\SysParamCht_COM.xml
Res\_Arm\_Lathe\_11B-X\CHS\string\SysParamChs_COM.xml
Res\_Arm\_Lathe\_11B\Res\1_latpmeng.pin
Res\_Arm\_Lathe\_11B\Res\2_latpmeng.pin
Res\_Arm\_Lathe\_11B\Res\3_latpmeng.pin
Res\_Arm\_Lathe\_11B\Res\latmacro.res
Res\_Arm\_Lathe\_11B\Res\sysmacro.res
Res\_Arm\_Lathe\_11B\Res\syspmeng.pin
Res\_Arm\_Lathe\_11B\Res\VelGlitchCompEng.pin
Res\_Arm\_Lathe\_11B\Data\CncBase_Ext.ini
Res\_Arm\_Lathe\_11B\Common\SyntecParam.xml
Res\_Arm\_Lathe\_11B\Common\string\SysParamCom_COM.xml
Res\_Arm\_Lathe\_11B\CHT\string\SysParamCht_COM.xml
Res\_Arm\_Lathe\_11B\CHS\string\SysParamChs_COM.xml
Res\_Arm\_Lathe\_11A-X\Res\1_latpmeng.pin
Res\_Arm\_Lathe\_11A-X\Res\2_latpmeng.pin
Res\_Arm\_Lathe\_11A-X\Res\3_latpmeng.pin
Res\_Arm\_Lathe\_11A-X\Res\latmacro.res
Res\_Arm\_Lathe\_11A-X\Res\sysmacro.res
Res\_Arm\_Lathe\_11A-X\Res\syspmeng.pin
Res\_Arm\_Lathe\_11A-X\Res\VelGlitchCompEng.pin
Res\_Arm\_Lathe\_11A-X\Data\CncBase_Ext.ini
Res\_Arm\_Lathe\_11A-X\Common\SyntecParam.xml
Res\_Arm\_Lathe\_11A-X\Common\string\SysParamCom_COM.xml
Res\_Arm\_Lathe\_11A-X\CHT\string\SysParamCht_COM.xml
Res\_Arm\_Lathe\_11A-X\CHS\string\SysParamChs_COM.xml
Res\_Arm\_Lathe\_11A\Res\1_latpmeng.pin
Res\_Arm\_Lathe\_11A\Res\2_latpmeng.pin
Res\_Arm\_Lathe\_11A\Res\3_latpmeng.pin
Res\_Arm\_Lathe\_11A\Res\latmacro.res
Res\_Arm\_Lathe\_11A\Res\sysmacro.res
Res\_Arm\_Lathe\_11A\Res\syspmeng.pin
Res\_Arm\_Lathe\_11A\Res\VelGlitchCompEng.pin
Res\_Arm\_Lathe\_11A\Data\CncBase_Ext.ini
Res\_Arm\_Lathe\_11A\Common\SyntecParam.xml
Res\_Arm\_Lathe\_11A\Common\string\SysParamCom_COM.xml
Res\_Arm\_Lathe\_11A\CHT\string\SysParamCht_COM.xml
Res\_Arm\_Lathe\_11A\CHS\string\SysParamChs_COM.xml
Res\_Arm\_HC\_8S\Res\0_milpmeng.pin
Res\_Arm\_HC\_8S\Res\milmacro.res
Res\_Arm\_HC\_8S\Res\sripmeng.pin
Res\_Arm\_HC\_8S\Res\sysmacro.res
Res\_Arm\_HC\_8S\Res\syspmeng.pin
Res\_Arm\_HC\_8S\Res\VelGlitchCompEng.pin
Res\_Arm\_HC\_8S\Data\CncBase_Ext.ini
Res\_Arm\_HC\_8S\Common\SyntecParam.xml
Res\_Arm\_HC\_8S\Common\string\SysParamCom_COM.xml
Res\_Arm\_HC\_8S\CHT\string\SysParamCht_COM.xml
Res\_Arm\_HC\_8S\CHS\string\SysParamChs_COM.xml
Res\_Arm\_HC\_8C-5\Res\0_milpmeng.pin
Res\_Arm\_HC\_8C-5\Res\milmacro.res
Res\_Arm\_HC\_8C-5\Res\splcaeng.pin
Res\_Arm\_HC\_8C-5\Res\sripmeng.pin
Res\_Arm\_HC\_8C-5\Res\sysmacro.res
Res\_Arm\_HC\_8C-5\Res\syspmeng.pin
Res\_Arm\_HC\_8C-5\Res\VelGlitchCompEng.pin
Res\_Arm\_HC\_8C-5\Data\CncBase_Ext.ini
Res\_Arm\_HC\_8C-5\Common\SyntecParam.xml
Res\_Arm\_HC\_8C-5\Common\string\SysParamCom_COM.xml
Res\_Arm\_HC\_8C-5\CHT\string\SysParamCht_COM.xml
Res\_Arm\_HC\_8C-5\CHS\string\SysParamChs_COM.xml
Res\_Arm\_HC\_8C\Res\0_milpmeng.pin
Res\_Arm\_HC\_8C\Res\milmacro.res
Res\_Arm\_HC\_8C\Res\splcaeng.pin
Res\_Arm\_HC\_8C\Res\sripmeng.pin
Res\_Arm\_HC\_8C\Res\sysmacro.res
Res\_Arm\_HC\_8C\Res\syspmeng.pin
Res\_Arm\_HC\_8C\Res\VelGlitchCompEng.pin
Res\_Arm\_HC\_8C\Data\CncBase_Ext.ini
Res\_Arm\_HC\_8C\Common\SyntecParam.xml
Res\_Arm\_HC\_8C\Common\string\SysParamCom_COM.xml
Res\_Arm\_HC\_8C\CHT\string\SysParamCht_COM.xml
Res\_Arm\_HC\_8C\CHS\string\SysParamChs_COM.xml
Res\_Arm\_HC\_8B\Res\0_milpmeng.pin
Res\_Arm\_HC\_8B\Res\milmacro.res
Res\_Arm\_HC\_8B\Res\splcaeng.pin
Res\_Arm\_HC\_8B\Res\sysmacro.res
Res\_Arm\_HC\_8B\Res\syspmeng.pin
Res\_Arm\_HC\_8B\Res\VelGlitchCompEng.pin
Res\_Arm\_HC\_8B\Data\CncBase_Ext.ini
Res\_Arm\_HC\_8B\Common\SyntecParam.xml
Res\_Arm\_HC\_8B\Common\string\SysParamCom_COM.xml
Res\_Arm\_HC\_8B\CHT\string\SysParamCht_COM.xml
Res\_Arm\_HC\_8B\CHS\string\SysParamChs_COM.xml
Res\_Arm\_HC\_8A\Res\0_milpmeng.pin
Res\_Arm\_HC\_8A\Res\milmacro.res
Res\_Arm\_HC\_8A\Res\sysmacro.res
Res\_Arm\_HC\_8A\Res\syspmeng.pin
Res\_Arm\_HC\_8A\Res\VelGlitchCompEng.pin
Res\_Arm\_HC\_8A\Data\CncBase_Ext.ini
Res\_Arm\_HC\_8A\Common\SyntecParam.xml
Res\_Arm\_HC\_8A\Common\string\SysParamCom_COM.xml
Res\_Arm\_HC\_8A\CHT\string\SysParamCht_COM.xml
Res\_Arm\_HC\_8A\CHS\string\SysParamChs_COM.xml
Res\_Arm\_HC\_80MI\Res\0_milpmeng.pin
Res\_Arm\_HC\_80MI\Res\milmacro.res
Res\_Arm\_HC\_80MI\Res\splcaeng.pin
Res\_Arm\_HC\_80MI\Res\sripmeng.pin
Res\_Arm\_HC\_80MI\Res\sysmacro.res
Res\_Arm\_HC\_80MI\Res\syspmeng.pin
Res\_Arm\_HC\_80MI\Res\VelGlitchCompEng.pin
Res\_Arm\_HC\_80MI\Data\CncBase_Ext.ini
Res\_Arm\_HC\_80MI\Common\SyntecParam.xml
Res\_Arm\_HC\_80MI\Common\string\SysParamCom_COM.xml
Res\_Arm\_HC\_80MI\CHT\string\SysParamCht_COM.xml
Res\_Arm\_HC\_80MI\CHS\string\SysParamChs_COM.xml
Res\_Arm\_HC\_80GM\Res\0_milpmeng.pin
Res\_Arm\_HC\_80GM\Res\milmacro.res
Res\_Arm\_HC\_80GM\Res\splcaeng.pin
Res\_Arm\_HC\_80GM\Res\sripmeng.pin
Res\_Arm\_HC\_80GM\Res\sysmacro.res
Res\_Arm\_HC\_80GM\Res\syspmeng.pin
Res\_Arm\_HC\_80GM\Res\VelGlitchCompEng.pin
Res\_Arm\_HC\_80GM\Data\CncBase_Ext.ini
Res\_Arm\_HC\_80GM\Common\SyntecParam.xml
Res\_Arm\_HC\_80GM\Common\string\SysParamCom_COM.xml
Res\_Arm\_HC\_80GM\CHT\string\SysParamCht_COM.xml
Res\_Arm\_HC\_80GM\CHS\string\SysParamChs_COM.xml
Res\_Arm\_HC\_15C-5\Res\0_milpmeng.pin
Res\_Arm\_HC\_15C-5\Res\milmacro.res
Res\_Arm\_HC\_15C-5\Res\splcaeng.pin
Res\_Arm\_HC\_15C-5\Res\sripmeng.pin
Res\_Arm\_HC\_15C-5\Res\sysmacro.res
Res\_Arm\_HC\_15C-5\Res\syspmeng.pin
Res\_Arm\_HC\_15C-5\Res\VelGlitchCompEng.pin
Res\_Arm\_HC\_15C-5\Data\CncBase_Ext.ini
Res\_Arm\_HC\_15C-5\Common\SyntecParam.xml
Res\_Arm\_HC\_15C-5\Common\string\SysParamCom_COM.xml
Res\_Arm\_HC\_15C-5\CHT\string\SysParamCht_COM.xml
Res\_Arm\_HC\_15C-5\CHS\string\SysParamChs_COM.xml
Res\_Arm\_HC\_15C\Res\0_milpmeng.pin
Res\_Arm\_HC\_15C\Res\milmacro.res
Res\_Arm\_HC\_15C\Res\splcaeng.pin
Res\_Arm\_HC\_15C\Res\sripmeng.pin
Res\_Arm\_HC\_15C\Res\sysmacro.res
Res\_Arm\_HC\_15C\Res\syspmeng.pin
Res\_Arm\_HC\_15C\Res\VelGlitchCompEng.pin
Res\_Arm\_HC\_15C\Data\CncBase_Ext.ini
Res\_Arm\_HC\_15C\Common\SyntecParam.xml
Res\_Arm\_HC\_15C\Common\string\SysParamCom_COM.xml
Res\_Arm\_HC\_15C\CHT\string\SysParamCht_COM.xml
Res\_Arm\_HC\_15C\CHS\string\SysParamChs_COM.xml
Res\_Arm\_HC\_15B\Res\0_milpmeng.pin
Res\_Arm\_HC\_15B\Res\milmacro.res
Res\_Arm\_HC\_15B\Res\splcaeng.pin
Res\_Arm\_HC\_15B\Res\sysmacro.res
Res\_Arm\_HC\_15B\Res\syspmeng.pin
Res\_Arm\_HC\_15B\Res\VelGlitchCompEng.pin
Res\_Arm\_HC\_15B\Data\CncBase_Ext.ini
Res\_Arm\_HC\_15B\Common\SyntecParam.xml
Res\_Arm\_HC\_15B\Common\string\SysParamCom_COM.xml
Res\_Arm\_HC\_15B\CHT\string\SysParamCht_COM.xml
Res\_Arm\_HC\_15B\CHS\string\SysParamChs_COM.xml
Res\_Arm\_HC\_15A\Res\0_milpmeng.pin
Res\_Arm\_HC\_15A\Res\milmacro.res
Res\_Arm\_HC\_15A\Res\sysmacro.res
Res\_Arm\_HC\_15A\Res\syspmeng.pin
Res\_Arm\_HC\_15A\Res\VelGlitchCompEng.pin
Res\_Arm\_HC\_15A\Data\CncBase_Ext.ini
Res\_Arm\_HC\_15A\Common\SyntecParam.xml
Res\_Arm\_HC\_15A\Common\string\SysParamCom_COM.xml
Res\_Arm\_HC\_15A\CHT\string\SysParamCht_COM.xml
Res\_Arm\_HC\_15A\CHS\string\SysParamChs_COM.xml
Res\_Arm\_HC\_12B\Res\0_milpmeng.pin
Res\_Arm\_HC\_12B\Res\milmacro.res
Res\_Arm\_HC\_12B\Res\splcaeng.pin
Res\_Arm\_HC\_12B\Res\sysmacro.res
Res\_Arm\_HC\_12B\Res\syspmeng.pin
Res\_Arm\_HC\_12B\Res\VelGlitchCompEng.pin
Res\_Arm\_HC\_12B\Data\CncBase_Ext.ini
Res\_Arm\_HC\_12B\Common\SyntecParam.xml
Res\_Arm\_HC\_12B\Common\string\SysParamCom_COM.xml
Res\_Arm\_HC\_12B\CHT\string\SysParamCht_COM.xml
Res\_Arm\_HC\_12B\CHS\string\SysParamChs_COM.xml
Res\_Arm\_HC\_12A\Res\0_milpmeng.pin
Res\_Arm\_HC\_12A\Res\milmacro.res
Res\_Arm\_HC\_12A\Res\sysmacro.res
Res\_Arm\_HC\_12A\Res\syspmeng.pin
Res\_Arm\_HC\_12A\Res\VelGlitchCompEng.pin
Res\_Arm\_HC\_12A\Data\CncBase_Ext.ini
Res\_Arm\_HC\_12A\Common\SyntecParam.xml
Res\_Arm\_HC\_12A\Common\string\SysParamCom_COM.xml
Res\_Arm\_HC\_12A\CHT\string\SysParamCht_COM.xml
Res\_Arm\_HC\_12A\CHS\string\SysParamChs_COM.xml
Res\_Arm\_HC\_10C-5\Res\0_milpmeng.pin
Res\_Arm\_HC\_10C-5\Res\milmacro.res
Res\_Arm\_HC\_10C-5\Res\splcaeng.pin
Res\_Arm\_HC\_10C-5\Res\sripmeng.pin
Res\_Arm\_HC\_10C-5\Res\sysmacro.res
Res\_Arm\_HC\_10C-5\Res\syspmeng.pin
Res\_Arm\_HC\_10C-5\Res\VelGlitchCompEng.pin
Res\_Arm\_HC\_10C-5\Data\CncBase_Ext.ini
Res\_Arm\_HC\_10C-5\Common\SyntecParam.xml
Res\_Arm\_HC\_10C-5\Common\string\SysParamCom_COM.xml
Res\_Arm\_HC\_10C-5\CHT\string\SysParamCht_COM.xml
Res\_Arm\_HC\_10C-5\CHS\string\SysParamChs_COM.xml
Res\_Arm\_HC\_10C\Res\0_milpmeng.pin
Res\_Arm\_HC\_10C\Res\milmacro.res
Res\_Arm\_HC\_10C\Res\splcaeng.pin
Res\_Arm\_HC\_10C\Res\sripmeng.pin
Res\_Arm\_HC\_10C\Res\sysmacro.res
Res\_Arm\_HC\_10C\Res\syspmeng.pin
Res\_Arm\_HC\_10C\Res\VelGlitchCompEng.pin
Res\_Arm\_HC\_10C\Data\CncBase_Ext.ini
Res\_Arm\_HC\_10C\Common\SyntecParam.xml
Res\_Arm\_HC\_10C\Common\string\SysParamCom_COM.xml
Res\_Arm\_HC\_10C\CHT\string\SysParamCht_COM.xml
Res\_Arm\_HC\_10C\CHS\string\SysParamChs_COM.xml
Res\_Arm\_HC\_10B\Res\0_milpmeng.pin
Res\_Arm\_HC\_10B\Res\milmacro.res
Res\_Arm\_HC\_10B\Res\splcaeng.pin
Res\_Arm\_HC\_10B\Res\sysmacro.res
Res\_Arm\_HC\_10B\Res\syspmeng.pin
Res\_Arm\_HC\_10B\Res\VelGlitchCompEng.pin
Res\_Arm\_HC\_10B\Data\CncBase_Ext.ini
Res\_Arm\_HC\_10B\Common\SyntecParam.xml
Res\_Arm\_HC\_10B\Common\string\SysParamCom_COM.xml
Res\_Arm\_HC\_10B\CHT\string\SysParamCht_COM.xml
Res\_Arm\_HC\_10B\CHS\string\SysParamChs_COM.xml
Res\_Arm\_HC\_10A\Res\0_milpmeng.pin
Res\_Arm\_HC\_10A\Res\milmacro.res
Res\_Arm\_HC\_10A\Res\sysmacro.res
Res\_Arm\_HC\_10A\Res\syspmeng.pin
Res\_Arm\_HC\_10A\Res\VelGlitchCompEng.pin
Res\_Arm\_HC\_10A\Data\CncBase_Ext.ini
Res\_Arm\_HC\_10A\Common\SyntecParam.xml
Res\_Arm\_HC\_10A\Common\string\SysParamCom_COM.xml
Res\_Arm\_HC\_10A\CHT\string\SysParamCht_COM.xml
Res\_Arm\_HC\_10A\CHS\string\SysParamChs_COM.xml
Res\_Arm\_GlassGrind\_6B\Res\0_milpmeng.pin
Res\_Arm\_GlassGrind\_6B\Res\milmacro.res
Res\_Arm\_GlassGrind\_6B\Res\sysmacro.res
Res\_Arm\_GlassGrind\_6B\Res\syspmeng.pin
Res\_Arm\_GlassGrind\_6B\Res\VelGlitchCompEng.pin
Res\_Arm\_GlassGrind\_6B\Macro\G0150
Res\_Arm\_GlassGrind\_6B\Macro\G0151
Res\_Arm\_GlassGrind\_6B\Data\CncBase_Ext.ini
Res\_Arm\_GlassGrind\_6B\Common\SyntecParam.xml
Res\_Arm\_GlassGrind\_6B\Common\string\SysParamCom_COM.xml
Res\_Arm\_GlassGrind\_6B\CHT\string\SysParamCht_COM.xml
Res\_Arm\_GlassGrind\_6B\CHS\string\SysParamChs_COM.xml
Res\_Arm\_GANTRY\_HHB\Common\SyntecParam.xml
Res\_Arm\_GANTRY\_HHB\Common\string\SysParamCom_COM.xml
Res\_Arm\_GANTRY\_HHB\CHT\string\SysParamCht_COM.xml
Res\_Arm\_GANTRY\_HHB\CHS\string\SysParamChs_COM.xml
Res\_Arm\_GANTRY\_81R\Res\101_rbpmeng.pin
Res\_Arm\_GANTRY\_81R\Res\106_rbpmeng.pin
Res\_Arm\_GANTRY\_81R\Res\107_rbpmeng.pin
Res\_Arm\_GANTRY\_81R\Res\108_rbpmeng.pin
Res\_Arm\_GANTRY\_81R\Res\111_rbpmeng.pin
Res\_Arm\_GANTRY\_81R\Res\116_rbpmeng.pin
Res\_Arm\_GANTRY\_81R\Res\117_rbpmeng.pin
Res\_Arm\_GANTRY\_81R\Res\118_rbpmeng.pin
Res\_Arm\_GANTRY\_81R\Res\121_rbpmeng.pin
Res\_Arm\_GANTRY\_81R\Res\122_rbpmeng.pin
Res\_Arm\_GANTRY\_81R\Res\123_rbpmeng.pin
Res\_Arm\_GANTRY\_81R\Res\124_rbpmeng.pin
Res\_Arm\_GANTRY\_81R\Res\151_rbpmeng.pin
Res\_Arm\_GANTRY\_81R\Res\152_rbpmeng.pin
Res\_Arm\_GANTRY\_81R\Res\176_rbpmeng.pin
Res\_Arm\_GANTRY\_81R\Res\177_rbpmeng.pin
Res\_Arm\_GANTRY\_81R\Res\226_rbpmeng.pin
Res\_Arm\_GANTRY\_81R\Res\227_rbpmeng.pin
Res\_Arm\_GANTRY\_81R\Res\251_rbpmeng.pin
Res\_Arm\_GANTRY\_81R\Res\252_rbpmeng.pin
Res\_Arm\_GANTRY\_81R\Res\splcaeng.pin
Res\_Arm\_GANTRY\_81R\Res\sripmeng.pin
Res\_Arm\_GANTRY\_81R\Res\sysmacro.res
Res\_Arm\_GANTRY\_81R\Res\syspmeng.pin
Res\_Arm\_GANTRY\_81R\Res\VelGlitchCompEng.pin
Res\_Arm\_GANTRY\_80R\Res\101_rbpmeng.pin
Res\_Arm\_GANTRY\_80R\Res\106_rbpmeng.pin
Res\_Arm\_GANTRY\_80R\Res\107_rbpmeng.pin
Res\_Arm\_GANTRY\_80R\Res\108_rbpmeng.pin
Res\_Arm\_GANTRY\_80R\Res\111_rbpmeng.pin
Res\_Arm\_GANTRY\_80R\Res\116_rbpmeng.pin
Res\_Arm\_GANTRY\_80R\Res\117_rbpmeng.pin
Res\_Arm\_GANTRY\_80R\Res\118_rbpmeng.pin
Res\_Arm\_GANTRY\_80R\Res\121_rbpmeng.pin
Res\_Arm\_GANTRY\_80R\Res\122_rbpmeng.pin
Res\_Arm\_GANTRY\_80R\Res\123_rbpmeng.pin
Res\_Arm\_GANTRY\_80R\Res\124_rbpmeng.pin
Res\_Arm\_GANTRY\_80R\Res\151_rbpmeng.pin
Res\_Arm\_GANTRY\_80R\Res\152_rbpmeng.pin
Res\_Arm\_GANTRY\_80R\Res\176_rbpmeng.pin
Res\_Arm\_GANTRY\_80R\Res\177_rbpmeng.pin
Res\_Arm\_GANTRY\_80R\Res\226_rbpmeng.pin
Res\_Arm\_GANTRY\_80R\Res\227_rbpmeng.pin
Res\_Arm\_GANTRY\_80R\Res\251_rbpmeng.pin
Res\_Arm\_GANTRY\_80R\Res\252_rbpmeng.pin
Res\_Arm\_GANTRY\_80R\Res\VelGlitchCompEng.pin
Res\_Arm\_FC\_B-5\Res\0_milpmeng.pin
Res\_Arm\_FC\_B-5\Res\VelGlitchCompEng.pin
Res\_Arm\_FC\_B\Res\0_milpmeng.pin
Res\_Arm\_FC\_B\Res\VelGlitchCompEng.pin
Res\_Arm\_FC\_A\Res\0_milpmeng.pin
Res\_Arm\_FC\_A\Res\VelGlitchCompEng.pin
Res\_Arm\_Drill\_60B\Res\0_milpmeng.pin
Res\_Arm\_Drill\_60B\Res\VelGlitchCompEng.pin
Res\_Arm\_DELTA\_81R\Res\101_rbpmeng.pin
Res\_Arm\_DELTA\_81R\Res\106_rbpmeng.pin
Res\_Arm\_DELTA\_81R\Res\107_rbpmeng.pin
Res\_Arm\_DELTA\_81R\Res\108_rbpmeng.pin
Res\_Arm\_DELTA\_81R\Res\111_rbpmeng.pin
Res\_Arm\_DELTA\_81R\Res\116_rbpmeng.pin
Res\_Arm\_DELTA\_81R\Res\117_rbpmeng.pin
Res\_Arm\_DELTA\_81R\Res\118_rbpmeng.pin
Res\_Arm\_DELTA\_81R\Res\121_rbpmeng.pin
Res\_Arm\_DELTA\_81R\Res\122_rbpmeng.pin
Res\_Arm\_DELTA\_81R\Res\123_rbpmeng.pin
Res\_Arm\_DELTA\_81R\Res\124_rbpmeng.pin
Res\_Arm\_DELTA\_81R\Res\151_rbpmeng.pin
Res\_Arm\_DELTA\_81R\Res\152_rbpmeng.pin
Res\_Arm\_DELTA\_81R\Res\176_rbpmeng.pin
Res\_Arm\_DELTA\_81R\Res\177_rbpmeng.pin
Res\_Arm\_DELTA\_81R\Res\226_rbpmeng.pin
Res\_Arm\_DELTA\_81R\Res\227_rbpmeng.pin
Res\_Arm\_DELTA\_81R\Res\251_rbpmeng.pin
Res\_Arm\_DELTA\_81R\Res\252_rbpmeng.pin
Res\_Arm\_DELTA\_81R\Res\VelGlitchCompEng.pin
Res\_Arm\_DELTA\_80R\Res\101_rbpmeng.pin
Res\_Arm\_DELTA\_80R\Res\106_rbpmeng.pin
Res\_Arm\_DELTA\_80R\Res\107_rbpmeng.pin
Res\_Arm\_DELTA\_80R\Res\108_rbpmeng.pin
Res\_Arm\_DELTA\_80R\Res\111_rbpmeng.pin
Res\_Arm\_DELTA\_80R\Res\116_rbpmeng.pin
Res\_Arm\_DELTA\_80R\Res\117_rbpmeng.pin
Res\_Arm\_DELTA\_80R\Res\118_rbpmeng.pin
Res\_Arm\_DELTA\_80R\Res\121_rbpmeng.pin
Res\_Arm\_DELTA\_80R\Res\122_rbpmeng.pin
Res\_Arm\_DELTA\_80R\Res\123_rbpmeng.pin
Res\_Arm\_DELTA\_80R\Res\124_rbpmeng.pin
Res\_Arm\_DELTA\_80R\Res\151_rbpmeng.pin
Res\_Arm\_DELTA\_80R\Res\152_rbpmeng.pin
Res\_Arm\_DELTA\_80R\Res\176_rbpmeng.pin
Res\_Arm\_DELTA\_80R\Res\177_rbpmeng.pin
Res\_Arm\_DELTA\_80R\Res\226_rbpmeng.pin
Res\_Arm\_DELTA\_80R\Res\227_rbpmeng.pin
Res\_Arm\_DELTA\_80R\Res\251_rbpmeng.pin
Res\_Arm\_DELTA\_80R\Res\252_rbpmeng.pin
Res\_Arm\_DELTA\_80R\Res\VelGlitchCompEng.pin
Res\_Arm\_Cutting\_70B-5\Res\0_milpmeng.pin
Res\_Arm\_Cutting\_70B-5\Res\VelGlitchCompEng.pin
Res\_Arm\_Cutting\_70B\Res\0_milpmeng.pin
Res\_Arm\_Cutting\_70B\Res\VelGlitchCompEng.pin
Res\_Arm\_Cutting\_70A\Res\0_milpmeng.pin
Res\_Arm\_Cutting\_70A\Res\VelGlitchCompEng.pin
Res\_Arm\_Cutting\_6B\Res\0_milpmeng.pin
Res\_Arm\_Cutting\_6B\Res\VelGlitchCompEng.pin
Res\_Arm\_Cutting\_6A\Res\0_milpmeng.pin
Res\_Arm\_Cutting\_6A\Res\VelGlitchCompEng.pin
Res\_Arm\_Cutting\_60A\Res\0_milpmeng.pin
Res\_Arm\_Cutting\_60A\Res\VelGlitchCompEng.pin
Res\_Arm\_ARTIC\_81R\Res\101_rbpmeng.pin
Res\_Arm\_ARTIC\_81R\Res\106_rbpmeng.pin
Res\_Arm\_ARTIC\_81R\Res\107_rbpmeng.pin
Res\_Arm\_ARTIC\_81R\Res\108_rbpmeng.pin
Res\_Arm\_ARTIC\_81R\Res\111_rbpmeng.pin
Res\_Arm\_ARTIC\_81R\Res\116_rbpmeng.pin
Res\_Arm\_ARTIC\_81R\Res\117_rbpmeng.pin
Res\_Arm\_ARTIC\_81R\Res\118_rbpmeng.pin
Res\_Arm\_ARTIC\_81R\Res\121_rbpmeng.pin
Res\_Arm\_ARTIC\_81R\Res\122_rbpmeng.pin
Res\_Arm\_ARTIC\_81R\Res\123_rbpmeng.pin
Res\_Arm\_ARTIC\_81R\Res\124_rbpmeng.pin
Res\_Arm\_ARTIC\_81R\Res\151_rbpmeng.pin
Res\_Arm\_ARTIC\_81R\Res\152_rbpmeng.pin
Res\_Arm\_ARTIC\_81R\Res\176_rbpmeng.pin
Res\_Arm\_ARTIC\_81R\Res\177_rbpmeng.pin
Res\_Arm\_ARTIC\_81R\Res\226_rbpmeng.pin
Res\_Arm\_ARTIC\_81R\Res\227_rbpmeng.pin
Res\_Arm\_ARTIC\_81R\Res\251_rbpmeng.pin
Res\_Arm\_ARTIC\_81R\Res\252_rbpmeng.pin
Res\_Arm\_ARTIC\_81R\Res\VelGlitchCompEng.pin
Res\_Arm\_ARTIC\_80R\Res\101_rbpmeng.pin
Res\_Arm\_ARTIC\_80R\Res\106_rbpmeng.pin
Res\_Arm\_ARTIC\_80R\Res\107_rbpmeng.pin
Res\_Arm\_ARTIC\_80R\Res\108_rbpmeng.pin
Res\_Arm\_ARTIC\_80R\Res\111_rbpmeng.pin
Res\_Arm\_ARTIC\_80R\Res\116_rbpmeng.pin
Res\_Arm\_ARTIC\_80R\Res\117_rbpmeng.pin
Res\_Arm\_ARTIC\_80R\Res\118_rbpmeng.pin
Res\_Arm\_ARTIC\_80R\Res\121_rbpmeng.pin
Res\_Arm\_ARTIC\_80R\Res\122_rbpmeng.pin
Res\_Arm\_ARTIC\_80R\Res\123_rbpmeng.pin
Res\_Arm\_ARTIC\_80R\Res\124_rbpmeng.pin
Res\_Arm\_ARTIC\_80R\Res\151_rbpmeng.pin
Res\_Arm\_ARTIC\_80R\Res\152_rbpmeng.pin
Res\_Arm\_ARTIC\_80R\Res\176_rbpmeng.pin
Res\_Arm\_ARTIC\_80R\Res\177_rbpmeng.pin
Res\_Arm\_ARTIC\_80R\Res\226_rbpmeng.pin
Res\_Arm\_ARTIC\_80R\Res\227_rbpmeng.pin
Res\_Arm\_ARTIC\_80R\Res\251_rbpmeng.pin
Res\_Arm\_ARTIC\_80R\Res\252_rbpmeng.pin
Res\_Arm\_ARTIC\_80R\Res\VelGlitchCompEng.pin
Com\OCRes\Common\String\ASName_Text_COM.xml
Com\OCRes\Common\String\ROTName_Text_COM.xml
Com\OCRes\Common\String\SPLCName_Text_COM.xml
Com\OCRes\Common\String\SpName_Text_COM.xml
Com\OCRes\Common\String\VelGlitchComp_Text_COM.xml
Com\OCRes\CHT\String\VelGlitchComp_Text_CHT.xml
Com\OCRes\CHS\String\VelGlitchComp_Text_CHS.xml
----------------------------------------------------------------------
Files that are found in folder Previous_res but NOT in folder Current_res :

Res\_Arm\_GANTRY\_81R\Res\ktx51eng.pin
Res\_Arm\_GANTRY\_81R\Res\ktx71eng.pin
Res\_Arm\_GANTRY\_81R\Res\latpmeng.pin
Res\_Arm\_GANTRY\_81R\Res\milpmeng.pin
Res\_Arm\_GANTRY\_81R\Res\rb101eng.pin
Res\_Arm\_GANTRY\_81R\Res\rb106eng.pin
Res\_Arm\_GANTRY\_81R\Res\rb107eng.pin
Res\_Arm\_GANTRY\_80R\Res\ktx51eng.pin
Res\_Arm\_GANTRY\_80R\Res\ktx71eng.pin
Res\_Arm\_GANTRY\_80R\Res\latpmeng.pin
Res\_Arm\_GANTRY\_80R\Res\milpmeng.pin
Res\_Arm\_GANTRY\_80R\Res\rb101eng.pin
Res\_Arm\_GANTRY\_80R\Res\rb106eng.pin
Res\_Arm\_GANTRY\_80R\Res\rb107eng.pin
Res\_Arm\_GANTRY\_80R\Res\rb108eng.pin
Res\_Arm\_GANTRY\_80R\Res\rb111eng.pin
Res\_Arm\_GANTRY\_80R\Res\rb116eng.pin
Res\_Arm\_GANTRY\_80R\Res\rb117eng.pin
Res\_Arm\_GANTRY\_80R\Res\rb118eng.pin
Res\_Arm\_GANTRY\_80R\Res\rb121eng.pin
Res\_Arm\_GANTRY\_80R\Res\rb122eng.pin
Res\_Arm\_GANTRY\_80R\Res\rb123eng.pin
Res\_Arm\_GANTRY\_80R\Res\rb124eng.pin
Res\_Arm\_GANTRY\_80R\Res\rb151eng.pin
Res\_Arm\_GANTRY\_80R\Res\rb152eng.pin
Res\_Arm\_GANTRY\_80R\Res\rb176eng.pin
Res\_Arm\_GANTRY\_80R\Res\rb177eng.pin
Res\_Arm\_GANTRY\_80R\Res\rb226eng.pin
Res\_Arm\_GANTRY\_80R\Res\rb227eng.pin
Res\_Arm\_GANTRY\_80R\Res\rb251eng.pin
Res\_Arm\_GANTRY\_80R\Res\rb252eng.pin
Res\_Arm\_GANTRY\_80R\Res\rbpmeng.pin
Res\_Arm\_FC\_B-5\Res\ktx51eng.pin
Res\_Arm\_FC\_B-5\Res\ktx71eng.pin
Res\_Arm\_FC\_B-5\Res\latpmeng.pin
Res\_Arm\_FC\_B-5\Res\milpmeng.pin
Res\_Arm\_FC\_B-5\Res\rb101eng.pin
Res\_Arm\_FC\_B-5\Res\rb106eng.pin
Res\_Arm\_FC\_B-5\Res\rb107eng.pin
Res\_Arm\_FC\_B-5\Res\rb108eng.pin
Res\_Arm\_FC\_B-5\Res\rb111eng.pin
Res\_Arm\_FC\_B-5\Res\rb116eng.pin
Res\_Arm\_FC\_B-5\Res\rb117eng.pin
Res\_Arm\_FC\_B-5\Res\rb118eng.pin
Res\_Arm\_FC\_B-5\Res\rb121eng.pin
Res\_Arm\_FC\_B-5\Res\rb122eng.pin
Res\_Arm\_FC\_B-5\Res\rb123eng.pin
Res\_Arm\_FC\_B-5\Res\rb124eng.pin
Res\_Arm\_FC\_B-5\Res\rb151eng.pin
Res\_Arm\_FC\_B-5\Res\rb152eng.pin
Res\_Arm\_FC\_B-5\Res\rb176eng.pin
Res\_Arm\_FC\_B-5\Res\rb177eng.pin
Res\_Arm\_FC\_B-5\Res\rb226eng.pin
Res\_Arm\_FC\_B-5\Res\rb227eng.pin
Res\_Arm\_FC\_B-5\Res\rb251eng.pin
Res\_Arm\_FC\_B-5\Res\rb252eng.pin
Res\_Arm\_FC\_B-5\Res\rbpmeng.pin
Res\_Arm\_FC\_B\Res\ktx51eng.pin
Res\_Arm\_FC\_B\Res\ktx71eng.pin
Res\_Arm\_FC\_B\Res\latpmeng.pin
Res\_Arm\_FC\_B\Res\milpmeng.pin
Res\_Arm\_FC\_B\Res\rb101eng.pin
Res\_Arm\_FC\_B\Res\rb106eng.pin
Res\_Arm\_FC\_B\Res\rb107eng.pin
Res\_Arm\_FC\_B\Res\rb108eng.pin
Res\_Arm\_FC\_B\Res\rb111eng.pin
Res\_Arm\_FC\_B\Res\rb116eng.pin
Res\_Arm\_FC\_B\Res\rb117eng.pin
Res\_Arm\_FC\_B\Res\rb118eng.pin
Res\_Arm\_FC\_B\Res\rb121eng.pin
Res\_Arm\_FC\_B\Res\rb122eng.pin
Res\_Arm\_FC\_B\Res\rb123eng.pin
Res\_Arm\_FC\_B\Res\rb124eng.pin
Res\_Arm\_FC\_B\Res\rb151eng.pin
Res\_Arm\_FC\_B\Res\rb152eng.pin
Res\_Arm\_FC\_B\Res\rb176eng.pin
Res\_Arm\_FC\_B\Res\rb177eng.pin
Res\_Arm\_FC\_B\Res\rb226eng.pin
Res\_Arm\_FC\_B\Res\rb227eng.pin
Res\_Arm\_FC\_B\Res\rb251eng.pin
Res\_Arm\_FC\_B\Res\rb252eng.pin
Res\_Arm\_FC\_B\Res\rbpmeng.pin
Res\_Arm\_FC\_A\Res\ktx51eng.pin
Res\_Arm\_FC\_A\Res\ktx71eng.pin
Res\_Arm\_FC\_A\Res\latpmeng.pin
Res\_Arm\_FC\_A\Res\milpmeng.pin
Res\_Arm\_FC\_A\Res\rb101eng.pin
Res\_Arm\_FC\_A\Res\rb106eng.pin
Res\_Arm\_FC\_A\Res\rb107eng.pin
Res\_Arm\_FC\_A\Res\rb108eng.pin
Res\_Arm\_FC\_A\Res\rb111eng.pin
Res\_Arm\_FC\_A\Res\rb116eng.pin
Res\_Arm\_FC\_A\Res\rb117eng.pin
Res\_Arm\_FC\_A\Res\rb118eng.pin
Res\_Arm\_FC\_A\Res\rb121eng.pin
Res\_Arm\_FC\_A\Res\rb122eng.pin
Res\_Arm\_FC\_A\Res\rb123eng.pin
Res\_Arm\_FC\_A\Res\rb124eng.pin
Res\_Arm\_FC\_A\Res\rb151eng.pin
Res\_Arm\_FC\_A\Res\rb152eng.pin
Res\_Arm\_FC\_A\Res\rb176eng.pin
Res\_Arm\_FC\_A\Res\rb177eng.pin
Res\_Arm\_FC\_A\Res\rb226eng.pin
Res\_Arm\_FC\_A\Res\rb227eng.pin
Res\_Arm\_FC\_A\Res\rb251eng.pin
Res\_Arm\_FC\_A\Res\rb252eng.pin
Res\_Arm\_FC\_A\Res\rbpmeng.pin
Res\_Arm\_Drill\_60B\Res\ktx51eng.pin
Res\_Arm\_Drill\_60B\Res\ktx71eng.pin
Res\_Arm\_Drill\_60B\Res\latpmeng.pin
Res\_Arm\_Drill\_60B\Res\milpmeng.pin
Res\_Arm\_Drill\_60B\Res\rb101eng.pin
Res\_Arm\_Drill\_60B\Res\rb106eng.pin
Res\_Arm\_Drill\_60B\Res\rb107eng.pin
Res\_Arm\_Drill\_60B\Res\rb108eng.pin
Res\_Arm\_Drill\_60B\Res\rb111eng.pin
Res\_Arm\_Drill\_60B\Res\rb116eng.pin
Res\_Arm\_Drill\_60B\Res\rb117eng.pin
Res\_Arm\_Drill\_60B\Res\rb118eng.pin
Res\_Arm\_Drill\_60B\Res\rb121eng.pin
Res\_Arm\_Drill\_60B\Res\rb122eng.pin
Res\_Arm\_Drill\_60B\Res\rb123eng.pin
Res\_Arm\_Drill\_60B\Res\rb124eng.pin
Res\_Arm\_Drill\_60B\Res\rb151eng.pin
Res\_Arm\_Drill\_60B\Res\rb152eng.pin
Res\_Arm\_Drill\_60B\Res\rb176eng.pin
Res\_Arm\_Drill\_60B\Res\rb177eng.pin
Res\_Arm\_Drill\_60B\Res\rb226eng.pin
Res\_Arm\_Drill\_60B\Res\rb227eng.pin
Res\_Arm\_Drill\_60B\Res\rb251eng.pin
Res\_Arm\_Drill\_60B\Res\rb252eng.pin
Res\_Arm\_Drill\_60B\Res\rbpmeng.pin
Res\_Arm\_DELTA\_81R\Res\ktx51eng.pin
Res\_Arm\_DELTA\_81R\Res\ktx71eng.pin
Res\_Arm\_DELTA\_81R\Res\latpmeng.pin
Res\_Arm\_DELTA\_81R\Res\milpmeng.pin
Res\_Arm\_DELTA\_81R\Res\rb101eng.pin
Res\_Arm\_DELTA\_81R\Res\rb106eng.pin
Res\_Arm\_DELTA\_81R\Res\rb107eng.pin
Res\_Arm\_DELTA\_81R\Res\rb108eng.pin
Res\_Arm\_DELTA\_81R\Res\rb111eng.pin
Res\_Arm\_DELTA\_81R\Res\rb116eng.pin
Res\_Arm\_DELTA\_81R\Res\rb117eng.pin
Res\_Arm\_DELTA\_81R\Res\rb118eng.pin
Res\_Arm\_DELTA\_81R\Res\rb121eng.pin
Res\_Arm\_DELTA\_81R\Res\rb122eng.pin
Res\_Arm\_DELTA\_81R\Res\rb123eng.pin
Res\_Arm\_DELTA\_81R\Res\rb124eng.pin
Res\_Arm\_DELTA\_81R\Res\rb151eng.pin
Res\_Arm\_DELTA\_81R\Res\rb152eng.pin
Res\_Arm\_DELTA\_81R\Res\rb176eng.pin
Res\_Arm\_DELTA\_81R\Res\rb177eng.pin
Res\_Arm\_DELTA\_81R\Res\rb226eng.pin
Res\_Arm\_DELTA\_81R\Res\rb227eng.pin
Res\_Arm\_DELTA\_81R\Res\rb251eng.pin
Res\_Arm\_DELTA\_81R\Res\rb252eng.pin
Res\_Arm\_DELTA\_81R\Res\rbpmeng.pin
Res\_Arm\_DELTA\_80R\Res\ktx51eng.pin
Res\_Arm\_DELTA\_80R\Res\ktx71eng.pin
Res\_Arm\_DELTA\_80R\Res\latpmeng.pin
Res\_Arm\_DELTA\_80R\Res\milpmeng.pin
Res\_Arm\_DELTA\_80R\Res\rb101eng.pin
Res\_Arm\_DELTA\_80R\Res\rb106eng.pin
Res\_Arm\_DELTA\_80R\Res\rb107eng.pin
Res\_Arm\_DELTA\_80R\Res\rb108eng.pin
Res\_Arm\_DELTA\_80R\Res\rb111eng.pin
Res\_Arm\_DELTA\_80R\Res\rb116eng.pin
Res\_Arm\_DELTA\_80R\Res\rb117eng.pin
Res\_Arm\_DELTA\_80R\Res\rb118eng.pin
Res\_Arm\_DELTA\_80R\Res\rb121eng.pin
Res\_Arm\_DELTA\_80R\Res\rb122eng.pin
Res\_Arm\_DELTA\_80R\Res\rb123eng.pin
Res\_Arm\_DELTA\_80R\Res\rb124eng.pin
Res\_Arm\_DELTA\_80R\Res\rb151eng.pin
Res\_Arm\_DELTA\_80R\Res\rb152eng.pin
Res\_Arm\_DELTA\_80R\Res\rb176eng.pin
Res\_Arm\_DELTA\_80R\Res\rb177eng.pin
Res\_Arm\_DELTA\_80R\Res\rb226eng.pin
Res\_Arm\_DELTA\_80R\Res\rb227eng.pin
Res\_Arm\_DELTA\_80R\Res\rb251eng.pin
Res\_Arm\_DELTA\_80R\Res\rb252eng.pin
Res\_Arm\_DELTA\_80R\Res\rbpmeng.pin
Res\_Arm\_Cutting\_70B-5\Res\ktx51eng.pin
Res\_Arm\_Cutting\_70B-5\Res\ktx71eng.pin
Res\_Arm\_Cutting\_70B-5\Res\latpmeng.pin
Res\_Arm\_Cutting\_70B-5\Res\lcpmeng.pin
Res\_Arm\_Cutting\_70B-5\Res\milpmeng.pin
Res\_Arm\_Cutting\_70B-5\Res\rb101eng.pin
Res\_Arm\_Cutting\_70B-5\Res\rb106eng.pin
Res\_Arm\_Cutting\_70B-5\Res\rb107eng.pin
Res\_Arm\_Cutting\_70B-5\Res\rb108eng.pin
Res\_Arm\_Cutting\_70B-5\Res\rb111eng.pin
Res\_Arm\_Cutting\_70B-5\Res\rb116eng.pin
Res\_Arm\_Cutting\_70B-5\Res\rb117eng.pin
Res\_Arm\_Cutting\_70B-5\Res\rb118eng.pin
Res\_Arm\_Cutting\_70B-5\Res\rb121eng.pin
Res\_Arm\_Cutting\_70B-5\Res\rb122eng.pin
Res\_Arm\_Cutting\_70B-5\Res\rb123eng.pin
Res\_Arm\_Cutting\_70B-5\Res\rb124eng.pin
Res\_Arm\_Cutting\_70B-5\Res\rb151eng.pin
Res\_Arm\_Cutting\_70B-5\Res\rb152eng.pin
Res\_Arm\_Cutting\_70B-5\Res\rb176eng.pin
Res\_Arm\_Cutting\_70B-5\Res\rb177eng.pin
Res\_Arm\_Cutting\_70B-5\Res\rb226eng.pin
Res\_Arm\_Cutting\_70B-5\Res\rb227eng.pin
Res\_Arm\_Cutting\_70B-5\Res\rb251eng.pin
Res\_Arm\_Cutting\_70B-5\Res\rb252eng.pin
Res\_Arm\_Cutting\_70B-5\Res\rbpmeng.pin
Res\_Arm\_Cutting\_70B\Res\ktx51eng.pin
Res\_Arm\_Cutting\_70B\Res\ktx71eng.pin
Res\_Arm\_Cutting\_70B\Res\latpmeng.pin
Res\_Arm\_Cutting\_70B\Res\lcpmeng.pin
Res\_Arm\_Cutting\_70B\Res\milpmeng.pin
Res\_Arm\_Cutting\_70B\Res\rb101eng.pin
Res\_Arm\_Cutting\_70B\Res\rb106eng.pin
Res\_Arm\_Cutting\_70B\Res\rb107eng.pin
Res\_Arm\_Cutting\_70B\Res\rb108eng.pin
Res\_Arm\_Cutting\_70B\Res\rb111eng.pin
Res\_Arm\_Cutting\_70B\Res\rb116eng.pin
Res\_Arm\_Cutting\_70B\Res\rb117eng.pin
Res\_Arm\_Cutting\_70B\Res\rb118eng.pin
Res\_Arm\_Cutting\_70B\Res\rb121eng.pin
Res\_Arm\_Cutting\_70B\Res\rb122eng.pin
Res\_Arm\_Cutting\_70B\Res\rb123eng.pin
Res\_Arm\_Cutting\_70B\Res\rb124eng.pin
Res\_Arm\_Cutting\_70B\Res\rb151eng.pin
Res\_Arm\_Cutting\_70B\Res\rb152eng.pin
Res\_Arm\_Cutting\_70B\Res\rb176eng.pin
Res\_Arm\_Cutting\_70B\Res\rb177eng.pin
Res\_Arm\_Cutting\_70B\Res\rb226eng.pin
Res\_Arm\_Cutting\_70B\Res\rb227eng.pin
Res\_Arm\_Cutting\_70B\Res\rb251eng.pin
Res\_Arm\_Cutting\_70B\Res\rb252eng.pin
Res\_Arm\_Cutting\_70B\Res\rbpmeng.pin
Res\_Arm\_Cutting\_70A\Res\ktx51eng.pin
Res\_Arm\_Cutting\_70A\Res\ktx71eng.pin
Res\_Arm\_Cutting\_70A\Res\latpmeng.pin
Res\_Arm\_Cutting\_70A\Res\lcpmeng.pin
Res\_Arm\_Cutting\_70A\Res\milpmeng.pin
Res\_Arm\_Cutting\_70A\Res\rb101eng.pin
Res\_Arm\_Cutting\_70A\Res\rb106eng.pin
Res\_Arm\_Cutting\_70A\Res\rb107eng.pin
Res\_Arm\_Cutting\_70A\Res\rb108eng.pin
Res\_Arm\_Cutting\_70A\Res\rb111eng.pin
Res\_Arm\_Cutting\_70A\Res\rb116eng.pin
Res\_Arm\_Cutting\_70A\Res\rb117eng.pin
Res\_Arm\_Cutting\_70A\Res\rb118eng.pin
Res\_Arm\_Cutting\_70A\Res\rb121eng.pin
Res\_Arm\_Cutting\_70A\Res\rb122eng.pin
Res\_Arm\_Cutting\_70A\Res\rb123eng.pin
Res\_Arm\_Cutting\_70A\Res\rb124eng.pin
Res\_Arm\_Cutting\_70A\Res\rb151eng.pin
Res\_Arm\_Cutting\_70A\Res\rb152eng.pin
Res\_Arm\_Cutting\_70A\Res\rb176eng.pin
Res\_Arm\_Cutting\_70A\Res\rb177eng.pin
Res\_Arm\_Cutting\_70A\Res\rb226eng.pin
Res\_Arm\_Cutting\_70A\Res\rb227eng.pin
Res\_Arm\_Cutting\_70A\Res\rb251eng.pin
Res\_Arm\_Cutting\_70A\Res\rb252eng.pin
Res\_Arm\_Cutting\_70A\Res\rbpmeng.pin
Res\_Arm\_Cutting\_6B\Res\ktx51eng.pin
Res\_Arm\_Cutting\_6B\Res\ktx71eng.pin
Res\_Arm\_Cutting\_6B\Res\latpmeng.pin
Res\_Arm\_Cutting\_6B\Res\milpmeng.pin
Res\_Arm\_Cutting\_6B\Res\rb101eng.pin
Res\_Arm\_Cutting\_6B\Res\rb106eng.pin
Res\_Arm\_Cutting\_6B\Res\rb107eng.pin
Res\_Arm\_Cutting\_6B\Res\rb108eng.pin
Res\_Arm\_Cutting\_6B\Res\rb111eng.pin
Res\_Arm\_Cutting\_6B\Res\rb116eng.pin
Res\_Arm\_Cutting\_6B\Res\rb117eng.pin
Res\_Arm\_Cutting\_6B\Res\rb118eng.pin
Res\_Arm\_Cutting\_6B\Res\rb121eng.pin
Res\_Arm\_Cutting\_6B\Res\rb122eng.pin
Res\_Arm\_Cutting\_6B\Res\rb123eng.pin
Res\_Arm\_Cutting\_6B\Res\rb124eng.pin
Res\_Arm\_Cutting\_6B\Res\rb151eng.pin
Res\_Arm\_Cutting\_6B\Res\rb152eng.pin
Res\_Arm\_Cutting\_6B\Res\rb176eng.pin
Res\_Arm\_Cutting\_6B\Res\rb177eng.pin
Res\_Arm\_Cutting\_6B\Res\rb226eng.pin
Res\_Arm\_Cutting\_6B\Res\rb227eng.pin
Res\_Arm\_Cutting\_6B\Res\rb251eng.pin
Res\_Arm\_Cutting\_6B\Res\rb252eng.pin
Res\_Arm\_Cutting\_6B\Res\rbpmeng.pin
Res\_Arm\_Cutting\_6A\Res\ktx51eng.pin
Res\_Arm\_Cutting\_6A\Res\ktx71eng.pin
Res\_Arm\_Cutting\_6A\Res\latpmeng.pin
Res\_Arm\_Cutting\_6A\Res\milpmeng.pin
Res\_Arm\_Cutting\_6A\Res\rb101eng.pin
Res\_Arm\_Cutting\_6A\Res\rb106eng.pin
Res\_Arm\_Cutting\_6A\Res\rb107eng.pin
Res\_Arm\_Cutting\_6A\Res\rb108eng.pin
Res\_Arm\_Cutting\_6A\Res\rb111eng.pin
Res\_Arm\_Cutting\_6A\Res\rb116eng.pin
Res\_Arm\_Cutting\_6A\Res\rb117eng.pin
Res\_Arm\_Cutting\_6A\Res\rb118eng.pin
Res\_Arm\_Cutting\_6A\Res\rb121eng.pin
Res\_Arm\_Cutting\_6A\Res\rb122eng.pin
Res\_Arm\_Cutting\_6A\Res\rb123eng.pin
Res\_Arm\_Cutting\_6A\Res\rb124eng.pin
Res\_Arm\_Cutting\_6A\Res\rb151eng.pin
Res\_Arm\_Cutting\_6A\Res\rb152eng.pin
Res\_Arm\_Cutting\_6A\Res\rb176eng.pin
Res\_Arm\_Cutting\_6A\Res\rb177eng.pin
Res\_Arm\_Cutting\_6A\Res\rb226eng.pin
Res\_Arm\_Cutting\_6A\Res\rb227eng.pin
Res\_Arm\_Cutting\_6A\Res\rb251eng.pin
Res\_Arm\_Cutting\_6A\Res\rb252eng.pin
Res\_Arm\_Cutting\_6A\Res\rbpmeng.pin
Res\_Arm\_Cutting\_60A\Res\ktx51eng.pin
Res\_Arm\_Cutting\_60A\Res\ktx71eng.pin
Res\_Arm\_Cutting\_60A\Res\latpmeng.pin
Res\_Arm\_Cutting\_60A\Res\milpmeng.pin
Res\_Arm\_Cutting\_60A\Res\rb101eng.pin
Res\_Arm\_Cutting\_60A\Res\rb106eng.pin
Res\_Arm\_Cutting\_60A\Res\rb107eng.pin
Res\_Arm\_Cutting\_60A\Res\rb108eng.pin
Res\_Arm\_Cutting\_60A\Res\rb111eng.pin
Res\_Arm\_Cutting\_60A\Res\rb116eng.pin
Res\_Arm\_Cutting\_60A\Res\rb117eng.pin
Res\_Arm\_Cutting\_60A\Res\rb118eng.pin
Res\_Arm\_Cutting\_60A\Res\rb121eng.pin
Res\_Arm\_Cutting\_60A\Res\rb122eng.pin
Res\_Arm\_Cutting\_60A\Res\rb123eng.pin
Res\_Arm\_Cutting\_60A\Res\rb124eng.pin
Res\_Arm\_Cutting\_60A\Res\rb151eng.pin
Res\_Arm\_Cutting\_60A\Res\rb152eng.pin
Res\_Arm\_Cutting\_60A\Res\rb176eng.pin
Res\_Arm\_Cutting\_60A\Res\rb177eng.pin
Res\_Arm\_Cutting\_60A\Res\rb226eng.pin
Res\_Arm\_Cutting\_60A\Res\rb227eng.pin
Res\_Arm\_Cutting\_60A\Res\rb251eng.pin
Res\_Arm\_Cutting\_60A\Res\rb252eng.pin
Res\_Arm\_Cutting\_60A\Res\rbpmeng.pin
Res\_Arm\_ARTIC\_81R\Res\ktx51eng.pin
Res\_Arm\_ARTIC\_81R\Res\ktx71eng.pin
Res\_Arm\_ARTIC\_81R\Res\latpmeng.pin
Res\_Arm\_ARTIC\_81R\Res\milpmeng.pin
Res\_Arm\_ARTIC\_81R\Res\rb101eng.pin
Res\_Arm\_ARTIC\_81R\Res\rb106eng.pin
Res\_Arm\_ARTIC\_81R\Res\rb107eng.pin
Res\_Arm\_ARTIC\_81R\Res\rb108eng.pin
Res\_Arm\_ARTIC\_81R\Res\rb111eng.pin
Res\_Arm\_ARTIC\_81R\Res\rb116eng.pin
Res\_Arm\_ARTIC\_81R\Res\rb117eng.pin
Res\_Arm\_ARTIC\_81R\Res\rb118eng.pin
Res\_Arm\_ARTIC\_81R\Res\rb121eng.pin
Res\_Arm\_ARTIC\_81R\Res\rb122eng.pin
Res\_Arm\_ARTIC\_81R\Res\rb123eng.pin
Res\_Arm\_ARTIC\_81R\Res\rb124eng.pin
Res\_Arm\_ARTIC\_81R\Res\rb151eng.pin
Res\_Arm\_ARTIC\_81R\Res\rb152eng.pin
Res\_Arm\_ARTIC\_81R\Res\rb176eng.pin
Res\_Arm\_ARTIC\_81R\Res\rb177eng.pin
Res\_Arm\_ARTIC\_81R\Res\rb226eng.pin
Res\_Arm\_ARTIC\_81R\Res\rb227eng.pin
Res\_Arm\_ARTIC\_81R\Res\rb251eng.pin
Res\_Arm\_ARTIC\_81R\Res\rb252eng.pin
Res\_Arm\_ARTIC\_81R\Res\rbpmeng.pin
Res\_Arm\_ARTIC\_80R\Res\ktx51eng.pin
Res\_Arm\_ARTIC\_80R\Res\ktx71eng.pin
Res\_Arm\_ARTIC\_80R\Res\latpmeng.pin
Res\_Arm\_ARTIC\_80R\Res\milpmeng.pin
Res\_Arm\_ARTIC\_80R\Res\rb101eng.pin
Res\_Arm\_ARTIC\_80R\Res\rb106eng.pin
Res\_Arm\_ARTIC\_80R\Res\rb107eng.pin
Res\_Arm\_ARTIC\_80R\Res\rb108eng.pin
Res\_Arm\_ARTIC\_80R\Res\rb111eng.pin
Res\_Arm\_ARTIC\_80R\Res\rb116eng.pin
Res\_Arm\_ARTIC\_80R\Res\rb117eng.pin
Res\_Arm\_ARTIC\_80R\Res\rb118eng.pin
Res\_Arm\_ARTIC\_80R\Res\rb121eng.pin
Res\_Arm\_ARTIC\_80R\Res\rb122eng.pin
Res\_Arm\_ARTIC\_80R\Res\rb123eng.pin
Res\_Arm\_ARTIC\_80R\Res\rb124eng.pin
Res\_Arm\_ARTIC\_80R\Res\rb151eng.pin
Res\_Arm\_ARTIC\_80R\Res\rb152eng.pin
Res\_Arm\_ARTIC\_80R\Res\rb176eng.pin
Res\_Arm\_ARTIC\_80R\Res\rb177eng.pin
Res\_Arm\_ARTIC\_80R\Res\rb226eng.pin
Res\_Arm\_ARTIC\_80R\Res\rb227eng.pin
Res\_Arm\_ARTIC\_80R\Res\rb251eng.pin
Res\_Arm\_ARTIC\_80R\Res\rb252eng.pin
Res\_Arm\_ARTIC\_80R\Res\rbpmeng.pin
----------------------------------------------------------------------
