1	EnIPModule_W32_b01.txt			Line 12
2	LaserCtrl_W32_b01.txt			Line 48
3	LaserCtrl_W32_b02.txt			Line 54
4	OCDevice_W32_b01.txt			Line 26
5	OCDevice_W32_b01.txt			Line 148
6	OCDevice_W32_b02.txt			Line 59
7	OCDevice_W32_b02.txt			Line 76
8	OCDevice_W32_b03.txt			Line 26
9	OCDevice_W32_b03.txt			Line 265
10	OCDevice_W32_b04.txt			Line 16
11	OCDevice_W32_b04.txt			Line 165
12	OCKrnl_GTEST_01.txt			Line 617
13	OCKrnl_GTEST_01.txt			Line 630
14	OCKrnl_GTEST_01.txt			Line 909
15	OCKrnl_GTEST_03.txt			Line 531
16	OCKrnl_GTEST_03.txt			Line 544
17	OCKrnl_GTEST_03.txt			Line 704
18	OCKrnl_GTEST_03.txt			Line 708
19	OCKrnl_GTEST_03.txt			Line 710
20	OCKrnl_GTEST_03.txt			Line 712
21	OCKrnl_GTEST_03.txt			Line 720
22	OCKrnl_GTEST_03.txt			Line 934
23	OCKrnl_GTEST_06.txt			Line 170
24	OCKrnl_GTEST_06.txt			Line 183
25	OCKrnl_GTEST_06.txt			Line 194
26	OCKrnl_GTEST_08.txt			Line 170
27	OCKrnl_GTEST_08.txt			Line 174
28	OCKrnl_GTEST_08.txt			Line 176
29	OCKrnl_GTEST_08.txt			Line 178
30	OCKrnl_GTEST_08.txt			Line 186
31	OCKrnl_GTEST_08.txt			Line 200
32	OCKrnl_GTEST_09.txt			Line 166
33	OCKrnl_W32_b02.txt			Line 531
34	OCKrnl_W32_b02.txt			Line 544
35	OCKrnl_W32_b02.txt			Line 704
36	OCKrnl_W32_b02.txt			Line 708
37	OCKrnl_W32_b02.txt			Line 710
38	OCKrnl_W32_b02.txt			Line 712
39	OCKrnl_W32_b02.txt			Line 720
40	OCKrnl_W32_b02.txt			Line 935
41	OCKrnl_W32_b03.txt			Line 531
42	OCKrnl_W32_b03.txt			Line 544
43	OCKrnl_W32_b03.txt			Line 704
44	OCKrnl_W32_b03.txt			Line 708
45	OCKrnl_W32_b03.txt			Line 710
46	OCKrnl_W32_b03.txt			Line 712
47	OCKrnl_W32_b03.txt			Line 720
48	OCKrnl_W32_b03.txt			Line 935
49	OCKrnl_W32_b03.txt			Line 968
50	OCKrnl_WCE6_b01.txt			Line 449
51	OCKrnl_WCE6_b01.txt			Line 453
52	OCKrnl_WCE6_b01.txt			Line 455
53	OCKrnl_WCE6_b01.txt			Line 457
54	OCKrnl_WCE6_b01.txt			Line 461
55	OCKrnl_WCE6_b01.txt			Line 522
56	OCKrnl_WCE6_b01.txt			Line 531
57	OCKrnl_WCE6_b01.txt			Line 860
58	OCKrnl_WCE6_b02.txt			Line 449
59	OCKrnl_WCE6_b02.txt			Line 453
60	OCKrnl_WCE6_b02.txt			Line 455
61	OCKrnl_WCE6_b02.txt			Line 457
62	OCKrnl_WCE6_b02.txt			Line 461
63	OCKrnl_WCE6_b02.txt			Line 522
64	OCKrnl_WCE6_b02.txt			Line 531
65	OCKrnl_WCE6_b02.txt			Line 860
66	OCKrnl_WCE6_b02.txt			Line 896
67	OCKrnl_WEC7ARM_b01.txt			Line 302
68	OCKrnl_WEC7ARM_b01.txt			Line 306
69	OCKrnl_WEC7ARM_b01.txt			Line 308
70	OCKrnl_WEC7ARM_b01.txt			Line 310
71	OCKrnl_WEC7ARM_b01.txt			Line 314
72	OCKrnl_WEC7ARM_b01.txt			Line 602
73	OCKrnl_WEC7ARM_b01.txt			Line 611
74	OCKrnl_WEC7ARM_b01.txt			Line 857
75	OCKrnl_WEC7ARM_b02.txt			Line 302
76	OCKrnl_WEC7ARM_b02.txt			Line 306
77	OCKrnl_WEC7ARM_b02.txt			Line 308
78	OCKrnl_WEC7ARM_b02.txt			Line 310
79	OCKrnl_WEC7ARM_b02.txt			Line 314
80	OCKrnl_WEC7ARM_b02.txt			Line 602
81	OCKrnl_WEC7ARM_b02.txt			Line 611
82	OCKrnl_WEC7ARM_b02.txt			Line 857
83	OCKrnl_WEC7ARM_b02.txt			Line 893
84	OCTest_b01.txt				Line 42
85	OCTest_b02.txt				Line 45
86	OCTest_b04.txt				Line 45
87	Prep_W32_b01.txt			Line 13
88	Prep_WCE6_b01.txt			Line 15
89	Prep_WEC7ARM_b01.txt			Line 15
90	Rot_W32_b01.txt				Line 20
91	SerialPLCAxis_W32_b01.txt		Line 18
91 Error(s) Found...
