1	BuildDrillCAM32.txt			Line 15
2	BuildDrillCAM32.txt			Line 20
3	BuildDrillCAMCE.txt			Line 11
4	BuildDrillCAMCE.txt			Line 22
5	BuildPlugin32.txt			Line 10
6	BuildPlugin32.txt			Line 15
7	BuildPluginCE.txt			Line 11
8	BuildPluginCE.txt			Line 17
9	BuildPrintLabelWorker32.txt		Line 10
10	BuildPrintLabelWorker32.txt		Line 15
11	BuildPrintLabelWorkerCE.txt		Line 11
12	BuildPrintLabelWorkerCE.txt		Line 17
13	EAutoTestPlugin32.txt			Line 10
14	EAutoTestPlugin32.txt			Line 15
15	ECncMon32.txt				Line 10
16	ECncMon32.txt				Line 15
17	ECncMon32_autotest.txt			Line 10
18	ECncMon32_autotest.txt			Line 15
19	ECncMonCE.txt				Line 11
20	ECncMonCE.txt				Line 17
21	ECncMonCE_autotest.txt			Line 11
22	ECncMonCE_autotest.txt			Line 17
23	EDipoleServer.txt			Line 10
24	EDipoleServer.txt			Line 15
25	EDipoleServerCE.txt			Line 11
26	EDipoleServerCE.txt			Line 17
27	EEHMC32.txt				Line 10
28	EEHMC32.txt				Line 15
29	EFileCleanSetting.txt			Line 10
30	EFileCleanSetting.txt			Line 15
31	EFileCleanSettingCE.txt			Line 11
32	EFileCleanSettingCE.txt			Line 17
33	EHMCCE.txt				Line 11
34	EHMCCE.txt				Line 17
35	EMAutoTestPluginCE.txt			Line 11
36	EMAutoTestPluginCE.txt			Line 17
37	ERobotMMI.txt				Line 10
38	ERobotMMI.txt				Line 15
39	ERobotMMICE.txt				Line 11
40	ERobotMMICE.txt				Line 17
41	ESyntec.RemoteCNC.txt			Line 10
42	ESyntec.RemoteCNC.txt			Line 15
