Files that are found in folder Current_pack but NOT in folder Previous_pack :

OpenInstallerConfigurationFile.xml
Windows\CANDeviceDriver.dll
Windows\EnIP.dll
Windows\ModbusComm.dll
Windows\OCKrnl.dll
Windows\RTCommDriver.dll
Windows\ServoLink.dll
DiskC\Shared\Windows\CANDeviceDriver.dll
DiskC\Shared\Windows\EnIP.dll
DiskC\Shared\Windows\ModbusComm.dll
DiskC\Shared\Windows\OCKrnl.dll
DiskC\Shared\Windows\RTCommDriver.dll
DiskC\Shared\Windows\ServoLink.dll
DiskC\OpenCNC\StdRes\SRI\SriModule.xml
DiskC\OpenCNC\StdRes\ESI\ASDA2-E_rev3.35_Syntec.xml
DiskC\OpenCNC\StdRes\ESI\D2COE_20150922_Syntec.xml
DiskC\OpenCNC\StdRes\ESI\MELSERVO_MR_J4_TM_Syntec.xml
DiskC\OpenCNC\StdRes\ESI\Panasonic_MINAS-A5B_V0_22_4_3_Syntec.xml
DiskC\OpenCNC\StdRes\ESI\Panasonic_MINAS-A6BE_V1_3_Syntec.xml
DiskC\OpenCNC\StdRes\ESI\SDP-E_rev104_Syntec.xml
DiskC\OpenCNC\StdRes\ESI\Servotronix_CDHD_PC0_Rv0_1_41_16L_Syntec.xml
DiskC\OpenCNC\Ladder\develop.lad
DiskC\OpenCNC\firmware\FC - MPG.bin
DiskC\OpenCNC\firmware\FC-AD-DA.bin
DiskC\OpenCNC\firmware\FC-DI-16.bin
DiskC\OpenCNC\firmware\FC-DI-32.bin
DiskC\OpenCNC\firmware\FC-DO-16.bin
DiskC\OpenCNC\firmware\FC-DO-32.bin
DiskC\OpenCNC\firmware\FC-LSRMK.bin
DiskC\OpenCNC\firmware\FC-RESVR.bin
DiskC\OpenCNC\firmware\FC-SMLSR.bin
DiskC\OpenCNC\firmware\FC-TMPSR.bin
DiskC\OpenCNC\Data\3rdParty_Preload_Tuning.xml
DiskC\OpenCNC\Data\CNC2_Syntec_Galvo.xml
DiskC\OpenCNC\Data\CNCBASE.ini
DiskC\OpenCNC\Data\ECAT_ALM_DELTA_ASDA_A2_E.xml
DiskC\OpenCNC\Data\ECAT_ALM_SERVOTRONIX_CDHD.xml
DiskC\OpenCNC\Data\ECAT_OD_DELTA_ASDA_A2_E.xml
DiskC\OpenCNC\Data\ECAT_OD_MITSUBISHI_MR.xml
DiskC\OpenCNC\Data\ECAT_OD_PANASONIC_MINAS.xml
DiskC\OpenCNC\Data\ECAT_OD_SERVOTRONIX_CDHD.xml
DiskC\OpenCNC\Data\ECAT_PANASONIC_Preload_Tuning.xml
DiskC\OpenCNC\Data\ECAT_PM_DELTA_ASDA_A2_E.xml
DiskC\OpenCNC\Data\ECAT_PM_MITSUBISHI_J4.xml
DiskC\OpenCNC\Data\ECAT_PM_PANASONIC_MINAS_A5B.xml
DiskC\OpenCNC\Data\ECAT_PM_PANASONIC_MINAS_A6B.xml
DiskC\OpenCNC\Data\ECAT_PM_SERVOTRONIX_CDHD.xml
DiskC\OpenCNC\Data\EtherCAT.xml
DiskC\OpenCNC\Data\M2_Syntec.xml
DiskC\OpenCNC\Data\M2_Syntec_3rd_Party.xml
DiskC\OpenCNC\Data\M2_Syntec_Preload_Tuning.xml
DiskC\OpenCNC\Data\M2_Syntec_V2.xml
DiskC\OpenCNC\Data\M2_Yaskawa_Preload_Tuning.xml
DiskC\OpenCNC\Data\M2_Yaskawa_sigma_5.xml
DiskC\OpenCNC\Data\M2_Yaskawa_sigma_7.xml
DiskC\OpenCNC\Data\M2_Yaskawa_sigma_M.xml
DiskC\OpenCNC\Data\M3_Syntec.xml
DiskC\OpenCNC\Data\M3_Syntec_3rd_Party.xml
DiskC\OpenCNC\Data\M3_Yaskawa_Preload_Tuning.xml
DiskC\OpenCNC\Data\M3_Yaskawa_sigma_5.xml
DiskC\OpenCNC\Data\M3_Yaskawa_sigma_7S.xml
DiskC\OpenCNC\Data\M3_Yaskawa_sigma_7W.xml
DiskC\OpenCNC\Data\M3_Yaskawa_sigma_M.xml
DiskC\OpenCNC\Data\MotorInfo_YaskawaS5.xml
DiskC\OpenCNC\Data\MotorInfo_YaskawaS7.xml
DiskC\OpenCNC\Data\RTEX_PANASONIC_A6N.xml
DiskC\OpenCNC\Data\RTEX_PANASONIC_Preload_Tuning.xml
DiskC\OpenCNC\Data\SyntecV2_Preload_Tuning.xml
DiskC\OpenCNC\Data\IO\IoMap_21UpTo22Series.xml
DiskC\OpenCNC\Data\IO\IoMap_30GM.xml
DiskC\OpenCNC\Data\IO\IoMap_4in1.xml
DiskC\OpenCNC\Data\IO\IoMap_FC-A-V2.xml
DiskC\OpenCNC\Data\IO\IoMap_FC-A.xml
DiskC\OpenCNC\Data\IO\IoMap_FC-B-V2.xml
DiskC\OpenCNC\Data\IO\IoMap_FC-B.xml
DiskC\OpenCNC\Data\IO\IoMap_Galvo.xml
DiskC\OpenCNC\Data\IO\IoMap_HC-S.xml
DiskC\OpenCNC\Data\IO\IoMap_HHB.xml
DiskC\OpenCNC\Data\IO\IoMap_Null.xml
DiskC\OpenCNC\Data\IO\IoMap_RIO1-2-3-HKoff.xml
DiskC\OpenCNC\Data\IO\IoMap_RIO1-2-3-HKon-MPG120.xml
DiskC\OpenCNC\Data\IO\IoMap_RIO1-2-3off-HKon-MPG120.xml
DiskC\OpenCNC\Data\IO\IoMap_RIO1-2-HKoff.xml
DiskC\OpenCNC\Data\IO\IoMap_RIO1-2-HKon-MPG120.xml
DiskC\OpenCNC\Data\IO\IoMap_RIO1-2-HKon-MPG56.xml
DiskC\OpenCNC\Data\IO\IoMap_RIO1-2off-HKon-MPG120.xml
DiskC\OpenCNC\Data\IO\IoMap_RIO1-2off-HKon-MPG56.xml
DiskC\OpenCNC\Data\IO\IoMap_RIO1-HKoff-SP.xml
DiskC\OpenCNC\Data\IO\IoMap_RIO1-HKoff.xml
DiskC\OpenCNC\Data\IO\IoMap_RIO1-HKon-MPG56-SP.xml
DiskC\OpenCNC\Data\IO\IoMap_RIO1-HKon-MPG56.xml
DiskC\OpenCNC\Bin\30GM.mci
DiskC\OpenCNC\Bin\cnc2.bin
DiskC\OpenCNC\Bin\CNC2PIO.cio
DiskC\OpenCNC\Bin\cnc2_11b.bin
DiskC\OpenCNC\Bin\cnc2_20d.bin
DiskC\OpenCNC\Bin\cnc2_21a.bin
DiskC\OpenCNC\Bin\cnc2_22a_ethercat.bin
DiskC\OpenCNC\Bin\cnc2_22a_m2.bin
DiskC\OpenCNC\Bin\cnc2_22a_m3.bin
DiskC\OpenCNC\Bin\cnc2_22a_rtex.bin
DiskC\OpenCNC\Bin\cnc2_30gm.bin
DiskC\OpenCNC\Bin\cnc2_4in1driver.bin
DiskC\OpenCNC\Bin\cnc2_ehmc_step_top.bin
DiskC\OpenCNC\Bin\cnc2_fc.bin
DiskC\OpenCNC\Bin\cnc2_fc_ethercat.bin
DiskC\OpenCNC\Bin\cnc2_fc_ethercat_marking.bin
DiskC\OpenCNC\Bin\cnc2_fc_m3.bin
DiskC\OpenCNC\Bin\cnc2_fc_m3_marking.bin
DiskC\OpenCNC\Bin\cnc2_fc_v2.bin
DiskC\OpenCNC\Bin\cnc2_fc_v2_ethercat.bin
DiskC\OpenCNC\Bin\cnc2_fc_v2_ethercat_marking.bin
DiskC\OpenCNC\Bin\cnc2_fc_v2_m3.bin
DiskC\OpenCNC\Bin\cnc2_fc_v2_m3_marking.bin
DiskC\OpenCNC\Bin\cnc2_galvomotor.bin
DiskC\OpenCNC\Bin\cnc2_galvomotor_ethercat.bin
DiskC\OpenCNC\Bin\cnc2_galvomotor_m3.bin
DiskC\OpenCNC\Bin\cnc2_hhb_ethercat.bin
DiskC\OpenCNC\Bin\cnc2_hhb_m3.bin
DiskC\OpenCNC\Bin\cnc2_hhb_rtex.bin
DiskC\OpenCNC\Bin\cnc2_rtex.bin
DiskC\OpenCNC\Bin\cnc2_starm2.bin
DiskC\OpenCNC\Bin\cnc2_starm2_lx45.bin
DiskC\OpenCNC\Bin\cnc2_starm_ethercat.bin
DiskC\OpenCNC\Bin\cnc2_starm_lx45_ethercat.bin
DiskC\OpenCNC\Bin\cnc2_starm_lx45_rtex.bin
DiskC\OpenCNC\Bin\cnc2_starm_rtex.bin
DiskC\OpenCNC\Bin\EnIPModule.dll
DiskC\OpenCNC\Bin\epcio.cio
DiskC\OpenCNC\Bin\LaserCtrl.dll
DiskC\OpenCNC\Bin\M2.mci
DiskC\OpenCNC\Bin\M3.mci
DiskC\OpenCNC\Bin\netservo.mci
DiskC\OpenCNC\Bin\Null.mci
DiskC\OpenCNC\Bin\NullIO.cio
DiskC\OpenCNC\Bin\OCTest.dll
DiskC\OpenCNC\Bin\PhysicalDriver.dll
DiskC\OpenCNC\Bin\pio2.cio
DiskC\OpenCNC\Bin\PLC_COMM.dll
DiskC\OpenCNC\Bin\Prep.dll
DiskC\OpenCNC\Bin\RFDriver.dll
DiskC\OpenCNC\Bin\Rot.dll
DiskC\OpenCNC\Bin\RTEX.mci
DiskC\OpenCNC\Bin\SerialPLCAxis.dll
DiskC\OpenCNC\Bin\servo5.mci
DiskC\OpenCNC\Bin\servo6.mci
DiskC\OpenCNC\Bin\SriDriver.dll
----------------------------------------------------------------------
Files that are found in folder Previous_pack but NOT in folder Current_pack :

----------------------------------------------------------------------
