1	EnIPModule_W32_b01.txt			Line 16
2	LaserCtrl_W32_b01.txt			Line 57
3	LaserCtrl_W32_b02.txt			Line 63
4	OCDevice_W32_b01.txt			Line 26
5	OCDevice_W32_b01.txt			Line 35
6	OCDevice_W32_b01.txt			Line 37
7	OCDevice_W32_b01.txt			Line 39
8	OCDevice_W32_b01.txt			Line 41
9	OCDevice_W32_b01.txt			Line 43
10	OCDevice_W32_b01.txt			Line 47
11	OCDevice_W32_b01.txt			Line 81
12	OCDevice_W32_b01.txt			Line 87
13	OCDevice_W32_b01.txt			Line 92
14	OCDevice_W32_b01.txt			Line 94
15	OCDevice_W32_b01.txt			Line 98
16	OCDevice_W32_b01.txt			Line 102
17	OCDevice_W32_b01.txt			Line 104
18	OCDevice_W32_b01.txt			Line 138
19	OCDevice_W32_b01.txt			Line 149
20	OCDevice_W32_b02.txt			Line 39
21	OCDevice_W32_b02.txt			Line 56
22	OCDevice_W32_b03.txt			Line 26
23	OCDevice_W32_b03.txt			Line 35
24	OCDevice_W32_b03.txt			Line 37
25	OCDevice_W32_b03.txt			Line 39
26	OCDevice_W32_b03.txt			Line 41
27	OCDevice_W32_b03.txt			Line 43
28	OCDevice_W32_b03.txt			Line 47
29	OCDevice_W32_b03.txt			Line 81
30	OCDevice_W32_b03.txt			Line 87
31	OCDevice_W32_b03.txt			Line 92
32	OCDevice_W32_b03.txt			Line 94
33	OCDevice_W32_b03.txt			Line 98
34	OCDevice_W32_b03.txt			Line 102
35	OCDevice_W32_b03.txt			Line 104
36	OCDevice_W32_b03.txt			Line 138
37	OCDevice_W32_b03.txt			Line 174
38	OCDevice_W32_b04.txt			Line 16
39	OCDevice_W32_b04.txt			Line 35
40	OCDevice_W32_b04.txt			Line 37
41	OCDevice_W32_b04.txt			Line 39
42	OCDevice_W32_b04.txt			Line 41
43	OCDevice_W32_b04.txt			Line 43
44	OCDevice_W32_b04.txt			Line 47
45	OCDevice_W32_b04.txt			Line 81
46	OCDevice_W32_b04.txt			Line 87
47	OCDevice_W32_b04.txt			Line 92
48	OCDevice_W32_b04.txt			Line 94
49	OCDevice_W32_b04.txt			Line 98
50	OCDevice_W32_b04.txt			Line 102
51	OCDevice_W32_b04.txt			Line 104
52	OCDevice_W32_b04.txt			Line 138
53	OCDevice_W32_b04.txt			Line 163
54	OCDevice_WCE6_b01.txt			Line 62
55	OCDevice_WCE6_b01.txt			Line 64
56	OCDevice_WCE6_b01.txt			Line 66
57	OCDevice_WCE6_b01.txt			Line 68
58	OCDevice_WCE6_b01.txt			Line 70
59	OCDevice_WCE6_b01.txt			Line 74
60	OCDevice_WCE6_b01.txt			Line 119
61	OCDevice_WCE6_b01.txt			Line 125
62	OCDevice_WCE6_b01.txt			Line 130
63	OCDevice_WCE6_b01.txt			Line 132
64	OCDevice_WCE6_b01.txt			Line 136
65	OCDevice_WCE6_b01.txt			Line 140
66	OCDevice_WCE6_b01.txt			Line 142
67	OCDevice_WCE6_b01.txt			Line 172
68	OCDevice_WCE6_b01.txt			Line 315
69	OCDevice_WCE6_b01.txt			Line 325
70	OCDevice_WCE6_b01.txt			Line 335
71	OCDevice_WCE6_b01.txt			Line 345
72	OCDevice_WCE6_b01.txt			Line 351
73	OCDevice_WCE6_b01.txt			Line 353
74	OCDevice_WCE6_b01.txt			Line 355
75	OCDevice_WCE6_b01.txt			Line 358
76	OCDevice_WCE6_b01.txt			Line 361
77	OCDevice_WCE6_b01.txt			Line 371
78	OCDevice_WCE6_b01.txt			Line 411
79	OCDevice_WCE6_b01.txt			Line 421
80	OCDevice_WCE6_b01.txt			Line 431
81	OCDevice_WCE6_b01.txt			Line 441
82	OCDevice_WCE6_b01.txt			Line 453
83	OCDevice_WCE6_b01.txt			Line 463
84	OCDevice_WCE6_b01.txt			Line 487
85	OCDevice_WEC7ARM_b01.txt		Line 71
86	OCDevice_WEC7ARM_b01.txt		Line 73
87	OCDevice_WEC7ARM_b01.txt		Line 75
88	OCDevice_WEC7ARM_b01.txt		Line 77
89	OCDevice_WEC7ARM_b01.txt		Line 79
90	OCDevice_WEC7ARM_b01.txt		Line 83
91	OCDevice_WEC7ARM_b01.txt		Line 172
92	OCDevice_WEC7ARM_b01.txt		Line 178
93	OCDevice_WEC7ARM_b01.txt		Line 183
94	OCDevice_WEC7ARM_b01.txt		Line 185
95	OCDevice_WEC7ARM_b01.txt		Line 189
96	OCDevice_WEC7ARM_b01.txt		Line 193
97	OCDevice_WEC7ARM_b01.txt		Line 195
98	OCDevice_WEC7ARM_b01.txt		Line 225
99	OCDevice_WEC7ARM_b01.txt		Line 302
100	OCDevice_WEC7ARM_b01.txt		Line 340
101	OCDevice_WEC7ARM_b01.txt		Line 350
102	OCDevice_WEC7ARM_b01.txt		Line 360
103	OCDevice_WEC7ARM_b01.txt		Line 365
104	OCDevice_WEC7ARM_b01.txt		Line 368
105	OCDevice_WEC7ARM_b01.txt		Line 370
106	OCDevice_WEC7ARM_b01.txt		Line 372
107	OCDevice_WEC7ARM_b01.txt		Line 376
108	OCDevice_WEC7ARM_b01.txt		Line 388
109	OCDevice_WEC7ARM_b01.txt		Line 400
110	OCDevice_WEC7ARM_b01.txt		Line 412
111	OCDevice_WEC7ARM_b01.txt		Line 422
112	OCDevice_WEC7ARM_b01.txt		Line 432
113	OCDevice_WEC7ARM_b01.txt		Line 439
114	OCDevice_WEC7ARM_b01.txt		Line 441
115	OCDevice_WEC7ARM_b01.txt		Line 444
116	OCDevice_WEC7ARM_b01.txt		Line 446
117	OCDevice_WEC7ARM_b01.txt		Line 448
118	OCDevice_WEC7ARM_b01.txt		Line 450
119	OCDevice_WEC7ARM_b01.txt		Line 452
120	OCDevice_WEC7ARM_b01.txt		Line 454
121	OCDevice_WEC7ARM_b01.txt		Line 457
122	OCDevice_WEC7ARM_b01.txt		Line 459
123	OCDevice_WEC7ARM_b01.txt		Line 461
124	OCDevice_WEC7ARM_b01.txt		Line 463
125	OCDevice_WEC7ARM_b01.txt		Line 465
126	OCDevice_WEC7ARM_b01.txt		Line 468
127	OCDevice_WEC7ARM_b01.txt		Line 478
128	OCDevice_WEC7ARM_b01.txt		Line 488
129	OCKrnl_GTEST_01.txt			Line 944
130	OCKrnl_GTEST_01.txt			Line 998
131	OCKrnl_GTEST_01.txt			Line 1011
132	OCKrnl_GTEST_03.txt			Line 640
133	OCKrnl_GTEST_03.txt			Line 694
134	OCKrnl_GTEST_03.txt			Line 1037
135	OCKrnl_GTEST_06.txt			Line 131
136	OCKrnl_GTEST_06.txt			Line 185
137	OCKrnl_GTEST_06.txt			Line 196
138	OCKrnl_W32_b02.txt			Line 640
139	OCKrnl_W32_b02.txt			Line 694
140	OCKrnl_W32_b02.txt			Line 1038
141	OCKrnl_W32_b03.txt			Line 640
142	OCKrnl_W32_b03.txt			Line 694
143	OCKrnl_W32_b03.txt			Line 1038
144	OCKrnl_W32_b03.txt			Line 1071
145	OCKrnl_WCE6_b01.txt			Line 632
146	OCKrnl_WCE6_b01.txt			Line 682
147	OCKrnl_WCE6_b01.txt			Line 986
148	OCKrnl_WCE6_b02.txt			Line 632
149	OCKrnl_WCE6_b02.txt			Line 682
150	OCKrnl_WCE6_b02.txt			Line 986
151	OCKrnl_WCE6_b02.txt			Line 1022
152	OCKrnl_WEC7ARM_b01.txt			Line 729
153	OCKrnl_WEC7ARM_b01.txt			Line 779
154	OCKrnl_WEC7ARM_b01.txt			Line 983
155	OCKrnl_WEC7ARM_b02.txt			Line 729
156	OCKrnl_WEC7ARM_b02.txt			Line 779
157	OCKrnl_WEC7ARM_b02.txt			Line 983
158	OCKrnl_WEC7ARM_b02.txt			Line 1019
159	OCTest_b01.txt				Line 42
160	OCTest_b02.txt				Line 45
161	OCTest_b04.txt				Line 45
162	Prep_W32_b01.txt			Line 13
163	Prep_WCE6_b01.txt			Line 15
164	Prep_WEC7ARM_b01.txt			Line 15
165	Rot_W32_b01.txt				Line 20
166	SerialPLCAxis_W32_b01.txt		Line 18
166 Error(s) Found...
