1	BuildDrillCAM32.txt			Line 20
2	BuildDrillCAM32.txt			Line 25
3	BuildDrillCAMCE.txt			Line 16
4	BuildDrillCAMCE.txt			Line 27
5	BuildPlugin32.txt			Line 15
6	BuildPlugin32.txt			Line 20
7	BuildPluginCE.txt			Line 16
8	BuildPluginCE.txt			Line 22
9	BuildPrintLabelWorker32.txt		Line 15
10	BuildPrintLabelWorker32.txt		Line 20
11	BuildPrintLabelWorkerCE.txt		Line 16
12	BuildPrintLabelWorkerCE.txt		Line 22
13	EAutoTestPlugin32.txt			Line 15
14	EAutoTestPlugin32.txt			Line 20
15	ECncMon32.txt				Line 15
16	ECncMon32.txt				Line 20
17	ECncMon32_autotest.txt			Line 15
18	ECncMon32_autotest.txt			Line 20
19	ECncMonCE.txt				Line 16
20	ECncMonCE.txt				Line 22
21	ECncMonCE_autotest.txt			Line 16
22	ECncMonCE_autotest.txt			Line 22
23	EDipoleServer.txt			Line 15
24	EDipoleServer.txt			Line 20
25	EDipoleServerCE.txt			Line 16
26	EDipoleServerCE.txt			Line 22
27	EEHMC32.txt				Line 15
28	EEHMC32.txt				Line 20
29	EFileCleanSetting.txt			Line 15
30	EFileCleanSetting.txt			Line 20
31	EFileCleanSettingCE.txt			Line 16
32	EFileCleanSettingCE.txt			Line 22
33	EHMCCE.txt				Line 16
34	EHMCCE.txt				Line 22
35	EMAutoTestPluginCE.txt			Line 16
36	EMAutoTestPluginCE.txt			Line 22
37	ERobotMMI.txt				Line 15
38	ERobotMMI.txt				Line 20
39	ERobotMMICE.txt				Line 16
40	ERobotMMICE.txt				Line 22
41	ESyntec.RemoteCNC.txt			Line 15
42	ESyntec.RemoteCNC.txt			Line 20
