cnc2 error log 
=========================== 
.\cnc2.bld:30:  Number of errors:     0
.\cnc2.syr:2831:Number of errors   :    0 (   0 filtered)
.\cnc2_map.map:594:Number of errors:      0
.\cnc2.par:586:Number of error messages: 0
.\cnc2.twr:691:Timing errors: 0  Score: 0  (Setup/Max: 0, Hold: 0)
=========================== 
cnc2_21A error log 
=========================== 
.\cnc2_21A.bld:30:  Number of errors:     0
.\cnc2_21A.syr:2881:Number of errors   :    0 (   0 filtered)
.\cnc2_21A_map.map:242:Number of errors:      0
.\cnc2_21A.par:326:Number of error messages: 0
.\cnc2_21A.twr:708:Timing errors: 0  Score: 0  (Setup/Max: 0, Hold: 0)
=========================== 
cnc2_30GM error log 
=========================== 
.\cnc2_30GM.bld:30:  Number of errors:     0
.\cnc2_30GM.syr:1859:Number of errors   :    0 (   0 filtered)
.\cnc2_30GM_map.map:602:Number of errors:      0
.\cnc2_30GM.par:546:Number of error messages: 0
.\cnc2_30GM.twr:735:Timing errors: 0  Score: 0  (Setup/Max: 0, Hold: 0)
=========================== 
cnc2_RTEX error log 
=========================== 
.\cnc2_RTEX.bld:30:  Number of errors:     0
.\cnc2_RTEX.syr:2678:Number of errors   :    0 (   0 filtered)
.\cnc2_RTEX_map.map:255:Number of errors:      0
.\cnc2_RTEX.par:322:Number of error messages: 0
.\cnc2_RTEX.twr:789:Timing errors: 0  Score: 0  (Setup/Max: 0, Hold: 0)
=========================== 
CNC2_4in1Driver error log 
=========================== 
.\CNC2_4in1Driver.bld:45:  Number of errors:     0
.\CNC2_4in1Driver.syr:4294:Number of errors   :    0 (   0 filtered)
.\CNC2_4in1Driver_map.map:215:Number of errors:      0
.\CNC2_4in1Driver.par:446:Number of error messages: 0
.\CNC2_4in1Driver.twr:6369:Timing errors: 0  Score: 0  (Setup/Max: 0, Hold: 0)
=========================== 
CNC2_EHMC_STEP_TOP error log 
=========================== 
.\CNC2_EHMC_STEP_TOP.bld:37:  Number of errors:     0
.\CNC2_EHMC_STEP_TOP.syr:3676:Number of errors   :    0 (   0 filtered)
.\CNC2_EHMC_STEP_TOP_map.map:951:Number of errors:      0
.\CNC2_EHMC_STEP_TOP.par:979:Number of error messages: 0
.\CNC2_EHMC_STEP_TOP.twr:3151:Timing errors: 0  Score: 0  (Setup/Max: 0, Hold: 0)
=========================== 
CNC2_22A_EtherCAT error log 
=========================== 
.\CNC2_22A_EtherCAT.bld:80:  Number of errors:     0
.\CNC2_22A_EtherCAT.syr:5191:Number of errors   :    0 (   0 filtered)
.\CNC2_22A_EtherCAT_map.map:323:Number of errors:      0
.\CNC2_22A_EtherCAT.par:578:Number of error messages: 0
.\CNC2_22A_EtherCAT.twr:6344:Timing errors: 0  Score: 0  (Setup/Max: 0, Hold: 0)
=========================== 
CNC2_22A_M2 error log 
=========================== 
.\CNC2_22A_M2.bld:36:  Number of errors:     0
.\CNC2_22A_M2.syr:4927:Number of errors   :    0 (   0 filtered)
.\CNC2_22A_M2_map.map:307:Number of errors:      0
.\CNC2_22A_M2.par:519:Number of error messages: 0
.\CNC2_22A_M2.twr:3284:Timing errors: 0  Score: 0  (Setup/Max: 0, Hold: 0)
=========================== 
CNC2_22A_M3 error log 
=========================== 
.\CNC2_22A_M3.bld:44:  Number of errors:     0
.\CNC2_22A_M3.syr:5418:Number of errors   :    0 (   0 filtered)
.\CNC2_22A_M3_map.map:389:Number of errors:      0
.\CNC2_22A_M3.par:591:Number of error messages: 0
.\CNC2_22A_M3.twr:6191:Timing errors: 0  Score: 0  (Setup/Max: 0, Hold: 0)
=========================== 
CNC2_22A_RTEX error log 
=========================== 
.\CNC2_22A_RTEX.bld:43:  Number of errors:     0
.\CNC2_22A_RTEX.syr:5293:Number of errors   :    0 (   0 filtered)
.\CNC2_22A_RTEX_map.map:327:Number of errors:      0
.\CNC2_22A_RTEX.par:573:Number of error messages: 0
.\CNC2_22A_RTEX.twr:7561:Timing errors: 0  Score: 0  (Setup/Max: 0, Hold: 0)
=========================== 
CNC2_HHB_etherCAT error log 
=========================== 
.\CNC2_HHB_etherCAT.bld:80:  Number of errors:     0
.\CNC2_HHB_etherCAT.syr:4250:Number of errors   :    0 (   0 filtered)
.\CNC2_HHB_etherCAT_map.map:120:Number of errors:      0
.\CNC2_HHB_etherCAT.par:374:Number of error messages: 0
.\CNC2_HHB_etherCAT.twr:5962:Timing errors: 0  Score: 0  (Setup/Max: 0, Hold: 0)
=========================== 
CNC2_HHB_M3 error log 
=========================== 
.\CNC2_HHB_M3.bld:44:  Number of errors:     0
.\CNC2_HHB_M3.syr:4289:Number of errors   :    0 (   0 filtered)
.\CNC2_HHB_M3_map.map:190:Number of errors:      0
.\CNC2_HHB_M3.par:405:Number of error messages: 0
.\CNC2_HHB_M3.twr:5649:Timing errors: 0  Score: 0  (Setup/Max: 0, Hold: 0)
=========================== 
CNC2_HHB_RTEX error log 
=========================== 
.\CNC2_HHB_RTEX.bld:43:  Number of errors:     0
.\CNC2_HHB_RTEX.syr:4229:Number of errors   :    0 (   0 filtered)
.\CNC2_HHB_RTEX_map.map:124:Number of errors:      0
.\CNC2_HHB_RTEX.par:362:Number of error messages: 0
.\CNC2_HHB_RTEX.twr:6870:Timing errors: 0  Score: 0  (Setup/Max: 0, Hold: 0)
=========================== 
CNC2_FC error log 
=========================== 
.\CNC2_FC.bld:36:  Number of errors:     0
.\CNC2_FC.syr:4462:Number of errors   :    0 (   0 filtered)
.\CNC2_FC_map.map:1618:Number of errors:      0
.\CNC2_FC.par:1537:Number of error messages: 0
.\CNC2_FC.twr:3943:Timing errors: 0  Score: 0  (Setup/Max: 0, Hold: 0)
=========================== 
CNC2_FC_EtherCAT error log 
=========================== 
.\CNC2_FC_EtherCAT.bld:80:  Number of errors:     0
.\CNC2_FC_EtherCAT.syr:4848:Number of errors   :    0 (   0 filtered)
.\CNC2_FC_EtherCAT_map.map:1133:Number of errors:      0
.\CNC2_FC_EtherCAT.par:1056:Number of error messages: 0
.\CNC2_FC_EtherCAT.twr:6358:Timing errors: 0  Score: 0  (Setup/Max: 0, Hold: 0)
=========================== 
CNC2_FC_M3 error log 
=========================== 
.\CNC2_FC_M3.bld:44:  Number of errors:     0
.\CNC2_FC_M3.syr:4838:Number of errors   :    0 (   0 filtered)
.\CNC2_FC_M3_map.map:1023:Number of errors:      0
.\CNC2_FC_M3.par:1048:Number of error messages: 0
.\CNC2_FC_M3.twr:5491:Timing errors: 0  Score: 0  (Setup/Max: 0, Hold: 0)
=========================== 
CNC2_FC_RTEX error log 
=========================== 
.\CNC2_FC_RTEX.bld:43:  Number of errors:     0
.\CNC2_FC_RTEX.syr:4867:Number of errors   :    0 (   0 filtered)
.\CNC2_FC_RTEX_map.map:963:Number of errors:      0
.\CNC2_FC_RTEX.par:1048:Number of error messages: 0
.\CNC2_FC_RTEX.twr:7402:Timing errors: 0  Score: 0  (Setup/Max: 0, Hold: 0)
=========================== 
CNC2_FC_EtherCAT_MARKING error log 
=========================== 
.\CNC2_FC_EtherCAT_MARKING.bld:81:  Number of errors:     0
.\CNC2_FC_EtherCAT_MARKING.syr:4748:Number of errors   :    0 (   0 filtered)
.\CNC2_FC_EtherCAT_MARKING_map.map:1126:Number of errors:      0
.\CNC2_FC_EtherCAT_MARKING.par:1011:Number of error messages: 0
.\CNC2_FC_EtherCAT_MARKING.twr:5681:Timing errors: 1528  Score: 1782589  (Setup/Max: 108311, Hold: 1674278)
=========================== 
CNC2_FC_M3_MARKING error log 
=========================== 
.\CNC2_FC_M3_MARKING.bld:45:  Number of errors:     0
.\CNC2_FC_M3_MARKING.syr:4735:Number of errors   :    0 (   0 filtered)
.\CNC2_FC_M3_MARKING_map.map:1189:Number of errors:      0
.\CNC2_FC_M3_MARKING.par:1019:Number of error messages: 0
.\CNC2_FC_M3_MARKING.twr:5556:Timing errors: 1118  Score: 1325397  (Setup/Max: 76600, Hold: 1248797)
=========================== 
CNC2_FC_RTEX_MARKING error log 
=========================== 
.\CNC2_FC_RTEX_MARKING.bld:44:  Number of errors:     0
.\CNC2_FC_RTEX_MARKING.syr:4728:Number of errors   :    0 (   0 filtered)
.\CNC2_FC_RTEX_MARKING_map.map:1129:Number of errors:      0
.\CNC2_FC_RTEX_MARKING.par:1001:Number of error messages: 0
.\CNC2_FC_RTEX_MARKING.twr:6988:Timing errors: 1506  Score: 1587795  (Setup/Max: 108749, Hold: 1479046)
=========================== 
CNC2_FC_V2 error log 
=========================== 
.\CNC2_FC_V2.bld:36:  Number of errors:     0
.\CNC2_FC_V2.syr:4458:Number of errors   :    0 (   0 filtered)
.\CNC2_FC_V2_map.map:1618:Number of errors:      0
.\CNC2_FC_V2.par:1533:Number of error messages: 0
.\CNC2_FC_V2.twr:3885:Timing errors: 0  Score: 0  (Setup/Max: 0, Hold: 0)
=========================== 
CNC2_FC_V2_EtherCAT error log 
=========================== 
.\CNC2_FC_V2_EtherCAT.bld:80:  Number of errors:     0
.\CNC2_FC_V2_EtherCAT.syr:4840:Number of errors   :    0 (   0 filtered)
.\CNC2_FC_V2_EtherCAT_map.map:1160:Number of errors:      0
.\CNC2_FC_V2_EtherCAT.par:1049:Number of error messages: 0
.\CNC2_FC_V2_EtherCAT.twr:6222:Timing errors: 0  Score: 0  (Setup/Max: 0, Hold: 0)
=========================== 
CNC2_FC_V2_M3 error log 
=========================== 
.\CNC2_FC_V2_M3.bld:44:  Number of errors:     0
.\CNC2_FC_V2_M3.syr:4827:Number of errors   :    0 (   0 filtered)
.\CNC2_FC_V2_M3_map.map:1024:Number of errors:      0
.\CNC2_FC_V2_M3.par:1040:Number of error messages: 0
.\CNC2_FC_V2_M3.twr:5493:Timing errors: 0  Score: 0  (Setup/Max: 0, Hold: 0)
=========================== 
CNC2_FC_V2_RTEX error log 
=========================== 
.\CNC2_FC_V2_RTEX.bld:44:  Number of errors:     0
.\CNC2_FC_V2_RTEX.syr:4859:Number of errors   :    0 (   0 filtered)
.\CNC2_FC_V2_RTEX_map.map:1044:Number of errors:      0
.\CNC2_FC_V2_RTEX.par:1040:Number of error messages: 0
.\CNC2_FC_V2_RTEX.twr:7664:Timing errors: 0  Score: 0  (Setup/Max: 0, Hold: 0)
=========================== 
CNC2_FC_V2_EtherCAT_MARKING error log 
=========================== 
.\CNC2_FC_V2_EtherCAT_MARKING.bld:82:  Number of errors:     0
.\CNC2_FC_V2_EtherCAT_MARKING.syr:4740:Number of errors   :    0 (   0 filtered)
.\CNC2_FC_V2_EtherCAT_MARKING_map.map:1126:Number of errors:      0
.\CNC2_FC_V2_EtherCAT_MARKING.par:982:Number of error messages: 0
.\CNC2_FC_V2_EtherCAT_MARKING.twr:5489:Timing errors: 0  Score: 0  (Setup/Max: 0, Hold: 0)
=========================== 
CNC2_FC_V2_M3_MARKING error log 
=========================== 
.\CNC2_FC_V2_M3_MARKING.bld:45:  Number of errors:     0
.\CNC2_FC_V2_M3_MARKING.syr:4725:Number of errors   :    0 (   0 filtered)
.\CNC2_FC_V2_M3_MARKING_map.map:1190:Number of errors:      0
.\CNC2_FC_V2_M3_MARKING.par:1007:Number of error messages: 0
.\CNC2_FC_V2_M3_MARKING.twr:5589:Timing errors: 4  Score: 423  (Setup/Max: 423, Hold: 0)
=========================== 
CNC2_FC_V2_RTEX_MARKING error log 
=========================== 
.\CNC2_FC_V2_RTEX_MARKING.bld:44:  Number of errors:     0
.\CNC2_FC_V2_RTEX_MARKING.syr:4720:Number of errors   :    0 (   0 filtered)
.\CNC2_FC_V2_RTEX_MARKING_map.map:1130:Number of errors:      0
.\CNC2_FC_V2_RTEX_MARKING.par:973:Number of error messages: 0
.\CNC2_FC_V2_RTEX_MARKING.twr:6760:Timing errors: 0  Score: 0  (Setup/Max: 0, Hold: 0)
=========================== 
CNC2_GalvoMotor_EtherCAT error log 
=========================== 
.\CNC2_GalvoMotor_EtherCAT.bld:84:  Number of errors:     0
.\CNC2_GalvoMotor_EtherCAT.syr:6212:Number of errors   :    0 (   0 filtered)
.\CNC2_GalvoMotor_EtherCAT_map.map:1146:Number of errors:      0
.\CNC2_GalvoMotor_EtherCAT.par:1010:Number of error messages: 0
.\CNC2_GalvoMotor_EtherCAT.twr:6020:Timing errors: 0  Score: 0  (Setup/Max: 0, Hold: 0)
=========================== 
CNC2_GalvoMotor_M3 error log 
=========================== 
.\CNC2_GalvoMotor_M3.bld:48:  Number of errors:     0
.\CNC2_GalvoMotor_M3.syr:6258:Number of errors   :    0 (   0 filtered)
.\CNC2_GalvoMotor_M3_map.map:1212:Number of errors:      0
.\CNC2_GalvoMotor_M3.par:1037:Number of error messages: 0
.\CNC2_GalvoMotor_M3.twr:6502:Timing errors: 0  Score: 0  (Setup/Max: 0, Hold: 0)
=========================== 
CNC2_STARM_ETHERCAT error log 
=========================== 
.\CNC2_STARM_ETHERCAT.bld:80:  Number of errors:     0
.\CNC2_STARM_ETHERCAT.syr:4914:Number of errors   :    0 (   0 filtered)
.\CNC2_STARM_ETHERCAT_map.map:128:Number of errors:      0
.\CNC2_STARM_ETHERCAT.par:390:Number of error messages: 0
.\CNC2_STARM_ETHERCAT.twr:5584:Timing errors: 0  Score: 0  (Setup/Max: 0, Hold: 0)
=========================== 
CNC2_STARM2 error log 
=========================== 
.\CNC2_STARM2.bld:44:  Number of errors:     0
.\CNC2_STARM2.syr:5077:Number of errors   :    0 (   0 filtered)
.\CNC2_STARM2_map.map:194:Number of errors:      0
.\CNC2_STARM2.par:421:Number of error messages: 0
.\CNC2_STARM2.twr:5997:Timing errors: 0  Score: 0  (Setup/Max: 0, Hold: 0)
=========================== 
CNC2_STARM_RTEX error log 
=========================== 
.\CNC2_STARM_RTEX.bld:44:  Number of errors:     0
.\CNC2_STARM_RTEX.syr:4954:Number of errors   :    0 (   0 filtered)
.\CNC2_STARM_RTEX_map.map:132:Number of errors:      0
.\CNC2_STARM_RTEX.par:381:Number of error messages: 0
.\CNC2_STARM_RTEX.twr:6934:Timing errors: 0  Score: 0  (Setup/Max: 0, Hold: 0)
=========================== 
CNC2_FC_EtherCAT_MARKING error log 
=========================== 
.\CNC2_FC_EtherCAT_MARKING.bld:81:  Number of errors:     0
.\CNC2_FC_EtherCAT_MARKING.syr:4749:Number of errors   :    0 (   0 filtered)
.\CNC2_FC_EtherCAT_MARKING_map.map:1126:Number of errors:      0
.\CNC2_FC_EtherCAT_MARKING.par:989:Number of error messages: 0
.\CNC2_FC_EtherCAT_MARKING.twr:5569:Timing errors: 0  Score: 0  (Setup/Max: 0, Hold: 0)
=========================== 
CNC2_FC_M3_MARKING error log 
=========================== 
.\CNC2_FC_M3_MARKING.bld:45:  Number of errors:     0
.\CNC2_FC_M3_MARKING.syr:4735:Number of errors   :    0 (   0 filtered)
.\CNC2_FC_M3_MARKING_map.map:1189:Number of errors:      0
.\CNC2_FC_M3_MARKING.par:1014:Number of error messages: 0
.\CNC2_FC_M3_MARKING.twr:5413:Timing errors: 8  Score: 4238  (Setup/Max: 4238, Hold: 0)
=========================== 
CNC2_FC_RTEX_MARKING error log 
=========================== 
.\CNC2_FC_RTEX_MARKING.bld:44:  Number of errors:     0
.\CNC2_FC_RTEX_MARKING.syr:4728:Number of errors   :    0 (   0 filtered)
.\CNC2_FC_RTEX_MARKING_map.map:1129:Number of errors:      0
.\CNC2_FC_RTEX_MARKING.par:980:Number of error messages: 0
.\CNC2_FC_RTEX_MARKING.twr:6822:Timing errors: 0  Score: 0  (Setup/Max: 0, Hold: 0)
=========================== 
CNC2_FC_V2_M3_MARKING error log 
=========================== 
.\CNC2_FC_V2_M3_MARKING.bld:45:  Number of errors:     0
.\CNC2_FC_V2_M3_MARKING.syr:4725:Number of errors   :    0 (   0 filtered)
.\CNC2_FC_V2_M3_MARKING_map.map:1190:Number of errors:      0
.\CNC2_FC_V2_M3_MARKING.par:991:Number of error messages: 0
.\CNC2_FC_V2_M3_MARKING.twr:5464:Timing errors: 0  Score: 0  (Setup/Max: 0, Hold: 0)
=========================== 
CNC2_FC_M3_MARKING error log 
=========================== 
.\CNC2_FC_M3_MARKING.bld:45:  Number of errors:     0
.\CNC2_FC_M3_MARKING.syr:4735:Number of errors   :    0 (   0 filtered)
.\CNC2_FC_M3_MARKING_map.map:1189:Number of errors:      0
.\CNC2_FC_M3_MARKING.par:998:Number of error messages: 0
.\CNC2_FC_M3_MARKING.twr:5412:Timing errors: 0  Score: 0  (Setup/Max: 0, Hold: 0)
=========================== 
