Files that are found in folder Current_res but NOT in folder Previous_res :

Res\_Arm\_HC\_8E\Res\apppmeng.pin
Res\_Arm\_HC\_8E\Res\milmacro.res
Res\_Arm\_HC\_8E\Res\splcaeng.pin
Res\_Arm\_HC\_8E\Res\sripmeng.pin
Res\_Arm\_HC\_8E\Res\sysmacro.res
Res\_Arm\_HC\_8E\Res\syspmeng.pin
Res\_Arm\_HC\_8E\Data\CncBase_Ext.ini
Res\_Arm\_HC\_8E\Common\SyntecParam.xml
Res\_Arm\_HC\_8E\Common\string\SysParamCom_COM.xml
Res\_Arm\_HC\_8E\CHT\string\SysParamCht_COM.xml
Res\_Arm\_HC\_8E\CHS\string\SysParamChs_COM.xml
Res\_Arm\_HC\_15E\Res\apppmeng.pin
Res\_Arm\_HC\_15E\Res\milmacro.res
Res\_Arm\_HC\_15E\Res\splcaeng.pin
Res\_Arm\_HC\_15E\Res\sripmeng.pin
Res\_Arm\_HC\_15E\Res\sysmacro.res
Res\_Arm\_HC\_15E\Res\syspmeng.pin
Res\_Arm\_HC\_15E\Data\CncBase_Ext.ini
Res\_Arm\_HC\_15E\Common\SyntecParam.xml
Res\_Arm\_HC\_15E\Common\string\SysParamCom_COM.xml
Res\_Arm\_HC\_15E\CHT\string\SysParamCht_COM.xml
Res\_Arm\_HC\_15E\CHS\string\SysParamChs_COM.xml
Res\_Arm\_HC\_10E\Res\apppmeng.pin
Res\_Arm\_HC\_10E\Res\milmacro.res
Res\_Arm\_HC\_10E\Res\splcaeng.pin
Res\_Arm\_HC\_10E\Res\sripmeng.pin
Res\_Arm\_HC\_10E\Res\sysmacro.res
Res\_Arm\_HC\_10E\Res\syspmeng.pin
Res\_Arm\_HC\_10E\Data\CncBase_Ext.ini
Res\_Arm\_HC\_10E\Common\SyntecParam.xml
Res\_Arm\_HC\_10E\Common\string\SysParamCom_COM.xml
Res\_Arm\_HC\_10E\CHT\string\SysParamCht_COM.xml
Res\_Arm\_HC\_10E\CHS\string\SysParamChs_COM.xml
----------------------------------------------------------------------
Files that are found in folder Previous_res but NOT in folder Current_res :

----------------------------------------------------------------------
