1	CEMMIAPI_32.txt				Line 7
2	CEMMIAPI_32.txt				Line 50
3	CEMMIAPI_32.txt				Line 79
4	CEMMIAPI_CE6.txt			Line 6
5	CEMMIAPI_CE6.txt			Line 9
6	CEMMIAPI_CE6.txt			Line 14
7	CEMMIAPI_CE7.txt			Line 7
8	CEMMIAPI_CE7.txt			Line 10
9	CEMMIAPI_CE7.txt			Line 14
10	OCUser_W32_e01.txt			Line 23
11	OCUser_W32_e01.txt			Line 34
12	OCUser_W32_e01.txt			Line 38
13	OCUser_W32_e01.txt			Line 40
14	OCUser_W32_e01.txt			Line 43
15	OCUser_W32_e01.txt			Line 46
16	OCUser_W32_e01.txt			Line 49
17	OCUser_W32_e01.txt			Line 53
18	OCUser_W32_e01.txt			Line 55
19	OCUser_W32_e01.txt			Line 57
20	OCUser_W32_e01.txt			Line 59
21	OCUser_W32_e01.txt			Line 63
22	OCUser_W32_e01.txt			Line 65
23	OCUser_W32_e01.txt			Line 67
24	OCUser_W32_e01.txt			Line 69
25	OCUser_W32_e01.txt			Line 71
26	OCUser_W32_e01.txt			Line 73
27	OCUser_W32_e01.txt			Line 75
28	OCUser_W32_e01.txt			Line 77
29	OCUser_W32_e01.txt			Line 79
30	OCUser_W32_e01.txt			Line 81
31	OCUser_W32_e01.txt			Line 83
32	OCUser_W32_e01.txt			Line 85
33	OCUser_W32_e01.txt			Line 87
34	OCUser_W32_e01.txt			Line 89
35	OCUser_W32_e01.txt			Line 91
36	OCUser_W32_e01.txt			Line 93
37	OCUser_W32_e01.txt			Line 95
38	OCUser_W32_e01.txt			Line 102
39	OCUser_W32_e01.txt			Line 104
40	OCUser_W32_e01.txt			Line 106
41	OCUser_W32_e01.txt			Line 108
42	OCUser_W32_e01.txt			Line 110
43	OCUser_W32_e01.txt			Line 112
44	OCUser_W32_e01.txt			Line 114
45	OCUser_W32_e01.txt			Line 118
46	OCUser_W32_e01.txt			Line 120
47	OCUser_W32_e01.txt			Line 122
48	OCUser_W32_e01.txt			Line 128
49	OCUser_W32_e01.txt			Line 136
50	OCUser_W32_e01.txt			Line 152
51	OCUser_W32_e02.txt			Line 23
52	OCUser_W32_e02.txt			Line 34
53	OCUser_W32_e02.txt			Line 38
54	OCUser_W32_e02.txt			Line 40
55	OCUser_W32_e02.txt			Line 43
56	OCUser_W32_e02.txt			Line 46
57	OCUser_W32_e02.txt			Line 49
58	OCUser_W32_e02.txt			Line 53
59	OCUser_W32_e02.txt			Line 55
60	OCUser_W32_e02.txt			Line 57
61	OCUser_W32_e02.txt			Line 59
62	OCUser_W32_e02.txt			Line 63
63	OCUser_W32_e02.txt			Line 65
64	OCUser_W32_e02.txt			Line 67
65	OCUser_W32_e02.txt			Line 69
66	OCUser_W32_e02.txt			Line 71
67	OCUser_W32_e02.txt			Line 73
68	OCUser_W32_e02.txt			Line 75
69	OCUser_W32_e02.txt			Line 77
70	OCUser_W32_e02.txt			Line 79
71	OCUser_W32_e02.txt			Line 81
72	OCUser_W32_e02.txt			Line 83
73	OCUser_W32_e02.txt			Line 85
74	OCUser_W32_e02.txt			Line 87
75	OCUser_W32_e02.txt			Line 89
76	OCUser_W32_e02.txt			Line 91
77	OCUser_W32_e02.txt			Line 93
78	OCUser_W32_e02.txt			Line 95
79	OCUser_W32_e02.txt			Line 102
80	OCUser_W32_e02.txt			Line 104
81	OCUser_W32_e02.txt			Line 106
82	OCUser_W32_e02.txt			Line 108
83	OCUser_W32_e02.txt			Line 110
84	OCUser_W32_e02.txt			Line 112
85	OCUser_W32_e02.txt			Line 114
86	OCUser_W32_e02.txt			Line 118
87	OCUser_W32_e02.txt			Line 120
88	OCUser_W32_e02.txt			Line 122
89	OCUser_W32_e02.txt			Line 128
90	OCUser_W32_e02.txt			Line 136
91	OCUser_W32_e02.txt			Line 152
92	OCUser_W32_e03.txt			Line 23
93	OCUser_W32_e03.txt			Line 34
94	OCUser_W32_e03.txt			Line 38
95	OCUser_W32_e03.txt			Line 40
96	OCUser_W32_e03.txt			Line 43
97	OCUser_W32_e03.txt			Line 46
98	OCUser_W32_e03.txt			Line 49
99	OCUser_W32_e03.txt			Line 53
100	OCUser_W32_e03.txt			Line 55
101	OCUser_W32_e03.txt			Line 57
102	OCUser_W32_e03.txt			Line 59
103	OCUser_W32_e03.txt			Line 63
104	OCUser_W32_e03.txt			Line 65
105	OCUser_W32_e03.txt			Line 67
106	OCUser_W32_e03.txt			Line 69
107	OCUser_W32_e03.txt			Line 71
108	OCUser_W32_e03.txt			Line 73
109	OCUser_W32_e03.txt			Line 75
110	OCUser_W32_e03.txt			Line 77
111	OCUser_W32_e03.txt			Line 79
112	OCUser_W32_e03.txt			Line 81
113	OCUser_W32_e03.txt			Line 83
114	OCUser_W32_e03.txt			Line 85
115	OCUser_W32_e03.txt			Line 87
116	OCUser_W32_e03.txt			Line 89
117	OCUser_W32_e03.txt			Line 91
118	OCUser_W32_e03.txt			Line 93
119	OCUser_W32_e03.txt			Line 95
120	OCUser_W32_e03.txt			Line 102
121	OCUser_W32_e03.txt			Line 104
122	OCUser_W32_e03.txt			Line 106
123	OCUser_W32_e03.txt			Line 108
124	OCUser_W32_e03.txt			Line 110
125	OCUser_W32_e03.txt			Line 112
126	OCUser_W32_e03.txt			Line 114
127	OCUser_W32_e03.txt			Line 118
128	OCUser_W32_e03.txt			Line 120
129	OCUser_W32_e03.txt			Line 122
130	OCUser_W32_e03.txt			Line 128
131	OCUser_W32_e03.txt			Line 136
132	OCUser_W32_e03.txt			Line 152
133	OCUser_W32_e03.txt			Line 161
134	OCUser_W32_e03.txt			Line 163
135	OCUser_W32_e03.txt			Line 165
136	OCUser_W32_e03.txt			Line 169
137	OCUser_W32_e03.txt			Line 172
138	OCUser_W32_e03.txt			Line 174
139	OCUser_W32_e03.txt			Line 177
140	OCUser_W32_e03.txt			Line 180
141	OCUser_W64_e01.txt			Line 29
142	OCUser_W64_e01.txt			Line 55
143	OCUser_W64_e01.txt			Line 60
144	OCUser_W64_e01.txt			Line 62
145	OCUser_W64_e01.txt			Line 65
146	OCUser_W64_e01.txt			Line 68
147	OCUser_W64_e01.txt			Line 71
148	OCUser_W64_e01.txt			Line 78
149	OCUser_W64_e01.txt			Line 80
150	OCUser_W64_e01.txt			Line 82
151	OCUser_W64_e01.txt			Line 84
152	OCUser_W64_e01.txt			Line 88
153	OCUser_W64_e01.txt			Line 90
154	OCUser_W64_e01.txt			Line 92
155	OCUser_W64_e01.txt			Line 94
156	OCUser_W64_e01.txt			Line 96
157	OCUser_W64_e01.txt			Line 98
158	OCUser_W64_e01.txt			Line 100
159	OCUser_W64_e01.txt			Line 102
160	OCUser_W64_e01.txt			Line 104
161	OCUser_W64_e01.txt			Line 106
162	OCUser_W64_e01.txt			Line 108
163	OCUser_W64_e01.txt			Line 110
164	OCUser_W64_e01.txt			Line 112
165	OCUser_W64_e01.txt			Line 114
166	OCUser_W64_e01.txt			Line 116
167	OCUser_W64_e01.txt			Line 118
168	OCUser_W64_e01.txt			Line 120
169	OCUser_W64_e01.txt			Line 156
170	OCUser_W64_e01.txt			Line 158
171	OCUser_W64_e01.txt			Line 160
172	OCUser_W64_e01.txt			Line 162
173	OCUser_W64_e01.txt			Line 164
174	OCUser_W64_e01.txt			Line 166
175	OCUser_W64_e01.txt			Line 168
176	OCUser_W64_e01.txt			Line 172
177	OCUser_W64_e01.txt			Line 174
178	OCUser_W64_e01.txt			Line 176
179	OCUser_W64_e01.txt			Line 187
180	OCUser_W64_e01.txt			Line 195
181	OCUser_W64_e01.txt			Line 211
182	OCUser_W64_e02.txt			Line 29
183	OCUser_W64_e02.txt			Line 55
184	OCUser_W64_e02.txt			Line 60
185	OCUser_W64_e02.txt			Line 62
186	OCUser_W64_e02.txt			Line 65
187	OCUser_W64_e02.txt			Line 68
188	OCUser_W64_e02.txt			Line 71
189	OCUser_W64_e02.txt			Line 78
190	OCUser_W64_e02.txt			Line 80
191	OCUser_W64_e02.txt			Line 82
192	OCUser_W64_e02.txt			Line 84
193	OCUser_W64_e02.txt			Line 88
194	OCUser_W64_e02.txt			Line 90
195	OCUser_W64_e02.txt			Line 92
196	OCUser_W64_e02.txt			Line 94
197	OCUser_W64_e02.txt			Line 96
198	OCUser_W64_e02.txt			Line 98
199	OCUser_W64_e02.txt			Line 100
200	OCUser_W64_e02.txt			Line 102
201	OCUser_W64_e02.txt			Line 104
202	OCUser_W64_e02.txt			Line 106
203	OCUser_W64_e02.txt			Line 108
204	OCUser_W64_e02.txt			Line 110
205	OCUser_W64_e02.txt			Line 112
206	OCUser_W64_e02.txt			Line 114
207	OCUser_W64_e02.txt			Line 116
208	OCUser_W64_e02.txt			Line 118
209	OCUser_W64_e02.txt			Line 120
210	OCUser_W64_e02.txt			Line 156
211	OCUser_W64_e02.txt			Line 158
212	OCUser_W64_e02.txt			Line 160
213	OCUser_W64_e02.txt			Line 162
214	OCUser_W64_e02.txt			Line 164
215	OCUser_W64_e02.txt			Line 166
216	OCUser_W64_e02.txt			Line 168
217	OCUser_W64_e02.txt			Line 172
218	OCUser_W64_e02.txt			Line 174
219	OCUser_W64_e02.txt			Line 176
220	OCUser_W64_e02.txt			Line 187
221	OCUser_W64_e02.txt			Line 195
222	OCUser_W64_e02.txt			Line 211
223	OCUser_W64_e03.txt			Line 29
224	OCUser_W64_e03.txt			Line 55
225	OCUser_W64_e03.txt			Line 60
226	OCUser_W64_e03.txt			Line 62
227	OCUser_W64_e03.txt			Line 65
228	OCUser_W64_e03.txt			Line 68
229	OCUser_W64_e03.txt			Line 71
230	OCUser_W64_e03.txt			Line 78
231	OCUser_W64_e03.txt			Line 80
232	OCUser_W64_e03.txt			Line 82
233	OCUser_W64_e03.txt			Line 84
234	OCUser_W64_e03.txt			Line 88
235	OCUser_W64_e03.txt			Line 90
236	OCUser_W64_e03.txt			Line 92
237	OCUser_W64_e03.txt			Line 94
238	OCUser_W64_e03.txt			Line 96
239	OCUser_W64_e03.txt			Line 98
240	OCUser_W64_e03.txt			Line 100
241	OCUser_W64_e03.txt			Line 102
242	OCUser_W64_e03.txt			Line 104
243	OCUser_W64_e03.txt			Line 106
244	OCUser_W64_e03.txt			Line 108
245	OCUser_W64_e03.txt			Line 110
246	OCUser_W64_e03.txt			Line 112
247	OCUser_W64_e03.txt			Line 114
248	OCUser_W64_e03.txt			Line 116
249	OCUser_W64_e03.txt			Line 118
250	OCUser_W64_e03.txt			Line 120
251	OCUser_W64_e03.txt			Line 156
252	OCUser_W64_e03.txt			Line 158
253	OCUser_W64_e03.txt			Line 160
254	OCUser_W64_e03.txt			Line 162
255	OCUser_W64_e03.txt			Line 164
256	OCUser_W64_e03.txt			Line 166
257	OCUser_W64_e03.txt			Line 168
258	OCUser_W64_e03.txt			Line 172
259	OCUser_W64_e03.txt			Line 174
260	OCUser_W64_e03.txt			Line 176
261	OCUser_W64_e03.txt			Line 187
262	OCUser_W64_e03.txt			Line 195
263	OCUser_W64_e03.txt			Line 211
264	OCUser_W64_e03.txt			Line 228
265	OCUser_W64_e03.txt			Line 230
266	OCUser_W64_e03.txt			Line 232
267	OCUser_W64_e03.txt			Line 239
268	OCUser_W64_e03.txt			Line 243
269	OCUser_W64_e03.txt			Line 245
270	OCUser_W64_e03.txt			Line 257
271	OCUser_W64_e03.txt			Line 260
272	OCUser_WCE6_e01.txt			Line 36
273	OCUser_WCE6_e01.txt			Line 55
274	OCUser_WCE6_e01.txt			Line 62
275	OCUser_WCE6_e01.txt			Line 65
276	OCUser_WCE6_e01.txt			Line 70
277	OCUser_WCE6_e01.txt			Line 75
278	OCUser_WCE6_e01.txt			Line 80
279	OCUser_WCE6_e01.txt			Line 87
280	OCUser_WCE6_e01.txt			Line 90
281	OCUser_WCE6_e01.txt			Line 93
282	OCUser_WCE6_e01.txt			Line 96
283	OCUser_WCE6_e01.txt			Line 101
284	OCUser_WCE6_e01.txt			Line 104
285	OCUser_WCE6_e01.txt			Line 107
286	OCUser_WCE6_e01.txt			Line 110
287	OCUser_WCE6_e01.txt			Line 113
288	OCUser_WCE6_e01.txt			Line 116
289	OCUser_WCE6_e01.txt			Line 119
290	OCUser_WCE6_e01.txt			Line 122
291	OCUser_WCE6_e01.txt			Line 125
292	OCUser_WCE6_e01.txt			Line 128
293	OCUser_WCE6_e01.txt			Line 131
294	OCUser_WCE6_e01.txt			Line 134
295	OCUser_WCE6_e01.txt			Line 137
296	OCUser_WCE6_e01.txt			Line 140
297	OCUser_WCE6_e01.txt			Line 143
298	OCUser_WCE6_e01.txt			Line 146
299	OCUser_WCE6_e01.txt			Line 149
300	OCUser_WCE6_e01.txt			Line 160
301	OCUser_WCE6_e01.txt			Line 163
302	OCUser_WCE6_e01.txt			Line 166
303	OCUser_WCE6_e01.txt			Line 169
304	OCUser_WCE6_e01.txt			Line 172
305	OCUser_WCE6_e01.txt			Line 175
306	OCUser_WCE6_e01.txt			Line 178
307	OCUser_WCE6_e01.txt			Line 185
308	OCUser_WCE6_e01.txt			Line 188
309	OCUser_WCE6_e01.txt			Line 191
310	OCUser_WCE6_e01.txt			Line 202
311	OCUser_WCE6_e01.txt			Line 215
312	OCUser_WCE6_e01.txt			Line 236
313	OCUser_WCE6_e01.txt			Line 252
314	OCUser_WCE6_e01.txt			Line 255
315	OCUser_WCE6_e01.txt			Line 297
316	OCUser_WCE6_e01.txt			Line 300
317	OCUser_WCE6_e01.txt			Line 308
318	OCUser_WCE6_e01.txt			Line 313
319	OCUser_WCE6_e01.txt			Line 316
320	OCUser_WCE6_e01.txt			Line 323
321	OCUser_WCE6_e01.txt			Line 328
322	OCUser_WCE6_e01.txt			Line 331
323	OCUser_WCE6_e01.txt			Line 336
324	OCUser_WCE6_e01.txt			Line 339
325	OCUser_WEC7ARM_e01.txt			Line 36
326	OCUser_WEC7ARM_e01.txt			Line 55
327	OCUser_WEC7ARM_e01.txt			Line 62
328	OCUser_WEC7ARM_e01.txt			Line 65
329	OCUser_WEC7ARM_e01.txt			Line 70
330	OCUser_WEC7ARM_e01.txt			Line 75
331	OCUser_WEC7ARM_e01.txt			Line 80
332	OCUser_WEC7ARM_e01.txt			Line 87
333	OCUser_WEC7ARM_e01.txt			Line 90
334	OCUser_WEC7ARM_e01.txt			Line 93
335	OCUser_WEC7ARM_e01.txt			Line 96
336	OCUser_WEC7ARM_e01.txt			Line 101
337	OCUser_WEC7ARM_e01.txt			Line 104
338	OCUser_WEC7ARM_e01.txt			Line 107
339	OCUser_WEC7ARM_e01.txt			Line 110
340	OCUser_WEC7ARM_e01.txt			Line 113
341	OCUser_WEC7ARM_e01.txt			Line 116
342	OCUser_WEC7ARM_e01.txt			Line 119
343	OCUser_WEC7ARM_e01.txt			Line 122
344	OCUser_WEC7ARM_e01.txt			Line 125
345	OCUser_WEC7ARM_e01.txt			Line 128
346	OCUser_WEC7ARM_e01.txt			Line 131
347	OCUser_WEC7ARM_e01.txt			Line 134
348	OCUser_WEC7ARM_e01.txt			Line 137
349	OCUser_WEC7ARM_e01.txt			Line 140
350	OCUser_WEC7ARM_e01.txt			Line 143
351	OCUser_WEC7ARM_e01.txt			Line 146
352	OCUser_WEC7ARM_e01.txt			Line 149
353	OCUser_WEC7ARM_e01.txt			Line 160
354	OCUser_WEC7ARM_e01.txt			Line 163
355	OCUser_WEC7ARM_e01.txt			Line 166
356	OCUser_WEC7ARM_e01.txt			Line 169
357	OCUser_WEC7ARM_e01.txt			Line 172
358	OCUser_WEC7ARM_e01.txt			Line 175
359	OCUser_WEC7ARM_e01.txt			Line 178
360	OCUser_WEC7ARM_e01.txt			Line 185
361	OCUser_WEC7ARM_e01.txt			Line 188
362	OCUser_WEC7ARM_e01.txt			Line 191
363	OCUser_WEC7ARM_e01.txt			Line 202
364	OCUser_WEC7ARM_e01.txt			Line 215
365	OCUser_WEC7ARM_e01.txt			Line 236
366	OCUser_WEC7ARM_e01.txt			Line 270
367	OCUser_WEC7ARM_e01.txt			Line 274
368	OCUser_WEC7ARM_e01.txt			Line 280
369	OCUser_WEC7ARM_e01.txt			Line 285
370	OCUser_WEC7ARM_e01.txt			Line 290
371	OCUser_WEC7ARM_e01.txt			Line 293
372	OCUser_WEC7ARM_e01.txt			Line 302
373	OCUser_WEC7ARM_e01.txt			Line 307
374	OCUser_WEC7ARM_e01.txt			Line 310
375	OCUser_WEC7ARM_e01.txt			Line 313
376	OCUser_WEC7ARM_e01.txt			Line 318
377	OCUser_WEC7ARM_e01.txt			Line 323
378	OCUser_WEC7ARM_e01.txt			Line 327
378 Error(s) Found...
