Files that are found in folder Current_res but NOT in folder Previous_res :

Res\_Arm\_WOOD\_610B-H\Res\apppmeng.pin
Res\_Arm\_WOOD\_610B-H\Res\milmacro.res
Res\_Arm\_WOOD\_610B-H\Res\roteng.pin
Res\_Arm\_WOOD\_610B-H\Res\splcaeng.pin
Res\_Arm\_WOOD\_610B-H\Res\sripmeng.pin
Res\_Arm\_WOOD\_610B-H\Res\sysmacro.res
Res\_Arm\_WOOD\_610B-H\Res\syspmeng.pin
Res\_Arm\_WOOD\_610B-H\Data\CncBase_Ext.ini
Res\_Arm\_WOOD\_610B-H\Common\SyntecParam.xml
Res\_Arm\_WOOD\_610B-H\Common\string\SysParamCom_COM.xml
Res\_Arm\_WOOD\_610B-H\CHT\string\SysParamCht_COM.xml
Res\_Arm\_WOOD\_610B-H\CHS\string\SysParamChs_COM.xml
Res\_Arm\_WOOD\_610A-H\Res\apppmeng.pin
Res\_Arm\_WOOD\_610A-H\Res\milmacro.res
Res\_Arm\_WOOD\_610A-H\Res\roteng.pin
Res\_Arm\_WOOD\_610A-H\Res\splcaeng.pin
Res\_Arm\_WOOD\_610A-H\Res\sripmeng.pin
Res\_Arm\_WOOD\_610A-H\Res\sysmacro.res
Res\_Arm\_WOOD\_610A-H\Res\syspmeng.pin
Res\_Arm\_WOOD\_610A-H\Data\CncBase_Ext.ini
Res\_Arm\_WOOD\_610A-H\Common\SyntecParam.xml
Res\_Arm\_WOOD\_610A-H\Common\string\SysParamCom_COM.xml
Res\_Arm\_WOOD\_610A-H\CHT\string\SysParamCht_COM.xml
Res\_Arm\_WOOD\_610A-H\CHS\string\SysParamChs_COM.xml
Res\_Arm\_Mill\_210B-H5\Res\apppmeng.pin
Res\_Arm\_Mill\_210B-H5\Res\milmacro.res
Res\_Arm\_Mill\_210B-H5\Res\roteng.pin
Res\_Arm\_Mill\_210B-H5\Res\splcaeng.pin
Res\_Arm\_Mill\_210B-H5\Res\sripmeng.pin
Res\_Arm\_Mill\_210B-H5\Res\sysmacro.res
Res\_Arm\_Mill\_210B-H5\Res\syspmeng.pin
Res\_Arm\_Mill\_210B-H5\Data\CncBase_Ext.ini
Res\_Arm\_Mill\_210B-H5\Common\SyntecParam.xml
Res\_Arm\_Mill\_210B-H5\Common\string\SysParamCom_COM.xml
Res\_Arm\_Mill\_210B-H5\CHT\string\SysParamCht_COM.xml
Res\_Arm\_Mill\_210B-H5\CHS\string\SysParamChs_COM.xml
Res\_Arm\_Mill\_210B-H\Res\apppmeng.pin
Res\_Arm\_Mill\_210B-H\Res\milmacro.res
Res\_Arm\_Mill\_210B-H\Res\roteng.pin
Res\_Arm\_Mill\_210B-H\Res\splcaeng.pin
Res\_Arm\_Mill\_210B-H\Res\sripmeng.pin
Res\_Arm\_Mill\_210B-H\Res\sysmacro.res
Res\_Arm\_Mill\_210B-H\Res\syspmeng.pin
Res\_Arm\_Mill\_210B-H\Data\CncBase_Ext.ini
Res\_Arm\_Mill\_210B-H\Common\SyntecParam.xml
Res\_Arm\_Mill\_210B-H\Common\string\SysParamCom_COM.xml
Res\_Arm\_Mill\_210B-H\CHT\string\SysParamCht_COM.xml
Res\_Arm\_Mill\_210B-H\CHS\string\SysParamChs_COM.xml
Res\_Arm\_Mill\_210A-H5\Res\apppmeng.pin
Res\_Arm\_Mill\_210A-H5\Res\milmacro.res
Res\_Arm\_Mill\_210A-H5\Res\roteng.pin
Res\_Arm\_Mill\_210A-H5\Res\splcaeng.pin
Res\_Arm\_Mill\_210A-H5\Res\sripmeng.pin
Res\_Arm\_Mill\_210A-H5\Res\sysmacro.res
Res\_Arm\_Mill\_210A-H5\Res\syspmeng.pin
Res\_Arm\_Mill\_210A-H5\Data\CncBase_Ext.ini
Res\_Arm\_Mill\_210A-H5\Common\SyntecParam.xml
Res\_Arm\_Mill\_210A-H5\Common\string\SysParamCom_COM.xml
Res\_Arm\_Mill\_210A-H5\CHT\string\SysParamCht_COM.xml
Res\_Arm\_Mill\_210A-H5\CHS\string\SysParamChs_COM.xml
Res\_Arm\_Mill\_210A-H\Res\apppmeng.pin
Res\_Arm\_Mill\_210A-H\Res\milmacro.res
Res\_Arm\_Mill\_210A-H\Res\roteng.pin
Res\_Arm\_Mill\_210A-H\Res\splcaeng.pin
Res\_Arm\_Mill\_210A-H\Res\sripmeng.pin
Res\_Arm\_Mill\_210A-H\Res\sysmacro.res
Res\_Arm\_Mill\_210A-H\Res\syspmeng.pin
Res\_Arm\_Mill\_210A-H\Data\CncBase_Ext.ini
Res\_Arm\_Mill\_210A-H\Common\SyntecParam.xml
Res\_Arm\_Mill\_210A-H\Common\string\SysParamCom_COM.xml
Res\_Arm\_Mill\_210A-H\CHT\string\SysParamCht_COM.xml
Res\_Arm\_Mill\_210A-H\CHS\string\SysParamChs_COM.xml
Res\_Arm\_Lathe\_6A-E\Res\apppmeng.pin
Res\_Arm\_Lathe\_6A-E\Res\latmacro.res
Res\_Arm\_Lathe\_6A-E\Res\roteng.pin
Res\_Arm\_Lathe\_6A-E\Res\splcaeng.pin
Res\_Arm\_Lathe\_6A-E\Res\sripmeng.pin
Res\_Arm\_Lathe\_6A-E\Res\sysmacro.res
Res\_Arm\_Lathe\_6A-E\Res\syspmeng.pin
Res\_Arm\_Lathe\_6A-E\Data\CncBase_Ext.ini
Res\_Arm\_Lathe\_6A-E\Common\SyntecParam.xml
Res\_Arm\_Lathe\_6A-E\Common\string\SysParamCom_COM.xml
Res\_Arm\_Lathe\_6A-E\CHT\string\SysParamCht_COM.xml
Res\_Arm\_Lathe\_6A-E\CHS\string\SysParamChs_COM.xml
Res\_Arm\_Lathe\_210B-H5\Res\apppmeng.pin
Res\_Arm\_Lathe\_210B-H5\Res\latmacro.res
Res\_Arm\_Lathe\_210B-H5\Res\roteng.pin
Res\_Arm\_Lathe\_210B-H5\Res\splcaeng.pin
Res\_Arm\_Lathe\_210B-H5\Res\sripmeng.pin
Res\_Arm\_Lathe\_210B-H5\Res\sysmacro.res
Res\_Arm\_Lathe\_210B-H5\Res\syspmeng.pin
Res\_Arm\_Lathe\_210B-H5\Data\CncBase_Ext.ini
Res\_Arm\_Lathe\_210B-H5\Common\SyntecParam.xml
Res\_Arm\_Lathe\_210B-H5\Common\string\SysParamCom_COM.xml
Res\_Arm\_Lathe\_210B-H5\CHT\string\SysParamCht_COM.xml
Res\_Arm\_Lathe\_210B-H5\CHS\string\SysParamChs_COM.xml
Res\_Arm\_Lathe\_210B-H\Res\apppmeng.pin
Res\_Arm\_Lathe\_210B-H\Res\latmacro.res
Res\_Arm\_Lathe\_210B-H\Res\roteng.pin
Res\_Arm\_Lathe\_210B-H\Res\splcaeng.pin
Res\_Arm\_Lathe\_210B-H\Res\sripmeng.pin
Res\_Arm\_Lathe\_210B-H\Res\sysmacro.res
Res\_Arm\_Lathe\_210B-H\Res\syspmeng.pin
Res\_Arm\_Lathe\_210B-H\Data\CncBase_Ext.ini
Res\_Arm\_Lathe\_210B-H\Common\SyntecParam.xml
Res\_Arm\_Lathe\_210B-H\Common\string\SysParamCom_COM.xml
Res\_Arm\_Lathe\_210B-H\CHT\string\SysParamCht_COM.xml
Res\_Arm\_Lathe\_210B-H\CHS\string\SysParamChs_COM.xml
----------------------------------------------------------------------
Files that are found in folder Previous_res but NOT in folder Current_res :

Res\_Arm\_Lathe\_6E\Res\apppmeng.pin
Res\_Arm\_Lathe\_6E\Res\latmacro.res
Res\_Arm\_Lathe\_6E\Res\roteng.pin
Res\_Arm\_Lathe\_6E\Res\splcaeng.pin
Res\_Arm\_Lathe\_6E\Res\sripmeng.pin
Res\_Arm\_Lathe\_6E\Res\sysmacro.res
Res\_Arm\_Lathe\_6E\Res\syspmeng.pin
Res\_Arm\_Lathe\_6E\Data\CncBase_Ext.ini
Res\_Arm\_Lathe\_6E\Common\SyntecParam.xml
Res\_Arm\_Lathe\_6E\Common\string\SysParamCom_COM.xml
Res\_Arm\_Lathe\_6E\CHT\string\SysParamCht_COM.xml
Res\_Arm\_Lathe\_6E\CHS\string\SysParamChs_COM.xml
----------------------------------------------------------------------
