Files that are found in folder Current_res but NOT in folder Previous_res :

Res\_Arm\_Mill\_610A-H5\Res\apppmeng.pin
Res\_Arm\_Mill\_610A-H5\Res\milmacro.res
Res\_Arm\_Mill\_610A-H5\Res\roteng.pin
Res\_Arm\_Mill\_610A-H5\Res\splcaeng.pin
Res\_Arm\_Mill\_610A-H5\Res\sripmeng.pin
Res\_Arm\_Mill\_610A-H5\Res\sysmacro.res
Res\_Arm\_Mill\_610A-H5\Res\syspmeng.pin
Res\_Arm\_Mill\_610A-H5\Data\CncBase_Ext.ini
Res\_Arm\_Mill\_610A-H5\Common\SyntecParam.xml
Res\_Arm\_Mill\_610A-H5\Common\string\SysParamCom_COM.xml
Res\_Arm\_Mill\_610A-H5\CHT\string\SysParamCht_COM.xml
Res\_Arm\_Mill\_610A-H5\CHS\string\SysParamChs_COM.xml
Res\_Arm\_Mill\_610A-E5\Res\apppmeng.pin
Res\_Arm\_Mill\_610A-E5\Res\milmacro.res
Res\_Arm\_Mill\_610A-E5\Res\roteng.pin
Res\_Arm\_Mill\_610A-E5\Res\splcaeng.pin
Res\_Arm\_Mill\_610A-E5\Res\sripmeng.pin
Res\_Arm\_Mill\_610A-E5\Res\sysmacro.res
Res\_Arm\_Mill\_610A-E5\Res\syspmeng.pin
Res\_Arm\_Mill\_610A-E5\Data\CncBase_Ext.ini
Res\_Arm\_Mill\_610A-E5\Common\SyntecParam.xml
Res\_Arm\_Mill\_610A-E5\Common\string\SysParamCom_COM.xml
Res\_Arm\_Mill\_610A-E5\CHT\string\SysParamCht_COM.xml
Res\_Arm\_Mill\_610A-E5\CHS\string\SysParamChs_COM.xml
Res\_Arm\_Mill\_210B-E5\Res\apppmeng.pin
Res\_Arm\_Mill\_210B-E5\Res\milmacro.res
Res\_Arm\_Mill\_210B-E5\Res\roteng.pin
Res\_Arm\_Mill\_210B-E5\Res\splcaeng.pin
Res\_Arm\_Mill\_210B-E5\Res\sripmeng.pin
Res\_Arm\_Mill\_210B-E5\Res\sysmacro.res
Res\_Arm\_Mill\_210B-E5\Res\syspmeng.pin
Res\_Arm\_Mill\_210B-E5\Data\CncBase_Ext.ini
Res\_Arm\_Mill\_210B-E5\Common\SyntecParam.xml
Res\_Arm\_Mill\_210B-E5\Common\string\SysParamCom_COM.xml
Res\_Arm\_Mill\_210B-E5\CHT\string\SysParamCht_COM.xml
Res\_Arm\_Mill\_210B-E5\CHS\string\SysParamChs_COM.xml
Res\_Arm\_Mill\_210B-E\Res\apppmeng.pin
Res\_Arm\_Mill\_210B-E\Res\milmacro.res
Res\_Arm\_Mill\_210B-E\Res\roteng.pin
Res\_Arm\_Mill\_210B-E\Res\splcaeng.pin
Res\_Arm\_Mill\_210B-E\Res\sripmeng.pin
Res\_Arm\_Mill\_210B-E\Res\sysmacro.res
Res\_Arm\_Mill\_210B-E\Res\syspmeng.pin
Res\_Arm\_Mill\_210B-E\Data\CncBase_Ext.ini
Res\_Arm\_Mill\_210B-E\Common\SyntecParam.xml
Res\_Arm\_Mill\_210B-E\Common\string\SysParamCom_COM.xml
Res\_Arm\_Mill\_210B-E\CHT\string\SysParamCht_COM.xml
Res\_Arm\_Mill\_210B-E\CHS\string\SysParamChs_COM.xml
Res\_Arm\_Mill\_210A-E5\Res\apppmeng.pin
Res\_Arm\_Mill\_210A-E5\Res\milmacro.res
Res\_Arm\_Mill\_210A-E5\Res\roteng.pin
Res\_Arm\_Mill\_210A-E5\Res\splcaeng.pin
Res\_Arm\_Mill\_210A-E5\Res\sripmeng.pin
Res\_Arm\_Mill\_210A-E5\Res\sysmacro.res
Res\_Arm\_Mill\_210A-E5\Res\syspmeng.pin
Res\_Arm\_Mill\_210A-E5\Data\CncBase_Ext.ini
Res\_Arm\_Mill\_210A-E5\Common\SyntecParam.xml
Res\_Arm\_Mill\_210A-E5\Common\string\SysParamCom_COM.xml
Res\_Arm\_Mill\_210A-E5\CHT\string\SysParamCht_COM.xml
Res\_Arm\_Mill\_210A-E5\CHS\string\SysParamChs_COM.xml
Res\_Arm\_Mill\_210A-E\Res\apppmeng.pin
Res\_Arm\_Mill\_210A-E\Res\milmacro.res
Res\_Arm\_Mill\_210A-E\Res\roteng.pin
Res\_Arm\_Mill\_210A-E\Res\splcaeng.pin
Res\_Arm\_Mill\_210A-E\Res\sripmeng.pin
Res\_Arm\_Mill\_210A-E\Res\sysmacro.res
Res\_Arm\_Mill\_210A-E\Res\syspmeng.pin
Res\_Arm\_Mill\_210A-E\Data\CncBase_Ext.ini
Res\_Arm\_Mill\_210A-E\Common\SyntecParam.xml
Res\_Arm\_Mill\_210A-E\Common\string\SysParamCom_COM.xml
Res\_Arm\_Mill\_210A-E\CHT\string\SysParamCht_COM.xml
Res\_Arm\_Mill\_210A-E\CHS\string\SysParamChs_COM.xml
Res\_Arm\_Lathe\_210B-E5\Res\apppmeng.pin
Res\_Arm\_Lathe\_210B-E5\Res\latmacro.res
Res\_Arm\_Lathe\_210B-E5\Res\roteng.pin
Res\_Arm\_Lathe\_210B-E5\Res\splcaeng.pin
Res\_Arm\_Lathe\_210B-E5\Res\sripmeng.pin
Res\_Arm\_Lathe\_210B-E5\Res\sysmacro.res
Res\_Arm\_Lathe\_210B-E5\Res\syspmeng.pin
Res\_Arm\_Lathe\_210B-E5\Data\CncBase_Ext.ini
Res\_Arm\_Lathe\_210B-E5\Common\SyntecParam.xml
Res\_Arm\_Lathe\_210B-E5\Common\string\SysParamCom_COM.xml
Res\_Arm\_Lathe\_210B-E5\CHT\string\SysParamCht_COM.xml
Res\_Arm\_Lathe\_210B-E5\CHS\string\SysParamChs_COM.xml
Res\_Arm\_Lathe\_210B-E\Res\apppmeng.pin
Res\_Arm\_Lathe\_210B-E\Res\latmacro.res
Res\_Arm\_Lathe\_210B-E\Res\roteng.pin
Res\_Arm\_Lathe\_210B-E\Res\splcaeng.pin
Res\_Arm\_Lathe\_210B-E\Res\sripmeng.pin
Res\_Arm\_Lathe\_210B-E\Res\sysmacro.res
Res\_Arm\_Lathe\_210B-E\Res\syspmeng.pin
Res\_Arm\_Lathe\_210B-E\Data\CncBase_Ext.ini
Res\_Arm\_Lathe\_210B-E\Common\SyntecParam.xml
Res\_Arm\_Lathe\_210B-E\Common\string\SysParamCom_COM.xml
Res\_Arm\_Lathe\_210B-E\CHT\string\SysParamCht_COM.xml
Res\_Arm\_Lathe\_210B-E\CHS\string\SysParamChs_COM.xml
----------------------------------------------------------------------
Files that are found in folder Previous_res but NOT in folder Current_res :

----------------------------------------------------------------------
