1	BuildDrillCAMCE.txt			Line 11
2	BuildDrillCAMCE.txt			Line 22
3	BuildPluginCE.txt			Line 11
4	BuildPluginCE.txt			Line 17
5	BuildPrintLabelWorkerCE.txt		Line 11
6	BuildPrintLabelWorkerCE.txt		Line 17
7	ECncMonCE.txt				Line 11
8	ECncMonCE.txt				Line 17
9	ECncMonCE_autotest.txt			Line 11
10	ECncMonCE_autotest.txt			Line 17
11	EDipoleServerCE.txt			Line 11
12	EDipoleServerCE.txt			Line 17
13	EFileCleanSettingCE.txt			Line 11
14	EFileCleanSettingCE.txt			Line 17
15	EHMCCE.txt				Line 11
16	EHMCCE.txt				Line 17
17	EMAutoTestPluginCE.txt			Line 11
18	EMAutoTestPluginCE.txt			Line 17
19	ERobotMMICE.txt				Line 11
20	ERobotMMICE.txt				Line 17
21	ESyntec.RemoteCNC.WinCE.txt		Line 11
22	ESyntec.RemoteCNC.WinCE.txt		Line 17
