Date: 2019/04/12 星期五	23:25:47 
OCBuildVersion: 10.116.56F 
PlatformSDKVersion: 1.23.0 
 
Build Configuration: 
	W32=1 
	CE6=1 
	CE7 ARM=1 
 
Execute Both Compile and Packing Sections 
 
/* Clean Output Working Directory */ 
 
/* Build Executable Files */ 
Prepare to Compile Files ... 
	Init OCSDK Directory 
	Download CNCSDK 
Start to Sync Header 
	Sync D:\OpenCNC\Schedule\API_v10_116_54\OCAPI Header 
Start to Sync /makew32 Library 
	Sync OCAPI Library 
Start to Compile /makew32 Executable Files 
	Compile OCAPI Executable Files 
Start to Sync /makewce600 Library 
	Sync OCAPI Library 
Start to Compile /makewce600 Executable Files 
	Compile OCAPI Executable Files 
Start to Sync /makewce700arm Library 
	Sync OCAPI Library 
Start to Compile /makewce700arm Executable Files 
	Compile OCAPI Executable Files 
 
/* Check Error Logs */ 
Compile Failed 
Process Terminated due to Compile Error 
Process Finished at 2019/04/12 星期五	23:26:29 
