1	BuildDrillCAM32.txt			Line 27
2	BuildDrillCAM32.txt			Line 32
3	BuildDrillCAMCE.txt			Line 23
4	BuildDrillCAMCE.txt			Line 34
5	BuildPlugin32.txt			Line 22
6	BuildPlugin32.txt			Line 27
7	BuildPluginCE.txt			Line 23
8	BuildPluginCE.txt			Line 29
9	BuildPrintLabelWorker32.txt		Line 22
10	BuildPrintLabelWorker32.txt		Line 27
11	BuildPrintLabelWorkerCE.txt		Line 23
12	BuildPrintLabelWorkerCE.txt		Line 29
13	EAutoTestPlugin32.txt			Line 22
14	EAutoTestPlugin32.txt			Line 27
15	ECncMon32.txt				Line 22
16	ECncMon32.txt				Line 27
17	ECncMon32_autotest.txt			Line 22
18	ECncMon32_autotest.txt			Line 27
19	ECncMonCE.txt				Line 23
20	ECncMonCE.txt				Line 29
21	ECncMonCE_autotest.txt			Line 23
22	ECncMonCE_autotest.txt			Line 29
23	EDipoleServer.txt			Line 22
24	EDipoleServer.txt			Line 27
25	EDipoleServerCE.txt			Line 23
26	EDipoleServerCE.txt			Line 29
27	EEHMC32.txt				Line 22
28	EEHMC32.txt				Line 27
29	EFileCleanSetting.txt			Line 22
30	EFileCleanSetting.txt			Line 27
31	EFileCleanSettingCE.txt			Line 23
32	EFileCleanSettingCE.txt			Line 29
33	EHMCCE.txt				Line 23
34	EHMCCE.txt				Line 29
35	EMAutoTestPluginCE.txt			Line 23
36	EMAutoTestPluginCE.txt			Line 29
37	ERobotMMI.txt				Line 22
38	ERobotMMI.txt				Line 27
39	ERobotMMICE.txt				Line 23
40	ERobotMMICE.txt				Line 29
41	ESyntec.RemoteCNC.txt			Line 22
42	ESyntec.RemoteCNC.txt			Line 27
