Files that are found in folder Current_res but NOT in folder Previous_res :

Res\_Arm\_SCARA\_HHB\Common\SyntecParam.xml
Res\_Arm\_SCARA\_HHB\Common\string\SysParamCom_COM.xml
Res\_Arm\_SCARA\_HHB\CHT\string\SysParamCht_COM.xml
Res\_Arm\_SCARA\_HHB\CHS\string\SysParamChs_COM.xml
Res\_Arm\_Lathe\_6E\Res\ktx51eng.pin
Res\_Arm\_Lathe\_6E\Res\ktx71eng.pin
Res\_Arm\_Lathe\_6E\Res\latmacro.res
Res\_Arm\_Lathe\_6E\Res\latpmeng.pin
Res\_Arm\_Lathe\_6E\Res\milpmeng.pin
Res\_Arm\_Lathe\_6E\Res\rb101eng.pin
Res\_Arm\_Lathe\_6E\Res\rb106eng.pin
Res\_Arm\_Lathe\_6E\Res\rb107eng.pin
Res\_Arm\_Lathe\_6E\Res\rb108eng.pin
Res\_Arm\_Lathe\_6E\Res\rb111eng.pin
Res\_Arm\_Lathe\_6E\Res\rb116eng.pin
Res\_Arm\_Lathe\_6E\Res\rb117eng.pin
Res\_Arm\_Lathe\_6E\Res\rb118eng.pin
Res\_Arm\_Lathe\_6E\Res\rb121eng.pin
Res\_Arm\_Lathe\_6E\Res\rb122eng.pin
Res\_Arm\_Lathe\_6E\Res\rb123eng.pin
Res\_Arm\_Lathe\_6E\Res\rb124eng.pin
Res\_Arm\_Lathe\_6E\Res\rb151eng.pin
Res\_Arm\_Lathe\_6E\Res\rb152eng.pin
Res\_Arm\_Lathe\_6E\Res\rb176eng.pin
Res\_Arm\_Lathe\_6E\Res\rb177eng.pin
Res\_Arm\_Lathe\_6E\Res\rb226eng.pin
Res\_Arm\_Lathe\_6E\Res\rb251eng.pin
Res\_Arm\_Lathe\_6E\Res\rb252eng.pin
Res\_Arm\_Lathe\_6E\Res\rbpmeng.pin
Res\_Arm\_Lathe\_6E\Res\roteng.pin
Res\_Arm\_Lathe\_6E\Res\splcaeng.pin
Res\_Arm\_Lathe\_6E\Res\sripmeng.pin
Res\_Arm\_Lathe\_6E\Res\sysmacro.res
Res\_Arm\_Lathe\_6E\Res\syspmeng.pin
Res\_Arm\_Lathe\_6E\Data\CncBase_Ext.ini
Res\_Arm\_Lathe\_6E\Common\SyntecParam.xml
Res\_Arm\_Lathe\_6E\Common\string\SysParamCom_COM.xml
Res\_Arm\_Lathe\_6E\CHT\string\SysParamCht_COM.xml
Res\_Arm\_Lathe\_6E\CHS\string\SysParamChs_COM.xml
Res\_Arm\_GANTRY\_HHB\Common\SyntecParam.xml
Res\_Arm\_GANTRY\_HHB\Common\string\SysParamCom_COM.xml
Res\_Arm\_GANTRY\_HHB\CHT\string\SysParamCht_COM.xml
Res\_Arm\_GANTRY\_HHB\CHS\string\SysParamChs_COM.xml
Res\_Arm\_DELTA\_HHB\Common\SyntecParam.xml
Res\_Arm\_DELTA\_HHB\Common\string\SysParamCom_COM.xml
Res\_Arm\_DELTA\_HHB\CHT\string\SysParamCht_COM.xml
Res\_Arm\_DELTA\_HHB\CHS\string\SysParamChs_COM.xml
Res\_Arm\_Cutting\_70B-5\Res\ktx51eng.pin
Res\_Arm\_Cutting\_70B-5\Res\ktx71eng.pin
Res\_Arm\_Cutting\_70B-5\Res\latpmeng.pin
Res\_Arm\_Cutting\_70B-5\Res\lcpmeng.pin
Res\_Arm\_Cutting\_70B-5\Res\milmacro.res
Res\_Arm\_Cutting\_70B-5\Res\milpmeng.pin
Res\_Arm\_Cutting\_70B-5\Res\rb101eng.pin
Res\_Arm\_Cutting\_70B-5\Res\rb106eng.pin
Res\_Arm\_Cutting\_70B-5\Res\rb107eng.pin
Res\_Arm\_Cutting\_70B-5\Res\rb108eng.pin
Res\_Arm\_Cutting\_70B-5\Res\rb111eng.pin
Res\_Arm\_Cutting\_70B-5\Res\rb116eng.pin
Res\_Arm\_Cutting\_70B-5\Res\rb117eng.pin
Res\_Arm\_Cutting\_70B-5\Res\rb118eng.pin
Res\_Arm\_Cutting\_70B-5\Res\rb121eng.pin
Res\_Arm\_Cutting\_70B-5\Res\rb122eng.pin
Res\_Arm\_Cutting\_70B-5\Res\rb123eng.pin
Res\_Arm\_Cutting\_70B-5\Res\rb124eng.pin
Res\_Arm\_Cutting\_70B-5\Res\rb151eng.pin
Res\_Arm\_Cutting\_70B-5\Res\rb152eng.pin
Res\_Arm\_Cutting\_70B-5\Res\rb176eng.pin
Res\_Arm\_Cutting\_70B-5\Res\rb177eng.pin
Res\_Arm\_Cutting\_70B-5\Res\rb226eng.pin
Res\_Arm\_Cutting\_70B-5\Res\rb251eng.pin
Res\_Arm\_Cutting\_70B-5\Res\rb252eng.pin
Res\_Arm\_Cutting\_70B-5\Res\rbpmeng.pin
Res\_Arm\_Cutting\_70B-5\Res\splcaeng.pin
Res\_Arm\_Cutting\_70B-5\Res\sripmeng.pin
Res\_Arm\_Cutting\_70B-5\Res\sysmacro.res
Res\_Arm\_Cutting\_70B-5\Res\syspmeng.pin
Res\_Arm\_Cutting\_70B-5\Data\CncBase_Ext.ini
Res\_Arm\_Cutting\_70B-5\Common\SyntecParam.xml
Res\_Arm\_Cutting\_70B-5\Common\string\SysParamCom_COM.xml
Res\_Arm\_Cutting\_70B-5\CHT\string\SysParamCht_COM.xml
Res\_Arm\_Cutting\_70B-5\CHS\string\SysParamChs_COM.xml
Res\_Arm\_Cutting\_70B\Res\ktx51eng.pin
Res\_Arm\_Cutting\_70B\Res\ktx71eng.pin
Res\_Arm\_Cutting\_70B\Res\latpmeng.pin
Res\_Arm\_Cutting\_70B\Res\lcpmeng.pin
Res\_Arm\_Cutting\_70B\Res\milmacro.res
Res\_Arm\_Cutting\_70B\Res\milpmeng.pin
Res\_Arm\_Cutting\_70B\Res\rb101eng.pin
Res\_Arm\_Cutting\_70B\Res\rb106eng.pin
Res\_Arm\_Cutting\_70B\Res\rb107eng.pin
Res\_Arm\_Cutting\_70B\Res\rb108eng.pin
Res\_Arm\_Cutting\_70B\Res\rb111eng.pin
Res\_Arm\_Cutting\_70B\Res\rb116eng.pin
Res\_Arm\_Cutting\_70B\Res\rb117eng.pin
Res\_Arm\_Cutting\_70B\Res\rb118eng.pin
Res\_Arm\_Cutting\_70B\Res\rb121eng.pin
Res\_Arm\_Cutting\_70B\Res\rb122eng.pin
Res\_Arm\_Cutting\_70B\Res\rb123eng.pin
Res\_Arm\_Cutting\_70B\Res\rb124eng.pin
Res\_Arm\_Cutting\_70B\Res\rb151eng.pin
Res\_Arm\_Cutting\_70B\Res\rb152eng.pin
Res\_Arm\_Cutting\_70B\Res\rb176eng.pin
Res\_Arm\_Cutting\_70B\Res\rb177eng.pin
Res\_Arm\_Cutting\_70B\Res\rb226eng.pin
Res\_Arm\_Cutting\_70B\Res\rb251eng.pin
Res\_Arm\_Cutting\_70B\Res\rb252eng.pin
Res\_Arm\_Cutting\_70B\Res\rbpmeng.pin
Res\_Arm\_Cutting\_70B\Res\splcaeng.pin
Res\_Arm\_Cutting\_70B\Res\sripmeng.pin
Res\_Arm\_Cutting\_70B\Res\sysmacro.res
Res\_Arm\_Cutting\_70B\Res\syspmeng.pin
Res\_Arm\_Cutting\_70B\Data\CncBase_Ext.ini
Res\_Arm\_Cutting\_70B\Common\SyntecParam.xml
Res\_Arm\_Cutting\_70B\Common\string\SysParamCom_COM.xml
Res\_Arm\_Cutting\_70B\CHT\string\SysParamCht_COM.xml
Res\_Arm\_Cutting\_70B\CHS\string\SysParamChs_COM.xml
Res\_Arm\_ARTIC\_HHB\Common\SyntecParam.xml
Res\_Arm\_ARTIC\_HHB\Common\string\SysParamCom_COM.xml
Res\_Arm\_ARTIC\_HHB\CHT\string\SysParamCht_COM.xml
Res\_Arm\_ARTIC\_HHB\CHS\string\SysParamChs_COM.xml
----------------------------------------------------------------------
Files that are found in folder Previous_res but NOT in folder Current_res :

----------------------------------------------------------------------
