Files that are found in folder Current_res but NOT in folder Previous_res :

Res\_Arm\_GlassGrind\_6A-E\Res\apppmeng.pin
Res\_Arm\_GlassGrind\_6A-E\Res\milmacro.res
Res\_Arm\_GlassGrind\_6A-E\Res\roteng.pin
Res\_Arm\_GlassGrind\_6A-E\Res\splcaeng.pin
Res\_Arm\_GlassGrind\_6A-E\Res\sripmeng.pin
Res\_Arm\_GlassGrind\_6A-E\Res\sysmacro.res
Res\_Arm\_GlassGrind\_6A-E\Res\syspmeng.pin
Res\_Arm\_GlassGrind\_6A-E\Res\WoodMacro.res
Res\_Arm\_GlassGrind\_6A-E\Macro\G0301
Res\_Arm\_GlassGrind\_6A-E\Macro\G0304
Res\_Arm\_GlassGrind\_6A-E\Macro\G0305
Res\_Arm\_GlassGrind\_6A-E\Macro\G0306
Res\_Arm\_GlassGrind\_6A-E\Macro\G0307
Res\_Arm\_GlassGrind\_6A-E\Macro\G0308
Res\_Arm\_GlassGrind\_6A-E\Macro\G0450
Res\_Arm\_GlassGrind\_6A-E\Macro\G0500
Res\_Arm\_GlassGrind\_6A-E\Macro\G0502
Res\_Arm\_GlassGrind\_6A-E\Macro\G0503
Res\_Arm\_GlassGrind\_6A-E\Macro\G0600
Res\_Arm\_GlassGrind\_6A-E\Macro\G0601
Res\_Arm\_GlassGrind\_6A-E\Macro\G1100
Res\_Arm\_GlassGrind\_6A-E\Macro\G1200
Res\_Arm\_GlassGrind\_6A-E\Macro\G1300
Res\_Arm\_GlassGrind\_6A-E\Macro\G1400
Res\_Arm\_GlassGrind\_6A-E\Macro\G1500
Res\_Arm\_GlassGrind\_6A-E\Macro\G304100
Res\_Arm\_GlassGrind\_6A-E\Macro\O0302
Res\_Arm\_GlassGrind\_6A-E\Macro\O0303
Res\_Arm\_GlassGrind\_6A-E\Macro\O0307
Res\_Arm\_GlassGrind\_6A-E\Macro\O0309
Res\_Arm\_GlassGrind\_6A-E\Macro\O0333
Res\_Arm\_GlassGrind\_6A-E\Macro\O0402
Res\_Arm\_GlassGrind\_6A-E\Macro\O0403
Res\_Arm\_GlassGrind\_6A-E\Macro\O0500
Res\_Arm\_GlassGrind\_6A-E\Data\CncBase_Ext.ini
Res\_Arm\_GlassGrind\_6A-E\Common\SyntecParam.xml
Res\_Arm\_GlassGrind\_6A-E\Common\string\SysParamCom_COM.xml
Res\_Arm\_GlassGrind\_6A-E\CHT\string\SysParamCht_COM.xml
Res\_Arm\_GlassGrind\_6A-E\CHS\string\SysParamChs_COM.xml
Res\_Arm\_GlassGrind\_21A-E\Res\apppmeng.pin
Res\_Arm\_GlassGrind\_21A-E\Res\milmacro.res
Res\_Arm\_GlassGrind\_21A-E\Res\roteng.pin
Res\_Arm\_GlassGrind\_21A-E\Res\splcaeng.pin
Res\_Arm\_GlassGrind\_21A-E\Res\sripmeng.pin
Res\_Arm\_GlassGrind\_21A-E\Res\sysmacro.res
Res\_Arm\_GlassGrind\_21A-E\Res\syspmeng.pin
Res\_Arm\_GlassGrind\_21A-E\Data\CncBase_Ext.ini
Res\_Arm\_GlassGrind\_21A-E\Common\SyntecParam.xml
Res\_Arm\_GlassGrind\_21A-E\Common\string\SysParamCom_COM.xml
Res\_Arm\_GlassGrind\_21A-E\CHT\string\SysParamCht_COM.xml
Res\_Arm\_GlassGrind\_21A-E\CHS\string\SysParamChs_COM.xml
----------------------------------------------------------------------
Files that are found in folder Previous_res but NOT in folder Current_res :

----------------------------------------------------------------------
