1	EnIPModule_W32_b01.txt			Line 16
2	EnIPModule_WCE6_b01.txt			Line 16
3	EnIPModule_WEC7ARM_b01.txt		Line 16
4	LaserCtrl_W32_b01.txt			Line 49
5	LaserCtrl_W32_b02.txt			Line 55
6	LaserCtrl_WCE6_b01.txt			Line 76
7	LaserCtrl_WCE7ARM_b01.txt		Line 76
8	OCDevice_W32_b01.txt			Line 26
9	OCDevice_W32_b01.txt			Line 66
10	OCDevice_W32_b01.txt			Line 75
11	OCDevice_W32_b01.txt			Line 93
12	OCDevice_W32_b01.txt			Line 105
13	OCDevice_W32_b01.txt			Line 127
14	OCDevice_W32_b01.txt			Line 138
15	OCDevice_W32_b02.txt			Line 39
16	OCDevice_W32_b02.txt			Line 57
17	OCDevice_W32_b03.txt			Line 26
18	OCDevice_W32_b03.txt			Line 66
19	OCDevice_W32_b03.txt			Line 75
20	OCDevice_W32_b03.txt			Line 93
21	OCDevice_W32_b03.txt			Line 105
22	OCDevice_W32_b03.txt			Line 127
23	OCDevice_W32_b03.txt			Line 141
24	OCDevice_W32_b03.txt			Line 144
25	OCDevice_W32_b03.txt			Line 146
26	OCDevice_W32_b03.txt			Line 148
27	OCDevice_W32_b03.txt			Line 150
28	OCDevice_W32_b03.txt			Line 157
29	OCDevice_W32_b03.txt			Line 168
30	OCDevice_W32_b04.txt			Line 16
31	OCDevice_W32_b04.txt			Line 66
32	OCDevice_W32_b04.txt			Line 75
33	OCDevice_W32_b04.txt			Line 93
34	OCDevice_W32_b04.txt			Line 105
35	OCDevice_W32_b04.txt			Line 127
36	OCDevice_W32_b04.txt			Line 152
37	OCDevice_WCE6_b01.txt			Line 22
38	OCDevice_WCE6_b01.txt			Line 42
39	OCDevice_WCE6_b01.txt			Line 51
40	OCDevice_WCE6_b01.txt			Line 106
41	OCDevice_WCE6_b01.txt			Line 115
42	OCDevice_WCE6_b01.txt			Line 133
43	OCDevice_WCE6_b01.txt			Line 145
44	OCDevice_WCE6_b01.txt			Line 163
45	OCDevice_WCE6_b01.txt			Line 201
46	OCDevice_WCE6_b01.txt			Line 223
47	OCDevice_WCE6_b01.txt			Line 228
48	OCDevice_WCE6_b01.txt			Line 231
49	OCDevice_WCE6_b01.txt			Line 234
50	OCDevice_WCE6_b01.txt			Line 237
51	OCDevice_WCE6_b01.txt			Line 242
52	OCDevice_WCE6_b01.txt			Line 266
53	OCDevice_WCE6_b01.txt			Line 308
54	OCDevice_WCE6_b01.txt			Line 318
55	OCDevice_WCE6_b01.txt			Line 328
56	OCDevice_WCE6_b01.txt			Line 338
57	OCDevice_WCE6_b01.txt			Line 344
58	OCDevice_WCE6_b01.txt			Line 346
59	OCDevice_WCE6_b01.txt			Line 348
60	OCDevice_WCE6_b01.txt			Line 351
61	OCDevice_WCE6_b01.txt			Line 354
62	OCDevice_WCE6_b01.txt			Line 364
63	OCDevice_WCE6_b01.txt			Line 390
64	OCDevice_WCE6_b01.txt			Line 402
65	OCDevice_WCE6_b01.txt			Line 412
66	OCDevice_WCE6_b01.txt			Line 422
67	OCDevice_WCE6_b01.txt			Line 432
68	OCDevice_WCE6_b01.txt			Line 444
69	OCDevice_WCE6_b01.txt			Line 454
70	OCDevice_WCE6_b01.txt			Line 466
71	OCDevice_WCE6_b01.txt			Line 476
72	OCDevice_WEC7ARM_b01.txt		Line 22
73	OCDevice_WEC7ARM_b01.txt		Line 51
74	OCDevice_WEC7ARM_b01.txt		Line 60
75	OCDevice_WEC7ARM_b01.txt		Line 149
76	OCDevice_WEC7ARM_b01.txt		Line 157
77	OCDevice_WEC7ARM_b01.txt		Line 166
78	OCDevice_WEC7ARM_b01.txt		Line 184
79	OCDevice_WEC7ARM_b01.txt		Line 196
80	OCDevice_WEC7ARM_b01.txt		Line 214
81	OCDevice_WEC7ARM_b01.txt		Line 229
82	OCDevice_WEC7ARM_b01.txt		Line 232
83	OCDevice_WEC7ARM_b01.txt		Line 234
84	OCDevice_WEC7ARM_b01.txt		Line 236
85	OCDevice_WEC7ARM_b01.txt		Line 238
86	OCDevice_WEC7ARM_b01.txt		Line 242
87	OCDevice_WEC7ARM_b01.txt		Line 266
88	OCDevice_WEC7ARM_b01.txt		Line 295
89	OCDevice_WEC7ARM_b01.txt		Line 321
90	OCDevice_WEC7ARM_b01.txt		Line 331
91	OCDevice_WEC7ARM_b01.txt		Line 341
92	OCDevice_WEC7ARM_b01.txt		Line 351
93	OCDevice_WEC7ARM_b01.txt		Line 356
94	OCDevice_WEC7ARM_b01.txt		Line 359
95	OCDevice_WEC7ARM_b01.txt		Line 361
96	OCDevice_WEC7ARM_b01.txt		Line 363
97	OCDevice_WEC7ARM_b01.txt		Line 367
98	OCDevice_WEC7ARM_b01.txt		Line 379
99	OCDevice_WEC7ARM_b01.txt		Line 391
100	OCDevice_WEC7ARM_b01.txt		Line 403
101	OCDevice_WEC7ARM_b01.txt		Line 413
102	OCDevice_WEC7ARM_b01.txt		Line 423
103	OCDevice_WEC7ARM_b01.txt		Line 446
104	OCDevice_WEC7ARM_b01.txt		Line 456
105	OCDevice_WEC7ARM_b01.txt		Line 466
106	OCDevice_WEC7ARM_b01.txt		Line 478
107	OCKrnl_GTEST_01.txt			Line 176
108	OCKrnl_GTEST_01.txt			Line 206
109	OCKrnl_GTEST_01.txt			Line 292
110	OCKrnl_GTEST_01.txt			Line 570
111	OCKrnl_GTEST_01.txt			Line 582
112	OCKrnl_GTEST_01.txt			Line 595
113	OCKrnl_GTEST_01.txt			Line 602
114	OCKrnl_GTEST_01.txt			Line 624
115	OCKrnl_GTEST_01.txt			Line 637
116	OCKrnl_GTEST_01.txt			Line 922
117	OCKrnl_GTEST_03.txt			Line 341
118	OCKrnl_GTEST_03.txt			Line 371
119	OCKrnl_GTEST_03.txt			Line 457
120	OCKrnl_GTEST_03.txt			Line 487
121	OCKrnl_GTEST_03.txt			Line 499
122	OCKrnl_GTEST_03.txt			Line 512
123	OCKrnl_GTEST_03.txt			Line 519
124	OCKrnl_GTEST_03.txt			Line 541
125	OCKrnl_GTEST_03.txt			Line 554
126	OCKrnl_GTEST_03.txt			Line 714
127	OCKrnl_GTEST_03.txt			Line 717
128	OCKrnl_GTEST_03.txt			Line 719
129	OCKrnl_GTEST_03.txt			Line 721
130	OCKrnl_GTEST_03.txt			Line 723
131	OCKrnl_GTEST_03.txt			Line 731
132	OCKrnl_GTEST_03.txt			Line 948
133	OCKrnl_GTEST_04.txt			Line 414
134	OCKrnl_GTEST_04.txt			Line 444
135	OCKrnl_GTEST_04.txt			Line 530
136	OCKrnl_GTEST_04.txt			Line 547
137	OCKrnl_GTEST_05.txt			Line 155
138	OCKrnl_GTEST_05.txt			Line 185
139	OCKrnl_GTEST_05.txt			Line 271
140	OCKrnl_GTEST_05.txt			Line 284
141	OCKrnl_GTEST_06.txt			Line 120
142	OCKrnl_GTEST_06.txt			Line 132
143	OCKrnl_GTEST_06.txt			Line 145
144	OCKrnl_GTEST_06.txt			Line 152
145	OCKrnl_GTEST_06.txt			Line 174
146	OCKrnl_GTEST_06.txt			Line 187
147	OCKrnl_GTEST_06.txt			Line 198
148	OCKrnl_GTEST_08.txt			Line 22
149	OCKrnl_GTEST_08.txt			Line 52
150	OCKrnl_GTEST_08.txt			Line 138
151	OCKrnl_GTEST_08.txt			Line 171
152	OCKrnl_GTEST_08.txt			Line 174
153	OCKrnl_GTEST_08.txt			Line 176
154	OCKrnl_GTEST_08.txt			Line 178
155	OCKrnl_GTEST_08.txt			Line 180
156	OCKrnl_GTEST_08.txt			Line 188
157	OCKrnl_GTEST_08.txt			Line 202
158	OCKrnl_GTEST_09.txt			Line 44
159	OCKrnl_GTEST_09.txt			Line 74
160	OCKrnl_GTEST_09.txt			Line 160
161	OCKrnl_GTEST_09.txt			Line 189
162	OCKrnl_W32_b01.txt			Line 56
163	OCKrnl_W32_b01.txt			Line 86
164	OCKrnl_W32_b01.txt			Line 172
165	OCKrnl_W32_b01.txt			Line 206
166	OCKrnl_W32_b02.txt			Line 341
167	OCKrnl_W32_b02.txt			Line 371
168	OCKrnl_W32_b02.txt			Line 457
169	OCKrnl_W32_b02.txt			Line 487
170	OCKrnl_W32_b02.txt			Line 499
171	OCKrnl_W32_b02.txt			Line 512
172	OCKrnl_W32_b02.txt			Line 519
173	OCKrnl_W32_b02.txt			Line 541
174	OCKrnl_W32_b02.txt			Line 554
175	OCKrnl_W32_b02.txt			Line 714
176	OCKrnl_W32_b02.txt			Line 717
177	OCKrnl_W32_b02.txt			Line 719
178	OCKrnl_W32_b02.txt			Line 721
179	OCKrnl_W32_b02.txt			Line 723
180	OCKrnl_W32_b02.txt			Line 731
181	OCKrnl_W32_b02.txt			Line 949
182	OCKrnl_W32_b03.txt			Line 341
183	OCKrnl_W32_b03.txt			Line 371
184	OCKrnl_W32_b03.txt			Line 457
185	OCKrnl_W32_b03.txt			Line 487
186	OCKrnl_W32_b03.txt			Line 499
187	OCKrnl_W32_b03.txt			Line 512
188	OCKrnl_W32_b03.txt			Line 519
189	OCKrnl_W32_b03.txt			Line 541
190	OCKrnl_W32_b03.txt			Line 554
191	OCKrnl_W32_b03.txt			Line 714
192	OCKrnl_W32_b03.txt			Line 717
193	OCKrnl_W32_b03.txt			Line 719
194	OCKrnl_W32_b03.txt			Line 721
195	OCKrnl_W32_b03.txt			Line 723
196	OCKrnl_W32_b03.txt			Line 731
197	OCKrnl_W32_b03.txt			Line 949
198	OCKrnl_W32_b03.txt			Line 982
199	OCKrnl_W32_l02.txt			Line 22
200	OCKrnl_W32_l02.txt			Line 52
201	OCKrnl_W32_l02.txt			Line 138
202	OCKrnl_W32_l04.txt			Line 56
203	OCKrnl_W32_l04.txt			Line 86
204	OCKrnl_W32_l04.txt			Line 172
205	OCKrnl_W32_l08.txt			Line 22
206	OCKrnl_W32_l08.txt			Line 52
207	OCKrnl_W32_l08.txt			Line 138
208	OCKrnl_W32_l10.txt			Line 56
209	OCKrnl_W32_l10.txt			Line 86
210	OCKrnl_W32_l10.txt			Line 172
211	OCKrnl_W64_l02.txt			Line 38
212	OCKrnl_W64_l02.txt			Line 79
213	OCKrnl_W64_l02.txt			Line 220
214	OCKrnl_W64_l03.txt			Line 60
215	OCKrnl_W64_l03.txt			Line 101
216	OCKrnl_W64_l03.txt			Line 242
217	OCKrnl_W64_l06.txt			Line 38
218	OCKrnl_W64_l06.txt			Line 79
219	OCKrnl_W64_l06.txt			Line 220
220	OCKrnl_W64_l07.txt			Line 60
221	OCKrnl_W64_l07.txt			Line 101
222	OCKrnl_W64_l07.txt			Line 242
223	OCKrnl_WCE6_b01.txt			Line 99
224	OCKrnl_WCE6_b01.txt			Line 128
225	OCKrnl_WCE6_b01.txt			Line 210
226	OCKrnl_WCE6_b01.txt			Line 456
227	OCKrnl_WCE6_b01.txt			Line 459
228	OCKrnl_WCE6_b01.txt			Line 461
229	OCKrnl_WCE6_b01.txt			Line 463
230	OCKrnl_WCE6_b01.txt			Line 465
231	OCKrnl_WCE6_b01.txt			Line 469
232	OCKrnl_WCE6_b01.txt			Line 480
233	OCKrnl_WCE6_b01.txt			Line 492
234	OCKrnl_WCE6_b01.txt			Line 505
235	OCKrnl_WCE6_b01.txt			Line 512
236	OCKrnl_WCE6_b01.txt			Line 534
237	OCKrnl_WCE6_b01.txt			Line 543
238	OCKrnl_WCE6_b01.txt			Line 875
239	OCKrnl_WCE6_b02.txt			Line 99
240	OCKrnl_WCE6_b02.txt			Line 128
241	OCKrnl_WCE6_b02.txt			Line 210
242	OCKrnl_WCE6_b02.txt			Line 456
243	OCKrnl_WCE6_b02.txt			Line 459
244	OCKrnl_WCE6_b02.txt			Line 461
245	OCKrnl_WCE6_b02.txt			Line 463
246	OCKrnl_WCE6_b02.txt			Line 465
247	OCKrnl_WCE6_b02.txt			Line 469
248	OCKrnl_WCE6_b02.txt			Line 480
249	OCKrnl_WCE6_b02.txt			Line 492
250	OCKrnl_WCE6_b02.txt			Line 505
251	OCKrnl_WCE6_b02.txt			Line 512
252	OCKrnl_WCE6_b02.txt			Line 534
253	OCKrnl_WCE6_b02.txt			Line 543
254	OCKrnl_WCE6_b02.txt			Line 875
255	OCKrnl_WCE6_b02.txt			Line 911
256	OCKrnl_WCE6_l02.txt			Line 22
257	OCKrnl_WCE6_l02.txt			Line 51
258	OCKrnl_WCE6_l02.txt			Line 133
259	OCKrnl_WCE6_l04.txt			Line 50
260	OCKrnl_WCE6_l04.txt			Line 79
261	OCKrnl_WCE6_l04.txt			Line 161
262	OCKrnl_WEC7ARM_b01.txt			Line 302
263	OCKrnl_WEC7ARM_b01.txt			Line 305
264	OCKrnl_WEC7ARM_b01.txt			Line 307
265	OCKrnl_WEC7ARM_b01.txt			Line 309
266	OCKrnl_WEC7ARM_b01.txt			Line 311
267	OCKrnl_WEC7ARM_b01.txt			Line 315
268	OCKrnl_WEC7ARM_b01.txt			Line 364
269	OCKrnl_WEC7ARM_b01.txt			Line 394
270	OCKrnl_WEC7ARM_b01.txt			Line 476
271	OCKrnl_WEC7ARM_b01.txt			Line 553
272	OCKrnl_WEC7ARM_b01.txt			Line 565
273	OCKrnl_WEC7ARM_b01.txt			Line 578
274	OCKrnl_WEC7ARM_b01.txt			Line 585
275	OCKrnl_WEC7ARM_b01.txt			Line 607
276	OCKrnl_WEC7ARM_b01.txt			Line 616
277	OCKrnl_WEC7ARM_b01.txt			Line 872
278	OCKrnl_WEC7ARM_b02.txt			Line 302
279	OCKrnl_WEC7ARM_b02.txt			Line 305
280	OCKrnl_WEC7ARM_b02.txt			Line 307
281	OCKrnl_WEC7ARM_b02.txt			Line 309
282	OCKrnl_WEC7ARM_b02.txt			Line 311
283	OCKrnl_WEC7ARM_b02.txt			Line 315
284	OCKrnl_WEC7ARM_b02.txt			Line 364
285	OCKrnl_WEC7ARM_b02.txt			Line 394
286	OCKrnl_WEC7ARM_b02.txt			Line 476
287	OCKrnl_WEC7ARM_b02.txt			Line 553
288	OCKrnl_WEC7ARM_b02.txt			Line 565
289	OCKrnl_WEC7ARM_b02.txt			Line 578
290	OCKrnl_WEC7ARM_b02.txt			Line 585
291	OCKrnl_WEC7ARM_b02.txt			Line 607
292	OCKrnl_WEC7ARM_b02.txt			Line 616
293	OCKrnl_WEC7ARM_b02.txt			Line 872
294	OCKrnl_WEC7ARM_b02.txt			Line 908
295	OCKrnl_WEC7ARM_l02.txt			Line 16
296	OCKrnl_WEC7ARM_l02.txt			Line 46
297	OCKrnl_WEC7ARM_l02.txt			Line 128
298	OCProtocol_W32_b01.txt			Line 14
299	OCProtocol_W32_b02.txt			Line 17
300	OCProtocol_W32_b03.txt			Line 17
301	OCProtocol_WCE6_b01.txt			Line 13
302	OCProtocol_WCE6_b02.txt			Line 17
303	OCProtocol_WEC7ARM_b01.txt		Line 13
304	OCProtocol_WEC7ARM_b02.txt		Line 17
305	OCTest_b01.txt				Line 42
306	OCTest_b02.txt				Line 43
307	OCTest_b04.txt				Line 8
308	OCTest_b04.txt				Line 10
309	OCTest_b04.txt				Line 12
310	OCTest_b04.txt				Line 14
311	OCTest_b04.txt				Line 16
312	OCTest_b04.txt				Line 19
313	OCTest_b04.txt				Line 28
314	OCTest_b04.txt				Line 32
315	OCTest_b04.txt				Line 35
316	OCTest_b04.txt				Line 44
317	OCTest_b04.txt				Line 47
318	Prep_W32_b01.txt			Line 13
319	Prep_WCE6_b01.txt			Line 13
320	Prep_WEC7ARM_b01.txt			Line 13
321	Rot_W32_b01.txt				Line 20
322	Rot_WCE6_b01.txt			Line 17
323	Rot_WEC7ARM_b01.txt			Line 17
324	SerialPLCAxis_W32_b01.txt		Line 18
325	SerialPLCAxis_WCE6_b01.txt		Line 15
326	SerialPLCAxis_WEC7ARM_b01.txt		Line 15
326 Error(s) Found...
