Files that are found in folder Current_sdk but NOT in folder Previous_sdk :

CNCSDK\release.txt
CNCSDK\ReleaseNote.txt
CNCSDK\version.txt
CNCSDK\lib\wce700arm\DataLog.lib
CNCSDK\lib\wce700arm\EnIP.lib
CNCSDK\lib\wce700arm\Event.lib
CNCSDK\lib\wce700arm\EventAP.lib
CNCSDK\lib\wce700arm\FFTransform.lib
CNCSDK\lib\wce700arm\InternalCNCAPI.lib
CNCSDK\lib\wce700arm\KePLC.lib
CNCSDK\lib\wce700arm\ModbusComm.lib
CNCSDK\lib\wce700arm\MotUtility.lib
CNCSDK\lib\wce700arm\OCKrnl.lib
CNCSDK\lib\wce700arm\PlatformAPI.lib
CNCSDK\lib\wce700arm\PLC_COMM.lib
CNCSDK\lib\wce700arm\ProductInfo.lib
CNCSDK\lib\wce700arm\SecurityUtil.lib
CNCSDK\lib\wce700arm\Utility.lib
CNCSDK\lib\wce700arm\WinPAL.lib
CNCSDK\lib\wce600\DataLog.lib
CNCSDK\lib\wce600\EnIP.lib
CNCSDK\lib\wce600\Event.lib
CNCSDK\lib\wce600\EventAP.lib
CNCSDK\lib\wce600\FFTransform.lib
CNCSDK\lib\wce600\InternalCNCAPI.lib
CNCSDK\lib\wce600\KePLC.lib
CNCSDK\lib\wce600\ModbusComm.lib
CNCSDK\lib\wce600\MotUtility.lib
CNCSDK\lib\wce600\OCKrnl.lib
CNCSDK\lib\wce600\PlatformAPI.lib
CNCSDK\lib\wce600\PLC_COMM.lib
CNCSDK\lib\wce600\ProductInfo.lib
CNCSDK\lib\wce600\SecurityUtil.lib
CNCSDK\lib\wce600\Utility.lib
CNCSDK\lib\wce600\WinPAL.lib
CNCSDK\lib\w64\Release\Event.lib
CNCSDK\lib\w64\Release\EventAP.lib
CNCSDK\lib\w64\Release\KePLC.lib
CNCSDK\lib\w64\Release\Utility.lib
CNCSDK\lib\w64\Release\WinPAL.lib
CNCSDK\lib\w64\Debug\Event.lib
CNCSDK\lib\w64\Debug\EventAP.lib
CNCSDK\lib\w64\Debug\KePLC.lib
CNCSDK\lib\w64\Debug\Utility.lib
CNCSDK\lib\w64\Debug\WinPAL.lib
CNCSDK\lib\w32\Release\EnIP.lib
CNCSDK\lib\w32\Release\SecurityUtil.lib
CNCSDK\lib\w32\Release\Utility.lib
CNCSDK\lib\w32\Release\WinPAL.lib
CNCSDK\lib\w32\Debug\EnIP.lib
CNCSDK\inc\ByteOrder.h
CNCSDK\inc\EnIP_API.h
CNCSDK\inc\EnIP_DEF.h
CNCSDK\inc\IEnIPCenter.h
CNCSDK\inc\Internet.h
CNCSDK\inc\IPlatform.h
CNCSDK\inc\LANAdapterInfo.h
CNCSDK\bin\wce700arm\EnIP.dll
CNCSDK\bin\wce700arm\EnIPModule.dll
CNCSDK\bin\wce700arm\PREP.dll
CNCSDK\bin\wce600\EnIP.dll
CNCSDK\bin\wce600\EnIPModule.dll
CNCSDK\bin\wce600\PREP.dll
CNCSDK\bin\w32\EnIP.dll
CNCSDK\bin\w32\EnIPModule.dll
CNCSDK\bin\w32\PREP.dll
----------------------------------------------------------------------
Files that are found in folder Previous_sdk but NOT in folder Current_sdk :

CNCSDK\inc\Platform.h
----------------------------------------------------------------------
