Files that are found in folder Current_res but NOT in folder Previous_res :

Res\_Arm\_Lathe\_6D-E\Res\apppmeng.pin
Res\_Arm\_Lathe\_6D-E\Res\latmacro.res
Res\_Arm\_Lathe\_6D-E\Res\roteng.pin
Res\_Arm\_Lathe\_6D-E\Res\splcaeng.pin
Res\_Arm\_Lathe\_6D-E\Res\sripmeng.pin
Res\_Arm\_Lathe\_6D-E\Res\sysmacro.res
Res\_Arm\_Lathe\_6D-E\Res\syspmeng.pin
Res\_Arm\_Lathe\_6D-E\Common\SyntecParam.xml
Res\_Arm\_Lathe\_6D-E\Common\string\SysParamCom_COM.xml
Res\_Arm\_Lathe\_6D-E\CHT\string\SysParamCht_COM.xml
Res\_Arm\_Lathe\_6D-E\CHS\string\SysParamChs_COM.xml
Res\_Arm\_HC\_8C-5\Res\apppmeng.pin
Res\_Arm\_HC\_8C-5\Res\milmacro.res
Res\_Arm\_HC\_8C-5\Res\splcaeng.pin
Res\_Arm\_HC\_8C-5\Res\sripmeng.pin
Res\_Arm\_HC\_8C-5\Res\sysmacro.res
Res\_Arm\_HC\_8C-5\Res\syspmeng.pin
Res\_Arm\_HC\_8C-5\Common\SyntecParam.xml
Res\_Arm\_HC\_8C-5\Common\string\SysParamCom_COM.xml
Res\_Arm\_HC\_8C-5\CHT\string\SysParamCht_COM.xml
Res\_Arm\_HC\_8C-5\CHS\string\SysParamChs_COM.xml
Res\_Arm\_HC\_15C-5\Res\apppmeng.pin
Res\_Arm\_HC\_15C-5\Res\milmacro.res
Res\_Arm\_HC\_15C-5\Res\splcaeng.pin
Res\_Arm\_HC\_15C-5\Res\sripmeng.pin
Res\_Arm\_HC\_15C-5\Res\sysmacro.res
Res\_Arm\_HC\_15C-5\Res\syspmeng.pin
Res\_Arm\_HC\_15C-5\Common\SyntecParam.xml
Res\_Arm\_HC\_15C-5\Common\string\SysParamCom_COM.xml
Res\_Arm\_HC\_15C-5\CHT\string\SysParamCht_COM.xml
Res\_Arm\_HC\_15C-5\CHS\string\SysParamChs_COM.xml
Res\_Arm\_HC\_10C-5\Res\apppmeng.pin
Res\_Arm\_HC\_10C-5\Res\milmacro.res
Res\_Arm\_HC\_10C-5\Res\splcaeng.pin
Res\_Arm\_HC\_10C-5\Res\sripmeng.pin
Res\_Arm\_HC\_10C-5\Res\sysmacro.res
Res\_Arm\_HC\_10C-5\Res\syspmeng.pin
Res\_Arm\_HC\_10C-5\Common\SyntecParam.xml
Res\_Arm\_HC\_10C-5\Common\string\SysParamCom_COM.xml
Res\_Arm\_HC\_10C-5\CHT\string\SysParamCht_COM.xml
Res\_Arm\_HC\_10C-5\CHS\string\SysParamChs_COM.xml
Res\_Arm\_FC\_B-5\Res\apppmeng.pin
Res\_Arm\_FC\_B-5\Res\milmacro.res
Res\_Arm\_FC\_B-5\Res\roteng.pin
Res\_Arm\_FC\_B-5\Res\splcaeng.pin
Res\_Arm\_FC\_B-5\Res\sripmeng.pin
Res\_Arm\_FC\_B-5\Res\sysmacro.res
Res\_Arm\_FC\_B-5\Res\syspmeng.pin
Res\_Arm\_FC\_B-5\Common\SyntecParam.xml
Res\_Arm\_FC\_B-5\Common\string\SysParamCom_COM.xml
Res\_Arm\_FC\_B-5\CHT\string\SysParamCht_COM.xml
Res\_Arm\_FC\_B-5\CHS\string\SysParamChs_COM.xml
Res\_Arm\_Cutting\_60A\Res\apppmeng.pin
Res\_Arm\_Cutting\_60A\Res\milmacro.res
Res\_Arm\_Cutting\_60A\Res\sripmeng.pin
Res\_Arm\_Cutting\_60A\Res\sysmacro.res
Res\_Arm\_Cutting\_60A\Res\syspmeng.pin
Res\_Arm\_Cutting\_60A\Data\CncBase_Ext.ini
Res\_Arm\_Cutting\_60A\Common\SyntecParam.xml
Res\_Arm\_Cutting\_60A\Common\string\SysParamCom_COM.xml
Res\_Arm\_Cutting\_60A\CHT\string\SysParamCht_COM.xml
Res\_Arm\_Cutting\_60A\CHS\string\SysParamChs_COM.xml
----------------------------------------------------------------------
Files that are found in folder Previous_res but NOT in folder Current_res :

Res\_Arm\_Lathe\_6D-E\Res\ParamDef.xml
Res\_Arm\_Lathe\_6D-E\Build\pack.bat
Res\_Arm\_Lathe\_6D-E\Build\pack_macro.bat
Res\_Arm\_Lathe\_6D-E\Build\pack_pin.bat
Res\_Arm\_Lathe\_6D-E\Build\pack_pmconvert.bat
Res\_Arm\_HC\_8C-5\Res\ParamDef.xml
Res\_Arm\_HC\_8C-5\Build\pack.bat
Res\_Arm\_HC\_8C-5\Build\pack_macro.bat
Res\_Arm\_HC\_8C-5\Build\pack_pin.bat
Res\_Arm\_HC\_8C-5\Build\pack_pmconvert.bat
Res\_Arm\_HC\_15C-5\Res\ParamDef.xml
Res\_Arm\_HC\_15C-5\Build\pack.bat
Res\_Arm\_HC\_15C-5\Build\pack_macro.bat
Res\_Arm\_HC\_15C-5\Build\pack_pin.bat
Res\_Arm\_HC\_15C-5\Build\pack_pmconvert.bat
Res\_Arm\_HC\_10C-5\Res\ParamDef.xml
Res\_Arm\_HC\_10C-5\Build\pack.bat
Res\_Arm\_HC\_10C-5\Build\pack_macro.bat
Res\_Arm\_HC\_10C-5\Build\pack_pin.bat
Res\_Arm\_HC\_10C-5\Build\pack_pmconvert.bat
Res\_Arm\_FC\_B-5\Res\ParamDef.xml
Res\_Arm\_FC\_B-5\Build\pack.bat
Res\_Arm\_FC\_B-5\Build\pack_macro.bat
Res\_Arm\_FC\_B-5\Build\pack_pin.bat
Res\_Arm\_FC\_B-5\Build\pack_pmconvert.bat
----------------------------------------------------------------------
