1	CEMMIAPI_32.txt				Line 7
2	CEMMIAPI_32.txt				Line 50
3	CEMMIAPI_32.txt				Line 79
4	CEMMIAPI_CE6.txt			Line 6
5	CEMMIAPI_CE6.txt			Line 9
6	CEMMIAPI_CE6.txt			Line 14
7	CEMMIAPI_CE7.txt			Line 7
8	CEMMIAPI_CE7.txt			Line 10
9	CEMMIAPI_CE7.txt			Line 14
10	OCUser_W32_e01.txt			Line 8
11	OCUser_W32_e01.txt			Line 10
12	OCUser_W32_e01.txt			Line 12
13	OCUser_W32_e01.txt			Line 14
14	OCUser_W32_e01.txt			Line 16
15	OCUser_W32_e01.txt			Line 18
16	OCUser_W32_e01.txt			Line 20
17	OCUser_W32_e01.txt			Line 22
18	OCUser_W32_e01.txt			Line 25
19	OCUser_W32_e01.txt			Line 27
20	OCUser_W32_e01.txt			Line 29
21	OCUser_W32_e01.txt			Line 31
22	OCUser_W32_e01.txt			Line 33
23	OCUser_W32_e01.txt			Line 35
24	OCUser_W32_e01.txt			Line 37
25	OCUser_W32_e01.txt			Line 45
26	OCUser_W32_e01.txt			Line 47
27	OCUser_W32_e01.txt			Line 49
28	OCUser_W32_e01.txt			Line 51
29	OCUser_W32_e01.txt			Line 55
30	OCUser_W32_e01.txt			Line 57
31	OCUser_W32_e01.txt			Line 59
32	OCUser_W32_e01.txt			Line 61
33	OCUser_W32_e01.txt			Line 63
34	OCUser_W32_e01.txt			Line 65
35	OCUser_W32_e01.txt			Line 67
36	OCUser_W32_e01.txt			Line 69
37	OCUser_W32_e01.txt			Line 72
38	OCUser_W32_e01.txt			Line 74
39	OCUser_W32_e01.txt			Line 76
40	OCUser_W32_e01.txt			Line 78
41	OCUser_W32_e01.txt			Line 80
42	OCUser_W32_e01.txt			Line 84
43	OCUser_W32_e01.txt			Line 86
44	OCUser_W32_e01.txt			Line 88
45	OCUser_W32_e01.txt			Line 90
46	OCUser_W32_e01.txt			Line 92
47	OCUser_W32_e01.txt			Line 94
48	OCUser_W32_e01.txt			Line 96
49	OCUser_W32_e01.txt			Line 98
50	OCUser_W32_e01.txt			Line 100
51	OCUser_W32_e01.txt			Line 102
52	OCUser_W32_e01.txt			Line 104
53	OCUser_W32_e01.txt			Line 106
54	OCUser_W32_e01.txt			Line 108
55	OCUser_W32_e01.txt			Line 110
56	OCUser_W32_e01.txt			Line 112
57	OCUser_W32_e01.txt			Line 114
58	OCUser_W32_e01.txt			Line 116
59	OCUser_W32_e01.txt			Line 118
60	OCUser_W32_e01.txt			Line 120
61	OCUser_W32_e01.txt			Line 122
62	OCUser_W32_e01.txt			Line 126
63	OCUser_W32_e01.txt			Line 128
64	OCUser_W32_e01.txt			Line 130
65	OCUser_W32_e01.txt			Line 132
66	OCUser_W32_e01.txt			Line 134
67	OCUser_W32_e01.txt			Line 136
68	OCUser_W32_e01.txt			Line 138
69	OCUser_W32_e01.txt			Line 140
70	OCUser_W32_e01.txt			Line 142
71	OCUser_W32_e01.txt			Line 144
72	OCUser_W32_e01.txt			Line 146
73	OCUser_W32_e01.txt			Line 148
74	OCUser_W32_e01.txt			Line 150
75	OCUser_W32_e01.txt			Line 152
76	OCUser_W32_e01.txt			Line 154
77	OCUser_W32_e01.txt			Line 156
78	OCUser_W32_e01.txt			Line 158
79	OCUser_W32_e01.txt			Line 160
80	OCUser_W32_e01.txt			Line 162
81	OCUser_W32_e01.txt			Line 164
82	OCUser_W32_e01.txt			Line 168
83	OCUser_W32_e01.txt			Line 170
84	OCUser_W32_e01.txt			Line 172
85	OCUser_W32_e01.txt			Line 174
86	OCUser_W32_e01.txt			Line 177
87	OCUser_W32_e01.txt			Line 179
88	OCUser_W32_e01.txt			Line 181
89	OCUser_W32_e01.txt			Line 183
90	OCUser_W32_e01.txt			Line 185
91	OCUser_W32_e01.txt			Line 192
92	OCUser_W32_e02.txt			Line 8
93	OCUser_W32_e02.txt			Line 10
94	OCUser_W32_e02.txt			Line 12
95	OCUser_W32_e02.txt			Line 14
96	OCUser_W32_e02.txt			Line 16
97	OCUser_W32_e02.txt			Line 18
98	OCUser_W32_e02.txt			Line 20
99	OCUser_W32_e02.txt			Line 22
100	OCUser_W32_e02.txt			Line 25
101	OCUser_W32_e02.txt			Line 27
102	OCUser_W32_e02.txt			Line 29
103	OCUser_W32_e02.txt			Line 31
104	OCUser_W32_e02.txt			Line 33
105	OCUser_W32_e02.txt			Line 35
106	OCUser_W32_e02.txt			Line 37
107	OCUser_W32_e02.txt			Line 45
108	OCUser_W32_e02.txt			Line 47
109	OCUser_W32_e02.txt			Line 49
110	OCUser_W32_e02.txt			Line 51
111	OCUser_W32_e02.txt			Line 55
112	OCUser_W32_e02.txt			Line 57
113	OCUser_W32_e02.txt			Line 59
114	OCUser_W32_e02.txt			Line 61
115	OCUser_W32_e02.txt			Line 63
116	OCUser_W32_e02.txt			Line 65
117	OCUser_W32_e02.txt			Line 67
118	OCUser_W32_e02.txt			Line 69
119	OCUser_W32_e02.txt			Line 72
120	OCUser_W32_e02.txt			Line 74
121	OCUser_W32_e02.txt			Line 76
122	OCUser_W32_e02.txt			Line 78
123	OCUser_W32_e02.txt			Line 80
124	OCUser_W32_e02.txt			Line 84
125	OCUser_W32_e02.txt			Line 86
126	OCUser_W32_e02.txt			Line 88
127	OCUser_W32_e02.txt			Line 90
128	OCUser_W32_e02.txt			Line 92
129	OCUser_W32_e02.txt			Line 94
130	OCUser_W32_e02.txt			Line 96
131	OCUser_W32_e02.txt			Line 98
132	OCUser_W32_e02.txt			Line 100
133	OCUser_W32_e02.txt			Line 102
134	OCUser_W32_e02.txt			Line 104
135	OCUser_W32_e02.txt			Line 106
136	OCUser_W32_e02.txt			Line 108
137	OCUser_W32_e02.txt			Line 110
138	OCUser_W32_e02.txt			Line 112
139	OCUser_W32_e02.txt			Line 114
140	OCUser_W32_e02.txt			Line 116
141	OCUser_W32_e02.txt			Line 118
142	OCUser_W32_e02.txt			Line 120
143	OCUser_W32_e02.txt			Line 122
144	OCUser_W32_e02.txt			Line 126
145	OCUser_W32_e02.txt			Line 128
146	OCUser_W32_e02.txt			Line 130
147	OCUser_W32_e02.txt			Line 132
148	OCUser_W32_e02.txt			Line 134
149	OCUser_W32_e02.txt			Line 136
150	OCUser_W32_e02.txt			Line 138
151	OCUser_W32_e02.txt			Line 140
152	OCUser_W32_e02.txt			Line 142
153	OCUser_W32_e02.txt			Line 144
154	OCUser_W32_e02.txt			Line 146
155	OCUser_W32_e02.txt			Line 148
156	OCUser_W32_e02.txt			Line 150
157	OCUser_W32_e02.txt			Line 152
158	OCUser_W32_e02.txt			Line 154
159	OCUser_W32_e02.txt			Line 156
160	OCUser_W32_e02.txt			Line 158
161	OCUser_W32_e02.txt			Line 160
162	OCUser_W32_e02.txt			Line 162
163	OCUser_W32_e02.txt			Line 164
164	OCUser_W32_e02.txt			Line 168
165	OCUser_W32_e02.txt			Line 170
166	OCUser_W32_e02.txt			Line 172
167	OCUser_W32_e02.txt			Line 174
168	OCUser_W32_e02.txt			Line 177
169	OCUser_W32_e02.txt			Line 179
170	OCUser_W32_e02.txt			Line 181
171	OCUser_W32_e02.txt			Line 183
172	OCUser_W32_e02.txt			Line 185
173	OCUser_W32_e02.txt			Line 192
174	OCUser_W32_e03.txt			Line 8
175	OCUser_W32_e03.txt			Line 10
176	OCUser_W32_e03.txt			Line 12
177	OCUser_W32_e03.txt			Line 14
178	OCUser_W32_e03.txt			Line 16
179	OCUser_W32_e03.txt			Line 18
180	OCUser_W32_e03.txt			Line 20
181	OCUser_W32_e03.txt			Line 22
182	OCUser_W32_e03.txt			Line 25
183	OCUser_W32_e03.txt			Line 27
184	OCUser_W32_e03.txt			Line 29
185	OCUser_W32_e03.txt			Line 31
186	OCUser_W32_e03.txt			Line 33
187	OCUser_W32_e03.txt			Line 35
188	OCUser_W32_e03.txt			Line 37
189	OCUser_W32_e03.txt			Line 45
190	OCUser_W32_e03.txt			Line 47
191	OCUser_W32_e03.txt			Line 49
192	OCUser_W32_e03.txt			Line 51
193	OCUser_W32_e03.txt			Line 55
194	OCUser_W32_e03.txt			Line 57
195	OCUser_W32_e03.txt			Line 59
196	OCUser_W32_e03.txt			Line 61
197	OCUser_W32_e03.txt			Line 63
198	OCUser_W32_e03.txt			Line 65
199	OCUser_W32_e03.txt			Line 67
200	OCUser_W32_e03.txt			Line 69
201	OCUser_W32_e03.txt			Line 72
202	OCUser_W32_e03.txt			Line 74
203	OCUser_W32_e03.txt			Line 76
204	OCUser_W32_e03.txt			Line 78
205	OCUser_W32_e03.txt			Line 80
206	OCUser_W32_e03.txt			Line 84
207	OCUser_W32_e03.txt			Line 86
208	OCUser_W32_e03.txt			Line 88
209	OCUser_W32_e03.txt			Line 90
210	OCUser_W32_e03.txt			Line 92
211	OCUser_W32_e03.txt			Line 94
212	OCUser_W32_e03.txt			Line 96
213	OCUser_W32_e03.txt			Line 98
214	OCUser_W32_e03.txt			Line 100
215	OCUser_W32_e03.txt			Line 102
216	OCUser_W32_e03.txt			Line 104
217	OCUser_W32_e03.txt			Line 106
218	OCUser_W32_e03.txt			Line 108
219	OCUser_W32_e03.txt			Line 110
220	OCUser_W32_e03.txt			Line 112
221	OCUser_W32_e03.txt			Line 114
222	OCUser_W32_e03.txt			Line 116
223	OCUser_W32_e03.txt			Line 118
224	OCUser_W32_e03.txt			Line 120
225	OCUser_W32_e03.txt			Line 122
226	OCUser_W32_e03.txt			Line 126
227	OCUser_W32_e03.txt			Line 128
228	OCUser_W32_e03.txt			Line 130
229	OCUser_W32_e03.txt			Line 132
230	OCUser_W32_e03.txt			Line 134
231	OCUser_W32_e03.txt			Line 136
232	OCUser_W32_e03.txt			Line 138
233	OCUser_W32_e03.txt			Line 140
234	OCUser_W32_e03.txt			Line 142
235	OCUser_W32_e03.txt			Line 144
236	OCUser_W32_e03.txt			Line 146
237	OCUser_W32_e03.txt			Line 148
238	OCUser_W32_e03.txt			Line 150
239	OCUser_W32_e03.txt			Line 152
240	OCUser_W32_e03.txt			Line 154
241	OCUser_W32_e03.txt			Line 156
242	OCUser_W32_e03.txt			Line 158
243	OCUser_W32_e03.txt			Line 160
244	OCUser_W32_e03.txt			Line 162
245	OCUser_W32_e03.txt			Line 164
246	OCUser_W32_e03.txt			Line 168
247	OCUser_W32_e03.txt			Line 170
248	OCUser_W32_e03.txt			Line 172
249	OCUser_W32_e03.txt			Line 174
250	OCUser_W32_e03.txt			Line 177
251	OCUser_W32_e03.txt			Line 179
252	OCUser_W32_e03.txt			Line 181
253	OCUser_W32_e03.txt			Line 183
254	OCUser_W32_e03.txt			Line 185
255	OCUser_W32_e03.txt			Line 192
256	OCUser_W32_e03.txt			Line 201
257	OCUser_W32_e03.txt			Line 203
258	OCUser_W32_e03.txt			Line 205
259	OCUser_W32_e03.txt			Line 208
260	OCUser_W32_e03.txt			Line 210
261	OCUser_W32_e03.txt			Line 213
262	OCUser_W32_e03.txt			Line 215
263	OCUser_W32_e03.txt			Line 217
264	OCUser_W32_e03.txt			Line 219
265	OCUser_W32_e03.txt			Line 222
266	OCUser_W64_e01.txt			Line 8
267	OCUser_W64_e01.txt			Line 10
268	OCUser_W64_e01.txt			Line 12
269	OCUser_W64_e01.txt			Line 14
270	OCUser_W64_e01.txt			Line 16
271	OCUser_W64_e01.txt			Line 18
272	OCUser_W64_e01.txt			Line 20
273	OCUser_W64_e01.txt			Line 22
274	OCUser_W64_e01.txt			Line 25
275	OCUser_W64_e01.txt			Line 27
276	OCUser_W64_e01.txt			Line 29
277	OCUser_W64_e01.txt			Line 31
278	OCUser_W64_e01.txt			Line 33
279	OCUser_W64_e01.txt			Line 35
280	OCUser_W64_e01.txt			Line 37
281	OCUser_W64_e01.txt			Line 45
282	OCUser_W64_e01.txt			Line 47
283	OCUser_W64_e01.txt			Line 49
284	OCUser_W64_e01.txt			Line 51
285	OCUser_W64_e01.txt			Line 56
286	OCUser_W64_e01.txt			Line 58
287	OCUser_W64_e01.txt			Line 60
288	OCUser_W64_e01.txt			Line 62
289	OCUser_W64_e01.txt			Line 64
290	OCUser_W64_e01.txt			Line 66
291	OCUser_W64_e01.txt			Line 68
292	OCUser_W64_e01.txt			Line 70
293	OCUser_W64_e01.txt			Line 73
294	OCUser_W64_e01.txt			Line 75
295	OCUser_W64_e01.txt			Line 77
296	OCUser_W64_e01.txt			Line 79
297	OCUser_W64_e01.txt			Line 81
298	OCUser_W64_e01.txt			Line 85
299	OCUser_W64_e01.txt			Line 87
300	OCUser_W64_e01.txt			Line 89
301	OCUser_W64_e01.txt			Line 91
302	OCUser_W64_e01.txt			Line 93
303	OCUser_W64_e01.txt			Line 95
304	OCUser_W64_e01.txt			Line 97
305	OCUser_W64_e01.txt			Line 99
306	OCUser_W64_e01.txt			Line 101
307	OCUser_W64_e01.txt			Line 103
308	OCUser_W64_e01.txt			Line 105
309	OCUser_W64_e01.txt			Line 107
310	OCUser_W64_e01.txt			Line 109
311	OCUser_W64_e01.txt			Line 111
312	OCUser_W64_e01.txt			Line 113
313	OCUser_W64_e01.txt			Line 115
314	OCUser_W64_e01.txt			Line 117
315	OCUser_W64_e01.txt			Line 119
316	OCUser_W64_e01.txt			Line 121
317	OCUser_W64_e01.txt			Line 123
318	OCUser_W64_e01.txt			Line 127
319	OCUser_W64_e01.txt			Line 129
320	OCUser_W64_e01.txt			Line 131
321	OCUser_W64_e01.txt			Line 133
322	OCUser_W64_e01.txt			Line 135
323	OCUser_W64_e01.txt			Line 137
324	OCUser_W64_e01.txt			Line 139
325	OCUser_W64_e01.txt			Line 141
326	OCUser_W64_e01.txt			Line 143
327	OCUser_W64_e01.txt			Line 145
328	OCUser_W64_e01.txt			Line 147
329	OCUser_W64_e01.txt			Line 149
330	OCUser_W64_e01.txt			Line 151
331	OCUser_W64_e01.txt			Line 153
332	OCUser_W64_e01.txt			Line 155
333	OCUser_W64_e01.txt			Line 157
334	OCUser_W64_e01.txt			Line 159
335	OCUser_W64_e01.txt			Line 161
336	OCUser_W64_e01.txt			Line 163
337	OCUser_W64_e01.txt			Line 165
338	OCUser_W64_e01.txt			Line 169
339	OCUser_W64_e01.txt			Line 171
340	OCUser_W64_e01.txt			Line 173
341	OCUser_W64_e01.txt			Line 175
342	OCUser_W64_e01.txt			Line 178
343	OCUser_W64_e01.txt			Line 180
344	OCUser_W64_e01.txt			Line 182
345	OCUser_W64_e01.txt			Line 184
346	OCUser_W64_e01.txt			Line 186
347	OCUser_W64_e01.txt			Line 193
348	OCUser_W64_e02.txt			Line 8
349	OCUser_W64_e02.txt			Line 10
350	OCUser_W64_e02.txt			Line 12
351	OCUser_W64_e02.txt			Line 14
352	OCUser_W64_e02.txt			Line 16
353	OCUser_W64_e02.txt			Line 18
354	OCUser_W64_e02.txt			Line 20
355	OCUser_W64_e02.txt			Line 22
356	OCUser_W64_e02.txt			Line 25
357	OCUser_W64_e02.txt			Line 27
358	OCUser_W64_e02.txt			Line 29
359	OCUser_W64_e02.txt			Line 31
360	OCUser_W64_e02.txt			Line 33
361	OCUser_W64_e02.txt			Line 35
362	OCUser_W64_e02.txt			Line 37
363	OCUser_W64_e02.txt			Line 45
364	OCUser_W64_e02.txt			Line 47
365	OCUser_W64_e02.txt			Line 49
366	OCUser_W64_e02.txt			Line 51
367	OCUser_W64_e02.txt			Line 56
368	OCUser_W64_e02.txt			Line 58
369	OCUser_W64_e02.txt			Line 60
370	OCUser_W64_e02.txt			Line 62
371	OCUser_W64_e02.txt			Line 64
372	OCUser_W64_e02.txt			Line 66
373	OCUser_W64_e02.txt			Line 68
374	OCUser_W64_e02.txt			Line 70
375	OCUser_W64_e02.txt			Line 73
376	OCUser_W64_e02.txt			Line 75
377	OCUser_W64_e02.txt			Line 77
378	OCUser_W64_e02.txt			Line 79
379	OCUser_W64_e02.txt			Line 81
380	OCUser_W64_e02.txt			Line 85
381	OCUser_W64_e02.txt			Line 87
382	OCUser_W64_e02.txt			Line 89
383	OCUser_W64_e02.txt			Line 91
384	OCUser_W64_e02.txt			Line 93
385	OCUser_W64_e02.txt			Line 95
386	OCUser_W64_e02.txt			Line 97
387	OCUser_W64_e02.txt			Line 99
388	OCUser_W64_e02.txt			Line 101
389	OCUser_W64_e02.txt			Line 103
390	OCUser_W64_e02.txt			Line 105
391	OCUser_W64_e02.txt			Line 107
392	OCUser_W64_e02.txt			Line 109
393	OCUser_W64_e02.txt			Line 111
394	OCUser_W64_e02.txt			Line 113
395	OCUser_W64_e02.txt			Line 115
396	OCUser_W64_e02.txt			Line 117
397	OCUser_W64_e02.txt			Line 119
398	OCUser_W64_e02.txt			Line 121
399	OCUser_W64_e02.txt			Line 123
400	OCUser_W64_e02.txt			Line 127
401	OCUser_W64_e02.txt			Line 129
402	OCUser_W64_e02.txt			Line 131
403	OCUser_W64_e02.txt			Line 133
404	OCUser_W64_e02.txt			Line 135
405	OCUser_W64_e02.txt			Line 137
406	OCUser_W64_e02.txt			Line 139
407	OCUser_W64_e02.txt			Line 141
408	OCUser_W64_e02.txt			Line 143
409	OCUser_W64_e02.txt			Line 145
410	OCUser_W64_e02.txt			Line 147
411	OCUser_W64_e02.txt			Line 149
412	OCUser_W64_e02.txt			Line 151
413	OCUser_W64_e02.txt			Line 153
414	OCUser_W64_e02.txt			Line 155
415	OCUser_W64_e02.txt			Line 157
416	OCUser_W64_e02.txt			Line 159
417	OCUser_W64_e02.txt			Line 161
418	OCUser_W64_e02.txt			Line 163
419	OCUser_W64_e02.txt			Line 165
420	OCUser_W64_e02.txt			Line 169
421	OCUser_W64_e02.txt			Line 171
422	OCUser_W64_e02.txt			Line 173
423	OCUser_W64_e02.txt			Line 175
424	OCUser_W64_e02.txt			Line 178
425	OCUser_W64_e02.txt			Line 180
426	OCUser_W64_e02.txt			Line 182
427	OCUser_W64_e02.txt			Line 184
428	OCUser_W64_e02.txt			Line 186
429	OCUser_W64_e02.txt			Line 193
430	OCUser_W64_e03.txt			Line 8
431	OCUser_W64_e03.txt			Line 10
432	OCUser_W64_e03.txt			Line 12
433	OCUser_W64_e03.txt			Line 14
434	OCUser_W64_e03.txt			Line 16
435	OCUser_W64_e03.txt			Line 18
436	OCUser_W64_e03.txt			Line 20
437	OCUser_W64_e03.txt			Line 22
438	OCUser_W64_e03.txt			Line 25
439	OCUser_W64_e03.txt			Line 27
440	OCUser_W64_e03.txt			Line 29
441	OCUser_W64_e03.txt			Line 31
442	OCUser_W64_e03.txt			Line 33
443	OCUser_W64_e03.txt			Line 35
444	OCUser_W64_e03.txt			Line 37
445	OCUser_W64_e03.txt			Line 45
446	OCUser_W64_e03.txt			Line 47
447	OCUser_W64_e03.txt			Line 49
448	OCUser_W64_e03.txt			Line 51
449	OCUser_W64_e03.txt			Line 56
450	OCUser_W64_e03.txt			Line 58
451	OCUser_W64_e03.txt			Line 60
452	OCUser_W64_e03.txt			Line 62
453	OCUser_W64_e03.txt			Line 64
454	OCUser_W64_e03.txt			Line 66
455	OCUser_W64_e03.txt			Line 68
456	OCUser_W64_e03.txt			Line 70
457	OCUser_W64_e03.txt			Line 73
458	OCUser_W64_e03.txt			Line 75
459	OCUser_W64_e03.txt			Line 77
460	OCUser_W64_e03.txt			Line 79
461	OCUser_W64_e03.txt			Line 81
462	OCUser_W64_e03.txt			Line 85
463	OCUser_W64_e03.txt			Line 87
464	OCUser_W64_e03.txt			Line 89
465	OCUser_W64_e03.txt			Line 91
466	OCUser_W64_e03.txt			Line 93
467	OCUser_W64_e03.txt			Line 95
468	OCUser_W64_e03.txt			Line 97
469	OCUser_W64_e03.txt			Line 99
470	OCUser_W64_e03.txt			Line 101
471	OCUser_W64_e03.txt			Line 103
472	OCUser_W64_e03.txt			Line 105
473	OCUser_W64_e03.txt			Line 107
474	OCUser_W64_e03.txt			Line 109
475	OCUser_W64_e03.txt			Line 111
476	OCUser_W64_e03.txt			Line 113
477	OCUser_W64_e03.txt			Line 115
478	OCUser_W64_e03.txt			Line 117
479	OCUser_W64_e03.txt			Line 119
480	OCUser_W64_e03.txt			Line 121
481	OCUser_W64_e03.txt			Line 123
482	OCUser_W64_e03.txt			Line 127
483	OCUser_W64_e03.txt			Line 129
484	OCUser_W64_e03.txt			Line 131
485	OCUser_W64_e03.txt			Line 133
486	OCUser_W64_e03.txt			Line 135
487	OCUser_W64_e03.txt			Line 137
488	OCUser_W64_e03.txt			Line 139
489	OCUser_W64_e03.txt			Line 141
490	OCUser_W64_e03.txt			Line 143
491	OCUser_W64_e03.txt			Line 145
492	OCUser_W64_e03.txt			Line 147
493	OCUser_W64_e03.txt			Line 149
494	OCUser_W64_e03.txt			Line 151
495	OCUser_W64_e03.txt			Line 153
496	OCUser_W64_e03.txt			Line 155
497	OCUser_W64_e03.txt			Line 157
498	OCUser_W64_e03.txt			Line 159
499	OCUser_W64_e03.txt			Line 161
500	OCUser_W64_e03.txt			Line 163
501	OCUser_W64_e03.txt			Line 165
502	OCUser_W64_e03.txt			Line 169
503	OCUser_W64_e03.txt			Line 171
504	OCUser_W64_e03.txt			Line 173
505	OCUser_W64_e03.txt			Line 175
506	OCUser_W64_e03.txt			Line 178
507	OCUser_W64_e03.txt			Line 180
508	OCUser_W64_e03.txt			Line 182
509	OCUser_W64_e03.txt			Line 184
510	OCUser_W64_e03.txt			Line 186
511	OCUser_W64_e03.txt			Line 193
512	OCUser_W64_e03.txt			Line 210
513	OCUser_W64_e03.txt			Line 212
514	OCUser_W64_e03.txt			Line 214
515	OCUser_W64_e03.txt			Line 217
516	OCUser_W64_e03.txt			Line 219
517	OCUser_W64_e03.txt			Line 223
518	OCUser_W64_e03.txt			Line 225
519	OCUser_W64_e03.txt			Line 227
520	OCUser_W64_e03.txt			Line 229
521	OCUser_W64_e03.txt			Line 232
522	OCUser_WCE6_e01.txt			Line 6
523	OCUser_WCE6_e01.txt			Line 9
524	OCUser_WCE6_e01.txt			Line 12
525	OCUser_WCE6_e01.txt			Line 15
526	OCUser_WCE6_e01.txt			Line 18
527	OCUser_WCE6_e01.txt			Line 21
528	OCUser_WCE6_e01.txt			Line 24
529	OCUser_WCE6_e01.txt			Line 27
530	OCUser_WCE6_e01.txt			Line 32
531	OCUser_WCE6_e01.txt			Line 35
532	OCUser_WCE6_e01.txt			Line 38
533	OCUser_WCE6_e01.txt			Line 41
534	OCUser_WCE6_e01.txt			Line 44
535	OCUser_WCE6_e01.txt			Line 47
536	OCUser_WCE6_e01.txt			Line 50
537	OCUser_WCE6_e01.txt			Line 63
538	OCUser_WCE6_e01.txt			Line 66
539	OCUser_WCE6_e01.txt			Line 69
540	OCUser_WCE6_e01.txt			Line 72
541	OCUser_WCE6_e01.txt			Line 79
542	OCUser_WCE6_e01.txt			Line 82
543	OCUser_WCE6_e01.txt			Line 85
544	OCUser_WCE6_e01.txt			Line 88
545	OCUser_WCE6_e01.txt			Line 91
546	OCUser_WCE6_e01.txt			Line 94
547	OCUser_WCE6_e01.txt			Line 97
548	OCUser_WCE6_e01.txt			Line 100
549	OCUser_WCE6_e01.txt			Line 105
550	OCUser_WCE6_e01.txt			Line 108
551	OCUser_WCE6_e01.txt			Line 111
552	OCUser_WCE6_e01.txt			Line 114
553	OCUser_WCE6_e01.txt			Line 117
554	OCUser_WCE6_e01.txt			Line 122
555	OCUser_WCE6_e01.txt			Line 125
556	OCUser_WCE6_e01.txt			Line 128
557	OCUser_WCE6_e01.txt			Line 131
558	OCUser_WCE6_e01.txt			Line 134
559	OCUser_WCE6_e01.txt			Line 137
560	OCUser_WCE6_e01.txt			Line 140
561	OCUser_WCE6_e01.txt			Line 143
562	OCUser_WCE6_e01.txt			Line 146
563	OCUser_WCE6_e01.txt			Line 149
564	OCUser_WCE6_e01.txt			Line 152
565	OCUser_WCE6_e01.txt			Line 155
566	OCUser_WCE6_e01.txt			Line 158
567	OCUser_WCE6_e01.txt			Line 161
568	OCUser_WCE6_e01.txt			Line 164
569	OCUser_WCE6_e01.txt			Line 167
570	OCUser_WCE6_e01.txt			Line 170
571	OCUser_WCE6_e01.txt			Line 173
572	OCUser_WCE6_e01.txt			Line 176
573	OCUser_WCE6_e01.txt			Line 179
574	OCUser_WCE6_e01.txt			Line 184
575	OCUser_WCE6_e01.txt			Line 187
576	OCUser_WCE6_e01.txt			Line 190
577	OCUser_WCE6_e01.txt			Line 193
578	OCUser_WCE6_e01.txt			Line 196
579	OCUser_WCE6_e01.txt			Line 199
580	OCUser_WCE6_e01.txt			Line 202
581	OCUser_WCE6_e01.txt			Line 205
582	OCUser_WCE6_e01.txt			Line 208
583	OCUser_WCE6_e01.txt			Line 211
584	OCUser_WCE6_e01.txt			Line 214
585	OCUser_WCE6_e01.txt			Line 217
586	OCUser_WCE6_e01.txt			Line 220
587	OCUser_WCE6_e01.txt			Line 223
588	OCUser_WCE6_e01.txt			Line 226
589	OCUser_WCE6_e01.txt			Line 229
590	OCUser_WCE6_e01.txt			Line 232
591	OCUser_WCE6_e01.txt			Line 235
592	OCUser_WCE6_e01.txt			Line 238
593	OCUser_WCE6_e01.txt			Line 241
594	OCUser_WCE6_e01.txt			Line 246
595	OCUser_WCE6_e01.txt			Line 249
596	OCUser_WCE6_e01.txt			Line 252
597	OCUser_WCE6_e01.txt			Line 255
598	OCUser_WCE6_e01.txt			Line 260
599	OCUser_WCE6_e01.txt			Line 263
600	OCUser_WCE6_e01.txt			Line 266
601	OCUser_WCE6_e01.txt			Line 269
602	OCUser_WCE6_e01.txt			Line 272
603	OCUser_WCE6_e01.txt			Line 275
604	OCUser_WCE6_e01.txt			Line 291
605	OCUser_WCE6_e01.txt			Line 294
606	OCUser_WCE6_e01.txt			Line 300
607	OCUser_WCE6_e01.txt			Line 303
608	OCUser_WCE6_e01.txt			Line 314
609	OCUser_WCE6_e01.txt			Line 319
610	OCUser_WCE6_e01.txt			Line 334
611	OCUser_WCE6_e01.txt			Line 337
612	OCUser_WCE6_e01.txt			Line 345
613	OCUser_WCE6_e01.txt			Line 350
614	OCUser_WCE6_e01.txt			Line 353
615	OCUser_WCE6_e01.txt			Line 358
616	OCUser_WCE6_e01.txt			Line 361
617	OCUser_WCE6_e01.txt			Line 366
618	OCUser_WCE6_e01.txt			Line 369
619	OCUser_WCE6_e01.txt			Line 372
620	OCUser_WCE6_e01.txt			Line 375
621	OCUser_WCE6_e01.txt			Line 378
622	OCUser_WEC7ARM_e01.txt			Line 6
623	OCUser_WEC7ARM_e01.txt			Line 9
624	OCUser_WEC7ARM_e01.txt			Line 12
625	OCUser_WEC7ARM_e01.txt			Line 15
626	OCUser_WEC7ARM_e01.txt			Line 18
627	OCUser_WEC7ARM_e01.txt			Line 21
628	OCUser_WEC7ARM_e01.txt			Line 24
629	OCUser_WEC7ARM_e01.txt			Line 27
630	OCUser_WEC7ARM_e01.txt			Line 32
631	OCUser_WEC7ARM_e01.txt			Line 35
632	OCUser_WEC7ARM_e01.txt			Line 38
633	OCUser_WEC7ARM_e01.txt			Line 41
634	OCUser_WEC7ARM_e01.txt			Line 44
635	OCUser_WEC7ARM_e01.txt			Line 47
636	OCUser_WEC7ARM_e01.txt			Line 50
637	OCUser_WEC7ARM_e01.txt			Line 63
638	OCUser_WEC7ARM_e01.txt			Line 66
639	OCUser_WEC7ARM_e01.txt			Line 69
640	OCUser_WEC7ARM_e01.txt			Line 72
641	OCUser_WEC7ARM_e01.txt			Line 79
642	OCUser_WEC7ARM_e01.txt			Line 82
643	OCUser_WEC7ARM_e01.txt			Line 85
644	OCUser_WEC7ARM_e01.txt			Line 88
645	OCUser_WEC7ARM_e01.txt			Line 91
646	OCUser_WEC7ARM_e01.txt			Line 94
647	OCUser_WEC7ARM_e01.txt			Line 97
648	OCUser_WEC7ARM_e01.txt			Line 100
649	OCUser_WEC7ARM_e01.txt			Line 105
650	OCUser_WEC7ARM_e01.txt			Line 108
651	OCUser_WEC7ARM_e01.txt			Line 111
652	OCUser_WEC7ARM_e01.txt			Line 114
653	OCUser_WEC7ARM_e01.txt			Line 117
654	OCUser_WEC7ARM_e01.txt			Line 122
655	OCUser_WEC7ARM_e01.txt			Line 125
656	OCUser_WEC7ARM_e01.txt			Line 128
657	OCUser_WEC7ARM_e01.txt			Line 131
658	OCUser_WEC7ARM_e01.txt			Line 134
659	OCUser_WEC7ARM_e01.txt			Line 137
660	OCUser_WEC7ARM_e01.txt			Line 140
661	OCUser_WEC7ARM_e01.txt			Line 143
662	OCUser_WEC7ARM_e01.txt			Line 146
663	OCUser_WEC7ARM_e01.txt			Line 149
664	OCUser_WEC7ARM_e01.txt			Line 152
665	OCUser_WEC7ARM_e01.txt			Line 155
666	OCUser_WEC7ARM_e01.txt			Line 158
667	OCUser_WEC7ARM_e01.txt			Line 161
668	OCUser_WEC7ARM_e01.txt			Line 164
669	OCUser_WEC7ARM_e01.txt			Line 167
670	OCUser_WEC7ARM_e01.txt			Line 170
671	OCUser_WEC7ARM_e01.txt			Line 173
672	OCUser_WEC7ARM_e01.txt			Line 176
673	OCUser_WEC7ARM_e01.txt			Line 179
674	OCUser_WEC7ARM_e01.txt			Line 184
675	OCUser_WEC7ARM_e01.txt			Line 187
676	OCUser_WEC7ARM_e01.txt			Line 190
677	OCUser_WEC7ARM_e01.txt			Line 193
678	OCUser_WEC7ARM_e01.txt			Line 196
679	OCUser_WEC7ARM_e01.txt			Line 199
680	OCUser_WEC7ARM_e01.txt			Line 202
681	OCUser_WEC7ARM_e01.txt			Line 205
682	OCUser_WEC7ARM_e01.txt			Line 208
683	OCUser_WEC7ARM_e01.txt			Line 211
684	OCUser_WEC7ARM_e01.txt			Line 214
685	OCUser_WEC7ARM_e01.txt			Line 217
686	OCUser_WEC7ARM_e01.txt			Line 220
687	OCUser_WEC7ARM_e01.txt			Line 223
688	OCUser_WEC7ARM_e01.txt			Line 226
689	OCUser_WEC7ARM_e01.txt			Line 229
690	OCUser_WEC7ARM_e01.txt			Line 232
691	OCUser_WEC7ARM_e01.txt			Line 235
692	OCUser_WEC7ARM_e01.txt			Line 238
693	OCUser_WEC7ARM_e01.txt			Line 241
694	OCUser_WEC7ARM_e01.txt			Line 246
695	OCUser_WEC7ARM_e01.txt			Line 249
696	OCUser_WEC7ARM_e01.txt			Line 252
697	OCUser_WEC7ARM_e01.txt			Line 255
698	OCUser_WEC7ARM_e01.txt			Line 260
699	OCUser_WEC7ARM_e01.txt			Line 263
700	OCUser_WEC7ARM_e01.txt			Line 266
701	OCUser_WEC7ARM_e01.txt			Line 269
702	OCUser_WEC7ARM_e01.txt			Line 272
703	OCUser_WEC7ARM_e01.txt			Line 275
704	OCUser_WEC7ARM_e01.txt			Line 299
705	OCUser_WEC7ARM_e01.txt			Line 303
706	OCUser_WEC7ARM_e01.txt			Line 308
707	OCUser_WEC7ARM_e01.txt			Line 312
708	OCUser_WEC7ARM_e01.txt			Line 318
709	OCUser_WEC7ARM_e01.txt			Line 323
710	OCUser_WEC7ARM_e01.txt			Line 328
711	OCUser_WEC7ARM_e01.txt			Line 331
712	OCUser_WEC7ARM_e01.txt			Line 336
713	OCUser_WEC7ARM_e01.txt			Line 339
714	OCUser_WEC7ARM_e01.txt			Line 342
715	OCUser_WEC7ARM_e01.txt			Line 347
716	OCUser_WEC7ARM_e01.txt			Line 350
717	OCUser_WEC7ARM_e01.txt			Line 353
718	OCUser_WEC7ARM_e01.txt			Line 356
719	OCUser_WEC7ARM_e01.txt			Line 359
720	OCUser_WEC7ARM_e01.txt			Line 364
721	OCUser_WEC7ARM_e01.txt			Line 368
722	OCUser_WEC7ARM_e01.txt			Line 376
723	OCUser_WEC7ARM_e01.txt			Line 379
724	OCUser_WEC7ARM_e01.txt			Line 389
725	OCUser_WEC7ARM_e01.txt			Line 394
726	OCUser_WEC7ARM_e01.txt			Line 399
727	OCUser_WEC7ARM_e01.txt			Line 406
728	OCUser_WEC7ARM_e01.txt			Line 409
728 Error(s) Found...
