1	LaserCtrl_W32_b01.txt			Line 48
2	LaserCtrl_W32_b02.txt			Line 54
3	OCDevice_W32_b01.txt			Line 26
4	OCDevice_W32_b01.txt			Line 133
5	OCDevice_W32_b02.txt			Line 38
6	OCDevice_W32_b02.txt			Line 55
7	OCDevice_W32_b03.txt			Line 26
8	OCDevice_W32_b03.txt			Line 158
9	OCDevice_W32_b04.txt			Line 16
10	OCDevice_W32_b04.txt			Line 147
11	OCKrnl_GTEST_01.txt			Line 618
12	OCKrnl_GTEST_01.txt			Line 619
13	OCKrnl_GTEST_01.txt			Line 620
14	OCKrnl_GTEST_01.txt			Line 621
15	OCKrnl_GTEST_01.txt			Line 622
16	OCKrnl_GTEST_01.txt			Line 623
17	OCKrnl_GTEST_01.txt			Line 634
18	OCKrnl_GTEST_01.txt			Line 913
19	OCKrnl_GTEST_03.txt			Line 532
20	OCKrnl_GTEST_03.txt			Line 533
21	OCKrnl_GTEST_03.txt			Line 534
22	OCKrnl_GTEST_03.txt			Line 535
23	OCKrnl_GTEST_03.txt			Line 536
24	OCKrnl_GTEST_03.txt			Line 537
25	OCKrnl_GTEST_03.txt			Line 548
26	OCKrnl_GTEST_03.txt			Line 936
27	OCKrnl_GTEST_06.txt			Line 171
28	OCKrnl_GTEST_06.txt			Line 172
29	OCKrnl_GTEST_06.txt			Line 173
30	OCKrnl_GTEST_06.txt			Line 174
31	OCKrnl_GTEST_06.txt			Line 175
32	OCKrnl_GTEST_06.txt			Line 176
33	OCKrnl_GTEST_06.txt			Line 187
34	OCKrnl_GTEST_06.txt			Line 198
35	OCKrnl_GTEST_08.txt			Line 532
36	OCKrnl_GTEST_08.txt			Line 533
37	OCKrnl_GTEST_08.txt			Line 534
38	OCKrnl_GTEST_08.txt			Line 535
39	OCKrnl_GTEST_08.txt			Line 536
40	OCKrnl_GTEST_08.txt			Line 537
41	OCKrnl_GTEST_08.txt			Line 548
42	OCKrnl_GTEST_08.txt			Line 937
43	OCKrnl_GTEST_08.txt			Line 951
44	OCKrnl_W32_b02.txt			Line 532
45	OCKrnl_W32_b02.txt			Line 533
46	OCKrnl_W32_b02.txt			Line 534
47	OCKrnl_W32_b02.txt			Line 535
48	OCKrnl_W32_b02.txt			Line 536
49	OCKrnl_W32_b02.txt			Line 537
50	OCKrnl_W32_b02.txt			Line 548
51	OCKrnl_W32_b02.txt			Line 937
52	OCKrnl_W32_b03.txt			Line 532
53	OCKrnl_W32_b03.txt			Line 533
54	OCKrnl_W32_b03.txt			Line 534
55	OCKrnl_W32_b03.txt			Line 535
56	OCKrnl_W32_b03.txt			Line 536
57	OCKrnl_W32_b03.txt			Line 537
58	OCKrnl_W32_b03.txt			Line 548
59	OCKrnl_W32_b03.txt			Line 937
60	OCKrnl_W32_b03.txt			Line 970
61	OCKrnl_WCE6_b01.txt			Line 522
62	OCKrnl_WCE6_b01.txt			Line 523
63	OCKrnl_WCE6_b01.txt			Line 524
64	OCKrnl_WCE6_b01.txt			Line 525
65	OCKrnl_WCE6_b01.txt			Line 526
66	OCKrnl_WCE6_b01.txt			Line 527
67	OCKrnl_WCE6_b01.txt			Line 535
68	OCKrnl_WCE6_b01.txt			Line 864
69	OCKrnl_WCE6_b02.txt			Line 522
70	OCKrnl_WCE6_b02.txt			Line 523
71	OCKrnl_WCE6_b02.txt			Line 524
72	OCKrnl_WCE6_b02.txt			Line 525
73	OCKrnl_WCE6_b02.txt			Line 526
74	OCKrnl_WCE6_b02.txt			Line 527
75	OCKrnl_WCE6_b02.txt			Line 535
76	OCKrnl_WCE6_b02.txt			Line 864
77	OCKrnl_WCE6_b02.txt			Line 900
78	OCKrnl_WEC7ARM_b01.txt			Line 602
79	OCKrnl_WEC7ARM_b01.txt			Line 603
80	OCKrnl_WEC7ARM_b01.txt			Line 604
81	OCKrnl_WEC7ARM_b01.txt			Line 605
82	OCKrnl_WEC7ARM_b01.txt			Line 606
83	OCKrnl_WEC7ARM_b01.txt			Line 607
84	OCKrnl_WEC7ARM_b01.txt			Line 615
85	OCKrnl_WEC7ARM_b01.txt			Line 861
86	OCKrnl_WEC7ARM_b02.txt			Line 602
87	OCKrnl_WEC7ARM_b02.txt			Line 603
88	OCKrnl_WEC7ARM_b02.txt			Line 604
89	OCKrnl_WEC7ARM_b02.txt			Line 605
90	OCKrnl_WEC7ARM_b02.txt			Line 606
91	OCKrnl_WEC7ARM_b02.txt			Line 607
92	OCKrnl_WEC7ARM_b02.txt			Line 615
93	OCKrnl_WEC7ARM_b02.txt			Line 861
94	OCKrnl_WEC7ARM_b02.txt			Line 897
95	OCTest_b01.txt				Line 42
96	OCTest_b02.txt				Line 45
97	OCTest_b04.txt				Line 45
98	Rot_W32_b01.txt				Line 20
99	SerialPLCAxis_W32_b01.txt		Line 18
99 Error(s) Found...
