Files that are found in folder Current_res but NOT in folder Previous_res :

Res\_Arm\_Mill\_SUPER-X5\Res\apppmeng.pin
Res\_Arm\_Mill\_SUPER-X5\Res\milmacro.res
Res\_Arm\_Mill\_SUPER-X5\Res\roteng.pin
Res\_Arm\_Mill\_SUPER-X5\Res\splcaeng.pin
Res\_Arm\_Mill\_SUPER-X5\Res\sysmacro.res
Res\_Arm\_Mill\_SUPER-X5\Res\syspmeng.pin
Res\_Arm\_Mill\_SUPER-X5\Data\CncBase_Ext.ini
Res\_Arm\_Mill\_SUPER-X5\Common\SyntecParam.xml
Res\_Arm\_Mill\_SUPER-X5\Common\string\SysParamCom_COM.xml
Res\_Arm\_Mill\_SUPER-X5\CHT\string\SysParamCht_COM.xml
Res\_Arm\_Mill\_SUPER-X5\CHS\string\SysParamChs_COM.xml
Res\_Arm\_Mill\_SUPER\Res\apppmeng.pin
Res\_Arm\_Mill\_SUPER\Res\milmacro.res
Res\_Arm\_Mill\_SUPER\Res\roteng.pin
Res\_Arm\_Mill\_SUPER\Res\splcaeng.pin
Res\_Arm\_Mill\_SUPER\Res\sysmacro.res
Res\_Arm\_Mill\_SUPER\Res\syspmeng.pin
Res\_Arm\_Mill\_SUPER\Data\CncBase_Ext.ini
Res\_Arm\_Mill\_SUPER\Common\SyntecParam.xml
Res\_Arm\_Mill\_SUPER\Common\string\SysParamCom_COM.xml
Res\_Arm\_Mill\_SUPER\CHT\string\SysParamCht_COM.xml
Res\_Arm\_Mill\_SUPER\CHS\string\SysParamChs_COM.xml
Res\_Arm\_Lathe\_SUPER\Res\apppmeng.pin
Res\_Arm\_Lathe\_SUPER\Res\latmacro.res
Res\_Arm\_Lathe\_SUPER\Res\roteng.pin
Res\_Arm\_Lathe\_SUPER\Res\splcaeng.pin
Res\_Arm\_Lathe\_SUPER\Res\sysmacro.res
Res\_Arm\_Lathe\_SUPER\Res\syspmeng.pin
Res\_Arm\_Lathe\_SUPER\Data\CncBase_Ext.ini
Res\_Arm\_Lathe\_SUPER\Common\SyntecParam.xml
Res\_Arm\_Lathe\_SUPER\Common\string\SysParamCom_COM.xml
Res\_Arm\_Lathe\_SUPER\CHT\string\SysParamCht_COM.xml
Res\_Arm\_Lathe\_SUPER\CHS\string\SysParamChs_COM.xml
----------------------------------------------------------------------
Files that are found in folder Previous_res but NOT in folder Current_res :

----------------------------------------------------------------------
