Files that are found in folder Current_sdk but NOT in folder Previous_sdk :

CNCSDK\lib\wce700arm\EnIP.lib
CNCSDK\lib\wce600\EnIP.lib
CNCSDK\lib\w32\Release\EnIP.lib
CNCSDK\lib\w32\Debug\EnIP.lib
CNCSDK\inc\ByteOrder.h
CNCSDK\inc\EnIP_API.h
CNCSDK\inc\EnIP_DEF.h
CNCSDK\inc\IEnIPCenter.h
CNCSDK\inc\Internet.h
CNCSDK\inc\IPlatform.h
CNCSDK\inc\LANAdapterInfo.h
CNCSDK\bin\wce700arm\EnIP.dll
CNCSDK\bin\wce700arm\EnIPModule.dll
CNCSDK\bin\wce700arm\PREP.dll
CNCSDK\bin\wce600\EnIP.dll
CNCSDK\bin\wce600\EnIPModule.dll
CNCSDK\bin\wce600\PREP.dll
CNCSDK\bin\w32\EnIP.dll
CNCSDK\bin\w32\EnIPModule.dll
CNCSDK\bin\w32\PREP.dll
----------------------------------------------------------------------
Files that are found in folder Previous_sdk but NOT in folder Current_sdk :

CNCSDK\inc\Platform.h
----------------------------------------------------------------------
