1	BuildDrillCAM32.txt			Line 5
2	BuildDrillCAM32.txt			Line 16
3	BuildDrillCAM32.txt			Line 22
4	BuildDrillCAMCE.txt			Line 5
5	BuildDrillCAMCE.txt			Line 11
6	BuildDrillCAMCE.txt			Line 24
7	BuildPlugin32.txt			Line 5
8	BuildPlugin32.txt			Line 10
9	BuildPlugin32.txt			Line 16
10	BuildPluginCE.txt			Line 5
11	BuildPluginCE.txt			Line 11
12	BuildPluginCE.txt			Line 18
13	BuildPrintLabelWorker32.txt		Line 5
14	BuildPrintLabelWorker32.txt		Line 10
15	BuildPrintLabelWorker32.txt		Line 16
16	BuildPrintLabelWorkerCE.txt		Line 5
17	BuildPrintLabelWorkerCE.txt		Line 11
18	BuildPrintLabelWorkerCE.txt		Line 18
19	EAutoTestPlugin32.txt			Line 5
20	EAutoTestPlugin32.txt			Line 10
21	EAutoTestPlugin32.txt			Line 16
22	ECncMon32.txt				Line 5
23	ECncMon32.txt				Line 10
24	ECncMon32.txt				Line 16
25	ECncMon32_autotest.txt			Line 5
26	ECncMon32_autotest.txt			Line 10
27	ECncMon32_autotest.txt			Line 16
28	ECncMonCE.txt				Line 5
29	ECncMonCE.txt				Line 11
30	ECncMonCE.txt				Line 18
31	ECncMonCE_autotest.txt			Line 5
32	ECncMonCE_autotest.txt			Line 11
33	ECncMonCE_autotest.txt			Line 18
34	EDipoleServer.txt			Line 5
35	EDipoleServer.txt			Line 10
36	EDipoleServer.txt			Line 16
37	EDipoleServerCE.txt			Line 5
38	EDipoleServerCE.txt			Line 11
39	EDipoleServerCE.txt			Line 18
40	EEHMC32.txt				Line 5
41	EEHMC32.txt				Line 10
42	EEHMC32.txt				Line 16
43	EFileCleanSetting.txt			Line 5
44	EFileCleanSetting.txt			Line 10
45	EFileCleanSetting.txt			Line 16
46	EFileCleanSettingCE.txt			Line 5
47	EFileCleanSettingCE.txt			Line 11
48	EFileCleanSettingCE.txt			Line 18
49	EHMCCE.txt				Line 5
50	EHMCCE.txt				Line 11
51	EHMCCE.txt				Line 18
52	EMAutoTestPluginCE.txt			Line 5
53	EMAutoTestPluginCE.txt			Line 11
54	EMAutoTestPluginCE.txt			Line 18
55	ERobotMMI.txt				Line 5
56	ERobotMMI.txt				Line 10
57	ERobotMMI.txt				Line 16
58	ERobotMMICE.txt				Line 5
59	ERobotMMICE.txt				Line 11
60	ERobotMMICE.txt				Line 18
61	ESyntec.RemoteCNC.txt			Line 5
62	ESyntec.RemoteCNC.txt			Line 10
63	ESyntec.RemoteCNC.txt			Line 16
