1	EnIPModule_W32_b01.txt			Line 12
2	LaserCtrl_W32_b01.txt			Line 48
3	LaserCtrl_W32_b02.txt			Line 54
4	OCDevice_W32_b01.txt			Line 26
5	OCDevice_W32_b01.txt			Line 149
6	OCDevice_W32_b02.txt			Line 63
7	OCDevice_W32_b02.txt			Line 81
8	OCDevice_W32_b03.txt			Line 26
9	OCDevice_W32_b03.txt			Line 266
10	OCDevice_W32_b04.txt			Line 16
11	OCDevice_W32_b04.txt			Line 166
12	OCKrnl_GTEST_01.txt			Line 914
13	OCKrnl_GTEST_03.txt			Line 706
14	OCKrnl_GTEST_03.txt			Line 721
15	OCKrnl_GTEST_03.txt			Line 937
16	OCKrnl_GTEST_08.txt			Line 169
17	OCKrnl_GTEST_08.txt			Line 184
18	OCKrnl_GTEST_08.txt			Line 199
19	OCKrnl_W32_b02.txt			Line 706
20	OCKrnl_W32_b02.txt			Line 721
21	OCKrnl_W32_b02.txt			Line 938
22	OCKrnl_W32_b03.txt			Line 706
23	OCKrnl_W32_b03.txt			Line 721
24	OCKrnl_W32_b03.txt			Line 938
25	OCKrnl_W32_b03.txt			Line 971
26	OCKrnl_WCE6_b01.txt			Line 449
27	OCKrnl_WCE6_b01.txt			Line 461
28	OCKrnl_WCE6_b01.txt			Line 865
29	OCKrnl_WCE6_b02.txt			Line 449
30	OCKrnl_WCE6_b02.txt			Line 461
31	OCKrnl_WCE6_b02.txt			Line 865
32	OCKrnl_WCE6_b02.txt			Line 901
33	OCKrnl_WEC7ARM_b01.txt			Line 302
34	OCKrnl_WEC7ARM_b01.txt			Line 303
35	OCKrnl_WEC7ARM_b01.txt			Line 315
36	OCKrnl_WEC7ARM_b01.txt			Line 863
37	OCKrnl_WEC7ARM_b02.txt			Line 302
38	OCKrnl_WEC7ARM_b02.txt			Line 303
39	OCKrnl_WEC7ARM_b02.txt			Line 315
40	OCKrnl_WEC7ARM_b02.txt			Line 863
41	OCKrnl_WEC7ARM_b02.txt			Line 899
42	OCTest_b01.txt				Line 42
43	OCTest_b02.txt				Line 45
44	OCTest_b04.txt				Line 45
45	Prep_W32_b01.txt			Line 13
46	Prep_WCE6_b01.txt			Line 15
47	Prep_WEC7ARM_b01.txt			Line 15
48	Rot_W32_b01.txt				Line 20
49	SerialPLCAxis_W32_b01.txt		Line 18
49 Error(s) Found...
