1	LaserCtrl_W32_b01.txt			Line 37
2	LaserCtrl_W32_b02.txt			Line 43
3	LaserCtrl_WCE6_b01.txt			Line 37
4	LaserCtrl_WCE7ARM_b01.txt		Line 37
5	OCDevice_W32_b01.txt			Line 56
6	OCDevice_W32_b01.txt			Line 155
7	OCDevice_W32_b02.txt			Line 42
8	OCDevice_W32_b02.txt			Line 81
9	OCDevice_W32_b03.txt			Line 56
10	OCDevice_W32_b03.txt			Line 229
11	OCDevice_W32_b04.txt			Line 16
12	OCDevice_W32_b04.txt			Line 155
13	OCDevice_WCE6_b01.txt			Line 47
14	OCDevice_WCE6_b01.txt			Line 105
15	OCDevice_WCE6_b01.txt			Line 205
16	OCDevice_WCE6_b01.txt			Line 254
17	OCDevice_WCE6_b01.txt			Line 270
18	OCDevice_WCE6_b01.txt			Line 280
19	OCDevice_WCE6_b01.txt			Line 290
20	OCDevice_WCE6_b01.txt			Line 301
21	OCDevice_WCE6_b01.txt			Line 311
22	OCDevice_WCE6_b01.txt			Line 325
23	OCDevice_WCE6_b01.txt			Line 335
24	OCDevice_WCE6_b01.txt			Line 347
25	OCDevice_WCE6_b01.txt			Line 357
26	OCDevice_WCE6_b01.txt			Line 368
27	OCDevice_WCE6_b01.txt			Line 378
28	OCDevice_WCE6_b01.txt			Line 388
29	OCDevice_WCE6_b01.txt			Line 398
30	OCDevice_WEC7ARM_b01.txt		Line 32
31	OCDevice_WEC7ARM_b01.txt		Line 120
32	OCDevice_WEC7ARM_b01.txt		Line 244
33	OCDevice_WEC7ARM_b01.txt		Line 260
34	OCDevice_WEC7ARM_b01.txt		Line 270
35	OCDevice_WEC7ARM_b01.txt		Line 294
36	OCDevice_WEC7ARM_b01.txt		Line 305
37	OCDevice_WEC7ARM_b01.txt		Line 315
38	OCDevice_WEC7ARM_b01.txt		Line 329
39	OCDevice_WEC7ARM_b01.txt		Line 341
40	OCDevice_WEC7ARM_b01.txt		Line 352
41	OCDevice_WEC7ARM_b01.txt		Line 362
42	OCDevice_WEC7ARM_b01.txt		Line 372
43	OCDevice_WEC7ARM_b01.txt		Line 384
44	OCDevice_WEC7ARM_b01.txt		Line 394
45	OCDevice_WEC7ARM_b01.txt		Line 404
46	OCDevice_WEC7ARM_b01.txt		Line 414
47	OCKrnl_GTEST_01.txt			Line 307
48	OCKrnl_GTEST_01.txt			Line 383
49	OCKrnl_GTEST_01.txt			Line 716
50	OCKrnl_GTEST_01.txt			Line 727
51	OCKrnl_GTEST_01.txt			Line 735
52	OCKrnl_GTEST_01.txt			Line 744
53	OCKrnl_GTEST_01.txt			Line 766
54	OCKrnl_GTEST_01.txt			Line 780
55	OCKrnl_GTEST_01.txt			Line 808
56	OCKrnl_GTEST_03.txt			Line 230
57	OCKrnl_GTEST_03.txt			Line 306
58	OCKrnl_GTEST_03.txt			Line 448
59	OCKrnl_GTEST_03.txt			Line 459
60	OCKrnl_GTEST_03.txt			Line 467
61	OCKrnl_GTEST_03.txt			Line 476
62	OCKrnl_GTEST_03.txt			Line 498
63	OCKrnl_GTEST_03.txt			Line 512
64	OCKrnl_GTEST_03.txt			Line 762
65	OCKrnl_GTEST_03.txt			Line 766
66	OCKrnl_GTEST_03.txt			Line 768
67	OCKrnl_GTEST_03.txt			Line 770
68	OCKrnl_GTEST_03.txt			Line 778
69	OCKrnl_GTEST_03.txt			Line 833
70	OCKrnl_GTEST_04.txt			Line 377
71	OCKrnl_GTEST_04.txt			Line 453
72	OCKrnl_GTEST_04.txt			Line 469
73	OCKrnl_GTEST_05.txt			Line 173
74	OCKrnl_GTEST_05.txt			Line 249
75	OCKrnl_GTEST_05.txt			Line 262
76	OCKrnl_GTEST_06.txt			Line 103
77	OCKrnl_GTEST_06.txt			Line 114
78	OCKrnl_GTEST_06.txt			Line 122
79	OCKrnl_GTEST_06.txt			Line 131
80	OCKrnl_GTEST_06.txt			Line 153
81	OCKrnl_GTEST_06.txt			Line 167
82	OCKrnl_GTEST_06.txt			Line 178
83	OCKrnl_GTEST_08.txt			Line 48
84	OCKrnl_GTEST_08.txt			Line 124
85	OCKrnl_GTEST_08.txt			Line 157
86	OCKrnl_GTEST_08.txt			Line 161
87	OCKrnl_GTEST_08.txt			Line 163
88	OCKrnl_GTEST_08.txt			Line 165
89	OCKrnl_GTEST_08.txt			Line 173
90	OCKrnl_GTEST_08.txt			Line 187
91	OCKrnl_GTEST_09.txt			Line 48
92	OCKrnl_GTEST_09.txt			Line 124
93	OCKrnl_GTEST_09.txt			Line 150
94	OCKrnl_W32_b01.txt			Line 82
95	OCKrnl_W32_b01.txt			Line 158
96	OCKrnl_W32_b01.txt			Line 192
97	OCKrnl_W32_b02.txt			Line 230
98	OCKrnl_W32_b02.txt			Line 306
99	OCKrnl_W32_b02.txt			Line 448
100	OCKrnl_W32_b02.txt			Line 459
101	OCKrnl_W32_b02.txt			Line 467
102	OCKrnl_W32_b02.txt			Line 476
103	OCKrnl_W32_b02.txt			Line 498
104	OCKrnl_W32_b02.txt			Line 512
105	OCKrnl_W32_b02.txt			Line 762
106	OCKrnl_W32_b02.txt			Line 766
107	OCKrnl_W32_b02.txt			Line 768
108	OCKrnl_W32_b02.txt			Line 770
109	OCKrnl_W32_b02.txt			Line 778
110	OCKrnl_W32_b02.txt			Line 834
111	OCKrnl_W32_b03.txt			Line 230
112	OCKrnl_W32_b03.txt			Line 306
113	OCKrnl_W32_b03.txt			Line 448
114	OCKrnl_W32_b03.txt			Line 459
115	OCKrnl_W32_b03.txt			Line 467
116	OCKrnl_W32_b03.txt			Line 476
117	OCKrnl_W32_b03.txt			Line 498
118	OCKrnl_W32_b03.txt			Line 512
119	OCKrnl_W32_b03.txt			Line 762
120	OCKrnl_W32_b03.txt			Line 766
121	OCKrnl_W32_b03.txt			Line 768
122	OCKrnl_W32_b03.txt			Line 770
123	OCKrnl_W32_b03.txt			Line 778
124	OCKrnl_W32_b03.txt			Line 834
125	OCKrnl_W32_b03.txt			Line 867
126	OCKrnl_W32_l02.txt			Line 48
127	OCKrnl_W32_l02.txt			Line 124
128	OCKrnl_W32_l04.txt			Line 82
129	OCKrnl_W32_l04.txt			Line 158
130	OCKrnl_W32_l08.txt			Line 48
131	OCKrnl_W32_l08.txt			Line 124
132	OCKrnl_W32_l10.txt			Line 82
133	OCKrnl_W32_l10.txt			Line 158
134	OCKrnl_WCE6_b01.txt			Line 201
135	OCKrnl_WCE6_b01.txt			Line 273
136	OCKrnl_WCE6_b01.txt			Line 309
137	OCKrnl_WCE6_b01.txt			Line 313
138	OCKrnl_WCE6_b01.txt			Line 315
139	OCKrnl_WCE6_b01.txt			Line 317
140	OCKrnl_WCE6_b01.txt			Line 321
141	OCKrnl_WCE6_b01.txt			Line 351
142	OCKrnl_WCE6_b01.txt			Line 362
143	OCKrnl_WCE6_b01.txt			Line 370
144	OCKrnl_WCE6_b01.txt			Line 379
145	OCKrnl_WCE6_b01.txt			Line 401
146	OCKrnl_WCE6_b01.txt			Line 411
147	OCKrnl_WCE6_b01.txt			Line 758
148	OCKrnl_WCE6_b02.txt			Line 201
149	OCKrnl_WCE6_b02.txt			Line 273
150	OCKrnl_WCE6_b02.txt			Line 309
151	OCKrnl_WCE6_b02.txt			Line 313
152	OCKrnl_WCE6_b02.txt			Line 315
153	OCKrnl_WCE6_b02.txt			Line 317
154	OCKrnl_WCE6_b02.txt			Line 321
155	OCKrnl_WCE6_b02.txt			Line 351
156	OCKrnl_WCE6_b02.txt			Line 362
157	OCKrnl_WCE6_b02.txt			Line 370
158	OCKrnl_WCE6_b02.txt			Line 379
159	OCKrnl_WCE6_b02.txt			Line 401
160	OCKrnl_WCE6_b02.txt			Line 411
161	OCKrnl_WCE6_b02.txt			Line 758
162	OCKrnl_WCE6_b02.txt			Line 794
163	OCKrnl_WCE6_l02.txt			Line 47
164	OCKrnl_WCE6_l02.txt			Line 119
165	OCKrnl_WCE6_l04.txt			Line 75
166	OCKrnl_WCE6_l04.txt			Line 147
167	OCKrnl_WEC7ARM_b01.txt			Line 391
168	OCKrnl_WEC7ARM_b01.txt			Line 402
169	OCKrnl_WEC7ARM_b01.txt			Line 410
170	OCKrnl_WEC7ARM_b01.txt			Line 419
171	OCKrnl_WEC7ARM_b01.txt			Line 441
172	OCKrnl_WEC7ARM_b01.txt			Line 451
173	OCKrnl_WEC7ARM_b01.txt			Line 474
174	OCKrnl_WEC7ARM_b01.txt			Line 478
175	OCKrnl_WEC7ARM_b01.txt			Line 480
176	OCKrnl_WEC7ARM_b01.txt			Line 482
177	OCKrnl_WEC7ARM_b01.txt			Line 486
178	OCKrnl_WEC7ARM_b01.txt			Line 680
179	OCKrnl_WEC7ARM_b01.txt			Line 752
180	OCKrnl_WEC7ARM_b01.txt			Line 786
181	OCKrnl_WEC7ARM_b02.txt			Line 391
182	OCKrnl_WEC7ARM_b02.txt			Line 402
183	OCKrnl_WEC7ARM_b02.txt			Line 410
184	OCKrnl_WEC7ARM_b02.txt			Line 419
185	OCKrnl_WEC7ARM_b02.txt			Line 441
186	OCKrnl_WEC7ARM_b02.txt			Line 451
187	OCKrnl_WEC7ARM_b02.txt			Line 474
188	OCKrnl_WEC7ARM_b02.txt			Line 478
189	OCKrnl_WEC7ARM_b02.txt			Line 480
190	OCKrnl_WEC7ARM_b02.txt			Line 482
191	OCKrnl_WEC7ARM_b02.txt			Line 486
192	OCKrnl_WEC7ARM_b02.txt			Line 680
193	OCKrnl_WEC7ARM_b02.txt			Line 752
194	OCKrnl_WEC7ARM_b02.txt			Line 786
195	OCKrnl_WEC7ARM_b02.txt			Line 822
196	OCKrnl_WEC7ARM_l02.txt			Line 42
197	OCKrnl_WEC7ARM_l02.txt			Line 114
198	OCProtocol_W32_b01.txt			Line 14
199	OCProtocol_WCE6_b01.txt			Line 13
200	OCProtocol_WEC7ARM_b01.txt		Line 13
201	OCTest_b01.txt				Line 44
202	OCTest_b02.txt				Line 45
203	OCTest_b04.txt				Line 8
204	OCTest_b04.txt				Line 10
205	OCTest_b04.txt				Line 12
206	OCTest_b04.txt				Line 14
207	OCTest_b04.txt				Line 16
208	OCTest_b04.txt				Line 19
209	OCTest_b04.txt				Line 28
210	OCTest_b04.txt				Line 32
211	OCTest_b04.txt				Line 35
212	OCTest_b04.txt				Line 44
213	OCTest_b04.txt				Line 47
214	Prep_W32_b01.txt			Line 13
215	Prep_WCE6_b01.txt			Line 13
216	Prep_WEC7ARM_b01.txt			Line 13
217	Rot_W32_b01.txt				Line 18
218	Rot_WCE6_b01.txt			Line 15
219	Rot_WEC7ARM_b01.txt			Line 15
220	SerialPLCAxis_W32_b01.txt		Line 18
221	SerialPLCAxis_WCE6_b01.txt		Line 15
222	SerialPLCAxis_WEC7ARM_b01.txt		Line 15
222 Error(s) Found...
