Files that are found in folder Current_pack but NOT in folder Previous_pack :

OpenInstallerConfigurationFile.xml
DiskC\OpenCNC\StdRes\SRI\SriModule.xml
DiskC\OpenCNC\StdRes\ESI\ASDA2-E_rev3.35_Syntec.xml
DiskC\OpenCNC\StdRes\ESI\D2COE_20150922_Syntec.xml
DiskC\OpenCNC\StdRes\ESI\MELSERVO_MR_J4_TM_Syntec.xml
DiskC\OpenCNC\StdRes\ESI\Panasonic_MINAS-A5B_V0_22_4_3_Syntec.xml
DiskC\OpenCNC\StdRes\ESI\Panasonic_MINAS-A6BE_V1_3_Syntec.xml
DiskC\OpenCNC\StdRes\ESI\SDP-E_rev104_Syntec.xml
DiskC\OpenCNC\StdRes\ESI\Servotronix_CDHD_PC0_Rv0_1_41_16L_Syntec.xml
DiskC\OpenCNC\Ladder\develop.lad
DiskC\OpenCNC\Data\3rdParty_Preload_Tuning.xml
DiskC\OpenCNC\Data\CNC2_Syntec_Galvo.xml
DiskC\OpenCNC\Data\CNCBASE.ini
DiskC\OpenCNC\Data\ECAT_ALM_DELTA_ASDA_A2_E.xml
DiskC\OpenCNC\Data\ECAT_ALM_SERVOTRONIX_CDHD.xml
DiskC\OpenCNC\Data\ECAT_OD_DELTA_ASDA_A2_E.xml
DiskC\OpenCNC\Data\ECAT_OD_PANASONIC_MINAS.xml
DiskC\OpenCNC\Data\ECAT_OD_SERVOTRONIX_CDHD.xml
DiskC\OpenCNC\Data\ECAT_PANASONIC_Preload_Tuning.xml
DiskC\OpenCNC\Data\ECAT_PM_DELTA_ASDA_A2_E.xml
DiskC\OpenCNC\Data\ECAT_PM_PANASONIC_MINAS_A5B.xml
DiskC\OpenCNC\Data\ECAT_PM_PANASONIC_MINAS_A6B.xml
DiskC\OpenCNC\Data\ECAT_PM_SERVOTRONIX_CDHD.xml
DiskC\OpenCNC\Data\EtherCAT.xml
DiskC\OpenCNC\Data\M2_Syntec.xml
DiskC\OpenCNC\Data\M2_Syntec_3rd_Party.xml
DiskC\OpenCNC\Data\M2_Syntec_Preload_Tuning.xml
DiskC\OpenCNC\Data\M2_Syntec_V2.xml
DiskC\OpenCNC\Data\M2_Yaskawa_Preload_Tuning.xml
DiskC\OpenCNC\Data\M2_Yaskawa_sigma_5.xml
DiskC\OpenCNC\Data\M2_Yaskawa_sigma_7.xml
DiskC\OpenCNC\Data\M2_Yaskawa_sigma_M.xml
DiskC\OpenCNC\Data\M3_Syntec.xml
DiskC\OpenCNC\Data\M3_Syntec_3rd_Party.xml
DiskC\OpenCNC\Data\M3_Yaskawa_Preload_Tuning.xml
DiskC\OpenCNC\Data\M3_Yaskawa_sigma_5.xml
DiskC\OpenCNC\Data\M3_Yaskawa_sigma_7S.xml
DiskC\OpenCNC\Data\M3_Yaskawa_sigma_7W.xml
DiskC\OpenCNC\Data\M3_Yaskawa_sigma_M.xml
DiskC\OpenCNC\Data\MotorInfo_YaskawaS5.xml
DiskC\OpenCNC\Data\MotorInfo_YaskawaS7.xml
DiskC\OpenCNC\Data\RTEX_PANASONIC_A6N.xml
DiskC\OpenCNC\Data\RTEX_PANASONIC_Preload_Tuning.xml
DiskC\OpenCNC\Data\SyntecV2_Preload_Tuning.xml
DiskC\OpenCNC\Data\IO\IoMap_21UpTo22Series.xml
DiskC\OpenCNC\Data\IO\IoMap_30GM.xml
DiskC\OpenCNC\Data\IO\IoMap_4in1.xml
DiskC\OpenCNC\Data\IO\IoMap_FC-A-V2.xml
DiskC\OpenCNC\Data\IO\IoMap_FC-A.xml
DiskC\OpenCNC\Data\IO\IoMap_FC-B-V2.xml
DiskC\OpenCNC\Data\IO\IoMap_FC-B.xml
DiskC\OpenCNC\Data\IO\IoMap_Galvo.xml
DiskC\OpenCNC\Data\IO\IoMap_HC-S.xml
DiskC\OpenCNC\Data\IO\IoMap_HHB.xml
DiskC\OpenCNC\Data\IO\IoMap_Null.xml
DiskC\OpenCNC\Data\IO\IoMap_RIO1-2-3-HKoff.xml
DiskC\OpenCNC\Data\IO\IoMap_RIO1-2-3-HKon-MPG120.xml
DiskC\OpenCNC\Data\IO\IoMap_RIO1-2-3off-HKon-MPG120.xml
DiskC\OpenCNC\Data\IO\IoMap_RIO1-2-HKoff.xml
DiskC\OpenCNC\Data\IO\IoMap_RIO1-2-HKon-MPG120.xml
DiskC\OpenCNC\Data\IO\IoMap_RIO1-2-HKon-MPG56.xml
DiskC\OpenCNC\Data\IO\IoMap_RIO1-2off-HKon-MPG120.xml
DiskC\OpenCNC\Data\IO\IoMap_RIO1-2off-HKon-MPG56.xml
DiskC\OpenCNC\Data\IO\IoMap_RIO1-HKoff-SP.xml
DiskC\OpenCNC\Data\IO\IoMap_RIO1-HKoff.xml
DiskC\OpenCNC\Data\IO\IoMap_RIO1-HKon-MPG56-SP.xml
DiskC\OpenCNC\Data\IO\IoMap_RIO1-HKon-MPG56.xml
DiskC\OpenCNC\Bin\CANDeviceDriver.dll
DiskC\OpenCNC\Bin\LadDLL.dll
DiskC\OpenCNC\Bin\LaserCtrl.dll
DiskC\OpenCNC\Bin\ModbusComm.dll
DiskC\OpenCNC\Bin\Null.mci
DiskC\OpenCNC\Bin\NullIO.cio
DiskC\OpenCNC\Bin\OCKrnl.dll
DiskC\OpenCNC\Bin\OCTest.dll
DiskC\OpenCNC\Bin\PhysicalDriver.dll
DiskC\OpenCNC\Bin\PLC_COMM.dll
DiskC\OpenCNC\Bin\Rot.dll
DiskC\OpenCNC\Bin\RTCommDriver.dll
DiskC\OpenCNC\Bin\SerialPLCAxis.dll
DiskC\OpenCNC\Bin\ServoLink.dll
DiskC\OpenCNC\Bin\SetupMMIEnv.bat
----------------------------------------------------------------------
Files that are found in folder Previous_pack but NOT in folder Current_pack :

----------------------------------------------------------------------
