cnc2 error log 
=========================== 
.\cnc2.bld:29:  Number of errors:     0
.\cnc2.syr:2831:Number of errors   :    0 (   0 filtered)
.\cnc2_map.map:594:Number of errors:      0
.\cnc2.par:586:Number of error messages: 0
.\cnc2.twr:762:Timing errors: 0  Score: 0  (Setup/Max: 0, Hold: 0)
=========================== 
cnc2_21A error log 
=========================== 
.\cnc2_21A.bld:29:  Number of errors:     0
.\cnc2_21A.syr:2881:Number of errors   :    0 (   0 filtered)
.\cnc2_21A_map.map:242:Number of errors:      0
.\cnc2_21A.par:326:Number of error messages: 0
.\cnc2_21A.twr:771:Timing errors: 0  Score: 0  (Setup/Max: 0, Hold: 0)
=========================== 
cnc2_30GM error log 
=========================== 
.\cnc2_30GM.bld:29:  Number of errors:     0
.\cnc2_30GM.syr:1859:Number of errors   :    0 (   0 filtered)
.\cnc2_30GM_map.map:602:Number of errors:      0
.\cnc2_30GM.par:546:Number of error messages: 0
.\cnc2_30GM.twr:655:Timing errors: 0  Score: 0  (Setup/Max: 0, Hold: 0)
=========================== 
cnc2_RTEX error log 
=========================== 
.\cnc2_RTEX.bld:29:  Number of errors:     0
.\cnc2_RTEX.syr:2677:Number of errors   :    0 (   0 filtered)
.\cnc2_RTEX_map.map:255:Number of errors:      0
.\cnc2_RTEX.par:322:Number of error messages: 0
.\cnc2_RTEX.twr:763:Timing errors: 0  Score: 0  (Setup/Max: 0, Hold: 0)
=========================== 
CNC2_4in1Driver error log 
=========================== 
.\CNC2_4in1Driver.bld:44:  Number of errors:     0
.\CNC2_4in1Driver.syr:4293:Number of errors   :    0 (   0 filtered)
.\CNC2_4in1Driver_map.map:215:Number of errors:      0
.\CNC2_4in1Driver.par:457:Number of error messages: 0
.\CNC2_4in1Driver.twr:6034:Timing errors: 0  Score: 0  (Setup/Max: 0, Hold: 0)
=========================== 
CNC2_22A_EtherCAT error log 
=========================== 
.\CNC2_22A_EtherCAT.bld:81:  Number of errors:     0
.\CNC2_22A_EtherCAT.syr:5225:Number of errors   :    0 (   0 filtered)
.\CNC2_22A_EtherCAT_map.map:323:Number of errors:      0
.\CNC2_22A_EtherCAT.par:585:Number of error messages: 0
.\CNC2_22A_EtherCAT.twr:6167:Timing errors: 0  Score: 0  (Setup/Max: 0, Hold: 0)
=========================== 
CNC2_22A_M2 error log 
=========================== 
.\CNC2_22A_M2.bld:35:  Number of errors:     0
.\CNC2_22A_M2.syr:4921:Number of errors   :    0 (   0 filtered)
.\CNC2_22A_M2_map.map:307:Number of errors:      0
.\CNC2_22A_M2.par:521:Number of error messages: 0
.\CNC2_22A_M2.twr:3349:Timing errors: 0  Score: 0  (Setup/Max: 0, Hold: 0)
=========================== 
CNC2_22A_M3 error log 
=========================== 
.\CNC2_22A_M3.bld:43:  Number of errors:     0
.\CNC2_22A_M3.syr:5450:Number of errors   :    0 (   0 filtered)
.\CNC2_22A_M3_map.map:389:Number of errors:      0
.\CNC2_22A_M3.par:595:Number of error messages: 0
.\CNC2_22A_M3.twr:6373:Timing errors: 0  Score: 0  (Setup/Max: 0, Hold: 0)
=========================== 
CNC2_EHMC_STEP_TOP error log 
=========================== 
.\CNC2_EHMC_STEP_TOP.bld:37:  Number of errors:     0
.\CNC2_EHMC_STEP_TOP.syr:3671:Number of errors   :    0 (   0 filtered)
.\CNC2_EHMC_STEP_TOP_map.map:951:Number of errors:      0
.\CNC2_EHMC_STEP_TOP.par:980:Number of error messages: 0
.\CNC2_EHMC_STEP_TOP.twr:3050:Timing errors: 0  Score: 0  (Setup/Max: 0, Hold: 0)
=========================== 
CNC2_FC error log 
=========================== 
.\CNC2_FC.bld:35:  Number of errors:     0
.\CNC2_FC.syr:4399:Number of errors   :    0 (   0 filtered)
.\CNC2_FC_map.map:1618:Number of errors:      0
.\CNC2_FC.par:1538:Number of error messages: 0
.\CNC2_FC.twr:3769:Timing errors: 0  Score: 0  (Setup/Max: 0, Hold: 0)
=========================== 
CNC2_FC_EtherCAT error log 
=========================== 
.\CNC2_FC_EtherCAT.bld:81:  Number of errors:     0
.\CNC2_FC_EtherCAT.syr:4840:Number of errors   :    0 (   0 filtered)
.\CNC2_FC_EtherCAT_map.map:1133:Number of errors:      0
.\CNC2_FC_EtherCAT.par:1059:Number of error messages: 0
.\CNC2_FC_EtherCAT.twr:6095:Timing errors: 0  Score: 0  (Setup/Max: 0, Hold: 0)
=========================== 
CNC2_FC_EtherCAT_MARKING error log 
=========================== 
.\CNC2_FC_EtherCAT_MARKING.bld:82:  Number of errors:     0
.\CNC2_FC_EtherCAT_MARKING.syr:4739:Number of errors   :    0 (   0 filtered)
.\CNC2_FC_EtherCAT_MARKING_map.map:1126:Number of errors:      0
.\CNC2_FC_EtherCAT_MARKING.par:992:Number of error messages: 0
.\CNC2_FC_EtherCAT_MARKING.twr:5570:Timing errors: 0  Score: 0  (Setup/Max: 0, Hold: 0)
=========================== 
CNC2_FC_M3 error log 
=========================== 
.\CNC2_FC_M3.bld:43:  Number of errors:     0
.\CNC2_FC_M3.syr:4828:Number of errors   :    0 (   0 filtered)
.\CNC2_FC_M3_map.map:1023:Number of errors:      0
.\CNC2_FC_M3.par:1048:Number of error messages: 0
.\CNC2_FC_M3.twr:5458:Timing errors: 0  Score: 0  (Setup/Max: 0, Hold: 0)
=========================== 
CNC2_FC_M3_MARKING error log 
=========================== 
.\CNC2_FC_M3_MARKING.bld:45:  Number of errors:     0
.\CNC2_FC_M3_MARKING.syr:4727:Number of errors   :    0 (   0 filtered)
.\CNC2_FC_M3_MARKING_map.map:1189:Number of errors:      0
.\CNC2_FC_M3_MARKING.par:998:Number of error messages: 0
.\CNC2_FC_M3_MARKING.twr:5474:Timing errors: 0  Score: 0  (Setup/Max: 0, Hold: 0)
=========================== 
CNC2_GalvoMotor_EtherCAT error log 
=========================== 
.\CNC2_GalvoMotor_EtherCAT.bld:85:  Number of errors:     0
.\CNC2_GalvoMotor_EtherCAT.syr:6242:Number of errors   :    0 (   0 filtered)
.\CNC2_GalvoMotor_EtherCAT_map.map:1146:Number of errors:      0
.\CNC2_GalvoMotor_EtherCAT.par:1056:Number of error messages: 0
.\CNC2_GalvoMotor_EtherCAT.twr:6302:Timing errors: 0  Score: 0  (Setup/Max: 0, Hold: 0)
=========================== 
CNC2_GalvoMotor_M3 error log 
=========================== 
.\CNC2_GalvoMotor_M3.bld:48:  Number of errors:     0
.\CNC2_GalvoMotor_M3.syr:6287:Number of errors   :    0 (   0 filtered)
.\CNC2_GalvoMotor_M3_map.map:1212:Number of errors:      0
.\CNC2_GalvoMotor_M3.par:1080:Number of error messages: 0
.\CNC2_GalvoMotor_M3.twr:6814:Timing errors: 0  Score: 0  (Setup/Max: 0, Hold: 0)
=========================== 
CNC2_HHB_etherCAT error log 
=========================== 
.\CNC2_HHB_etherCAT.bld:81:  Number of errors:     0
.\CNC2_HHB_etherCAT.syr:4244:Number of errors   :    0 (   0 filtered)
.\CNC2_HHB_etherCAT_map.map:120:Number of errors:      0
.\CNC2_HHB_etherCAT.par:376:Number of error messages: 0
.\CNC2_HHB_etherCAT.twr:5716:Timing errors: 0  Score: 0  (Setup/Max: 0, Hold: 0)
=========================== 
CNC2_HHB_M3 error log 
=========================== 
.\CNC2_HHB_M3.bld:43:  Number of errors:     0
.\CNC2_HHB_M3.syr:4282:Number of errors   :    0 (   0 filtered)
.\CNC2_HHB_M3_map.map:190:Number of errors:      0
.\CNC2_HHB_M3.par:405:Number of error messages: 0
.\CNC2_HHB_M3.twr:5404:Timing errors: 0  Score: 0  (Setup/Max: 0, Hold: 0)
=========================== 
CNC2_FC_V2 error log 
=========================== 
.\CNC2_FC_V2.bld:35:  Number of errors:     0
.\CNC2_FC_V2.syr:4456:Number of errors   :    0 (   0 filtered)
.\CNC2_FC_V2_map.map:1618:Number of errors:      0
.\CNC2_FC_V2.par:1538:Number of error messages: 0
.\CNC2_FC_V2.twr:3641:Timing errors: 0  Score: 0  (Setup/Max: 0, Hold: 0)
=========================== 
CNC2_FC_V2_EtherCAT error log 
=========================== 
.\CNC2_FC_V2_EtherCAT.bld:80:  Number of errors:     0
.\CNC2_FC_V2_EtherCAT.syr:4832:Number of errors   :    0 (   0 filtered)
.\CNC2_FC_V2_EtherCAT_map.map:1160:Number of errors:      0
.\CNC2_FC_V2_EtherCAT.par:1049:Number of error messages: 0
.\CNC2_FC_V2_EtherCAT.twr:6577:Timing errors: 0  Score: 0  (Setup/Max: 0, Hold: 0)
=========================== 
CNC2_FC_V2_EtherCAT_MARKING error log 
=========================== 
.\CNC2_FC_V2_EtherCAT_MARKING.bld:81:  Number of errors:     0
.\CNC2_FC_V2_EtherCAT_MARKING.syr:4723:Number of errors   :    0 (   0 filtered)
.\CNC2_FC_V2_EtherCAT_MARKING_map.map:1126:Number of errors:      0
.\CNC2_FC_V2_EtherCAT_MARKING.par:982:Number of error messages: 0
.\CNC2_FC_V2_EtherCAT_MARKING.twr:5857:Timing errors: 0  Score: 0  (Setup/Max: 0, Hold: 0)
=========================== 
CNC2_FC_V2_M3 error log 
=========================== 
.\CNC2_FC_V2_M3.bld:43:  Number of errors:     0
.\CNC2_FC_V2_M3.syr:4818:Number of errors   :    0 (   0 filtered)
.\CNC2_FC_V2_M3_map.map:1024:Number of errors:      0
.\CNC2_FC_V2_M3.par:1042:Number of error messages: 0
.\CNC2_FC_V2_M3.twr:5416:Timing errors: 0  Score: 0  (Setup/Max: 0, Hold: 0)
=========================== 
CNC2_FC_V2_M3_MARKING error log 
=========================== 
.\CNC2_FC_V2_M3_MARKING.bld:45:  Number of errors:     0
.\CNC2_FC_V2_M3_MARKING.syr:4709:Number of errors   :    0 (   0 filtered)
.\CNC2_FC_V2_M3_MARKING_map.map:1190:Number of errors:      0
.\CNC2_FC_V2_M3_MARKING.par:993:Number of error messages: 0
.\CNC2_FC_V2_M3_MARKING.twr:5415:Timing errors: 0  Score: 0  (Setup/Max: 0, Hold: 0)
=========================== 
CNC2_STARM_ETHERCAT error log 
=========================== 
.\CNC2_STARM_ETHERCAT.bld:81:  Number of errors:     0
.\CNC2_STARM_ETHERCAT.syr:4927:Number of errors   :    0 (   0 filtered)
.\CNC2_STARM_ETHERCAT_map.map:129:Number of errors:      0
.\CNC2_STARM_ETHERCAT.par:412:Number of error messages: 0
.\CNC2_STARM_ETHERCAT.twr:5729:Timing errors: 0  Score: 0  (Setup/Max: 0, Hold: 0)
=========================== 
CNC2_STARM2 error log 
=========================== 
.\CNC2_STARM2.bld:43:  Number of errors:     0
.\CNC2_STARM2.syr:5090:Number of errors   :    0 (   0 filtered)
.\CNC2_STARM2_map.map:194:Number of errors:      0
.\CNC2_STARM2.par:441:Number of error messages: 0
.\CNC2_STARM2.twr:5973:Timing errors: 0  Score: 0  (Setup/Max: 0, Hold: 0)
=========================== 
