1	LaserCtrl_W32_b01.txt			Line 48
2	LaserCtrl_W32_b02.txt			Line 54
3	OCDevice_W32_b01.txt			Line 26
4	OCDevice_W32_b01.txt			Line 148
5	OCDevice_W32_b02.txt			Line 59
6	OCDevice_W32_b02.txt			Line 76
7	OCDevice_W32_b03.txt			Line 26
8	OCDevice_W32_b03.txt			Line 265
9	OCDevice_W32_b04.txt			Line 16
10	OCDevice_W32_b04.txt			Line 165
11	OCKrnl_GTEST_01.txt			Line 586
12	OCKrnl_GTEST_01.txt			Line 615
13	OCKrnl_GTEST_01.txt			Line 617
14	OCKrnl_GTEST_01.txt			Line 628
15	OCKrnl_GTEST_01.txt			Line 907
16	OCKrnl_GTEST_03.txt			Line 500
17	OCKrnl_GTEST_03.txt			Line 529
18	OCKrnl_GTEST_03.txt			Line 531
19	OCKrnl_GTEST_03.txt			Line 542
20	OCKrnl_GTEST_03.txt			Line 930
21	OCKrnl_GTEST_06.txt			Line 144
22	OCKrnl_GTEST_06.txt			Line 173
23	OCKrnl_GTEST_06.txt			Line 175
24	OCKrnl_GTEST_06.txt			Line 186
25	OCKrnl_GTEST_06.txt			Line 197
26	OCKrnl_GTEST_08.txt			Line 500
27	OCKrnl_GTEST_08.txt			Line 529
28	OCKrnl_GTEST_08.txt			Line 531
29	OCKrnl_GTEST_08.txt			Line 542
30	OCKrnl_GTEST_08.txt			Line 931
31	OCKrnl_GTEST_08.txt			Line 945
32	OCKrnl_W32_b02.txt			Line 500
33	OCKrnl_W32_b02.txt			Line 529
34	OCKrnl_W32_b02.txt			Line 531
35	OCKrnl_W32_b02.txt			Line 542
36	OCKrnl_W32_b02.txt			Line 931
37	OCKrnl_W32_b03.txt			Line 500
38	OCKrnl_W32_b03.txt			Line 529
39	OCKrnl_W32_b03.txt			Line 531
40	OCKrnl_W32_b03.txt			Line 542
41	OCKrnl_W32_b03.txt			Line 931
42	OCKrnl_W32_b03.txt			Line 964
43	OCKrnl_WCE6_b01.txt			Line 490
44	OCKrnl_WCE6_b01.txt			Line 519
45	OCKrnl_WCE6_b01.txt			Line 521
46	OCKrnl_WCE6_b01.txt			Line 529
47	OCKrnl_WCE6_b01.txt			Line 858
48	OCKrnl_WCE6_b02.txt			Line 490
49	OCKrnl_WCE6_b02.txt			Line 519
50	OCKrnl_WCE6_b02.txt			Line 521
51	OCKrnl_WCE6_b02.txt			Line 529
52	OCKrnl_WCE6_b02.txt			Line 858
53	OCKrnl_WCE6_b02.txt			Line 894
54	OCKrnl_WEC7ARM_b01.txt			Line 570
55	OCKrnl_WEC7ARM_b01.txt			Line 599
56	OCKrnl_WEC7ARM_b01.txt			Line 601
57	OCKrnl_WEC7ARM_b01.txt			Line 609
58	OCKrnl_WEC7ARM_b01.txt			Line 855
59	OCKrnl_WEC7ARM_b02.txt			Line 570
60	OCKrnl_WEC7ARM_b02.txt			Line 599
61	OCKrnl_WEC7ARM_b02.txt			Line 601
62	OCKrnl_WEC7ARM_b02.txt			Line 609
63	OCKrnl_WEC7ARM_b02.txt			Line 855
64	OCKrnl_WEC7ARM_b02.txt			Line 891
65	OCTest_b01.txt				Line 42
66	OCTest_b02.txt				Line 45
67	OCTest_b04.txt				Line 45
68	Rot_W32_b01.txt				Line 20
69	SerialPLCAxis_W32_b01.txt		Line 18
69 Error(s) Found...
