1	EnIPModule_W32_b01.txt			Line 12
2	EnIPModule_WCE6_b01.txt			Line 12
3	EnIPModule_WEC7ARM_b01.txt		Line 12
4	LaserCtrl_W32_b01.txt			Line 48
5	LaserCtrl_W32_b02.txt			Line 54
6	LaserCtrl_WCE6_b01.txt			Line 74
7	LaserCtrl_WCE7ARM_b01.txt		Line 74
8	OCDevice_W32_b01.txt			Line 26
9	OCDevice_W32_b01.txt			Line 81
10	OCDevice_W32_b01.txt			Line 90
11	OCDevice_W32_b01.txt			Line 108
12	OCDevice_W32_b01.txt			Line 120
13	OCDevice_W32_b01.txt			Line 142
14	OCDevice_W32_b01.txt			Line 153
15	OCDevice_W32_b02.txt			Line 63
16	OCDevice_W32_b02.txt			Line 81
17	OCDevice_W32_b03.txt			Line 26
18	OCDevice_W32_b03.txt			Line 81
19	OCDevice_W32_b03.txt			Line 90
20	OCDevice_W32_b03.txt			Line 108
21	OCDevice_W32_b03.txt			Line 120
22	OCDevice_W32_b03.txt			Line 142
23	OCDevice_W32_b03.txt			Line 212
24	OCDevice_W32_b03.txt			Line 251
25	OCDevice_W32_b03.txt			Line 253
26	OCDevice_W32_b03.txt			Line 255
27	OCDevice_W32_b03.txt			Line 257
28	OCDevice_W32_b03.txt			Line 264
29	OCDevice_W32_b03.txt			Line 275
30	OCDevice_W32_b04.txt			Line 16
31	OCDevice_W32_b04.txt			Line 81
32	OCDevice_W32_b04.txt			Line 90
33	OCDevice_W32_b04.txt			Line 108
34	OCDevice_W32_b04.txt			Line 120
35	OCDevice_W32_b04.txt			Line 142
36	OCDevice_W32_b04.txt			Line 170
37	OCDevice_WCE6_b01.txt			Line 22
38	OCDevice_WCE6_b01.txt			Line 46
39	OCDevice_WCE6_b01.txt			Line 55
40	OCDevice_WCE6_b01.txt			Line 118
41	OCDevice_WCE6_b01.txt			Line 127
42	OCDevice_WCE6_b01.txt			Line 145
43	OCDevice_WCE6_b01.txt			Line 157
44	OCDevice_WCE6_b01.txt			Line 175
45	OCDevice_WCE6_b01.txt			Line 213
46	OCDevice_WCE6_b01.txt			Line 235
47	OCDevice_WCE6_b01.txt			Line 240
48	OCDevice_WCE6_b01.txt			Line 243
49	OCDevice_WCE6_b01.txt			Line 246
50	OCDevice_WCE6_b01.txt			Line 249
51	OCDevice_WCE6_b01.txt			Line 254
52	OCDevice_WCE6_b01.txt			Line 278
53	OCDevice_WCE6_b01.txt			Line 318
54	OCDevice_WCE6_b01.txt			Line 328
55	OCDevice_WCE6_b01.txt			Line 338
56	OCDevice_WCE6_b01.txt			Line 348
57	OCDevice_WCE6_b01.txt			Line 354
58	OCDevice_WCE6_b01.txt			Line 356
59	OCDevice_WCE6_b01.txt			Line 358
60	OCDevice_WCE6_b01.txt			Line 361
61	OCDevice_WCE6_b01.txt			Line 364
62	OCDevice_WCE6_b01.txt			Line 374
63	OCDevice_WCE6_b01.txt			Line 400
64	OCDevice_WCE6_b01.txt			Line 412
65	OCDevice_WCE6_b01.txt			Line 422
66	OCDevice_WCE6_b01.txt			Line 432
67	OCDevice_WCE6_b01.txt			Line 442
68	OCDevice_WCE6_b01.txt			Line 454
69	OCDevice_WCE6_b01.txt			Line 464
70	OCDevice_WCE6_b01.txt			Line 476
71	OCDevice_WCE6_b01.txt			Line 486
72	OCDevice_WEC7ARM_b01.txt		Line 22
73	OCDevice_WEC7ARM_b01.txt		Line 51
74	OCDevice_WEC7ARM_b01.txt		Line 60
75	OCDevice_WEC7ARM_b01.txt		Line 149
76	OCDevice_WEC7ARM_b01.txt		Line 157
77	OCDevice_WEC7ARM_b01.txt		Line 166
78	OCDevice_WEC7ARM_b01.txt		Line 184
79	OCDevice_WEC7ARM_b01.txt		Line 196
80	OCDevice_WEC7ARM_b01.txt		Line 214
81	OCDevice_WEC7ARM_b01.txt		Line 229
82	OCDevice_WEC7ARM_b01.txt		Line 232
83	OCDevice_WEC7ARM_b01.txt		Line 234
84	OCDevice_WEC7ARM_b01.txt		Line 236
85	OCDevice_WEC7ARM_b01.txt		Line 238
86	OCDevice_WEC7ARM_b01.txt		Line 242
87	OCDevice_WEC7ARM_b01.txt		Line 266
88	OCDevice_WEC7ARM_b01.txt		Line 293
89	OCDevice_WEC7ARM_b01.txt		Line 319
90	OCDevice_WEC7ARM_b01.txt		Line 329
91	OCDevice_WEC7ARM_b01.txt		Line 339
92	OCDevice_WEC7ARM_b01.txt		Line 349
93	OCDevice_WEC7ARM_b01.txt		Line 354
94	OCDevice_WEC7ARM_b01.txt		Line 357
95	OCDevice_WEC7ARM_b01.txt		Line 359
96	OCDevice_WEC7ARM_b01.txt		Line 361
97	OCDevice_WEC7ARM_b01.txt		Line 365
98	OCDevice_WEC7ARM_b01.txt		Line 377
99	OCDevice_WEC7ARM_b01.txt		Line 389
100	OCDevice_WEC7ARM_b01.txt		Line 401
101	OCDevice_WEC7ARM_b01.txt		Line 411
102	OCDevice_WEC7ARM_b01.txt		Line 421
103	OCDevice_WEC7ARM_b01.txt		Line 444
104	OCDevice_WEC7ARM_b01.txt		Line 454
105	OCDevice_WEC7ARM_b01.txt		Line 464
106	OCDevice_WEC7ARM_b01.txt		Line 476
107	OCKrnl_GTEST_01.txt			Line 177
108	OCKrnl_GTEST_01.txt			Line 206
109	OCKrnl_GTEST_01.txt			Line 292
110	OCKrnl_GTEST_01.txt			Line 568
111	OCKrnl_GTEST_01.txt			Line 580
112	OCKrnl_GTEST_01.txt			Line 593
113	OCKrnl_GTEST_01.txt			Line 600
114	OCKrnl_GTEST_01.txt			Line 622
115	OCKrnl_GTEST_01.txt			Line 635
116	OCKrnl_GTEST_01.txt			Line 916
117	OCKrnl_GTEST_03.txt			Line 340
118	OCKrnl_GTEST_03.txt			Line 369
119	OCKrnl_GTEST_03.txt			Line 455
120	OCKrnl_GTEST_03.txt			Line 482
121	OCKrnl_GTEST_03.txt			Line 494
122	OCKrnl_GTEST_03.txt			Line 507
123	OCKrnl_GTEST_03.txt			Line 514
124	OCKrnl_GTEST_03.txt			Line 536
125	OCKrnl_GTEST_03.txt			Line 549
126	OCKrnl_GTEST_03.txt			Line 709
127	OCKrnl_GTEST_03.txt			Line 712
128	OCKrnl_GTEST_03.txt			Line 714
129	OCKrnl_GTEST_03.txt			Line 716
130	OCKrnl_GTEST_03.txt			Line 718
131	OCKrnl_GTEST_03.txt			Line 726
132	OCKrnl_GTEST_03.txt			Line 942
133	OCKrnl_GTEST_04.txt			Line 412
134	OCKrnl_GTEST_04.txt			Line 441
135	OCKrnl_GTEST_04.txt			Line 527
136	OCKrnl_GTEST_04.txt			Line 544
137	OCKrnl_GTEST_05.txt			Line 156
138	OCKrnl_GTEST_05.txt			Line 185
139	OCKrnl_GTEST_05.txt			Line 271
140	OCKrnl_GTEST_05.txt			Line 284
141	OCKrnl_GTEST_06.txt			Line 120
142	OCKrnl_GTEST_06.txt			Line 132
143	OCKrnl_GTEST_06.txt			Line 145
144	OCKrnl_GTEST_06.txt			Line 152
145	OCKrnl_GTEST_06.txt			Line 174
146	OCKrnl_GTEST_06.txt			Line 187
147	OCKrnl_GTEST_06.txt			Line 198
148	OCKrnl_GTEST_08.txt			Line 22
149	OCKrnl_GTEST_08.txt			Line 51
150	OCKrnl_GTEST_08.txt			Line 137
151	OCKrnl_GTEST_08.txt			Line 170
152	OCKrnl_GTEST_08.txt			Line 173
153	OCKrnl_GTEST_08.txt			Line 175
154	OCKrnl_GTEST_08.txt			Line 177
155	OCKrnl_GTEST_08.txt			Line 179
156	OCKrnl_GTEST_08.txt			Line 187
157	OCKrnl_GTEST_08.txt			Line 201
158	OCKrnl_GTEST_09.txt			Line 22
159	OCKrnl_GTEST_09.txt			Line 51
160	OCKrnl_GTEST_09.txt			Line 137
161	OCKrnl_GTEST_09.txt			Line 166
162	OCKrnl_W32_b01.txt			Line 56
163	OCKrnl_W32_b01.txt			Line 85
164	OCKrnl_W32_b01.txt			Line 171
165	OCKrnl_W32_b01.txt			Line 205
166	OCKrnl_W32_b02.txt			Line 340
167	OCKrnl_W32_b02.txt			Line 369
168	OCKrnl_W32_b02.txt			Line 455
169	OCKrnl_W32_b02.txt			Line 482
170	OCKrnl_W32_b02.txt			Line 494
171	OCKrnl_W32_b02.txt			Line 507
172	OCKrnl_W32_b02.txt			Line 514
173	OCKrnl_W32_b02.txt			Line 536
174	OCKrnl_W32_b02.txt			Line 549
175	OCKrnl_W32_b02.txt			Line 709
176	OCKrnl_W32_b02.txt			Line 712
177	OCKrnl_W32_b02.txt			Line 714
178	OCKrnl_W32_b02.txt			Line 716
179	OCKrnl_W32_b02.txt			Line 718
180	OCKrnl_W32_b02.txt			Line 726
181	OCKrnl_W32_b02.txt			Line 943
182	OCKrnl_W32_b03.txt			Line 340
183	OCKrnl_W32_b03.txt			Line 369
184	OCKrnl_W32_b03.txt			Line 455
185	OCKrnl_W32_b03.txt			Line 482
186	OCKrnl_W32_b03.txt			Line 494
187	OCKrnl_W32_b03.txt			Line 507
188	OCKrnl_W32_b03.txt			Line 514
189	OCKrnl_W32_b03.txt			Line 536
190	OCKrnl_W32_b03.txt			Line 549
191	OCKrnl_W32_b03.txt			Line 709
192	OCKrnl_W32_b03.txt			Line 712
193	OCKrnl_W32_b03.txt			Line 714
194	OCKrnl_W32_b03.txt			Line 716
195	OCKrnl_W32_b03.txt			Line 718
196	OCKrnl_W32_b03.txt			Line 726
197	OCKrnl_W32_b03.txt			Line 943
198	OCKrnl_W32_b03.txt			Line 976
199	OCKrnl_W32_l02.txt			Line 22
200	OCKrnl_W32_l02.txt			Line 51
201	OCKrnl_W32_l02.txt			Line 137
202	OCKrnl_W32_l04.txt			Line 56
203	OCKrnl_W32_l04.txt			Line 85
204	OCKrnl_W32_l04.txt			Line 171
205	OCKrnl_W32_l08.txt			Line 22
206	OCKrnl_W32_l08.txt			Line 51
207	OCKrnl_W32_l08.txt			Line 137
208	OCKrnl_W32_l10.txt			Line 56
209	OCKrnl_W32_l10.txt			Line 85
210	OCKrnl_W32_l10.txt			Line 171
211	OCKrnl_W64_l02.txt			Line 38
212	OCKrnl_W64_l02.txt			Line 79
213	OCKrnl_W64_l02.txt			Line 220
214	OCKrnl_W64_l03.txt			Line 60
215	OCKrnl_W64_l03.txt			Line 101
216	OCKrnl_W64_l03.txt			Line 242
217	OCKrnl_W64_l06.txt			Line 38
218	OCKrnl_W64_l06.txt			Line 79
219	OCKrnl_W64_l06.txt			Line 220
220	OCKrnl_W64_l07.txt			Line 60
221	OCKrnl_W64_l07.txt			Line 101
222	OCKrnl_W64_l07.txt			Line 242
223	OCKrnl_WCE6_b01.txt			Line 99
224	OCKrnl_WCE6_b01.txt			Line 127
225	OCKrnl_WCE6_b01.txt			Line 209
226	OCKrnl_WCE6_b01.txt			Line 449
227	OCKrnl_WCE6_b01.txt			Line 452
228	OCKrnl_WCE6_b01.txt			Line 454
229	OCKrnl_WCE6_b01.txt			Line 456
230	OCKrnl_WCE6_b01.txt			Line 458
231	OCKrnl_WCE6_b01.txt			Line 462
232	OCKrnl_WCE6_b01.txt			Line 473
233	OCKrnl_WCE6_b01.txt			Line 485
234	OCKrnl_WCE6_b01.txt			Line 498
235	OCKrnl_WCE6_b01.txt			Line 505
236	OCKrnl_WCE6_b01.txt			Line 527
237	OCKrnl_WCE6_b01.txt			Line 536
238	OCKrnl_WCE6_b01.txt			Line 867
239	OCKrnl_WCE6_b02.txt			Line 99
240	OCKrnl_WCE6_b02.txt			Line 127
241	OCKrnl_WCE6_b02.txt			Line 209
242	OCKrnl_WCE6_b02.txt			Line 449
243	OCKrnl_WCE6_b02.txt			Line 452
244	OCKrnl_WCE6_b02.txt			Line 454
245	OCKrnl_WCE6_b02.txt			Line 456
246	OCKrnl_WCE6_b02.txt			Line 458
247	OCKrnl_WCE6_b02.txt			Line 462
248	OCKrnl_WCE6_b02.txt			Line 473
249	OCKrnl_WCE6_b02.txt			Line 485
250	OCKrnl_WCE6_b02.txt			Line 498
251	OCKrnl_WCE6_b02.txt			Line 505
252	OCKrnl_WCE6_b02.txt			Line 527
253	OCKrnl_WCE6_b02.txt			Line 536
254	OCKrnl_WCE6_b02.txt			Line 867
255	OCKrnl_WCE6_b02.txt			Line 903
256	OCKrnl_WCE6_l02.txt			Line 22
257	OCKrnl_WCE6_l02.txt			Line 50
258	OCKrnl_WCE6_l02.txt			Line 132
259	OCKrnl_WCE6_l04.txt			Line 50
260	OCKrnl_WCE6_l04.txt			Line 78
261	OCKrnl_WCE6_l04.txt			Line 160
262	OCKrnl_WEC7ARM_b01.txt			Line 303
263	OCKrnl_WEC7ARM_b01.txt			Line 306
264	OCKrnl_WEC7ARM_b01.txt			Line 308
265	OCKrnl_WEC7ARM_b01.txt			Line 310
266	OCKrnl_WEC7ARM_b01.txt			Line 312
267	OCKrnl_WEC7ARM_b01.txt			Line 316
268	OCKrnl_WEC7ARM_b01.txt			Line 365
269	OCKrnl_WEC7ARM_b01.txt			Line 394
270	OCKrnl_WEC7ARM_b01.txt			Line 476
271	OCKrnl_WEC7ARM_b01.txt			Line 553
272	OCKrnl_WEC7ARM_b01.txt			Line 565
273	OCKrnl_WEC7ARM_b01.txt			Line 578
274	OCKrnl_WEC7ARM_b01.txt			Line 585
275	OCKrnl_WEC7ARM_b01.txt			Line 607
276	OCKrnl_WEC7ARM_b01.txt			Line 616
277	OCKrnl_WEC7ARM_b01.txt			Line 864
278	OCKrnl_WEC7ARM_b02.txt			Line 303
279	OCKrnl_WEC7ARM_b02.txt			Line 306
280	OCKrnl_WEC7ARM_b02.txt			Line 308
281	OCKrnl_WEC7ARM_b02.txt			Line 310
282	OCKrnl_WEC7ARM_b02.txt			Line 312
283	OCKrnl_WEC7ARM_b02.txt			Line 316
284	OCKrnl_WEC7ARM_b02.txt			Line 365
285	OCKrnl_WEC7ARM_b02.txt			Line 394
286	OCKrnl_WEC7ARM_b02.txt			Line 476
287	OCKrnl_WEC7ARM_b02.txt			Line 553
288	OCKrnl_WEC7ARM_b02.txt			Line 565
289	OCKrnl_WEC7ARM_b02.txt			Line 578
290	OCKrnl_WEC7ARM_b02.txt			Line 585
291	OCKrnl_WEC7ARM_b02.txt			Line 607
292	OCKrnl_WEC7ARM_b02.txt			Line 616
293	OCKrnl_WEC7ARM_b02.txt			Line 864
294	OCKrnl_WEC7ARM_b02.txt			Line 900
295	OCKrnl_WEC7ARM_l02.txt			Line 16
296	OCKrnl_WEC7ARM_l02.txt			Line 45
297	OCKrnl_WEC7ARM_l02.txt			Line 127
298	OCProtocol_W32_b01.txt			Line 14
299	OCProtocol_W32_b02.txt			Line 17
300	OCProtocol_W32_b03.txt			Line 17
301	OCProtocol_WCE6_b01.txt			Line 13
302	OCProtocol_WCE6_b02.txt			Line 17
303	OCProtocol_WEC7ARM_b01.txt		Line 13
304	OCProtocol_WEC7ARM_b02.txt		Line 17
305	OCTest_b01.txt				Line 42
306	OCTest_b02.txt				Line 43
307	OCTest_b04.txt				Line 8
308	OCTest_b04.txt				Line 10
309	OCTest_b04.txt				Line 12
310	OCTest_b04.txt				Line 14
311	OCTest_b04.txt				Line 16
312	OCTest_b04.txt				Line 19
313	OCTest_b04.txt				Line 28
314	OCTest_b04.txt				Line 32
315	OCTest_b04.txt				Line 35
316	OCTest_b04.txt				Line 44
317	OCTest_b04.txt				Line 47
318	Prep_W32_b01.txt			Line 13
319	Prep_WCE6_b01.txt			Line 13
320	Prep_WEC7ARM_b01.txt			Line 13
321	Rot_W32_b01.txt				Line 20
322	Rot_WCE6_b01.txt			Line 17
323	Rot_WEC7ARM_b01.txt			Line 17
324	SerialPLCAxis_W32_b01.txt		Line 18
325	SerialPLCAxis_WCE6_b01.txt		Line 15
326	SerialPLCAxis_WEC7ARM_b01.txt		Line 15
326 Error(s) Found...
