Files that are found in folder Current_pack but NOT in folder Previous_pack :

Windows\EnIP.dll
DiskC\Shared\Windows\EnIP.dll
DiskC\OpenCNC\StdRes\ObjDictionary\ECAT_OD_DELTA_ASDA_A2_E.xml
DiskC\OpenCNC\StdRes\ObjDictionary\ECAT_OD_MITSUBISHI_MR.xml
DiskC\OpenCNC\StdRes\ObjDictionary\ECAT_OD_PANASONIC_MINAS.xml
DiskC\OpenCNC\StdRes\ObjDictionary\ECAT_OD_SERVOTRONIX_CDHD.xml
DiskC\OpenCNC\StdRes\MotorInfo\MotorInfo_PanasonicA6.xml
DiskC\OpenCNC\StdRes\MotorInfo\MotorInfo_YaskawaS5.xml
DiskC\OpenCNC\StdRes\MotorInfo\MotorInfo_YaskawaS7.xml
DiskC\OpenCNC\StdRes\EtherCAT\EtherCAT.xml
DiskC\OpenCNC\StdRes\DriverParam\3rdParty_Preload_Tuning.xml
DiskC\OpenCNC\StdRes\DriverParam\CNC2_Syntec_Galvo.xml
DiskC\OpenCNC\StdRes\DriverParam\ECAT_PANASONIC_Preload_Tuning.xml
DiskC\OpenCNC\StdRes\DriverParam\ECAT_PM_DELTA_ASDA_A2_E.xml
DiskC\OpenCNC\StdRes\DriverParam\ECAT_PM_MITSUBISHI_J4.xml
DiskC\OpenCNC\StdRes\DriverParam\ECAT_PM_PANASONIC_MINAS_A5B.xml
DiskC\OpenCNC\StdRes\DriverParam\ECAT_PM_PANASONIC_MINAS_A6B.xml
DiskC\OpenCNC\StdRes\DriverParam\ECAT_PM_SERVOTRONIX_CDHD.xml
DiskC\OpenCNC\StdRes\DriverParam\M2_Syntec.xml
DiskC\OpenCNC\StdRes\DriverParam\M2_Syntec_3rd_Party.xml
DiskC\OpenCNC\StdRes\DriverParam\M2_Syntec_Preload_Tuning.xml
DiskC\OpenCNC\StdRes\DriverParam\M2_Syntec_V2.xml
DiskC\OpenCNC\StdRes\DriverParam\M2_Yaskawa_Preload_Tuning.xml
DiskC\OpenCNC\StdRes\DriverParam\M2_Yaskawa_sigma_5.xml
DiskC\OpenCNC\StdRes\DriverParam\M2_Yaskawa_sigma_7.xml
DiskC\OpenCNC\StdRes\DriverParam\M2_Yaskawa_sigma_M.xml
DiskC\OpenCNC\StdRes\DriverParam\M3_Syntec.xml
DiskC\OpenCNC\StdRes\DriverParam\M3_Syntec_3rd_Party.xml
DiskC\OpenCNC\StdRes\DriverParam\M3_Yaskawa_Preload_Tuning.xml
DiskC\OpenCNC\StdRes\DriverParam\M3_Yaskawa_sigma_5.xml
DiskC\OpenCNC\StdRes\DriverParam\M3_Yaskawa_sigma_7S.xml
DiskC\OpenCNC\StdRes\DriverParam\M3_Yaskawa_sigma_7W.xml
DiskC\OpenCNC\StdRes\DriverParam\M3_Yaskawa_sigma_M.xml
DiskC\OpenCNC\StdRes\DriverParam\RTEX_PANASONIC_A6N.xml
DiskC\OpenCNC\StdRes\DriverParam\RTEX_PANASONIC_Preload_Tuning.xml
DiskC\OpenCNC\StdRes\DriverParam\SyntecV2_Preload_Tuning.xml
DiskC\OpenCNC\StdRes\DriverAlarm\ECAT_ALM_DELTA_ASDA_A2_E.xml
DiskC\OpenCNC\StdRes\DriverAlarm\ECAT_ALM_SERVOTRONIX_CDHD.xml
DiskC\OpenCNC\Bin\EnIPModule.dll
DiskC\OpenCNC\Bin\Prep.dll
DiskC\OpenCNC\Bin\RFDriver.dll
----------------------------------------------------------------------
Files that are found in folder Previous_pack but NOT in folder Current_pack :

DiskC\OpenCNC\firmware\FC-AD-DA.bin
DiskC\OpenCNC\firmware\FC-DI-16.bin
DiskC\OpenCNC\firmware\FC-RESVR.bin
DiskC\OpenCNC\Data\3rdParty_Preload_Tuning.xml
DiskC\OpenCNC\Data\CNC2_Syntec_Galvo.xml
DiskC\OpenCNC\Data\ECAT_ALM_DELTA_ASDA_A2_E.xml
DiskC\OpenCNC\Data\ECAT_ALM_SERVOTRONIX_CDHD.xml
DiskC\OpenCNC\Data\ECAT_OD_DELTA_ASDA_A2_E.xml
DiskC\OpenCNC\Data\ECAT_OD_PANASONIC_MINAS.xml
DiskC\OpenCNC\Data\ECAT_OD_SERVOTRONIX_CDHD.xml
DiskC\OpenCNC\Data\ECAT_PANASONIC_Preload_Tuning.xml
DiskC\OpenCNC\Data\ECAT_PM_DELTA_ASDA_A2_E.xml
DiskC\OpenCNC\Data\ECAT_PM_PANASONIC_MINAS_A5B.xml
DiskC\OpenCNC\Data\ECAT_PM_PANASONIC_MINAS_A6B.xml
DiskC\OpenCNC\Data\ECAT_PM_SERVOTRONIX_CDHD.xml
DiskC\OpenCNC\Data\EtherCAT.xml
DiskC\OpenCNC\Data\M2_Syntec.xml
DiskC\OpenCNC\Data\M2_Syntec_3rd_Party.xml
DiskC\OpenCNC\Data\M2_Syntec_Preload_Tuning.xml
DiskC\OpenCNC\Data\M2_Syntec_V2.xml
DiskC\OpenCNC\Data\M2_Yaskawa_Preload_Tuning.xml
DiskC\OpenCNC\Data\M2_Yaskawa_sigma_5.xml
DiskC\OpenCNC\Data\M2_Yaskawa_sigma_7.xml
DiskC\OpenCNC\Data\M2_Yaskawa_sigma_M.xml
DiskC\OpenCNC\Data\M3_Syntec.xml
DiskC\OpenCNC\Data\M3_Syntec_3rd_Party.xml
DiskC\OpenCNC\Data\M3_Yaskawa_Preload_Tuning.xml
DiskC\OpenCNC\Data\M3_Yaskawa_sigma_5.xml
DiskC\OpenCNC\Data\M3_Yaskawa_sigma_7S.xml
DiskC\OpenCNC\Data\M3_Yaskawa_sigma_7W.xml
DiskC\OpenCNC\Data\M3_Yaskawa_sigma_M.xml
DiskC\OpenCNC\Data\MotorInfo_YaskawaS5.xml
DiskC\OpenCNC\Data\MotorInfo_YaskawaS7.xml
DiskC\OpenCNC\Data\RTEX_PANASONIC_A6N.xml
DiskC\OpenCNC\Data\RTEX_PANASONIC_Preload_Tuning.xml
DiskC\OpenCNC\Data\SyntecV2_Preload_Tuning.xml
----------------------------------------------------------------------
