1	EnIPModule_W32_b01.txt			Line 16
2	LaserCtrl_W32_b01.txt			Line 49
3	LaserCtrl_W32_b02.txt			Line 55
4	OCDevice_W32_b01.txt			Line 26
5	OCDevice_W32_b01.txt			Line 135
6	OCDevice_W32_b02.txt			Line 39
7	OCDevice_W32_b02.txt			Line 57
8	OCDevice_W32_b03.txt			Line 26
9	OCDevice_W32_b03.txt			Line 160
10	OCDevice_W32_b04.txt			Line 16
11	OCDevice_W32_b04.txt			Line 149
12	OCKrnl_GTEST_01.txt			Line 111
13	OCKrnl_GTEST_01.txt			Line 136
14	OCKrnl_GTEST_01.txt			Line 919
15	OCKrnl_GTEST_03.txt			Line 87
16	OCKrnl_GTEST_03.txt			Line 112
17	OCKrnl_GTEST_03.txt			Line 945
18	OCKrnl_GTEST_04.txt			Line 111
19	OCKrnl_GTEST_04.txt			Line 136
20	OCKrnl_GTEST_04.txt			Line 549
21	OCKrnl_GTEST_05.txt			Line 87
22	OCKrnl_GTEST_05.txt			Line 112
23	OCKrnl_GTEST_05.txt			Line 285
24	OCKrnl_W32_b02.txt			Line 87
25	OCKrnl_W32_b02.txt			Line 112
26	OCKrnl_W32_b02.txt			Line 946
27	OCKrnl_W32_b03.txt			Line 87
28	OCKrnl_W32_b03.txt			Line 112
29	OCKrnl_W32_b03.txt			Line 946
30	OCKrnl_W32_b03.txt			Line 979
31	OCKrnl_W32_l03.txt			Line 87
32	OCKrnl_W32_l03.txt			Line 112
33	OCTest_b01.txt				Line 42
34	Prep_W32_b01.txt			Line 13
35	Rot_W32_b01.txt				Line 20
36	SerialPLCAxis_W32_b01.txt		Line 18
36 Error(s) Found...
