1	BuildDrillCAM32.txt			Line 17
2	BuildDrillCAM32.txt			Line 22
3	BuildDrillCAMCE.txt			Line 18
4	BuildDrillCAMCE.txt			Line 24
5	BuildPlugin32.txt			Line 12
6	BuildPlugin32.txt			Line 17
7	BuildPluginCE.txt			Line 13
8	BuildPluginCE.txt			Line 19
9	BuildPrintLabelWorker32.txt		Line 12
10	BuildPrintLabelWorker32.txt		Line 17
11	BuildPrintLabelWorkerCE.txt		Line 13
12	BuildPrintLabelWorkerCE.txt		Line 19
13	EAutoTestPlugin32.txt			Line 12
14	EAutoTestPlugin32.txt			Line 17
15	ECncMon32.txt				Line 12
16	ECncMon32.txt				Line 17
17	ECncMon32_autotest.txt			Line 12
18	ECncMon32_autotest.txt			Line 17
19	ECncMonCE.txt				Line 13
20	ECncMonCE.txt				Line 19
21	ECncMonCE_autotest.txt			Line 13
22	ECncMonCE_autotest.txt			Line 19
23	EDipoleServer.txt			Line 12
24	EDipoleServer.txt			Line 17
25	EDipoleServerCE.txt			Line 13
26	EDipoleServerCE.txt			Line 19
27	EEHMC32.txt				Line 12
28	EEHMC32.txt				Line 17
29	EFileCleanSetting.txt			Line 12
30	EFileCleanSetting.txt			Line 17
31	EFileCleanSettingCE.txt			Line 13
32	EFileCleanSettingCE.txt			Line 19
33	EHMCCE.txt				Line 13
34	EHMCCE.txt				Line 19
35	EMAutoTestPluginCE.txt			Line 13
36	EMAutoTestPluginCE.txt			Line 19
37	EPanelCutter.txt			Line 17
38	EPanelCutter.txt			Line 22
39	EPanelCutter.txt			Line 28
40	EPanelCutterCE.txt			Line 18
41	EPanelCutterCE.txt			Line 24
42	EPanelCutterCE.txt			Line 30
43	ERobotMMI.txt				Line 12
44	ERobotMMI.txt				Line 17
45	ERobotMMICE.txt				Line 13
46	ERobotMMICE.txt				Line 19
47	ESyntec.RemoteCNC.txt			Line 12
48	ESyntec.RemoteCNC.txt			Line 17

Unhandled Exception: System.IndexOutOfRangeException: Index was outside the bounds of the array.
   at CheckErrorLog.Program.check_result(String root_path)
   at CheckErrorLog.Program.Main(String[] args)
