Files that are found in folder Current_res but NOT in folder Previous_res :

Res\_x86\_Mill\Common\string\SerialAlarm_ECATInovance_COM.xml
Res\_x86\_Mill\CHT\string\SerialAlarm_ECATInovance_CHT.xml
Res\_x86\_Mill\CHS\string\SerialAlarm_ECATInovance_CHS.xml
Res\_x86\_Lathe\Common\string\SerialAlarm_ECATInovance_COM.xml
Res\_x86\_Lathe\CHT\string\SerialAlarm_ECATInovance_CHT.xml
Res\_x86\_Lathe\CHS\string\SerialAlarm_ECATInovance_CHS.xml
Res\_Arm\_WOOD\_610B-H\Common\string\SerialAlarm_ECATInovance_COM.xml
Res\_Arm\_WOOD\_610B-H\CHT\string\SerialAlarm_ECATInovance_CHT.xml
Res\_Arm\_WOOD\_610B-H\CHS\string\SerialAlarm_ECATInovance_CHS.xml
Res\_Arm\_WOOD\_610A-H\Common\string\SerialAlarm_ECATInovance_COM.xml
Res\_Arm\_WOOD\_610A-H\CHT\string\SerialAlarm_ECATInovance_CHT.xml
Res\_Arm\_WOOD\_610A-H\CHS\string\SerialAlarm_ECATInovance_CHS.xml
Res\_Arm\_WOOD\_60A\Common\string\SerialAlarm_ECATInovance_COM.xml
Res\_Arm\_WOOD\_60A\CHT\string\SerialAlarm_ECATInovance_CHT.xml
Res\_Arm\_WOOD\_60A\CHS\string\SerialAlarm_ECATInovance_CHS.xml
Res\_Arm\_WOOD\_60-E\Res\0_milpmeng.pin
Res\_Arm\_WOOD\_60-E\Res\milmacro.res
Res\_Arm\_WOOD\_60-E\Res\roteng.pin
Res\_Arm\_WOOD\_60-E\Res\rotposeng.pin
Res\_Arm\_WOOD\_60-E\Res\splcaeng.pin
Res\_Arm\_WOOD\_60-E\Res\sripmeng.pin
Res\_Arm\_WOOD\_60-E\Res\sysmacro.res
Res\_Arm\_WOOD\_60-E\Res\syspmeng.pin
Res\_Arm\_WOOD\_60-E\Res\VelGlitchCompEng.pin
Res\_Arm\_WOOD\_60-E\Res\WoodMacro.res
Res\_Arm\_WOOD\_60-E\Data\CncBase_Ext.ini
Res\_Arm\_WOOD\_60-E\Common\SyntecParam.xml
Res\_Arm\_WOOD\_60-E\Common\string\ASName_Text_COM.xml
Res\_Arm\_WOOD\_60-E\Common\string\AxisName_Text_COM.xml
Res\_Arm\_WOOD\_60-E\Common\string\IOMapping_Text_COM.xml
Res\_Arm\_WOOD\_60-E\Common\string\LaserName_Text_COM.xml
Res\_Arm\_WOOD\_60-E\Common\string\Option_Text_COM.xml
Res\_Arm\_WOOD\_60-E\Common\string\ROTName_Text_COM.xml
Res\_Arm\_WOOD\_60-E\Common\string\SerialAlarm_ECATDelta_COM.Xml
Res\_Arm\_WOOD\_60-E\Common\string\SerialAlarm_ECATInovance_COM.xml
Res\_Arm\_WOOD\_60-E\Common\string\SerialAlarm_ECATInventor_COM.Xml
Res\_Arm\_WOOD\_60-E\Common\string\SerialAlarm_ECATMitsu_COM.Xml
Res\_Arm\_WOOD\_60-E\Common\string\SerialAlarm_ECATPana_COM.Xml
Res\_Arm\_WOOD\_60-E\Common\string\SerialAlarm_ECATSVtronix_COM.Xml
Res\_Arm\_WOOD\_60-E\Common\string\SerialAlarm_M2SYNV2_COM.Xml
Res\_Arm\_WOOD\_60-E\Common\string\SerialAlarm_M2SYN_COM.Xml
Res\_Arm\_WOOD\_60-E\Common\string\SerialAlarm_M2YAS_COM.Xml
Res\_Arm\_WOOD\_60-E\Common\string\SerialAlarm_M3SYN_COM.Xml
Res\_Arm\_WOOD\_60-E\Common\string\SerialAlarm_M3YAS_COM.Xml
Res\_Arm\_WOOD\_60-E\Common\string\SerialAlarm_RTEXPana_COM.Xml
Res\_Arm\_WOOD\_60-E\Common\string\SerialParam_ECATDelta_COM.xml
Res\_Arm\_WOOD\_60-E\Common\string\SerialParam_ECATInventor_COM.xml
Res\_Arm\_WOOD\_60-E\Common\string\SerialParam_ECATMitsubishi_COM.xml
Res\_Arm\_WOOD\_60-E\Common\string\SerialParam_ECATPana_COM.xml
Res\_Arm\_WOOD\_60-E\Common\string\SerialParam_ECATSVTNX_COM.xml
Res\_Arm\_WOOD\_60-E\Common\string\SerialParam_M23rdParty_COM.xml
Res\_Arm\_WOOD\_60-E\Common\string\SerialParam_M2SYNV2_COM.xml
Res\_Arm\_WOOD\_60-E\Common\string\SerialParam_M2SYN_COM.xml
Res\_Arm\_WOOD\_60-E\Common\string\SerialParam_M2YAS_COM.xml
Res\_Arm\_WOOD\_60-E\Common\string\SerialParam_M33rdParty_COM.xml
Res\_Arm\_WOOD\_60-E\Common\string\SerialParam_M3SYN_COM.xml
Res\_Arm\_WOOD\_60-E\Common\string\SerialParam_M3YAS_COM.xml
Res\_Arm\_WOOD\_60-E\Common\string\SerialParam_RTEXPana_COM.xml
Res\_Arm\_WOOD\_60-E\Common\string\SPLCName_Text_COM.xml
Res\_Arm\_WOOD\_60-E\Common\string\SpName_Text_COM.xml
Res\_Arm\_WOOD\_60-E\Common\string\SysAlarmMsgCom_CIP.Xml
Res\_Arm\_WOOD\_60-E\Common\string\SysAlarmMsgCom_COM.Xml
Res\_Arm\_WOOD\_60-E\Common\string\SysAlarmMsgCom_ENIP.Xml
Res\_Arm\_WOOD\_60-E\Common\string\SysAlarmMsgCom_MILL.Xml
Res\_Arm\_WOOD\_60-E\Common\string\SysAlarmMsgCom_Rot.Xml
Res\_Arm\_WOOD\_60-E\Common\string\SysAlarmMsgCom_SerialPLCAxis.Xml
Res\_Arm\_WOOD\_60-E\Common\string\SysAlarmMsgCom_SRI.Xml
Res\_Arm\_WOOD\_60-E\Common\string\SysParamCom_COM.xml
Res\_Arm\_WOOD\_60-E\Common\string\SysParamCom_MILL.Xml
Res\_Arm\_WOOD\_60-E\Common\string\SysParamCom_Rot.Xml
Res\_Arm\_WOOD\_60-E\Common\string\SysParamCom_SerialPLCAxis.Xml
Res\_Arm\_WOOD\_60-E\Common\string\SysParamCom_SRI.Xml
Res\_Arm\_WOOD\_60-E\Common\string\VelGlitchComp_Text_COM.xml
Res\_Arm\_WOOD\_60-E\CHT\string\IOMapping_Text_CHT.xml
Res\_Arm\_WOOD\_60-E\CHT\string\LaserName_Text_CHT.xml
Res\_Arm\_WOOD\_60-E\CHT\string\Option_Text_CHT.xml
Res\_Arm\_WOOD\_60-E\CHT\string\SerialAlarm_ECATDelta_CHT.Xml
Res\_Arm\_WOOD\_60-E\CHT\string\SerialAlarm_ECATInovance_CHT.xml
Res\_Arm\_WOOD\_60-E\CHT\string\SerialAlarm_ECATInventor_CHT.Xml
Res\_Arm\_WOOD\_60-E\CHT\string\SerialAlarm_ECATMitsu_CHT.Xml
Res\_Arm\_WOOD\_60-E\CHT\string\SerialAlarm_ECATPana_CHT.Xml
Res\_Arm\_WOOD\_60-E\CHT\string\SerialAlarm_ECATSVtronix_CHT.Xml
Res\_Arm\_WOOD\_60-E\CHT\string\SerialAlarm_M2SYNV2_CHT.Xml
Res\_Arm\_WOOD\_60-E\CHT\string\SerialAlarm_M2SYN_CHT.Xml
Res\_Arm\_WOOD\_60-E\CHT\string\SerialAlarm_M2YAS_CHT.Xml
Res\_Arm\_WOOD\_60-E\CHT\string\SerialAlarm_M3SYN_CHT.Xml
Res\_Arm\_WOOD\_60-E\CHT\string\SerialAlarm_M3YAS_CHT.Xml
Res\_Arm\_WOOD\_60-E\CHT\string\SerialAlarm_RTEXPana_CHT.Xml
Res\_Arm\_WOOD\_60-E\CHT\string\SerialParam_ECATDelta_CHT.xml
Res\_Arm\_WOOD\_60-E\CHT\string\SerialParam_ECATInventor_CHT.xml
Res\_Arm\_WOOD\_60-E\CHT\string\SerialParam_ECATMitsubishi_CHT.xml
Res\_Arm\_WOOD\_60-E\CHT\string\SerialParam_ECATPana_CHT.xml
Res\_Arm\_WOOD\_60-E\CHT\string\SerialParam_M23rdParty_CHT.xml
Res\_Arm\_WOOD\_60-E\CHT\string\SerialParam_M2SYNV2_CHT.xml
Res\_Arm\_WOOD\_60-E\CHT\string\SerialParam_M2SYN_CHT.xml
Res\_Arm\_WOOD\_60-E\CHT\string\SerialParam_M2YAS_CHT.xml
Res\_Arm\_WOOD\_60-E\CHT\string\SerialParam_M33rdParty_CHT.xml
Res\_Arm\_WOOD\_60-E\CHT\string\SerialParam_M3SYN_CHT.xml
Res\_Arm\_WOOD\_60-E\CHT\string\SerialParam_M3YAS_CHT.xml
Res\_Arm\_WOOD\_60-E\CHT\string\SerialParam_RTEXPana_CHT.xml
Res\_Arm\_WOOD\_60-E\CHT\string\SysAlarmMsgCht_CIP.Xml
Res\_Arm\_WOOD\_60-E\CHT\string\SysAlarmMsgCht_COM.Xml
Res\_Arm\_WOOD\_60-E\CHT\string\SysAlarmMsgCht_ENIP.Xml
Res\_Arm\_WOOD\_60-E\CHT\string\SysAlarmMsgCht_MILL.Xml
Res\_Arm\_WOOD\_60-E\CHT\string\SysAlarmMsgCht_Rot.Xml
Res\_Arm\_WOOD\_60-E\CHT\string\SysAlarmMsgCht_SerialPLCAxis.Xml
Res\_Arm\_WOOD\_60-E\CHT\string\SysAlarmMsgCht_SRI.Xml
Res\_Arm\_WOOD\_60-E\CHT\string\SysParamCht_COM.xml
Res\_Arm\_WOOD\_60-E\CHT\string\SysParamCht_MILL.Xml
Res\_Arm\_WOOD\_60-E\CHT\string\SysParamCht_Rot.Xml
Res\_Arm\_WOOD\_60-E\CHT\string\SysParamCht_SerialPLCAxis.Xml
Res\_Arm\_WOOD\_60-E\CHT\string\SysParamCht_SRI.Xml
Res\_Arm\_WOOD\_60-E\CHT\string\VelGlitchComp_Text_CHT.xml
Res\_Arm\_WOOD\_60-E\CHS\string\IOMapping_Text_CHS.xml
Res\_Arm\_WOOD\_60-E\CHS\string\LaserName_Text_CHS.xml
Res\_Arm\_WOOD\_60-E\CHS\string\Option_Text_CHS.xml
Res\_Arm\_WOOD\_60-E\CHS\string\SerialAlarm_ECATDelta_CHS.xml
Res\_Arm\_WOOD\_60-E\CHS\string\SerialAlarm_ECATInovance_CHS.xml
Res\_Arm\_WOOD\_60-E\CHS\string\SerialAlarm_ECATInventor_CHS.xml
Res\_Arm\_WOOD\_60-E\CHS\string\SerialAlarm_ECATMitsu_CHS.xml
Res\_Arm\_WOOD\_60-E\CHS\string\SerialAlarm_ECATPana_CHS.xml
Res\_Arm\_WOOD\_60-E\CHS\string\SerialAlarm_ECATSVtronix_CHS.xml
Res\_Arm\_WOOD\_60-E\CHS\string\SerialAlarm_M2SYNV2_CHS.xml
Res\_Arm\_WOOD\_60-E\CHS\string\SerialAlarm_M2SYN_CHS.xml
Res\_Arm\_WOOD\_60-E\CHS\string\SerialAlarm_M2YAS_CHS.xml
Res\_Arm\_WOOD\_60-E\CHS\string\SerialAlarm_M3SYN_CHS.xml
Res\_Arm\_WOOD\_60-E\CHS\string\SerialAlarm_M3YAS_CHS.xml
Res\_Arm\_WOOD\_60-E\CHS\string\SerialAlarm_RTEXPana_CHS.xml
Res\_Arm\_WOOD\_60-E\CHS\string\SerialParam_ECATDelta_CHS.xml
Res\_Arm\_WOOD\_60-E\CHS\string\SerialParam_ECATInventor_CHS.xml
Res\_Arm\_WOOD\_60-E\CHS\string\SerialParam_ECATMitsubishi_CHS.xml
Res\_Arm\_WOOD\_60-E\CHS\string\SerialParam_ECATPana_CHS.xml
Res\_Arm\_WOOD\_60-E\CHS\string\SerialParam_M23rdParty_CHS.xml
Res\_Arm\_WOOD\_60-E\CHS\string\SerialParam_M2SYNV2_CHS.xml
Res\_Arm\_WOOD\_60-E\CHS\string\SerialParam_M2SYN_CHS.xml
Res\_Arm\_WOOD\_60-E\CHS\string\SerialParam_M2YAS_CHS.xml
Res\_Arm\_WOOD\_60-E\CHS\string\SerialParam_M33rdParty_CHS.xml
Res\_Arm\_WOOD\_60-E\CHS\string\SerialParam_M3SYN_CHS.xml
Res\_Arm\_WOOD\_60-E\CHS\string\SerialParam_M3YAS_CHS.xml
Res\_Arm\_WOOD\_60-E\CHS\string\SerialParam_RTEXPana_CHS.xml
Res\_Arm\_WOOD\_60-E\CHS\string\SysAlarmMsgChs_CIP.Xml
Res\_Arm\_WOOD\_60-E\CHS\string\SysAlarmMsgChs_COM.Xml
Res\_Arm\_WOOD\_60-E\CHS\string\SysAlarmMsgChs_ENIP.Xml
Res\_Arm\_WOOD\_60-E\CHS\string\SysAlarmMsgChs_MILL.Xml
Res\_Arm\_WOOD\_60-E\CHS\string\SysAlarmMsgChs_Rot.Xml
Res\_Arm\_WOOD\_60-E\CHS\string\SysAlarmMsgChs_SerialPLCAxis.Xml
Res\_Arm\_WOOD\_60-E\CHS\string\SysAlarmMsgChs_SRI.Xml
Res\_Arm\_WOOD\_60-E\CHS\string\SysParamChs_COM.xml
Res\_Arm\_WOOD\_60-E\CHS\string\SysParamChs_MILL.Xml
Res\_Arm\_WOOD\_60-E\CHS\string\SysParamChs_Rot.Xml
Res\_Arm\_WOOD\_60-E\CHS\string\SysParamChs_SerialPLCAxis.Xml
Res\_Arm\_WOOD\_60-E\CHS\string\SysParamChs_SRI.Xml
Res\_Arm\_WOOD\_60-E\CHS\string\VelGlitchComp_Text_CHS.xml
Res\_Arm\_Spring\_SUPER-X5\Common\string\SerialAlarm_ECATInovance_COM.xml
Res\_Arm\_Spring\_SUPER-X5\CHT\string\SerialAlarm_ECATInovance_CHT.xml
Res\_Arm\_Spring\_SUPER-X5\CHS\string\SerialAlarm_ECATInovance_CHS.xml
Res\_Arm\_SCARA\_HHB\Common\string\SerialAlarm_ECATInovance_COM.xml
Res\_Arm\_SCARA\_HHB\CHT\string\SerialAlarm_ECATInovance_CHT.xml
Res\_Arm\_SCARA\_HHB\CHS\string\SerialAlarm_ECATInovance_CHS.xml
Res\_Arm\_SCARA\_81R\Common\string\SerialAlarm_ECATInovance_COM.xml
Res\_Arm\_SCARA\_81R\CHT\string\SerialAlarm_ECATInovance_CHT.xml
Res\_Arm\_SCARA\_81R\CHS\string\SerialAlarm_ECATInovance_CHS.xml
Res\_Arm\_SCARA\_80R\Common\string\SerialAlarm_ECATInovance_COM.xml
Res\_Arm\_SCARA\_80R\CHT\string\SerialAlarm_ECATInovance_CHT.xml
Res\_Arm\_SCARA\_80R\CHS\string\SerialAlarm_ECATInovance_CHS.xml
Res\_Arm\_Scanning\_71A\Common\string\SerialAlarm_ECATInovance_COM.xml
Res\_Arm\_Scanning\_71A\CHT\string\SerialAlarm_ECATInovance_CHT.xml
Res\_Arm\_Scanning\_71A\CHS\string\SerialAlarm_ECATInovance_CHS.xml
Res\_Arm\_Scanning\_70B\Common\string\SerialAlarm_ECATInovance_COM.xml
Res\_Arm\_Scanning\_70B\CHT\string\SerialAlarm_ECATInovance_CHT.xml
Res\_Arm\_Scanning\_70B\CHS\string\SerialAlarm_ECATInovance_CHS.xml
Res\_Arm\_Scanning\_70A\Common\string\SerialAlarm_ECATInovance_COM.xml
Res\_Arm\_Scanning\_70A\CHT\string\SerialAlarm_ECATInovance_CHT.xml
Res\_Arm\_Scanning\_70A\CHS\string\SerialAlarm_ECATInovance_CHS.xml
Res\_Arm\_PRINT\_60E\Common\string\SerialAlarm_ECATInovance_COM.xml
Res\_Arm\_PRINT\_60E\CHT\string\SerialAlarm_ECATInovance_CHT.xml
Res\_Arm\_PRINT\_60E\CHS\string\SerialAlarm_ECATInovance_CHS.xml
Res\_Arm\_PRINT\_60C\Common\string\SerialAlarm_ECATInovance_COM.xml
Res\_Arm\_PRINT\_60C\CHT\string\SerialAlarm_ECATInovance_CHT.xml
Res\_Arm\_PRINT\_60C\CHS\string\SerialAlarm_ECATInovance_CHS.xml
Res\_Arm\_PRINT\_60B\Common\string\SerialAlarm_ECATInovance_COM.xml
Res\_Arm\_PRINT\_60B\CHT\string\SerialAlarm_ECATInovance_CHT.xml
Res\_Arm\_PRINT\_60B\CHS\string\SerialAlarm_ECATInovance_CHS.xml
Res\_Arm\_Mill\_SUPER-X\Common\string\SerialAlarm_ECATInovance_COM.xml
Res\_Arm\_Mill\_SUPER-X\CHT\string\SerialAlarm_ECATInovance_CHT.xml
Res\_Arm\_Mill\_SUPER-X\CHS\string\SerialAlarm_ECATInovance_CHS.xml
Res\_Arm\_Mill\_7A\Common\string\SerialAlarm_ECATInovance_COM.xml
Res\_Arm\_Mill\_7A\CHT\string\SerialAlarm_ECATInovance_CHT.xml
Res\_Arm\_Mill\_7A\CHS\string\SerialAlarm_ECATInovance_CHS.xml
Res\_Arm\_Mill\_6D-H\Common\string\SerialAlarm_ECATInovance_COM.xml
Res\_Arm\_Mill\_6D-H\CHT\string\SerialAlarm_ECATInovance_CHT.xml
Res\_Arm\_Mill\_6D-H\CHS\string\SerialAlarm_ECATInovance_CHS.xml
Res\_Arm\_Mill\_6D\Common\string\SerialAlarm_ECATInovance_COM.xml
Res\_Arm\_Mill\_6D\CHT\string\SerialAlarm_ECATInovance_CHT.xml
Res\_Arm\_Mill\_6D\CHS\string\SerialAlarm_ECATInovance_CHS.xml
Res\_Arm\_Mill\_6B-E\Common\string\SerialAlarm_ECATInovance_COM.xml
Res\_Arm\_Mill\_6B-E\CHT\string\SerialAlarm_ECATInovance_CHT.xml
Res\_Arm\_Mill\_6B-E\CHS\string\SerialAlarm_ECATInovance_CHS.xml
Res\_Arm\_Mill\_6B\Common\string\SerialAlarm_ECATInovance_COM.xml
Res\_Arm\_Mill\_6B\CHT\string\SerialAlarm_ECATInovance_CHT.xml
Res\_Arm\_Mill\_6B\CHS\string\SerialAlarm_ECATInovance_CHS.xml
Res\_Arm\_Mill\_6A-E\Common\string\SerialAlarm_ECATInovance_COM.xml
Res\_Arm\_Mill\_6A-E\CHT\string\SerialAlarm_ECATInovance_CHT.xml
Res\_Arm\_Mill\_6A-E\CHS\string\SerialAlarm_ECATInovance_CHS.xml
Res\_Arm\_Mill\_6A\Common\string\SerialAlarm_ECATInovance_COM.xml
Res\_Arm\_Mill\_6A\CHT\string\SerialAlarm_ECATInovance_CHT.xml
Res\_Arm\_Mill\_6A\CHS\string\SerialAlarm_ECATInovance_CHS.xml
Res\_Arm\_Mill\_610A-H5\Common\string\SerialAlarm_ECATInovance_COM.xml
Res\_Arm\_Mill\_610A-H5\CHT\string\SerialAlarm_ECATInovance_CHT.xml
Res\_Arm\_Mill\_610A-H5\CHS\string\SerialAlarm_ECATInovance_CHS.xml
Res\_Arm\_Mill\_610A-E5\Common\string\SerialAlarm_ECATInovance_COM.xml
Res\_Arm\_Mill\_610A-E5\CHT\string\SerialAlarm_ECATInovance_CHT.xml
Res\_Arm\_Mill\_610A-E5\CHS\string\SerialAlarm_ECATInovance_CHS.xml
Res\_Arm\_Mill\_30GM\Common\string\SerialAlarm_ECATInovance_COM.xml
Res\_Arm\_Mill\_30GM\CHT\string\SerialAlarm_ECATInovance_CHT.xml
Res\_Arm\_Mill\_30GM\CHS\string\SerialAlarm_ECATInovance_CHS.xml
Res\_Arm\_Mill\_22A\Common\string\SerialAlarm_ECATInovance_COM.xml
Res\_Arm\_Mill\_22A\CHT\string\SerialAlarm_ECATInovance_CHT.xml
Res\_Arm\_Mill\_22A\CHS\string\SerialAlarm_ECATInovance_CHS.xml
Res\_Arm\_Mill\_220B-5\Common\string\SerialAlarm_ECATInovance_COM.xml
Res\_Arm\_Mill\_220B-5\CHT\string\SerialAlarm_ECATInovance_CHT.xml
Res\_Arm\_Mill\_220B-5\CHS\string\SerialAlarm_ECATInovance_CHS.xml
Res\_Arm\_Mill\_220B\Common\string\SerialAlarm_ECATInovance_COM.xml
Res\_Arm\_Mill\_220B\CHT\string\SerialAlarm_ECATInovance_CHT.xml
Res\_Arm\_Mill\_220B\CHS\string\SerialAlarm_ECATInovance_CHS.xml
Res\_Arm\_Mill\_220A-5\Common\string\SerialAlarm_ECATInovance_COM.xml
Res\_Arm\_Mill\_220A-5\CHT\string\SerialAlarm_ECATInovance_CHT.xml
Res\_Arm\_Mill\_220A-5\CHS\string\SerialAlarm_ECATInovance_CHS.xml
Res\_Arm\_Mill\_220A\Common\string\SerialAlarm_ECATInovance_COM.xml
Res\_Arm\_Mill\_220A\CHT\string\SerialAlarm_ECATInovance_CHT.xml
Res\_Arm\_Mill\_220A\CHS\string\SerialAlarm_ECATInovance_CHS.xml
Res\_Arm\_Mill\_21A-X\Common\string\SerialAlarm_ECATInovance_COM.xml
Res\_Arm\_Mill\_21A-X\CHT\string\SerialAlarm_ECATInovance_CHT.xml
Res\_Arm\_Mill\_21A-X\CHS\string\SerialAlarm_ECATInovance_CHS.xml
Res\_Arm\_Mill\_21A-H\Common\string\SerialAlarm_ECATInovance_COM.xml
Res\_Arm\_Mill\_21A-H\CHT\string\SerialAlarm_ECATInovance_CHT.xml
Res\_Arm\_Mill\_21A-H\CHS\string\SerialAlarm_ECATInovance_CHS.xml
Res\_Arm\_Mill\_21A-E\Common\string\SerialAlarm_ECATInovance_COM.xml
Res\_Arm\_Mill\_21A-E\CHT\string\SerialAlarm_ECATInovance_CHT.xml
Res\_Arm\_Mill\_21A-E\CHS\string\SerialAlarm_ECATInovance_CHS.xml
Res\_Arm\_Mill\_21A\Common\string\SerialAlarm_ECATInovance_COM.xml
Res\_Arm\_Mill\_21A\CHT\string\SerialAlarm_ECATInovance_CHT.xml
Res\_Arm\_Mill\_21A\CHS\string\SerialAlarm_ECATInovance_CHS.xml
Res\_Arm\_Mill\_210B-H5\Common\string\SerialAlarm_ECATInovance_COM.xml
Res\_Arm\_Mill\_210B-H5\CHT\string\SerialAlarm_ECATInovance_CHT.xml
Res\_Arm\_Mill\_210B-H5\CHS\string\SerialAlarm_ECATInovance_CHS.xml
Res\_Arm\_Mill\_210B-H\Common\string\SerialAlarm_ECATInovance_COM.xml
Res\_Arm\_Mill\_210B-H\CHT\string\SerialAlarm_ECATInovance_CHT.xml
Res\_Arm\_Mill\_210B-H\CHS\string\SerialAlarm_ECATInovance_CHS.xml
Res\_Arm\_Mill\_210B-E5\Common\string\SerialAlarm_ECATInovance_COM.xml
Res\_Arm\_Mill\_210B-E5\CHT\string\SerialAlarm_ECATInovance_CHT.xml
Res\_Arm\_Mill\_210B-E5\CHS\string\SerialAlarm_ECATInovance_CHS.xml
Res\_Arm\_Mill\_210B-E\Common\string\SerialAlarm_ECATInovance_COM.xml
Res\_Arm\_Mill\_210B-E\CHT\string\SerialAlarm_ECATInovance_CHT.xml
Res\_Arm\_Mill\_210B-E\CHS\string\SerialAlarm_ECATInovance_CHS.xml
Res\_Arm\_Mill\_210A-H5\Common\string\SerialAlarm_ECATInovance_COM.xml
Res\_Arm\_Mill\_210A-H5\CHT\string\SerialAlarm_ECATInovance_CHT.xml
Res\_Arm\_Mill\_210A-H5\CHS\string\SerialAlarm_ECATInovance_CHS.xml
Res\_Arm\_Mill\_210A-H\Common\string\SerialAlarm_ECATInovance_COM.xml
Res\_Arm\_Mill\_210A-H\CHT\string\SerialAlarm_ECATInovance_CHT.xml
Res\_Arm\_Mill\_210A-H\CHS\string\SerialAlarm_ECATInovance_CHS.xml
Res\_Arm\_Mill\_210A-E5\Common\string\SerialAlarm_ECATInovance_COM.xml
Res\_Arm\_Mill\_210A-E5\CHT\string\SerialAlarm_ECATInovance_CHT.xml
Res\_Arm\_Mill\_210A-E5\CHS\string\SerialAlarm_ECATInovance_CHS.xml
Res\_Arm\_Mill\_210A-E\Common\string\SerialAlarm_ECATInovance_COM.xml
Res\_Arm\_Mill\_210A-E\CHT\string\SerialAlarm_ECATInovance_CHT.xml
Res\_Arm\_Mill\_210A-E\CHS\string\SerialAlarm_ECATInovance_CHS.xml
Res\_Arm\_Mill\_200B-X5\Common\string\SerialAlarm_ECATInovance_COM.xml
Res\_Arm\_Mill\_200B-X5\CHT\string\SerialAlarm_ECATInovance_CHT.xml
Res\_Arm\_Mill\_200B-X5\CHS\string\SerialAlarm_ECATInovance_CHS.xml
Res\_Arm\_Mill\_200B-X\Common\string\SerialAlarm_ECATInovance_COM.xml
Res\_Arm\_Mill\_200B-X\CHT\string\SerialAlarm_ECATInovance_CHT.xml
Res\_Arm\_Mill\_200B-X\CHS\string\SerialAlarm_ECATInovance_CHS.xml
Res\_Arm\_Mill\_200A-X5\Common\string\SerialAlarm_ECATInovance_COM.xml
Res\_Arm\_Mill\_200A-X5\CHT\string\SerialAlarm_ECATInovance_CHT.xml
Res\_Arm\_Mill\_200A-X5\CHS\string\SerialAlarm_ECATInovance_CHS.xml
Res\_Arm\_Mill\_200A-X\Common\string\SerialAlarm_ECATInovance_COM.xml
Res\_Arm\_Mill\_200A-X\CHT\string\SerialAlarm_ECATInovance_CHT.xml
Res\_Arm\_Mill\_200A-X\CHS\string\SerialAlarm_ECATInovance_CHS.xml
Res\_Arm\_Mill\_11B-X\Common\string\SerialAlarm_ECATInovance_COM.xml
Res\_Arm\_Mill\_11B-X\CHT\string\SerialAlarm_ECATInovance_CHT.xml
Res\_Arm\_Mill\_11B-X\CHS\string\SerialAlarm_ECATInovance_CHS.xml
Res\_Arm\_Mill\_11B\Common\string\SerialAlarm_ECATInovance_COM.xml
Res\_Arm\_Mill\_11B\CHT\string\SerialAlarm_ECATInovance_CHT.xml
Res\_Arm\_Mill\_11B\CHS\string\SerialAlarm_ECATInovance_CHS.xml
Res\_Arm\_Mill\_11A-X\Common\string\SerialAlarm_ECATInovance_COM.xml
Res\_Arm\_Mill\_11A-X\CHT\string\SerialAlarm_ECATInovance_CHT.xml
Res\_Arm\_Mill\_11A-X\CHS\string\SerialAlarm_ECATInovance_CHS.xml
Res\_Arm\_Mill\_11A\Common\string\SerialAlarm_ECATInovance_COM.xml
Res\_Arm\_Mill\_11A\CHT\string\SerialAlarm_ECATInovance_CHT.xml
Res\_Arm\_Mill\_11A\CHS\string\SerialAlarm_ECATInovance_CHS.xml
Res\_Arm\_Lathe\_SUPER-X\Common\string\SerialAlarm_ECATInovance_COM.xml
Res\_Arm\_Lathe\_SUPER-X\CHT\string\SerialAlarm_ECATInovance_CHT.xml
Res\_Arm\_Lathe\_SUPER-X\CHS\string\SerialAlarm_ECATInovance_CHS.xml
Res\_Arm\_Lathe\_7A\Common\string\SerialAlarm_ECATInovance_COM.xml
Res\_Arm\_Lathe\_7A\CHT\string\SerialAlarm_ECATInovance_CHT.xml
Res\_Arm\_Lathe\_7A\CHS\string\SerialAlarm_ECATInovance_CHS.xml
Res\_Arm\_Lathe\_6B\Common\string\SerialAlarm_ECATInovance_COM.xml
Res\_Arm\_Lathe\_6B\CHT\string\SerialAlarm_ECATInovance_CHT.xml
Res\_Arm\_Lathe\_6B\CHS\string\SerialAlarm_ECATInovance_CHS.xml
Res\_Arm\_Lathe\_6A-E\Common\string\SerialAlarm_ECATInovance_COM.xml
Res\_Arm\_Lathe\_6A-E\CHT\string\SerialAlarm_ECATInovance_CHT.xml
Res\_Arm\_Lathe\_6A-E\CHS\string\SerialAlarm_ECATInovance_CHS.xml
Res\_Arm\_Lathe\_6A\Common\string\SerialAlarm_ECATInovance_COM.xml
Res\_Arm\_Lathe\_6A\CHT\string\SerialAlarm_ECATInovance_CHT.xml
Res\_Arm\_Lathe\_6A\CHS\string\SerialAlarm_ECATInovance_CHS.xml
Res\_Arm\_Lathe\_22B\Common\string\SerialAlarm_ECATInovance_COM.xml
Res\_Arm\_Lathe\_22B\CHT\string\SerialAlarm_ECATInovance_CHT.xml
Res\_Arm\_Lathe\_22B\CHS\string\SerialAlarm_ECATInovance_CHS.xml
Res\_Arm\_Lathe\_22A\Common\string\SerialAlarm_ECATInovance_COM.xml
Res\_Arm\_Lathe\_22A\CHT\string\SerialAlarm_ECATInovance_CHT.xml
Res\_Arm\_Lathe\_22A\CHS\string\SerialAlarm_ECATInovance_CHS.xml
Res\_Arm\_Lathe\_220B-5\Common\string\SerialAlarm_ECATInovance_COM.xml
Res\_Arm\_Lathe\_220B-5\CHT\string\SerialAlarm_ECATInovance_CHT.xml
Res\_Arm\_Lathe\_220B-5\CHS\string\SerialAlarm_ECATInovance_CHS.xml
Res\_Arm\_Lathe\_220B\Common\string\SerialAlarm_ECATInovance_COM.xml
Res\_Arm\_Lathe\_220B\CHT\string\SerialAlarm_ECATInovance_CHT.xml
Res\_Arm\_Lathe\_220B\CHS\string\SerialAlarm_ECATInovance_CHS.xml
Res\_Arm\_Lathe\_21B-X\Common\string\SerialAlarm_ECATInovance_COM.xml
Res\_Arm\_Lathe\_21B-X\CHT\string\SerialAlarm_ECATInovance_CHT.xml
Res\_Arm\_Lathe\_21B-X\CHS\string\SerialAlarm_ECATInovance_CHS.xml
Res\_Arm\_Lathe\_21B-H\Common\string\SerialAlarm_ECATInovance_COM.xml
Res\_Arm\_Lathe\_21B-H\CHT\string\SerialAlarm_ECATInovance_CHT.xml
Res\_Arm\_Lathe\_21B-H\CHS\string\SerialAlarm_ECATInovance_CHS.xml
Res\_Arm\_Lathe\_21B-E\Common\string\SerialAlarm_ECATInovance_COM.xml
Res\_Arm\_Lathe\_21B-E\CHT\string\SerialAlarm_ECATInovance_CHT.xml
Res\_Arm\_Lathe\_21B-E\CHS\string\SerialAlarm_ECATInovance_CHS.xml
Res\_Arm\_Lathe\_21B\Common\string\SerialAlarm_ECATInovance_COM.xml
Res\_Arm\_Lathe\_21B\CHT\string\SerialAlarm_ECATInovance_CHT.xml
Res\_Arm\_Lathe\_21B\CHS\string\SerialAlarm_ECATInovance_CHS.xml
Res\_Arm\_Lathe\_21A-X\Common\string\SerialAlarm_ECATInovance_COM.xml
Res\_Arm\_Lathe\_21A-X\CHT\string\SerialAlarm_ECATInovance_CHT.xml
Res\_Arm\_Lathe\_21A-X\CHS\string\SerialAlarm_ECATInovance_CHS.xml
Res\_Arm\_Lathe\_21A-H\Common\string\SerialAlarm_ECATInovance_COM.xml
Res\_Arm\_Lathe\_21A-H\CHT\string\SerialAlarm_ECATInovance_CHT.xml
Res\_Arm\_Lathe\_21A-H\CHS\string\SerialAlarm_ECATInovance_CHS.xml
Res\_Arm\_Lathe\_21A-E\Common\string\SerialAlarm_ECATInovance_COM.xml
Res\_Arm\_Lathe\_21A-E\CHT\string\SerialAlarm_ECATInovance_CHT.xml
Res\_Arm\_Lathe\_21A-E\CHS\string\SerialAlarm_ECATInovance_CHS.xml
Res\_Arm\_Lathe\_21A\Common\string\SerialAlarm_ECATInovance_COM.xml
Res\_Arm\_Lathe\_21A\CHT\string\SerialAlarm_ECATInovance_CHT.xml
Res\_Arm\_Lathe\_21A\CHS\string\SerialAlarm_ECATInovance_CHS.xml
Res\_Arm\_Lathe\_210B-H5\Common\string\SerialAlarm_ECATInovance_COM.xml
Res\_Arm\_Lathe\_210B-H5\CHT\string\SerialAlarm_ECATInovance_CHT.xml
Res\_Arm\_Lathe\_210B-H5\CHS\string\SerialAlarm_ECATInovance_CHS.xml
Res\_Arm\_Lathe\_210B-H\Common\string\SerialAlarm_ECATInovance_COM.xml
Res\_Arm\_Lathe\_210B-H\CHT\string\SerialAlarm_ECATInovance_CHT.xml
Res\_Arm\_Lathe\_210B-H\CHS\string\SerialAlarm_ECATInovance_CHS.xml
Res\_Arm\_Lathe\_210B-E5\Common\string\SerialAlarm_ECATInovance_COM.xml
Res\_Arm\_Lathe\_210B-E5\CHT\string\SerialAlarm_ECATInovance_CHT.xml
Res\_Arm\_Lathe\_210B-E5\CHS\string\SerialAlarm_ECATInovance_CHS.xml
Res\_Arm\_Lathe\_210B-E\Common\string\SerialAlarm_ECATInovance_COM.xml
Res\_Arm\_Lathe\_210B-E\CHT\string\SerialAlarm_ECATInovance_CHT.xml
Res\_Arm\_Lathe\_210B-E\CHS\string\SerialAlarm_ECATInovance_CHS.xml
Res\_Arm\_Lathe\_200B-X\Common\string\SerialAlarm_ECATInovance_COM.xml
Res\_Arm\_Lathe\_200B-X\CHT\string\SerialAlarm_ECATInovance_CHT.xml
Res\_Arm\_Lathe\_200B-X\CHS\string\SerialAlarm_ECATInovance_CHS.xml
Res\_Arm\_Lathe\_200A-X\Common\string\SerialAlarm_ECATInovance_COM.xml
Res\_Arm\_Lathe\_200A-X\CHT\string\SerialAlarm_ECATInovance_CHT.xml
Res\_Arm\_Lathe\_200A-X\CHS\string\SerialAlarm_ECATInovance_CHS.xml
Res\_Arm\_Lathe\_11B-X\Common\string\SerialAlarm_ECATInovance_COM.xml
Res\_Arm\_Lathe\_11B-X\CHT\string\SerialAlarm_ECATInovance_CHT.xml
Res\_Arm\_Lathe\_11B-X\CHS\string\SerialAlarm_ECATInovance_CHS.xml
Res\_Arm\_Lathe\_11B\Common\string\SerialAlarm_ECATInovance_COM.xml
Res\_Arm\_Lathe\_11B\CHT\string\SerialAlarm_ECATInovance_CHT.xml
Res\_Arm\_Lathe\_11B\CHS\string\SerialAlarm_ECATInovance_CHS.xml
Res\_Arm\_Lathe\_11A-X\Common\string\SerialAlarm_ECATInovance_COM.xml
Res\_Arm\_Lathe\_11A-X\CHT\string\SerialAlarm_ECATInovance_CHT.xml
Res\_Arm\_Lathe\_11A-X\CHS\string\SerialAlarm_ECATInovance_CHS.xml
Res\_Arm\_Lathe\_11A\Common\string\SerialAlarm_ECATInovance_COM.xml
Res\_Arm\_Lathe\_11A\CHT\string\SerialAlarm_ECATInovance_CHT.xml
Res\_Arm\_Lathe\_11A\CHS\string\SerialAlarm_ECATInovance_CHS.xml
Res\_Arm\_HC\_8S\Common\string\SerialAlarm_ECATInovance_COM.xml
Res\_Arm\_HC\_8S\CHT\string\SerialAlarm_ECATInovance_CHT.xml
Res\_Arm\_HC\_8S\CHS\string\SerialAlarm_ECATInovance_CHS.xml
Res\_Arm\_HC\_8E\Common\string\SerialAlarm_ECATInovance_COM.xml
Res\_Arm\_HC\_8E\CHT\string\SerialAlarm_ECATInovance_CHT.xml
Res\_Arm\_HC\_8E\CHS\string\SerialAlarm_ECATInovance_CHS.xml
Res\_Arm\_HC\_8C-5\Common\string\SerialAlarm_ECATInovance_COM.xml
Res\_Arm\_HC\_8C-5\CHT\string\SerialAlarm_ECATInovance_CHT.xml
Res\_Arm\_HC\_8C-5\CHS\string\SerialAlarm_ECATInovance_CHS.xml
Res\_Arm\_HC\_8C\Common\string\SerialAlarm_ECATInovance_COM.xml
Res\_Arm\_HC\_8C\CHT\string\SerialAlarm_ECATInovance_CHT.xml
Res\_Arm\_HC\_8C\CHS\string\SerialAlarm_ECATInovance_CHS.xml
Res\_Arm\_HC\_8B\Common\string\SerialAlarm_ECATInovance_COM.xml
Res\_Arm\_HC\_8B\CHT\string\SerialAlarm_ECATInovance_CHT.xml
Res\_Arm\_HC\_8B\CHS\string\SerialAlarm_ECATInovance_CHS.xml
Res\_Arm\_HC\_8A\Common\string\SerialAlarm_ECATInovance_COM.xml
Res\_Arm\_HC\_8A\CHT\string\SerialAlarm_ECATInovance_CHT.xml
Res\_Arm\_HC\_8A\CHS\string\SerialAlarm_ECATInovance_CHS.xml
Res\_Arm\_HC\_80MI\Common\string\SerialAlarm_ECATInovance_COM.xml
Res\_Arm\_HC\_80MI\CHT\string\SerialAlarm_ECATInovance_CHT.xml
Res\_Arm\_HC\_80MI\CHS\string\SerialAlarm_ECATInovance_CHS.xml
Res\_Arm\_HC\_80GM\Common\string\SerialAlarm_ECATInovance_COM.xml
Res\_Arm\_HC\_80GM\CHT\string\SerialAlarm_ECATInovance_CHT.xml
Res\_Arm\_HC\_80GM\CHS\string\SerialAlarm_ECATInovance_CHS.xml
Res\_Arm\_HC\_7C\Common\string\SerialAlarm_ECATInovance_COM.xml
Res\_Arm\_HC\_7C\CHT\string\SerialAlarm_ECATInovance_CHT.xml
Res\_Arm\_HC\_7C\CHS\string\SerialAlarm_ECATInovance_CHS.xml
Res\_Arm\_HC\_15E\Common\string\SerialAlarm_ECATInovance_COM.xml
Res\_Arm\_HC\_15E\CHT\string\SerialAlarm_ECATInovance_CHT.xml
Res\_Arm\_HC\_15E\CHS\string\SerialAlarm_ECATInovance_CHS.xml
Res\_Arm\_HC\_15C-5\Common\string\SerialAlarm_ECATInovance_COM.xml
Res\_Arm\_HC\_15C-5\CHT\string\SerialAlarm_ECATInovance_CHT.xml
Res\_Arm\_HC\_15C-5\CHS\string\SerialAlarm_ECATInovance_CHS.xml
Res\_Arm\_HC\_15C\Common\string\SerialAlarm_ECATInovance_COM.xml
Res\_Arm\_HC\_15C\CHT\string\SerialAlarm_ECATInovance_CHT.xml
Res\_Arm\_HC\_15C\CHS\string\SerialAlarm_ECATInovance_CHS.xml
Res\_Arm\_HC\_15B\Common\string\SerialAlarm_ECATInovance_COM.xml
Res\_Arm\_HC\_15B\CHT\string\SerialAlarm_ECATInovance_CHT.xml
Res\_Arm\_HC\_15B\CHS\string\SerialAlarm_ECATInovance_CHS.xml
Res\_Arm\_HC\_15A\Common\string\SerialAlarm_ECATInovance_COM.xml
Res\_Arm\_HC\_15A\CHT\string\SerialAlarm_ECATInovance_CHT.xml
Res\_Arm\_HC\_15A\CHS\string\SerialAlarm_ECATInovance_CHS.xml
Res\_Arm\_HC\_12B\Common\string\SerialAlarm_ECATInovance_COM.xml
Res\_Arm\_HC\_12B\CHT\string\SerialAlarm_ECATInovance_CHT.xml
Res\_Arm\_HC\_12B\CHS\string\SerialAlarm_ECATInovance_CHS.xml
Res\_Arm\_HC\_12A\Common\string\SerialAlarm_ECATInovance_COM.xml
Res\_Arm\_HC\_12A\CHT\string\SerialAlarm_ECATInovance_CHT.xml
Res\_Arm\_HC\_12A\CHS\string\SerialAlarm_ECATInovance_CHS.xml
Res\_Arm\_HC\_10E\Common\string\SerialAlarm_ECATInovance_COM.xml
Res\_Arm\_HC\_10E\CHT\string\SerialAlarm_ECATInovance_CHT.xml
Res\_Arm\_HC\_10E\CHS\string\SerialAlarm_ECATInovance_CHS.xml
Res\_Arm\_HC\_10C-5\Common\string\SerialAlarm_ECATInovance_COM.xml
Res\_Arm\_HC\_10C-5\CHT\string\SerialAlarm_ECATInovance_CHT.xml
Res\_Arm\_HC\_10C-5\CHS\string\SerialAlarm_ECATInovance_CHS.xml
Res\_Arm\_HC\_10C\Common\string\SerialAlarm_ECATInovance_COM.xml
Res\_Arm\_HC\_10C\CHT\string\SerialAlarm_ECATInovance_CHT.xml
Res\_Arm\_HC\_10C\CHS\string\SerialAlarm_ECATInovance_CHS.xml
Res\_Arm\_HC\_10B\Common\string\SerialAlarm_ECATInovance_COM.xml
Res\_Arm\_HC\_10B\CHT\string\SerialAlarm_ECATInovance_CHT.xml
Res\_Arm\_HC\_10B\CHS\string\SerialAlarm_ECATInovance_CHS.xml
Res\_Arm\_HC\_10A\Common\string\SerialAlarm_ECATInovance_COM.xml
Res\_Arm\_HC\_10A\CHT\string\SerialAlarm_ECATInovance_CHT.xml
Res\_Arm\_HC\_10A\CHS\string\SerialAlarm_ECATInovance_CHS.xml
Res\_Arm\_GlassGrind\_6B\Common\string\SerialAlarm_ECATInovance_COM.xml
Res\_Arm\_GlassGrind\_6B\CHT\string\SerialAlarm_ECATInovance_CHT.xml
Res\_Arm\_GlassGrind\_6B\CHS\string\SerialAlarm_ECATInovance_CHS.xml
Res\_Arm\_GlassGrind\_6A-E\Common\string\SerialAlarm_ECATInovance_COM.xml
Res\_Arm\_GlassGrind\_6A-E\CHT\string\SerialAlarm_ECATInovance_CHT.xml
Res\_Arm\_GlassGrind\_6A-E\CHS\string\SerialAlarm_ECATInovance_CHS.xml
Res\_Arm\_GlassGrind\_21A-E\Common\string\SerialAlarm_ECATInovance_COM.xml
Res\_Arm\_GlassGrind\_21A-E\CHT\string\SerialAlarm_ECATInovance_CHT.xml
Res\_Arm\_GlassGrind\_21A-E\CHS\string\SerialAlarm_ECATInovance_CHS.xml
Res\_Arm\_GANTRY\_HHB\Common\string\SerialAlarm_ECATInovance_COM.xml
Res\_Arm\_GANTRY\_HHB\CHT\string\SerialAlarm_ECATInovance_CHT.xml
Res\_Arm\_GANTRY\_HHB\CHS\string\SerialAlarm_ECATInovance_CHS.xml
Res\_Arm\_GANTRY\_81R\Common\string\SerialAlarm_ECATInovance_COM.xml
Res\_Arm\_GANTRY\_81R\CHT\string\SerialAlarm_ECATInovance_CHT.xml
Res\_Arm\_GANTRY\_81R\CHS\string\SerialAlarm_ECATInovance_CHS.xml
Res\_Arm\_GANTRY\_80R\Common\string\SerialAlarm_ECATInovance_COM.xml
Res\_Arm\_GANTRY\_80R\CHT\string\SerialAlarm_ECATInovance_CHT.xml
Res\_Arm\_GANTRY\_80R\CHS\string\SerialAlarm_ECATInovance_CHS.xml
Res\_Arm\_FC\_B-5\Common\string\SerialAlarm_ECATInovance_COM.xml
Res\_Arm\_FC\_B-5\CHT\string\SerialAlarm_ECATInovance_CHT.xml
Res\_Arm\_FC\_B-5\CHS\string\SerialAlarm_ECATInovance_CHS.xml
Res\_Arm\_FC\_B\Common\string\SerialAlarm_ECATInovance_COM.xml
Res\_Arm\_FC\_B\CHT\string\SerialAlarm_ECATInovance_CHT.xml
Res\_Arm\_FC\_B\CHS\string\SerialAlarm_ECATInovance_CHS.xml
Res\_Arm\_FC\_A\Common\string\SerialAlarm_ECATInovance_COM.xml
Res\_Arm\_FC\_A\CHT\string\SerialAlarm_ECATInovance_CHT.xml
Res\_Arm\_FC\_A\CHS\string\SerialAlarm_ECATInovance_CHS.xml
Res\_Arm\_Drill\_60B\Common\string\SerialAlarm_ECATInovance_COM.xml
Res\_Arm\_Drill\_60B\CHT\string\SerialAlarm_ECATInovance_CHT.xml
Res\_Arm\_Drill\_60B\CHS\string\SerialAlarm_ECATInovance_CHS.xml
Res\_Arm\_DELTA\_HHB\Common\string\SerialAlarm_ECATInovance_COM.xml
Res\_Arm\_DELTA\_HHB\CHT\string\SerialAlarm_ECATInovance_CHT.xml
Res\_Arm\_DELTA\_HHB\CHS\string\SerialAlarm_ECATInovance_CHS.xml
Res\_Arm\_DELTA\_81R\Common\string\SerialAlarm_ECATInovance_COM.xml
Res\_Arm\_DELTA\_81R\CHT\string\SerialAlarm_ECATInovance_CHT.xml
Res\_Arm\_DELTA\_81R\CHS\string\SerialAlarm_ECATInovance_CHS.xml
Res\_Arm\_DELTA\_80R\Common\string\SerialAlarm_ECATInovance_COM.xml
Res\_Arm\_DELTA\_80R\CHT\string\SerialAlarm_ECATInovance_CHT.xml
Res\_Arm\_DELTA\_80R\CHS\string\SerialAlarm_ECATInovance_CHS.xml
Res\_Arm\_Cutting\_70B-5\Common\string\SerialAlarm_ECATInovance_COM.xml
Res\_Arm\_Cutting\_70B-5\CHT\string\SerialAlarm_ECATInovance_CHT.xml
Res\_Arm\_Cutting\_70B-5\CHS\string\SerialAlarm_ECATInovance_CHS.xml
Res\_Arm\_Cutting\_70B\Common\string\SerialAlarm_ECATInovance_COM.xml
Res\_Arm\_Cutting\_70B\CHT\string\SerialAlarm_ECATInovance_CHT.xml
Res\_Arm\_Cutting\_70B\CHS\string\SerialAlarm_ECATInovance_CHS.xml
Res\_Arm\_Cutting\_70A\Common\string\SerialAlarm_ECATInovance_COM.xml
Res\_Arm\_Cutting\_70A\CHT\string\SerialAlarm_ECATInovance_CHT.xml
Res\_Arm\_Cutting\_70A\CHS\string\SerialAlarm_ECATInovance_CHS.xml
Res\_Arm\_Cutting\_6B\Common\string\SerialAlarm_ECATInovance_COM.xml
Res\_Arm\_Cutting\_6B\CHT\string\SerialAlarm_ECATInovance_CHT.xml
Res\_Arm\_Cutting\_6B\CHS\string\SerialAlarm_ECATInovance_CHS.xml
Res\_Arm\_Cutting\_6A\Common\string\SerialAlarm_ECATInovance_COM.xml
Res\_Arm\_Cutting\_6A\CHT\string\SerialAlarm_ECATInovance_CHT.xml
Res\_Arm\_Cutting\_6A\CHS\string\SerialAlarm_ECATInovance_CHS.xml
Res\_Arm\_Cutting\_60B\Common\string\SerialAlarm_ECATInovance_COM.xml
Res\_Arm\_Cutting\_60B\CHT\string\SerialAlarm_ECATInovance_CHT.xml
Res\_Arm\_Cutting\_60B\CHS\string\SerialAlarm_ECATInovance_CHS.xml
Res\_Arm\_Cutting\_60A\Common\string\SerialAlarm_ECATInovance_COM.xml
Res\_Arm\_Cutting\_60A\CHT\string\SerialAlarm_ECATInovance_CHT.xml
Res\_Arm\_Cutting\_60A\CHS\string\SerialAlarm_ECATInovance_CHS.xml
Res\_Arm\_ARTIC\_HHB\Common\string\SerialAlarm_ECATInovance_COM.xml
Res\_Arm\_ARTIC\_HHB\CHT\string\SerialAlarm_ECATInovance_CHT.xml
Res\_Arm\_ARTIC\_HHB\CHS\string\SerialAlarm_ECATInovance_CHS.xml
Res\_Arm\_ARTIC\_81R\Common\string\SerialAlarm_ECATInovance_COM.xml
Res\_Arm\_ARTIC\_81R\CHT\string\SerialAlarm_ECATInovance_CHT.xml
Res\_Arm\_ARTIC\_81R\CHS\string\SerialAlarm_ECATInovance_CHS.xml
Res\_Arm\_ARTIC\_80R\Common\string\SerialAlarm_ECATInovance_COM.xml
Res\_Arm\_ARTIC\_80R\CHT\string\SerialAlarm_ECATInovance_CHT.xml
Res\_Arm\_ARTIC\_80R\CHS\string\SerialAlarm_ECATInovance_CHS.xml
----------------------------------------------------------------------
Files that are found in folder Previous_res but NOT in folder Current_res :

----------------------------------------------------------------------
