1	EnIPModule_W32_b01.txt			Line 12
2	LaserCtrl_W32_b01.txt			Line 48
3	LaserCtrl_W32_b02.txt			Line 54
4	LaserCtrl_WCE6_b01.txt			Line 74
5	LaserCtrl_WCE7ARM_b01.txt		Line 74
6	OCDevice_W32_b01.txt			Line 26
7	OCDevice_W32_b01.txt			Line 134
8	OCDevice_W32_b02.txt			Line 39
9	OCDevice_W32_b02.txt			Line 56
10	OCDevice_W32_b03.txt			Line 26
11	OCDevice_W32_b03.txt			Line 159
12	OCDevice_W32_b04.txt			Line 16
13	OCDevice_W32_b04.txt			Line 148
14	OCDevice_WCE6_b01.txt			Line 359
15	OCDevice_WCE6_b01.txt			Line 383
16	OCDevice_WEC7ARM_b01.txt		Line 303
17	OCDevice_WEC7ARM_b01.txt		Line 325
18	OCDevice_WEC7ARM_b01.txt		Line 365
19	OCKrnl_GTEST_01.txt			Line 123
20	OCKrnl_GTEST_01.txt			Line 133
21	OCKrnl_GTEST_01.txt			Line 914
22	OCKrnl_GTEST_03.txt			Line 99
23	OCKrnl_GTEST_03.txt			Line 109
24	OCKrnl_GTEST_03.txt			Line 937
25	OCKrnl_GTEST_04.txt			Line 123
26	OCKrnl_GTEST_04.txt			Line 133
27	OCKrnl_GTEST_04.txt			Line 539
28	OCKrnl_GTEST_05.txt			Line 99
29	OCKrnl_GTEST_05.txt			Line 109
30	OCKrnl_GTEST_05.txt			Line 282
31	OCKrnl_W32_b02.txt			Line 99
32	OCKrnl_W32_b02.txt			Line 109
33	OCKrnl_W32_b02.txt			Line 938
34	OCKrnl_W32_b03.txt			Line 99
35	OCKrnl_W32_b03.txt			Line 109
36	OCKrnl_W32_b03.txt			Line 938
37	OCKrnl_W32_b03.txt			Line 971
38	OCKrnl_W32_l03.txt			Line 99
39	OCKrnl_W32_l03.txt			Line 109
40	OCKrnl_W32_l09.txt			Line 99
41	OCKrnl_W32_l09.txt			Line 109
42	OCKrnl_WCE6_b01.txt			Line 391
43	OCKrnl_WCE6_b01.txt			Line 398
44	OCKrnl_WCE6_b01.txt			Line 869
45	OCKrnl_WCE6_b02.txt			Line 391
46	OCKrnl_WCE6_b02.txt			Line 398
47	OCKrnl_WCE6_b02.txt			Line 869
48	OCKrnl_WCE6_b02.txt			Line 905
49	OCKrnl_WCE6_l03.txt			Line 93
50	OCKrnl_WCE6_l03.txt			Line 100
51	OCKrnl_WEC7ARM_b01.txt			Line 282
52	OCKrnl_WEC7ARM_b01.txt			Line 289
53	OCKrnl_WEC7ARM_b01.txt			Line 866
54	OCKrnl_WEC7ARM_b02.txt			Line 282
55	OCKrnl_WEC7ARM_b02.txt			Line 289
56	OCKrnl_WEC7ARM_b02.txt			Line 866
57	OCKrnl_WEC7ARM_b02.txt			Line 902
58	OCKrnl_WEC7ARM_l03.txt			Line 93
59	OCKrnl_WEC7ARM_l03.txt			Line 100
60	OCTest_b01.txt				Line 42
61	OCTest_b02.txt				Line 45
62	OCTest_b04.txt				Line 45
63	Prep_W32_b01.txt			Line 13
64	Prep_WCE6_b01.txt			Line 15
65	Prep_WEC7ARM_b01.txt			Line 15
66	Rot_W32_b01.txt				Line 20
67	SerialPLCAxis_W32_b01.txt		Line 18
68	SerialPLCAxis_WCE6_b01.txt		Line 15
69	SerialPLCAxis_WEC7ARM_b01.txt		Line 15
69 Error(s) Found...
