1	LaserCtrl_W32_b01.txt			Line 37
2	LaserCtrl_W32_b02.txt			Line 43
3	OCDevice_W32_b01.txt			Line 26
4	OCDevice_W32_b01.txt			Line 147
5	OCDevice_W32_b02.txt			Line 59
6	OCDevice_W32_b02.txt			Line 76
7	OCDevice_W32_b03.txt			Line 26
8	OCDevice_W32_b03.txt			Line 264
9	OCDevice_W32_b04.txt			Line 16
10	OCDevice_W32_b04.txt			Line 164
11	OCKrnl_GTEST_01.txt			Line 315
12	OCKrnl_GTEST_01.txt			Line 357
13	OCKrnl_GTEST_01.txt			Line 896
14	OCKrnl_GTEST_03.txt			Line 230
15	OCKrnl_GTEST_03.txt			Line 272
16	OCKrnl_GTEST_03.txt			Line 919
17	OCKrnl_GTEST_04.txt			Line 143
18	OCKrnl_GTEST_04.txt			Line 185
19	OCKrnl_GTEST_04.txt			Line 535
20	OCKrnl_W32_b02.txt			Line 230
21	OCKrnl_W32_b02.txt			Line 272
22	OCKrnl_W32_b02.txt			Line 920
23	OCKrnl_W32_b03.txt			Line 230
24	OCKrnl_W32_b03.txt			Line 272
25	OCKrnl_W32_b03.txt			Line 920
26	OCKrnl_W32_b03.txt			Line 953
27	OCKrnl_WCE6_b01.txt			Line 229
28	OCKrnl_WCE6_b01.txt			Line 273
29	OCKrnl_WCE6_b01.txt			Line 847
30	OCKrnl_WCE6_b02.txt			Line 229
31	OCKrnl_WCE6_b02.txt			Line 273
32	OCKrnl_WCE6_b02.txt			Line 847
33	OCKrnl_WCE6_b02.txt			Line 883
34	OCKrnl_WEC7ARM_b01.txt			Line 94
35	OCKrnl_WEC7ARM_b01.txt			Line 138
36	OCKrnl_WEC7ARM_b01.txt			Line 844
37	OCKrnl_WEC7ARM_b02.txt			Line 94
38	OCKrnl_WEC7ARM_b02.txt			Line 138
39	OCKrnl_WEC7ARM_b02.txt			Line 844
40	OCKrnl_WEC7ARM_b02.txt			Line 880
41	OCTest_b01.txt				Line 42
42	OCTest_b02.txt				Line 45
43	OCTest_b04.txt				Line 45
44	Rot_W32_b01.txt				Line 20
45	SerialPLCAxis_W32_b01.txt		Line 18
45 Error(s) Found...
