1	LaserCtrl_W32_b01.txt			Line 37
2	LaserCtrl_W32_b02.txt			Line 43
3	OCDevice_W32_b01.txt			Line 26
4	OCDevice_W32_b01.txt			Line 147
5	OCDevice_W32_b02.txt			Line 58
6	OCDevice_W32_b02.txt			Line 75
7	OCDevice_W32_b03.txt			Line 26
8	OCDevice_W32_b03.txt			Line 260
9	OCDevice_W32_b04.txt			Line 16
10	OCDevice_W32_b04.txt			Line 164
11	OCKrnl_GTEST_01.txt			Line 732
12	OCKrnl_GTEST_01.txt			Line 814
13	OCKrnl_GTEST_01.txt			Line 894
14	OCKrnl_GTEST_03.txt			Line 758
15	OCKrnl_GTEST_03.txt			Line 840
16	OCKrnl_GTEST_03.txt			Line 917
17	OCKrnl_GTEST_04.txt			Line 305
18	OCKrnl_GTEST_04.txt			Line 387
19	OCKrnl_GTEST_04.txt			Line 535
20	OCKrnl_W32_b02.txt			Line 758
21	OCKrnl_W32_b02.txt			Line 840
22	OCKrnl_W32_b02.txt			Line 918
23	OCKrnl_W32_b03.txt			Line 758
24	OCKrnl_W32_b03.txt			Line 840
25	OCKrnl_W32_b03.txt			Line 918
26	OCKrnl_W32_b03.txt			Line 951
27	OCKrnl_WCE6_b01.txt			Line 689
28	OCKrnl_WCE6_b01.txt			Line 768
29	OCKrnl_WCE6_b01.txt			Line 845
30	OCKrnl_WCE6_b02.txt			Line 689
31	OCKrnl_WCE6_b02.txt			Line 768
32	OCKrnl_WCE6_b02.txt			Line 845
33	OCKrnl_WCE6_b02.txt			Line 881
34	OCKrnl_WEC7ARM_b01.txt			Line 721
35	OCKrnl_WEC7ARM_b01.txt			Line 800
36	OCKrnl_WEC7ARM_b01.txt			Line 842
37	OCKrnl_WEC7ARM_b02.txt			Line 721
38	OCKrnl_WEC7ARM_b02.txt			Line 800
39	OCKrnl_WEC7ARM_b02.txt			Line 842
40	OCKrnl_WEC7ARM_b02.txt			Line 878
41	OCTest_b01.txt				Line 42
42	OCTest_b02.txt				Line 45
43	OCTest_b04.txt				Line 45
44	Rot_W32_b01.txt				Line 20
45	SerialPLCAxis_W32_b01.txt		Line 18
45 Error(s) Found...
