Files that are found in folder Current_res but NOT in folder Previous_res :

Res\_Arm\_Cutting\_60A\Res\ktx51eng.pin
Res\_Arm\_Cutting\_60A\Res\ktx71eng.pin
Res\_Arm\_Cutting\_60A\Res\latpmeng.pin
Res\_Arm\_Cutting\_60A\Res\milmacro.res
Res\_Arm\_Cutting\_60A\Res\milpmeng.pin
Res\_Arm\_Cutting\_60A\Res\rb101eng.pin
Res\_Arm\_Cutting\_60A\Res\rb106eng.pin
Res\_Arm\_Cutting\_60A\Res\rb107eng.pin
Res\_Arm\_Cutting\_60A\Res\rb108eng.pin
Res\_Arm\_Cutting\_60A\Res\rb111eng.pin
Res\_Arm\_Cutting\_60A\Res\rb116eng.pin
Res\_Arm\_Cutting\_60A\Res\rb117eng.pin
Res\_Arm\_Cutting\_60A\Res\rb118eng.pin
Res\_Arm\_Cutting\_60A\Res\rb121eng.pin
Res\_Arm\_Cutting\_60A\Res\rb122eng.pin
Res\_Arm\_Cutting\_60A\Res\rb123eng.pin
Res\_Arm\_Cutting\_60A\Res\rb124eng.pin
Res\_Arm\_Cutting\_60A\Res\rb151eng.pin
Res\_Arm\_Cutting\_60A\Res\rb152eng.pin
Res\_Arm\_Cutting\_60A\Res\rb176eng.pin
Res\_Arm\_Cutting\_60A\Res\rb177eng.pin
Res\_Arm\_Cutting\_60A\Res\rb226eng.pin
Res\_Arm\_Cutting\_60A\Res\rb251eng.pin
Res\_Arm\_Cutting\_60A\Res\rb252eng.pin
Res\_Arm\_Cutting\_60A\Res\rbpmeng.pin
Res\_Arm\_Cutting\_60A\Res\sripmeng.pin
Res\_Arm\_Cutting\_60A\Res\sysmacro.res
Res\_Arm\_Cutting\_60A\Res\syspmeng.pin
Res\_Arm\_Cutting\_60A\Data\CncBase_Ext.ini
Res\_Arm\_Cutting\_60A\Common\SyntecParam.xml
Res\_Arm\_Cutting\_60A\Common\string\SysParamCom_COM.xml
Res\_Arm\_Cutting\_60A\CHT\string\SysParamCht_COM.xml
Res\_Arm\_Cutting\_60A\CHS\string\SysParamChs_COM.xml
----------------------------------------------------------------------
Files that are found in folder Previous_res but NOT in folder Current_res :

----------------------------------------------------------------------
