Files that are found in folder Current_res but NOT in folder Previous_res :

Res\_Arm\_Scanning\_71A\Res\conveyoreng.pin
Res\_Arm\_Scanning\_71A\Res\roteng.pin
Res\_Arm\_Scanning\_71A\Res\rotposeng.pin
Res\_Arm\_Scanning\_71A\Common\string\SysAlarmMsgCom_Rot.Xml
Res\_Arm\_Scanning\_71A\Common\string\SysParamCom_Rot.Xml
Res\_Arm\_Scanning\_71A\CHT\string\SysAlarmMsgCht_Rot.Xml
Res\_Arm\_Scanning\_71A\CHT\string\SysParamCht_Rot.Xml
Res\_Arm\_Scanning\_71A\CHS\string\SysAlarmMsgChs_Rot.Xml
Res\_Arm\_Scanning\_71A\CHS\string\SysParamChs_Rot.Xml
Res\_Arm\_Scanning\_70B\Res\conveyoreng.pin
Res\_Arm\_Scanning\_70B\Res\roteng.pin
Res\_Arm\_Scanning\_70B\Res\rotposeng.pin
Res\_Arm\_Scanning\_70B\Common\string\SysAlarmMsgCom_Rot.Xml
Res\_Arm\_Scanning\_70B\Common\string\SysParamCom_Rot.Xml
Res\_Arm\_Scanning\_70B\CHT\string\SysAlarmMsgCht_Rot.Xml
Res\_Arm\_Scanning\_70B\CHT\string\SysParamCht_Rot.Xml
Res\_Arm\_Scanning\_70B\CHS\string\SysAlarmMsgChs_Rot.Xml
Res\_Arm\_Scanning\_70B\CHS\string\SysParamChs_Rot.Xml
Res\_Arm\_Scanning\_70A\Res\conveyoreng.pin
Res\_Arm\_PRINT\_60C\Res\roteng.pin
Res\_Arm\_PRINT\_60C\Res\rotposeng.pin
Res\_Arm\_PRINT\_60C\Common\string\SysAlarmMsgCom_Rot.Xml
Res\_Arm\_PRINT\_60C\Common\string\SysParamCom_Rot.Xml
Res\_Arm\_PRINT\_60C\CHT\string\SysAlarmMsgCht_Rot.Xml
Res\_Arm\_PRINT\_60C\CHT\string\SysParamCht_Rot.Xml
Res\_Arm\_PRINT\_60C\CHS\string\SysAlarmMsgChs_Rot.Xml
Res\_Arm\_PRINT\_60C\CHS\string\SysParamChs_Rot.Xml
Res\_Arm\_PRINT\_60B\Res\roteng.pin
Res\_Arm\_PRINT\_60B\Res\rotposeng.pin
Res\_Arm\_PRINT\_60B\Res\splcaeng.pin
Res\_Arm\_PRINT\_60B\Common\string\SysAlarmMsgCom_Rot.Xml
Res\_Arm\_PRINT\_60B\Common\string\SysAlarmMsgCom_SerialPLCAxis.Xml
Res\_Arm\_PRINT\_60B\Common\string\SysParamCom_Rot.Xml
Res\_Arm\_PRINT\_60B\Common\string\SysParamCom_SerialPLCAxis.Xml
Res\_Arm\_PRINT\_60B\CHT\string\SysAlarmMsgCht_Rot.Xml
Res\_Arm\_PRINT\_60B\CHT\string\SysAlarmMsgCht_SerialPLCAxis.Xml
Res\_Arm\_PRINT\_60B\CHT\string\SysParamCht_Rot.Xml
Res\_Arm\_PRINT\_60B\CHT\string\SysParamCht_SerialPLCAxis.Xml
Res\_Arm\_PRINT\_60B\CHS\string\SysAlarmMsgChs_Rot.Xml
Res\_Arm\_PRINT\_60B\CHS\string\SysAlarmMsgChs_SerialPLCAxis.Xml
Res\_Arm\_PRINT\_60B\CHS\string\SysParamChs_Rot.Xml
Res\_Arm\_PRINT\_60B\CHS\string\SysParamChs_SerialPLCAxis.Xml
Res\_Arm\_Lathe\_6A-E\Res\rotposeng.pin
Res\_Arm\_HC\_8E\Res\roteng.pin
Res\_Arm\_HC\_8E\Res\rotposeng.pin
Res\_Arm\_HC\_8E\Common\string\SysAlarmMsgCom_Rot.Xml
Res\_Arm\_HC\_8E\Common\string\SysParamCom_Rot.Xml
Res\_Arm\_HC\_8E\CHT\string\SysAlarmMsgCht_Rot.Xml
Res\_Arm\_HC\_8E\CHT\string\SysParamCht_Rot.Xml
Res\_Arm\_HC\_8E\CHS\string\SysAlarmMsgChs_Rot.Xml
Res\_Arm\_HC\_8E\CHS\string\SysParamChs_Rot.Xml
Res\_Arm\_HC\_8C-5\Res\roteng.pin
Res\_Arm\_HC\_8C-5\Res\rotposeng.pin
Res\_Arm\_HC\_8C-5\Common\string\SysAlarmMsgCom_Rot.Xml
Res\_Arm\_HC\_8C-5\Common\string\SysParamCom_Rot.Xml
Res\_Arm\_HC\_8C-5\CHT\string\SysAlarmMsgCht_Rot.Xml
Res\_Arm\_HC\_8C-5\CHT\string\SysParamCht_Rot.Xml
Res\_Arm\_HC\_8C-5\CHS\string\SysAlarmMsgChs_Rot.Xml
Res\_Arm\_HC\_8C-5\CHS\string\SysParamChs_Rot.Xml
Res\_Arm\_HC\_8C\Res\roteng.pin
Res\_Arm\_HC\_8C\Res\rotposeng.pin
Res\_Arm\_HC\_8C\Common\string\SysAlarmMsgCom_Rot.Xml
Res\_Arm\_HC\_8C\Common\string\SysParamCom_Rot.Xml
Res\_Arm\_HC\_8C\CHT\string\SysAlarmMsgCht_Rot.Xml
Res\_Arm\_HC\_8C\CHT\string\SysParamCht_Rot.Xml
Res\_Arm\_HC\_8C\CHS\string\SysAlarmMsgChs_Rot.Xml
Res\_Arm\_HC\_8C\CHS\string\SysParamChs_Rot.Xml
Res\_Arm\_HC\_8B\Res\roteng.pin
Res\_Arm\_HC\_8B\Res\rotposeng.pin
Res\_Arm\_HC\_8B\Common\string\SysAlarmMsgCom_Rot.Xml
Res\_Arm\_HC\_8B\Common\string\SysParamCom_Rot.Xml
Res\_Arm\_HC\_8B\CHT\string\SysAlarmMsgCht_Rot.Xml
Res\_Arm\_HC\_8B\CHT\string\SysParamCht_Rot.Xml
Res\_Arm\_HC\_8B\CHS\string\SysAlarmMsgChs_Rot.Xml
Res\_Arm\_HC\_8B\CHS\string\SysParamChs_Rot.Xml
Res\_Arm\_HC\_80MI\Res\roteng.pin
Res\_Arm\_HC\_80MI\Res\rotposeng.pin
Res\_Arm\_HC\_80MI\Common\string\SysAlarmMsgCom_Rot.Xml
Res\_Arm\_HC\_80MI\Common\string\SysParamCom_Rot.Xml
Res\_Arm\_HC\_80MI\CHT\string\SysAlarmMsgCht_Rot.Xml
Res\_Arm\_HC\_80MI\CHT\string\SysParamCht_Rot.Xml
Res\_Arm\_HC\_80MI\CHS\string\SysAlarmMsgChs_Rot.Xml
Res\_Arm\_HC\_80MI\CHS\string\SysParamChs_Rot.Xml
Res\_Arm\_HC\_80GM\Res\roteng.pin
Res\_Arm\_HC\_80GM\Res\rotposeng.pin
Res\_Arm\_HC\_80GM\Common\string\SysAlarmMsgCom_Rot.Xml
Res\_Arm\_HC\_80GM\Common\string\SysParamCom_Rot.Xml
Res\_Arm\_HC\_80GM\CHT\string\SysAlarmMsgCht_Rot.Xml
Res\_Arm\_HC\_80GM\CHT\string\SysParamCht_Rot.Xml
Res\_Arm\_HC\_80GM\CHS\string\SysAlarmMsgChs_Rot.Xml
Res\_Arm\_HC\_80GM\CHS\string\SysParamChs_Rot.Xml
Res\_Arm\_HC\_7C\Res\roteng.pin
Res\_Arm\_HC\_7C\Res\rotposeng.pin
Res\_Arm\_HC\_7C\Common\string\SysAlarmMsgCom_Rot.Xml
Res\_Arm\_HC\_7C\Common\string\SysParamCom_Rot.Xml
Res\_Arm\_HC\_7C\CHT\string\SysAlarmMsgCht_Rot.Xml
Res\_Arm\_HC\_7C\CHT\string\SysParamCht_Rot.Xml
Res\_Arm\_HC\_7C\CHS\string\SysAlarmMsgChs_Rot.Xml
Res\_Arm\_HC\_7C\CHS\string\SysParamChs_Rot.Xml
Res\_Arm\_HC\_15E\Res\roteng.pin
Res\_Arm\_HC\_15E\Res\rotposeng.pin
Res\_Arm\_HC\_15E\Common\string\SysAlarmMsgCom_Rot.Xml
Res\_Arm\_HC\_15E\Common\string\SysParamCom_Rot.Xml
Res\_Arm\_HC\_15E\CHT\string\SysAlarmMsgCht_Rot.Xml
Res\_Arm\_HC\_15E\CHT\string\SysParamCht_Rot.Xml
Res\_Arm\_HC\_15E\CHS\string\SysAlarmMsgChs_Rot.Xml
Res\_Arm\_HC\_15E\CHS\string\SysParamChs_Rot.Xml
Res\_Arm\_HC\_15C-5\Res\roteng.pin
Res\_Arm\_HC\_15C-5\Res\rotposeng.pin
Res\_Arm\_HC\_15C-5\Common\string\SysAlarmMsgCom_Rot.Xml
Res\_Arm\_HC\_15C-5\Common\string\SysParamCom_Rot.Xml
Res\_Arm\_HC\_15C-5\CHT\string\SysAlarmMsgCht_Rot.Xml
Res\_Arm\_HC\_15C-5\CHT\string\SysParamCht_Rot.Xml
Res\_Arm\_HC\_15C-5\CHS\string\SysAlarmMsgChs_Rot.Xml
Res\_Arm\_HC\_15C-5\CHS\string\SysParamChs_Rot.Xml
Res\_Arm\_HC\_15C\Res\roteng.pin
Res\_Arm\_HC\_15C\Res\rotposeng.pin
Res\_Arm\_HC\_15C\Common\string\SysAlarmMsgCom_Rot.Xml
Res\_Arm\_HC\_15C\Common\string\SysParamCom_Rot.Xml
Res\_Arm\_HC\_15C\CHT\string\SysAlarmMsgCht_Rot.Xml
Res\_Arm\_HC\_15C\CHT\string\SysParamCht_Rot.Xml
Res\_Arm\_HC\_15C\CHS\string\SysAlarmMsgChs_Rot.Xml
Res\_Arm\_HC\_15C\CHS\string\SysParamChs_Rot.Xml
Res\_Arm\_HC\_15B\Res\roteng.pin
Res\_Arm\_HC\_15B\Res\rotposeng.pin
Res\_Arm\_HC\_15B\Common\string\SysAlarmMsgCom_Rot.Xml
Res\_Arm\_HC\_15B\Common\string\SysParamCom_Rot.Xml
Res\_Arm\_HC\_15B\CHT\string\SysAlarmMsgCht_Rot.Xml
Res\_Arm\_HC\_15B\CHT\string\SysParamCht_Rot.Xml
Res\_Arm\_HC\_15B\CHS\string\SysAlarmMsgChs_Rot.Xml
Res\_Arm\_HC\_15B\CHS\string\SysParamChs_Rot.Xml
Res\_Arm\_HC\_12B\Res\roteng.pin
Res\_Arm\_HC\_12B\Res\rotposeng.pin
Res\_Arm\_HC\_12B\Common\string\SysAlarmMsgCom_Rot.Xml
Res\_Arm\_HC\_12B\Common\string\SysParamCom_Rot.Xml
Res\_Arm\_HC\_12B\CHT\string\SysAlarmMsgCht_Rot.Xml
Res\_Arm\_HC\_12B\CHT\string\SysParamCht_Rot.Xml
Res\_Arm\_HC\_12B\CHS\string\SysAlarmMsgChs_Rot.Xml
Res\_Arm\_HC\_12B\CHS\string\SysParamChs_Rot.Xml
Res\_Arm\_HC\_10E\Res\roteng.pin
Res\_Arm\_HC\_10E\Res\rotposeng.pin
Res\_Arm\_HC\_10E\Common\string\SysAlarmMsgCom_Rot.Xml
Res\_Arm\_HC\_10E\Common\string\SysParamCom_Rot.Xml
Res\_Arm\_HC\_10E\CHT\string\SysAlarmMsgCht_Rot.Xml
Res\_Arm\_HC\_10E\CHT\string\SysParamCht_Rot.Xml
Res\_Arm\_HC\_10E\CHS\string\SysAlarmMsgChs_Rot.Xml
Res\_Arm\_HC\_10E\CHS\string\SysParamChs_Rot.Xml
Res\_Arm\_HC\_10C-5\Res\roteng.pin
Res\_Arm\_HC\_10C-5\Res\rotposeng.pin
Res\_Arm\_HC\_10C-5\Common\string\SysAlarmMsgCom_Rot.Xml
Res\_Arm\_HC\_10C-5\Common\string\SysParamCom_Rot.Xml
Res\_Arm\_HC\_10C-5\CHT\string\SysAlarmMsgCht_Rot.Xml
Res\_Arm\_HC\_10C-5\CHT\string\SysParamCht_Rot.Xml
Res\_Arm\_HC\_10C-5\CHS\string\SysAlarmMsgChs_Rot.Xml
Res\_Arm\_HC\_10C-5\CHS\string\SysParamChs_Rot.Xml
Res\_Arm\_HC\_10C\Res\roteng.pin
Res\_Arm\_HC\_10C\Res\rotposeng.pin
Res\_Arm\_HC\_10C\Common\string\SysAlarmMsgCom_Rot.Xml
Res\_Arm\_HC\_10C\Common\string\SysParamCom_Rot.Xml
Res\_Arm\_HC\_10C\CHT\string\SysAlarmMsgCht_Rot.Xml
Res\_Arm\_HC\_10C\CHT\string\SysParamCht_Rot.Xml
Res\_Arm\_HC\_10C\CHS\string\SysAlarmMsgChs_Rot.Xml
Res\_Arm\_HC\_10C\CHS\string\SysParamChs_Rot.Xml
Res\_Arm\_HC\_10B\Res\roteng.pin
Res\_Arm\_HC\_10B\Res\rotposeng.pin
Res\_Arm\_HC\_10B\Common\string\SysAlarmMsgCom_Rot.Xml
Res\_Arm\_HC\_10B\Common\string\SysParamCom_Rot.Xml
Res\_Arm\_HC\_10B\CHT\string\SysAlarmMsgCht_Rot.Xml
Res\_Arm\_HC\_10B\CHT\string\SysParamCht_Rot.Xml
Res\_Arm\_HC\_10B\CHS\string\SysAlarmMsgChs_Rot.Xml
Res\_Arm\_HC\_10B\CHS\string\SysParamChs_Rot.Xml
Res\_Arm\_FC\_B-5\Res\rotposeng.pin
Res\_Arm\_Cutting\_70B-5\Res\roteng.pin
Res\_Arm\_Cutting\_70B-5\Res\rotposeng.pin
Res\_Arm\_Cutting\_70B-5\Common\string\SysAlarmMsgCom_Rot.Xml
Res\_Arm\_Cutting\_70B-5\Common\string\SysParamCom_Rot.Xml
Res\_Arm\_Cutting\_70B-5\CHT\string\SysAlarmMsgCht_Rot.Xml
Res\_Arm\_Cutting\_70B-5\CHT\string\SysParamCht_Rot.Xml
Res\_Arm\_Cutting\_70B-5\CHS\string\SysAlarmMsgChs_Rot.Xml
Res\_Arm\_Cutting\_70B-5\CHS\string\SysParamChs_Rot.Xml
Res\_Arm\_Cutting\_70B\Res\roteng.pin
Res\_Arm\_Cutting\_70B\Res\rotposeng.pin
Res\_Arm\_Cutting\_70B\Common\string\SysAlarmMsgCom_Rot.Xml
Res\_Arm\_Cutting\_70B\Common\string\SysParamCom_Rot.Xml
Res\_Arm\_Cutting\_70B\CHT\string\SysAlarmMsgCht_Rot.Xml
Res\_Arm\_Cutting\_70B\CHT\string\SysParamCht_Rot.Xml
Res\_Arm\_Cutting\_70B\CHS\string\SysAlarmMsgChs_Rot.Xml
Res\_Arm\_Cutting\_70B\CHS\string\SysParamChs_Rot.Xml
Res\_Arm\_Cutting\_70A\Res\roteng.pin
Res\_Arm\_Cutting\_70A\Res\rotposeng.pin
Res\_Arm\_Cutting\_70A\Common\string\SysAlarmMsgCom_Rot.Xml
Res\_Arm\_Cutting\_70A\Common\string\SysParamCom_Rot.Xml
Res\_Arm\_Cutting\_70A\CHT\string\SysAlarmMsgCht_Rot.Xml
Res\_Arm\_Cutting\_70A\CHT\string\SysParamCht_Rot.Xml
Res\_Arm\_Cutting\_70A\CHS\string\SysAlarmMsgChs_Rot.Xml
Res\_Arm\_Cutting\_70A\CHS\string\SysParamChs_Rot.Xml
----------------------------------------------------------------------
Files that are found in folder Previous_res but NOT in folder Current_res :

Res\_x86\_Mill\Common\string\SysAlarmMsgCom_CIP.Xml
Res\_x86\_Mill\Common\string\SysAlarmMsgCom_ENIP.Xml
Res\_x86\_Mill\CHT\string\SysAlarmMsgCht_CIP.Xml
Res\_x86\_Mill\CHT\string\SysAlarmMsgCht_ENIP.Xml
Res\_x86\_Mill\CHS\string\SysAlarmMsgChs_CIP.Xml
Res\_x86\_Mill\CHS\string\SysAlarmMsgChs_ENIP.Xml
Res\_x86\_Lathe\Common\string\SysAlarmMsgCom_CIP.Xml
Res\_x86\_Lathe\Common\string\SysAlarmMsgCom_ENIP.Xml
Res\_x86\_Lathe\CHT\string\SysAlarmMsgCht_CIP.Xml
Res\_x86\_Lathe\CHT\string\SysAlarmMsgCht_ENIP.Xml
Res\_x86\_Lathe\CHS\string\SysAlarmMsgChs_CIP.Xml
Res\_x86\_Lathe\CHS\string\SysAlarmMsgChs_ENIP.Xml
Res\_Arm\_WOOD\_610B-H\Common\string\SysAlarmMsgCom_CIP.Xml
Res\_Arm\_WOOD\_610B-H\Common\string\SysAlarmMsgCom_ENIP.Xml
Res\_Arm\_WOOD\_610B-H\CHT\string\SysAlarmMsgCht_CIP.Xml
Res\_Arm\_WOOD\_610B-H\CHT\string\SysAlarmMsgCht_ENIP.Xml
Res\_Arm\_WOOD\_610B-H\CHS\string\SysAlarmMsgChs_CIP.Xml
Res\_Arm\_WOOD\_610B-H\CHS\string\SysAlarmMsgChs_ENIP.Xml
Res\_Arm\_WOOD\_610A-H\Common\string\SysAlarmMsgCom_CIP.Xml
Res\_Arm\_WOOD\_610A-H\Common\string\SysAlarmMsgCom_ENIP.Xml
Res\_Arm\_WOOD\_610A-H\CHT\string\SysAlarmMsgCht_CIP.Xml
Res\_Arm\_WOOD\_610A-H\CHT\string\SysAlarmMsgCht_ENIP.Xml
Res\_Arm\_WOOD\_610A-H\CHS\string\SysAlarmMsgChs_CIP.Xml
Res\_Arm\_WOOD\_610A-H\CHS\string\SysAlarmMsgChs_ENIP.Xml
Res\_Arm\_WOOD\_60A\Common\string\SysAlarmMsgCom_CIP.Xml
Res\_Arm\_WOOD\_60A\Common\string\SysAlarmMsgCom_ENIP.Xml
Res\_Arm\_WOOD\_60A\CHT\string\SysAlarmMsgCht_CIP.Xml
Res\_Arm\_WOOD\_60A\CHT\string\SysAlarmMsgCht_ENIP.Xml
Res\_Arm\_WOOD\_60A\CHS\string\SysAlarmMsgChs_CIP.Xml
Res\_Arm\_WOOD\_60A\CHS\string\SysAlarmMsgChs_ENIP.Xml
Res\_Arm\_SCARA\_HHB\Common\string\SysAlarmMsgCom_CIP.Xml
Res\_Arm\_SCARA\_HHB\Common\string\SysAlarmMsgCom_ENIP.Xml
Res\_Arm\_SCARA\_HHB\CHT\string\SysAlarmMsgCht_CIP.Xml
Res\_Arm\_SCARA\_HHB\CHT\string\SysAlarmMsgCht_ENIP.Xml
Res\_Arm\_SCARA\_HHB\CHS\string\SysAlarmMsgChs_CIP.Xml
Res\_Arm\_SCARA\_HHB\CHS\string\SysAlarmMsgChs_ENIP.Xml
Res\_Arm\_SCARA\_81R\Common\string\SysAlarmMsgCom_CIP.Xml
Res\_Arm\_SCARA\_81R\Common\string\SysAlarmMsgCom_ENIP.Xml
Res\_Arm\_SCARA\_81R\CHT\string\SysAlarmMsgCht_CIP.Xml
Res\_Arm\_SCARA\_81R\CHT\string\SysAlarmMsgCht_ENIP.Xml
Res\_Arm\_SCARA\_81R\CHS\string\SysAlarmMsgChs_CIP.Xml
Res\_Arm\_SCARA\_81R\CHS\string\SysAlarmMsgChs_ENIP.Xml
Res\_Arm\_SCARA\_80R\Common\string\SysAlarmMsgCom_CIP.Xml
Res\_Arm\_SCARA\_80R\Common\string\SysAlarmMsgCom_ENIP.Xml
Res\_Arm\_SCARA\_80R\CHT\string\SysAlarmMsgCht_CIP.Xml
Res\_Arm\_SCARA\_80R\CHT\string\SysAlarmMsgCht_ENIP.Xml
Res\_Arm\_SCARA\_80R\CHS\string\SysAlarmMsgChs_CIP.Xml
Res\_Arm\_SCARA\_80R\CHS\string\SysAlarmMsgChs_ENIP.Xml
Res\_Arm\_Scanning\_71A\Common\string\SysAlarmMsgCom_CIP.Xml
Res\_Arm\_Scanning\_71A\Common\string\SysAlarmMsgCom_ENIP.Xml
Res\_Arm\_Scanning\_71A\CHT\string\SysAlarmMsgCht_CIP.Xml
Res\_Arm\_Scanning\_71A\CHT\string\SysAlarmMsgCht_ENIP.Xml
Res\_Arm\_Scanning\_71A\CHS\string\SysAlarmMsgChs_CIP.Xml
Res\_Arm\_Scanning\_71A\CHS\string\SysAlarmMsgChs_ENIP.Xml
Res\_Arm\_Scanning\_70B\Common\string\SysAlarmMsgCom_CIP.Xml
Res\_Arm\_Scanning\_70B\Common\string\SysAlarmMsgCom_ENIP.Xml
Res\_Arm\_Scanning\_70B\CHT\string\SysAlarmMsgCht_CIP.Xml
Res\_Arm\_Scanning\_70B\CHT\string\SysAlarmMsgCht_ENIP.Xml
Res\_Arm\_Scanning\_70B\CHS\string\SysAlarmMsgChs_CIP.Xml
Res\_Arm\_Scanning\_70B\CHS\string\SysAlarmMsgChs_ENIP.Xml
Res\_Arm\_Scanning\_70A\Common\string\SysAlarmMsgCom_CIP.Xml
Res\_Arm\_Scanning\_70A\Common\string\SysAlarmMsgCom_ENIP.Xml
Res\_Arm\_Scanning\_70A\CHT\string\SysAlarmMsgCht_CIP.Xml
Res\_Arm\_Scanning\_70A\CHT\string\SysAlarmMsgCht_ENIP.Xml
Res\_Arm\_Scanning\_70A\CHS\string\SysAlarmMsgChs_CIP.Xml
Res\_Arm\_Scanning\_70A\CHS\string\SysAlarmMsgChs_ENIP.Xml
Res\_Arm\_PRINT\_60C\Common\string\SysAlarmMsgCom_CIP.Xml
Res\_Arm\_PRINT\_60C\Common\string\SysAlarmMsgCom_ENIP.Xml
Res\_Arm\_PRINT\_60C\CHT\string\SysAlarmMsgCht_CIP.Xml
Res\_Arm\_PRINT\_60C\CHT\string\SysAlarmMsgCht_ENIP.Xml
Res\_Arm\_PRINT\_60C\CHS\string\SysAlarmMsgChs_CIP.Xml
Res\_Arm\_PRINT\_60C\CHS\string\SysAlarmMsgChs_ENIP.Xml
Res\_Arm\_PRINT\_60B\Common\string\SysAlarmMsgCom_CIP.Xml
Res\_Arm\_PRINT\_60B\Common\string\SysAlarmMsgCom_ENIP.Xml
Res\_Arm\_PRINT\_60B\CHT\string\SysAlarmMsgCht_CIP.Xml
Res\_Arm\_PRINT\_60B\CHT\string\SysAlarmMsgCht_ENIP.Xml
Res\_Arm\_PRINT\_60B\CHS\string\SysAlarmMsgChs_CIP.Xml
Res\_Arm\_PRINT\_60B\CHS\string\SysAlarmMsgChs_ENIP.Xml
Res\_Arm\_Mill\_SUPER-X\Common\string\SysAlarmMsgCom_CIP.Xml
Res\_Arm\_Mill\_SUPER-X\Common\string\SysAlarmMsgCom_ENIP.Xml
Res\_Arm\_Mill\_SUPER-X\CHT\string\SysAlarmMsgCht_CIP.Xml
Res\_Arm\_Mill\_SUPER-X\CHT\string\SysAlarmMsgCht_ENIP.Xml
Res\_Arm\_Mill\_SUPER-X\CHS\string\SysAlarmMsgChs_CIP.Xml
Res\_Arm\_Mill\_SUPER-X\CHS\string\SysAlarmMsgChs_ENIP.Xml
Res\_Arm\_Mill\_7A\Common\string\SysAlarmMsgCom_CIP.Xml
Res\_Arm\_Mill\_7A\Common\string\SysAlarmMsgCom_ENIP.Xml
Res\_Arm\_Mill\_7A\CHT\string\SysAlarmMsgCht_CIP.Xml
Res\_Arm\_Mill\_7A\CHT\string\SysAlarmMsgCht_ENIP.Xml
Res\_Arm\_Mill\_7A\CHS\string\SysAlarmMsgChs_CIP.Xml
Res\_Arm\_Mill\_7A\CHS\string\SysAlarmMsgChs_ENIP.Xml
Res\_Arm\_Mill\_6D-H\Common\string\SysAlarmMsgCom_CIP.Xml
Res\_Arm\_Mill\_6D-H\Common\string\SysAlarmMsgCom_ENIP.Xml
Res\_Arm\_Mill\_6D-H\CHT\string\SysAlarmMsgCht_CIP.Xml
Res\_Arm\_Mill\_6D-H\CHT\string\SysAlarmMsgCht_ENIP.Xml
Res\_Arm\_Mill\_6D-H\CHS\string\SysAlarmMsgChs_CIP.Xml
Res\_Arm\_Mill\_6D-H\CHS\string\SysAlarmMsgChs_ENIP.Xml
Res\_Arm\_Mill\_6D\Common\string\SysAlarmMsgCom_CIP.Xml
Res\_Arm\_Mill\_6D\Common\string\SysAlarmMsgCom_ENIP.Xml
Res\_Arm\_Mill\_6D\CHT\string\SysAlarmMsgCht_CIP.Xml
Res\_Arm\_Mill\_6D\CHT\string\SysAlarmMsgCht_ENIP.Xml
Res\_Arm\_Mill\_6D\CHS\string\SysAlarmMsgChs_CIP.Xml
Res\_Arm\_Mill\_6D\CHS\string\SysAlarmMsgChs_ENIP.Xml
Res\_Arm\_Mill\_6B-E\Common\string\SysAlarmMsgCom_CIP.Xml
Res\_Arm\_Mill\_6B-E\Common\string\SysAlarmMsgCom_ENIP.Xml
Res\_Arm\_Mill\_6B-E\CHT\string\SysAlarmMsgCht_CIP.Xml
Res\_Arm\_Mill\_6B-E\CHT\string\SysAlarmMsgCht_ENIP.Xml
Res\_Arm\_Mill\_6B-E\CHS\string\SysAlarmMsgChs_CIP.Xml
Res\_Arm\_Mill\_6B-E\CHS\string\SysAlarmMsgChs_ENIP.Xml
Res\_Arm\_Mill\_6B\Common\string\SysAlarmMsgCom_CIP.Xml
Res\_Arm\_Mill\_6B\Common\string\SysAlarmMsgCom_ENIP.Xml
Res\_Arm\_Mill\_6B\CHT\string\SysAlarmMsgCht_CIP.Xml
Res\_Arm\_Mill\_6B\CHT\string\SysAlarmMsgCht_ENIP.Xml
Res\_Arm\_Mill\_6B\CHS\string\SysAlarmMsgChs_CIP.Xml
Res\_Arm\_Mill\_6B\CHS\string\SysAlarmMsgChs_ENIP.Xml
Res\_Arm\_Mill\_6A-E\Common\string\SysAlarmMsgCom_CIP.Xml
Res\_Arm\_Mill\_6A-E\Common\string\SysAlarmMsgCom_ENIP.Xml
Res\_Arm\_Mill\_6A-E\CHT\string\SysAlarmMsgCht_CIP.Xml
Res\_Arm\_Mill\_6A-E\CHT\string\SysAlarmMsgCht_ENIP.Xml
Res\_Arm\_Mill\_6A-E\CHS\string\SysAlarmMsgChs_CIP.Xml
Res\_Arm\_Mill\_6A-E\CHS\string\SysAlarmMsgChs_ENIP.Xml
Res\_Arm\_Mill\_6A\Common\string\SysAlarmMsgCom_CIP.Xml
Res\_Arm\_Mill\_6A\Common\string\SysAlarmMsgCom_ENIP.Xml
Res\_Arm\_Mill\_6A\CHT\string\SysAlarmMsgCht_CIP.Xml
Res\_Arm\_Mill\_6A\CHT\string\SysAlarmMsgCht_ENIP.Xml
Res\_Arm\_Mill\_6A\CHS\string\SysAlarmMsgChs_CIP.Xml
Res\_Arm\_Mill\_6A\CHS\string\SysAlarmMsgChs_ENIP.Xml
Res\_Arm\_Mill\_30GM\Common\string\SysAlarmMsgCom_CIP.Xml
Res\_Arm\_Mill\_30GM\Common\string\SysAlarmMsgCom_ENIP.Xml
Res\_Arm\_Mill\_30GM\CHT\string\SysAlarmMsgCht_CIP.Xml
Res\_Arm\_Mill\_30GM\CHT\string\SysAlarmMsgCht_ENIP.Xml
Res\_Arm\_Mill\_30GM\CHS\string\SysAlarmMsgChs_CIP.Xml
Res\_Arm\_Mill\_30GM\CHS\string\SysAlarmMsgChs_ENIP.Xml
Res\_Arm\_Mill\_22A\Common\string\SysAlarmMsgCom_CIP.Xml
Res\_Arm\_Mill\_22A\Common\string\SysAlarmMsgCom_ENIP.Xml
Res\_Arm\_Mill\_22A\CHT\string\SysAlarmMsgCht_CIP.Xml
Res\_Arm\_Mill\_22A\CHT\string\SysAlarmMsgCht_ENIP.Xml
Res\_Arm\_Mill\_22A\CHS\string\SysAlarmMsgChs_CIP.Xml
Res\_Arm\_Mill\_22A\CHS\string\SysAlarmMsgChs_ENIP.Xml
Res\_Arm\_Mill\_220B-5\Common\string\SysAlarmMsgCom_CIP.Xml
Res\_Arm\_Mill\_220B-5\Common\string\SysAlarmMsgCom_ENIP.Xml
Res\_Arm\_Mill\_220B-5\CHT\string\SysAlarmMsgCht_CIP.Xml
Res\_Arm\_Mill\_220B-5\CHT\string\SysAlarmMsgCht_ENIP.Xml
Res\_Arm\_Mill\_220B-5\CHS\string\SysAlarmMsgChs_CIP.Xml
Res\_Arm\_Mill\_220B-5\CHS\string\SysAlarmMsgChs_ENIP.Xml
Res\_Arm\_Mill\_220B\Common\string\SysAlarmMsgCom_CIP.Xml
Res\_Arm\_Mill\_220B\Common\string\SysAlarmMsgCom_ENIP.Xml
Res\_Arm\_Mill\_220B\CHT\string\SysAlarmMsgCht_CIP.Xml
Res\_Arm\_Mill\_220B\CHT\string\SysAlarmMsgCht_ENIP.Xml
Res\_Arm\_Mill\_220B\CHS\string\SysAlarmMsgChs_CIP.Xml
Res\_Arm\_Mill\_220B\CHS\string\SysAlarmMsgChs_ENIP.Xml
Res\_Arm\_Mill\_220A-5\Common\string\SysAlarmMsgCom_CIP.Xml
Res\_Arm\_Mill\_220A-5\Common\string\SysAlarmMsgCom_ENIP.Xml
Res\_Arm\_Mill\_220A-5\CHT\string\SysAlarmMsgCht_CIP.Xml
Res\_Arm\_Mill\_220A-5\CHT\string\SysAlarmMsgCht_ENIP.Xml
Res\_Arm\_Mill\_220A-5\CHS\string\SysAlarmMsgChs_CIP.Xml
Res\_Arm\_Mill\_220A-5\CHS\string\SysAlarmMsgChs_ENIP.Xml
Res\_Arm\_Mill\_220A\Common\string\SysAlarmMsgCom_CIP.Xml
Res\_Arm\_Mill\_220A\Common\string\SysAlarmMsgCom_ENIP.Xml
Res\_Arm\_Mill\_220A\CHT\string\SysAlarmMsgCht_CIP.Xml
Res\_Arm\_Mill\_220A\CHT\string\SysAlarmMsgCht_ENIP.Xml
Res\_Arm\_Mill\_220A\CHS\string\SysAlarmMsgChs_CIP.Xml
Res\_Arm\_Mill\_220A\CHS\string\SysAlarmMsgChs_ENIP.Xml
Res\_Arm\_Mill\_21A-X\Common\string\SysAlarmMsgCom_CIP.Xml
Res\_Arm\_Mill\_21A-X\Common\string\SysAlarmMsgCom_ENIP.Xml
Res\_Arm\_Mill\_21A-X\CHT\string\SysAlarmMsgCht_CIP.Xml
Res\_Arm\_Mill\_21A-X\CHT\string\SysAlarmMsgCht_ENIP.Xml
Res\_Arm\_Mill\_21A-X\CHS\string\SysAlarmMsgChs_CIP.Xml
Res\_Arm\_Mill\_21A-X\CHS\string\SysAlarmMsgChs_ENIP.Xml
Res\_Arm\_Mill\_21A-H\Common\string\SysAlarmMsgCom_CIP.Xml
Res\_Arm\_Mill\_21A-H\Common\string\SysAlarmMsgCom_ENIP.Xml
Res\_Arm\_Mill\_21A-H\CHT\string\SysAlarmMsgCht_CIP.Xml
Res\_Arm\_Mill\_21A-H\CHT\string\SysAlarmMsgCht_ENIP.Xml
Res\_Arm\_Mill\_21A-H\CHS\string\SysAlarmMsgChs_CIP.Xml
Res\_Arm\_Mill\_21A-H\CHS\string\SysAlarmMsgChs_ENIP.Xml
Res\_Arm\_Mill\_21A-E\Common\string\SysAlarmMsgCom_CIP.Xml
Res\_Arm\_Mill\_21A-E\Common\string\SysAlarmMsgCom_ENIP.Xml
Res\_Arm\_Mill\_21A-E\CHT\string\SysAlarmMsgCht_CIP.Xml
Res\_Arm\_Mill\_21A-E\CHT\string\SysAlarmMsgCht_ENIP.Xml
Res\_Arm\_Mill\_21A-E\CHS\string\SysAlarmMsgChs_CIP.Xml
Res\_Arm\_Mill\_21A-E\CHS\string\SysAlarmMsgChs_ENIP.Xml
Res\_Arm\_Mill\_21A\Common\string\SysAlarmMsgCom_CIP.Xml
Res\_Arm\_Mill\_21A\Common\string\SysAlarmMsgCom_ENIP.Xml
Res\_Arm\_Mill\_21A\CHT\string\SysAlarmMsgCht_CIP.Xml
Res\_Arm\_Mill\_21A\CHT\string\SysAlarmMsgCht_ENIP.Xml
Res\_Arm\_Mill\_21A\CHS\string\SysAlarmMsgChs_CIP.Xml
Res\_Arm\_Mill\_21A\CHS\string\SysAlarmMsgChs_ENIP.Xml
Res\_Arm\_Mill\_210B-H5\Common\string\SysAlarmMsgCom_CIP.Xml
Res\_Arm\_Mill\_210B-H5\Common\string\SysAlarmMsgCom_ENIP.Xml
Res\_Arm\_Mill\_210B-H5\CHT\string\SysAlarmMsgCht_CIP.Xml
Res\_Arm\_Mill\_210B-H5\CHT\string\SysAlarmMsgCht_ENIP.Xml
Res\_Arm\_Mill\_210B-H5\CHS\string\SysAlarmMsgChs_CIP.Xml
Res\_Arm\_Mill\_210B-H5\CHS\string\SysAlarmMsgChs_ENIP.Xml
Res\_Arm\_Mill\_210B-H\Common\string\SysAlarmMsgCom_CIP.Xml
Res\_Arm\_Mill\_210B-H\Common\string\SysAlarmMsgCom_ENIP.Xml
Res\_Arm\_Mill\_210B-H\CHT\string\SysAlarmMsgCht_CIP.Xml
Res\_Arm\_Mill\_210B-H\CHT\string\SysAlarmMsgCht_ENIP.Xml
Res\_Arm\_Mill\_210B-H\CHS\string\SysAlarmMsgChs_CIP.Xml
Res\_Arm\_Mill\_210B-H\CHS\string\SysAlarmMsgChs_ENIP.Xml
Res\_Arm\_Mill\_210A-H5\Common\string\SysAlarmMsgCom_CIP.Xml
Res\_Arm\_Mill\_210A-H5\Common\string\SysAlarmMsgCom_ENIP.Xml
Res\_Arm\_Mill\_210A-H5\CHT\string\SysAlarmMsgCht_CIP.Xml
Res\_Arm\_Mill\_210A-H5\CHT\string\SysAlarmMsgCht_ENIP.Xml
Res\_Arm\_Mill\_210A-H5\CHS\string\SysAlarmMsgChs_CIP.Xml
Res\_Arm\_Mill\_210A-H5\CHS\string\SysAlarmMsgChs_ENIP.Xml
Res\_Arm\_Mill\_210A-H\Common\string\SysAlarmMsgCom_CIP.Xml
Res\_Arm\_Mill\_210A-H\Common\string\SysAlarmMsgCom_ENIP.Xml
Res\_Arm\_Mill\_210A-H\CHT\string\SysAlarmMsgCht_CIP.Xml
Res\_Arm\_Mill\_210A-H\CHT\string\SysAlarmMsgCht_ENIP.Xml
Res\_Arm\_Mill\_210A-H\CHS\string\SysAlarmMsgChs_CIP.Xml
Res\_Arm\_Mill\_210A-H\CHS\string\SysAlarmMsgChs_ENIP.Xml
Res\_Arm\_Mill\_200B-X5\Common\string\SysAlarmMsgCom_CIP.Xml
Res\_Arm\_Mill\_200B-X5\Common\string\SysAlarmMsgCom_ENIP.Xml
Res\_Arm\_Mill\_200B-X5\CHT\string\SysAlarmMsgCht_CIP.Xml
Res\_Arm\_Mill\_200B-X5\CHT\string\SysAlarmMsgCht_ENIP.Xml
Res\_Arm\_Mill\_200B-X5\CHS\string\SysAlarmMsgChs_CIP.Xml
Res\_Arm\_Mill\_200B-X5\CHS\string\SysAlarmMsgChs_ENIP.Xml
Res\_Arm\_Mill\_200B-X\Common\string\SysAlarmMsgCom_CIP.Xml
Res\_Arm\_Mill\_200B-X\Common\string\SysAlarmMsgCom_ENIP.Xml
Res\_Arm\_Mill\_200B-X\CHT\string\SysAlarmMsgCht_CIP.Xml
Res\_Arm\_Mill\_200B-X\CHT\string\SysAlarmMsgCht_ENIP.Xml
Res\_Arm\_Mill\_200B-X\CHS\string\SysAlarmMsgChs_CIP.Xml
Res\_Arm\_Mill\_200B-X\CHS\string\SysAlarmMsgChs_ENIP.Xml
Res\_Arm\_Mill\_200A-X5\Common\string\SysAlarmMsgCom_CIP.Xml
Res\_Arm\_Mill\_200A-X5\Common\string\SysAlarmMsgCom_ENIP.Xml
Res\_Arm\_Mill\_200A-X5\CHT\string\SysAlarmMsgCht_CIP.Xml
Res\_Arm\_Mill\_200A-X5\CHT\string\SysAlarmMsgCht_ENIP.Xml
Res\_Arm\_Mill\_200A-X5\CHS\string\SysAlarmMsgChs_CIP.Xml
Res\_Arm\_Mill\_200A-X5\CHS\string\SysAlarmMsgChs_ENIP.Xml
Res\_Arm\_Mill\_200A-X\Common\string\SysAlarmMsgCom_CIP.Xml
Res\_Arm\_Mill\_200A-X\Common\string\SysAlarmMsgCom_ENIP.Xml
Res\_Arm\_Mill\_200A-X\CHT\string\SysAlarmMsgCht_CIP.Xml
Res\_Arm\_Mill\_200A-X\CHT\string\SysAlarmMsgCht_ENIP.Xml
Res\_Arm\_Mill\_200A-X\CHS\string\SysAlarmMsgChs_CIP.Xml
Res\_Arm\_Mill\_200A-X\CHS\string\SysAlarmMsgChs_ENIP.Xml
Res\_Arm\_Mill\_11B-X\Common\string\SysAlarmMsgCom_CIP.Xml
Res\_Arm\_Mill\_11B-X\Common\string\SysAlarmMsgCom_ENIP.Xml
Res\_Arm\_Mill\_11B-X\CHT\string\SysAlarmMsgCht_CIP.Xml
Res\_Arm\_Mill\_11B-X\CHT\string\SysAlarmMsgCht_ENIP.Xml
Res\_Arm\_Mill\_11B-X\CHS\string\SysAlarmMsgChs_CIP.Xml
Res\_Arm\_Mill\_11B-X\CHS\string\SysAlarmMsgChs_ENIP.Xml
Res\_Arm\_Mill\_11B\Common\string\SysAlarmMsgCom_CIP.Xml
Res\_Arm\_Mill\_11B\Common\string\SysAlarmMsgCom_ENIP.Xml
Res\_Arm\_Mill\_11B\CHT\string\SysAlarmMsgCht_CIP.Xml
Res\_Arm\_Mill\_11B\CHT\string\SysAlarmMsgCht_ENIP.Xml
Res\_Arm\_Mill\_11B\CHS\string\SysAlarmMsgChs_CIP.Xml
Res\_Arm\_Mill\_11B\CHS\string\SysAlarmMsgChs_ENIP.Xml
Res\_Arm\_Mill\_11A-X\Common\string\SysAlarmMsgCom_CIP.Xml
Res\_Arm\_Mill\_11A-X\Common\string\SysAlarmMsgCom_ENIP.Xml
Res\_Arm\_Mill\_11A-X\CHT\string\SysAlarmMsgCht_CIP.Xml
Res\_Arm\_Mill\_11A-X\CHT\string\SysAlarmMsgCht_ENIP.Xml
Res\_Arm\_Mill\_11A-X\CHS\string\SysAlarmMsgChs_CIP.Xml
Res\_Arm\_Mill\_11A-X\CHS\string\SysAlarmMsgChs_ENIP.Xml
Res\_Arm\_Mill\_11A\Common\string\SysAlarmMsgCom_CIP.Xml
Res\_Arm\_Mill\_11A\Common\string\SysAlarmMsgCom_ENIP.Xml
Res\_Arm\_Mill\_11A\CHT\string\SysAlarmMsgCht_CIP.Xml
Res\_Arm\_Mill\_11A\CHT\string\SysAlarmMsgCht_ENIP.Xml
Res\_Arm\_Mill\_11A\CHS\string\SysAlarmMsgChs_CIP.Xml
Res\_Arm\_Mill\_11A\CHS\string\SysAlarmMsgChs_ENIP.Xml
Res\_Arm\_Lathe\_SUPER-X\Common\string\SysAlarmMsgCom_CIP.Xml
Res\_Arm\_Lathe\_SUPER-X\Common\string\SysAlarmMsgCom_ENIP.Xml
Res\_Arm\_Lathe\_SUPER-X\CHT\string\SysAlarmMsgCht_CIP.Xml
Res\_Arm\_Lathe\_SUPER-X\CHT\string\SysAlarmMsgCht_ENIP.Xml
Res\_Arm\_Lathe\_SUPER-X\CHS\string\SysAlarmMsgChs_CIP.Xml
Res\_Arm\_Lathe\_SUPER-X\CHS\string\SysAlarmMsgChs_ENIP.Xml
Res\_Arm\_Lathe\_7A\Common\string\SysAlarmMsgCom_CIP.Xml
Res\_Arm\_Lathe\_7A\Common\string\SysAlarmMsgCom_ENIP.Xml
Res\_Arm\_Lathe\_7A\CHT\string\SysAlarmMsgCht_CIP.Xml
Res\_Arm\_Lathe\_7A\CHT\string\SysAlarmMsgCht_ENIP.Xml
Res\_Arm\_Lathe\_7A\CHS\string\SysAlarmMsgChs_CIP.Xml
Res\_Arm\_Lathe\_7A\CHS\string\SysAlarmMsgChs_ENIP.Xml
Res\_Arm\_Lathe\_6B\Common\string\SysAlarmMsgCom_CIP.Xml
Res\_Arm\_Lathe\_6B\Common\string\SysAlarmMsgCom_ENIP.Xml
Res\_Arm\_Lathe\_6B\CHT\string\SysAlarmMsgCht_CIP.Xml
Res\_Arm\_Lathe\_6B\CHT\string\SysAlarmMsgCht_ENIP.Xml
Res\_Arm\_Lathe\_6B\CHS\string\SysAlarmMsgChs_CIP.Xml
Res\_Arm\_Lathe\_6B\CHS\string\SysAlarmMsgChs_ENIP.Xml
Res\_Arm\_Lathe\_6A-E\Common\string\SysAlarmMsgCom_CIP.Xml
Res\_Arm\_Lathe\_6A-E\Common\string\SysAlarmMsgCom_ENIP.Xml
Res\_Arm\_Lathe\_6A-E\CHT\string\SysAlarmMsgCht_CIP.Xml
Res\_Arm\_Lathe\_6A-E\CHT\string\SysAlarmMsgCht_ENIP.Xml
Res\_Arm\_Lathe\_6A-E\CHS\string\SysAlarmMsgChs_CIP.Xml
Res\_Arm\_Lathe\_6A-E\CHS\string\SysAlarmMsgChs_ENIP.Xml
Res\_Arm\_Lathe\_6A\Common\string\SysAlarmMsgCom_CIP.Xml
Res\_Arm\_Lathe\_6A\Common\string\SysAlarmMsgCom_ENIP.Xml
Res\_Arm\_Lathe\_6A\CHT\string\SysAlarmMsgCht_CIP.Xml
Res\_Arm\_Lathe\_6A\CHT\string\SysAlarmMsgCht_ENIP.Xml
Res\_Arm\_Lathe\_6A\CHS\string\SysAlarmMsgChs_CIP.Xml
Res\_Arm\_Lathe\_6A\CHS\string\SysAlarmMsgChs_ENIP.Xml
Res\_Arm\_Lathe\_22B\Common\string\SysAlarmMsgCom_CIP.Xml
Res\_Arm\_Lathe\_22B\Common\string\SysAlarmMsgCom_ENIP.Xml
Res\_Arm\_Lathe\_22B\CHT\string\SysAlarmMsgCht_CIP.Xml
Res\_Arm\_Lathe\_22B\CHT\string\SysAlarmMsgCht_ENIP.Xml
Res\_Arm\_Lathe\_22B\CHS\string\SysAlarmMsgChs_CIP.Xml
Res\_Arm\_Lathe\_22B\CHS\string\SysAlarmMsgChs_ENIP.Xml
Res\_Arm\_Lathe\_22A\Common\string\SysAlarmMsgCom_CIP.Xml
Res\_Arm\_Lathe\_22A\Common\string\SysAlarmMsgCom_ENIP.Xml
Res\_Arm\_Lathe\_22A\CHT\string\SysAlarmMsgCht_CIP.Xml
Res\_Arm\_Lathe\_22A\CHT\string\SysAlarmMsgCht_ENIP.Xml
Res\_Arm\_Lathe\_22A\CHS\string\SysAlarmMsgChs_CIP.Xml
Res\_Arm\_Lathe\_22A\CHS\string\SysAlarmMsgChs_ENIP.Xml
Res\_Arm\_Lathe\_220B-5\Common\string\SysAlarmMsgCom_CIP.Xml
Res\_Arm\_Lathe\_220B-5\Common\string\SysAlarmMsgCom_ENIP.Xml
Res\_Arm\_Lathe\_220B-5\CHT\string\SysAlarmMsgCht_CIP.Xml
Res\_Arm\_Lathe\_220B-5\CHT\string\SysAlarmMsgCht_ENIP.Xml
Res\_Arm\_Lathe\_220B-5\CHS\string\SysAlarmMsgChs_CIP.Xml
Res\_Arm\_Lathe\_220B-5\CHS\string\SysAlarmMsgChs_ENIP.Xml
Res\_Arm\_Lathe\_220B\Common\string\SysAlarmMsgCom_CIP.Xml
Res\_Arm\_Lathe\_220B\Common\string\SysAlarmMsgCom_ENIP.Xml
Res\_Arm\_Lathe\_220B\CHT\string\SysAlarmMsgCht_CIP.Xml
Res\_Arm\_Lathe\_220B\CHT\string\SysAlarmMsgCht_ENIP.Xml
Res\_Arm\_Lathe\_220B\CHS\string\SysAlarmMsgChs_CIP.Xml
Res\_Arm\_Lathe\_220B\CHS\string\SysAlarmMsgChs_ENIP.Xml
Res\_Arm\_Lathe\_21B-X\Common\string\SysAlarmMsgCom_CIP.Xml
Res\_Arm\_Lathe\_21B-X\Common\string\SysAlarmMsgCom_ENIP.Xml
Res\_Arm\_Lathe\_21B-X\CHT\string\SysAlarmMsgCht_CIP.Xml
Res\_Arm\_Lathe\_21B-X\CHT\string\SysAlarmMsgCht_ENIP.Xml
Res\_Arm\_Lathe\_21B-X\CHS\string\SysAlarmMsgChs_CIP.Xml
Res\_Arm\_Lathe\_21B-X\CHS\string\SysAlarmMsgChs_ENIP.Xml
Res\_Arm\_Lathe\_21B-H\Common\string\SysAlarmMsgCom_CIP.Xml
Res\_Arm\_Lathe\_21B-H\Common\string\SysAlarmMsgCom_ENIP.Xml
Res\_Arm\_Lathe\_21B-H\CHT\string\SysAlarmMsgCht_CIP.Xml
Res\_Arm\_Lathe\_21B-H\CHT\string\SysAlarmMsgCht_ENIP.Xml
Res\_Arm\_Lathe\_21B-H\CHS\string\SysAlarmMsgChs_CIP.Xml
Res\_Arm\_Lathe\_21B-H\CHS\string\SysAlarmMsgChs_ENIP.Xml
Res\_Arm\_Lathe\_21B-E\Common\string\SysAlarmMsgCom_CIP.Xml
Res\_Arm\_Lathe\_21B-E\Common\string\SysAlarmMsgCom_ENIP.Xml
Res\_Arm\_Lathe\_21B-E\CHT\string\SysAlarmMsgCht_CIP.Xml
Res\_Arm\_Lathe\_21B-E\CHT\string\SysAlarmMsgCht_ENIP.Xml
Res\_Arm\_Lathe\_21B-E\CHS\string\SysAlarmMsgChs_CIP.Xml
Res\_Arm\_Lathe\_21B-E\CHS\string\SysAlarmMsgChs_ENIP.Xml
Res\_Arm\_Lathe\_21B\Common\string\SysAlarmMsgCom_CIP.Xml
Res\_Arm\_Lathe\_21B\Common\string\SysAlarmMsgCom_ENIP.Xml
Res\_Arm\_Lathe\_21B\CHT\string\SysAlarmMsgCht_CIP.Xml
Res\_Arm\_Lathe\_21B\CHT\string\SysAlarmMsgCht_ENIP.Xml
Res\_Arm\_Lathe\_21B\CHS\string\SysAlarmMsgChs_CIP.Xml
Res\_Arm\_Lathe\_21B\CHS\string\SysAlarmMsgChs_ENIP.Xml
Res\_Arm\_Lathe\_21A-X\Common\string\SysAlarmMsgCom_CIP.Xml
Res\_Arm\_Lathe\_21A-X\Common\string\SysAlarmMsgCom_ENIP.Xml
Res\_Arm\_Lathe\_21A-X\CHT\string\SysAlarmMsgCht_CIP.Xml
Res\_Arm\_Lathe\_21A-X\CHT\string\SysAlarmMsgCht_ENIP.Xml
Res\_Arm\_Lathe\_21A-X\CHS\string\SysAlarmMsgChs_CIP.Xml
Res\_Arm\_Lathe\_21A-X\CHS\string\SysAlarmMsgChs_ENIP.Xml
Res\_Arm\_Lathe\_21A-H\Common\string\SysAlarmMsgCom_CIP.Xml
Res\_Arm\_Lathe\_21A-H\Common\string\SysAlarmMsgCom_ENIP.Xml
Res\_Arm\_Lathe\_21A-H\CHT\string\SysAlarmMsgCht_CIP.Xml
Res\_Arm\_Lathe\_21A-H\CHT\string\SysAlarmMsgCht_ENIP.Xml
Res\_Arm\_Lathe\_21A-H\CHS\string\SysAlarmMsgChs_CIP.Xml
Res\_Arm\_Lathe\_21A-H\CHS\string\SysAlarmMsgChs_ENIP.Xml
Res\_Arm\_Lathe\_21A-E\Common\string\SysAlarmMsgCom_CIP.Xml
Res\_Arm\_Lathe\_21A-E\Common\string\SysAlarmMsgCom_ENIP.Xml
Res\_Arm\_Lathe\_21A-E\CHT\string\SysAlarmMsgCht_CIP.Xml
Res\_Arm\_Lathe\_21A-E\CHT\string\SysAlarmMsgCht_ENIP.Xml
Res\_Arm\_Lathe\_21A-E\CHS\string\SysAlarmMsgChs_CIP.Xml
Res\_Arm\_Lathe\_21A-E\CHS\string\SysAlarmMsgChs_ENIP.Xml
Res\_Arm\_Lathe\_21A\Common\string\SysAlarmMsgCom_CIP.Xml
Res\_Arm\_Lathe\_21A\Common\string\SysAlarmMsgCom_ENIP.Xml
Res\_Arm\_Lathe\_21A\CHT\string\SysAlarmMsgCht_CIP.Xml
Res\_Arm\_Lathe\_21A\CHT\string\SysAlarmMsgCht_ENIP.Xml
Res\_Arm\_Lathe\_21A\CHS\string\SysAlarmMsgChs_CIP.Xml
Res\_Arm\_Lathe\_21A\CHS\string\SysAlarmMsgChs_ENIP.Xml
Res\_Arm\_Lathe\_210B-H5\Common\string\SysAlarmMsgCom_CIP.Xml
Res\_Arm\_Lathe\_210B-H5\Common\string\SysAlarmMsgCom_ENIP.Xml
Res\_Arm\_Lathe\_210B-H5\CHT\string\SysAlarmMsgCht_CIP.Xml
Res\_Arm\_Lathe\_210B-H5\CHT\string\SysAlarmMsgCht_ENIP.Xml
Res\_Arm\_Lathe\_210B-H5\CHS\string\SysAlarmMsgChs_CIP.Xml
Res\_Arm\_Lathe\_210B-H5\CHS\string\SysAlarmMsgChs_ENIP.Xml
Res\_Arm\_Lathe\_210B-H\Common\string\SysAlarmMsgCom_CIP.Xml
Res\_Arm\_Lathe\_210B-H\Common\string\SysAlarmMsgCom_ENIP.Xml
Res\_Arm\_Lathe\_210B-H\CHT\string\SysAlarmMsgCht_CIP.Xml
Res\_Arm\_Lathe\_210B-H\CHT\string\SysAlarmMsgCht_ENIP.Xml
Res\_Arm\_Lathe\_210B-H\CHS\string\SysAlarmMsgChs_CIP.Xml
Res\_Arm\_Lathe\_210B-H\CHS\string\SysAlarmMsgChs_ENIP.Xml
Res\_Arm\_Lathe\_200B-X\Common\string\SysAlarmMsgCom_CIP.Xml
Res\_Arm\_Lathe\_200B-X\Common\string\SysAlarmMsgCom_ENIP.Xml
Res\_Arm\_Lathe\_200B-X\CHT\string\SysAlarmMsgCht_CIP.Xml
Res\_Arm\_Lathe\_200B-X\CHT\string\SysAlarmMsgCht_ENIP.Xml
Res\_Arm\_Lathe\_200B-X\CHS\string\SysAlarmMsgChs_CIP.Xml
Res\_Arm\_Lathe\_200B-X\CHS\string\SysAlarmMsgChs_ENIP.Xml
Res\_Arm\_Lathe\_200A-X\Common\string\SysAlarmMsgCom_CIP.Xml
Res\_Arm\_Lathe\_200A-X\Common\string\SysAlarmMsgCom_ENIP.Xml
Res\_Arm\_Lathe\_200A-X\CHT\string\SysAlarmMsgCht_CIP.Xml
Res\_Arm\_Lathe\_200A-X\CHT\string\SysAlarmMsgCht_ENIP.Xml
Res\_Arm\_Lathe\_200A-X\CHS\string\SysAlarmMsgChs_CIP.Xml
Res\_Arm\_Lathe\_200A-X\CHS\string\SysAlarmMsgChs_ENIP.Xml
Res\_Arm\_Lathe\_11B-X\Common\string\SysAlarmMsgCom_CIP.Xml
Res\_Arm\_Lathe\_11B-X\Common\string\SysAlarmMsgCom_ENIP.Xml
Res\_Arm\_Lathe\_11B-X\CHT\string\SysAlarmMsgCht_CIP.Xml
Res\_Arm\_Lathe\_11B-X\CHT\string\SysAlarmMsgCht_ENIP.Xml
Res\_Arm\_Lathe\_11B-X\CHS\string\SysAlarmMsgChs_CIP.Xml
Res\_Arm\_Lathe\_11B-X\CHS\string\SysAlarmMsgChs_ENIP.Xml
Res\_Arm\_Lathe\_11B\Common\string\SysAlarmMsgCom_CIP.Xml
Res\_Arm\_Lathe\_11B\Common\string\SysAlarmMsgCom_ENIP.Xml
Res\_Arm\_Lathe\_11B\CHT\string\SysAlarmMsgCht_CIP.Xml
Res\_Arm\_Lathe\_11B\CHT\string\SysAlarmMsgCht_ENIP.Xml
Res\_Arm\_Lathe\_11B\CHS\string\SysAlarmMsgChs_CIP.Xml
Res\_Arm\_Lathe\_11B\CHS\string\SysAlarmMsgChs_ENIP.Xml
Res\_Arm\_Lathe\_11A-X\Common\string\SysAlarmMsgCom_CIP.Xml
Res\_Arm\_Lathe\_11A-X\Common\string\SysAlarmMsgCom_ENIP.Xml
Res\_Arm\_Lathe\_11A-X\CHT\string\SysAlarmMsgCht_CIP.Xml
Res\_Arm\_Lathe\_11A-X\CHT\string\SysAlarmMsgCht_ENIP.Xml
Res\_Arm\_Lathe\_11A-X\CHS\string\SysAlarmMsgChs_CIP.Xml
Res\_Arm\_Lathe\_11A-X\CHS\string\SysAlarmMsgChs_ENIP.Xml
Res\_Arm\_Lathe\_11A\Common\string\SysAlarmMsgCom_CIP.Xml
Res\_Arm\_Lathe\_11A\Common\string\SysAlarmMsgCom_ENIP.Xml
Res\_Arm\_Lathe\_11A\CHT\string\SysAlarmMsgCht_CIP.Xml
Res\_Arm\_Lathe\_11A\CHT\string\SysAlarmMsgCht_ENIP.Xml
Res\_Arm\_Lathe\_11A\CHS\string\SysAlarmMsgChs_CIP.Xml
Res\_Arm\_Lathe\_11A\CHS\string\SysAlarmMsgChs_ENIP.Xml
Res\_Arm\_HC\_8S\Common\string\SysAlarmMsgCom_CIP.Xml
Res\_Arm\_HC\_8S\Common\string\SysAlarmMsgCom_ENIP.Xml
Res\_Arm\_HC\_8S\CHT\string\SysAlarmMsgCht_CIP.Xml
Res\_Arm\_HC\_8S\CHT\string\SysAlarmMsgCht_ENIP.Xml
Res\_Arm\_HC\_8S\CHS\string\SysAlarmMsgChs_CIP.Xml
Res\_Arm\_HC\_8S\CHS\string\SysAlarmMsgChs_ENIP.Xml
Res\_Arm\_HC\_8E\Common\string\SysAlarmMsgCom_CIP.Xml
Res\_Arm\_HC\_8E\Common\string\SysAlarmMsgCom_ENIP.Xml
Res\_Arm\_HC\_8E\CHT\string\SysAlarmMsgCht_CIP.Xml
Res\_Arm\_HC\_8E\CHT\string\SysAlarmMsgCht_ENIP.Xml
Res\_Arm\_HC\_8E\CHS\string\SysAlarmMsgChs_CIP.Xml
Res\_Arm\_HC\_8E\CHS\string\SysAlarmMsgChs_ENIP.Xml
Res\_Arm\_HC\_8C-5\Common\string\SysAlarmMsgCom_CIP.Xml
Res\_Arm\_HC\_8C-5\Common\string\SysAlarmMsgCom_ENIP.Xml
Res\_Arm\_HC\_8C-5\CHT\string\SysAlarmMsgCht_CIP.Xml
Res\_Arm\_HC\_8C-5\CHT\string\SysAlarmMsgCht_ENIP.Xml
Res\_Arm\_HC\_8C-5\CHS\string\SysAlarmMsgChs_CIP.Xml
Res\_Arm\_HC\_8C-5\CHS\string\SysAlarmMsgChs_ENIP.Xml
Res\_Arm\_HC\_8C\Common\string\SysAlarmMsgCom_CIP.Xml
Res\_Arm\_HC\_8C\Common\string\SysAlarmMsgCom_ENIP.Xml
Res\_Arm\_HC\_8C\CHT\string\SysAlarmMsgCht_CIP.Xml
Res\_Arm\_HC\_8C\CHT\string\SysAlarmMsgCht_ENIP.Xml
Res\_Arm\_HC\_8C\CHS\string\SysAlarmMsgChs_CIP.Xml
Res\_Arm\_HC\_8C\CHS\string\SysAlarmMsgChs_ENIP.Xml
Res\_Arm\_HC\_8B\Common\string\SysAlarmMsgCom_CIP.Xml
Res\_Arm\_HC\_8B\Common\string\SysAlarmMsgCom_ENIP.Xml
Res\_Arm\_HC\_8B\CHT\string\SysAlarmMsgCht_CIP.Xml
Res\_Arm\_HC\_8B\CHT\string\SysAlarmMsgCht_ENIP.Xml
Res\_Arm\_HC\_8B\CHS\string\SysAlarmMsgChs_CIP.Xml
Res\_Arm\_HC\_8B\CHS\string\SysAlarmMsgChs_ENIP.Xml
Res\_Arm\_HC\_8A\Common\string\SysAlarmMsgCom_CIP.Xml
Res\_Arm\_HC\_8A\Common\string\SysAlarmMsgCom_ENIP.Xml
Res\_Arm\_HC\_8A\CHT\string\SysAlarmMsgCht_CIP.Xml
Res\_Arm\_HC\_8A\CHT\string\SysAlarmMsgCht_ENIP.Xml
Res\_Arm\_HC\_8A\CHS\string\SysAlarmMsgChs_CIP.Xml
Res\_Arm\_HC\_8A\CHS\string\SysAlarmMsgChs_ENIP.Xml
Res\_Arm\_HC\_80MI\Common\string\SysAlarmMsgCom_CIP.Xml
Res\_Arm\_HC\_80MI\Common\string\SysAlarmMsgCom_ENIP.Xml
Res\_Arm\_HC\_80MI\CHT\string\SysAlarmMsgCht_CIP.Xml
Res\_Arm\_HC\_80MI\CHT\string\SysAlarmMsgCht_ENIP.Xml
Res\_Arm\_HC\_80MI\CHS\string\SysAlarmMsgChs_CIP.Xml
Res\_Arm\_HC\_80MI\CHS\string\SysAlarmMsgChs_ENIP.Xml
Res\_Arm\_HC\_80GM\Common\string\SysAlarmMsgCom_CIP.Xml
Res\_Arm\_HC\_80GM\Common\string\SysAlarmMsgCom_ENIP.Xml
Res\_Arm\_HC\_80GM\CHT\string\SysAlarmMsgCht_CIP.Xml
Res\_Arm\_HC\_80GM\CHT\string\SysAlarmMsgCht_ENIP.Xml
Res\_Arm\_HC\_80GM\CHS\string\SysAlarmMsgChs_CIP.Xml
Res\_Arm\_HC\_80GM\CHS\string\SysAlarmMsgChs_ENIP.Xml
Res\_Arm\_HC\_7C\Common\string\SysAlarmMsgCom_CIP.Xml
Res\_Arm\_HC\_7C\Common\string\SysAlarmMsgCom_ENIP.Xml
Res\_Arm\_HC\_7C\CHT\string\SysAlarmMsgCht_CIP.Xml
Res\_Arm\_HC\_7C\CHT\string\SysAlarmMsgCht_ENIP.Xml
Res\_Arm\_HC\_7C\CHS\string\SysAlarmMsgChs_CIP.Xml
Res\_Arm\_HC\_7C\CHS\string\SysAlarmMsgChs_ENIP.Xml
Res\_Arm\_HC\_15E\Common\string\SysAlarmMsgCom_CIP.Xml
Res\_Arm\_HC\_15E\Common\string\SysAlarmMsgCom_ENIP.Xml
Res\_Arm\_HC\_15E\CHT\string\SysAlarmMsgCht_CIP.Xml
Res\_Arm\_HC\_15E\CHT\string\SysAlarmMsgCht_ENIP.Xml
Res\_Arm\_HC\_15E\CHS\string\SysAlarmMsgChs_CIP.Xml
Res\_Arm\_HC\_15E\CHS\string\SysAlarmMsgChs_ENIP.Xml
Res\_Arm\_HC\_15C-5\Common\string\SysAlarmMsgCom_CIP.Xml
Res\_Arm\_HC\_15C-5\Common\string\SysAlarmMsgCom_ENIP.Xml
Res\_Arm\_HC\_15C-5\CHT\string\SysAlarmMsgCht_CIP.Xml
Res\_Arm\_HC\_15C-5\CHT\string\SysAlarmMsgCht_ENIP.Xml
Res\_Arm\_HC\_15C-5\CHS\string\SysAlarmMsgChs_CIP.Xml
Res\_Arm\_HC\_15C-5\CHS\string\SysAlarmMsgChs_ENIP.Xml
Res\_Arm\_HC\_15C\Common\string\SysAlarmMsgCom_CIP.Xml
Res\_Arm\_HC\_15C\Common\string\SysAlarmMsgCom_ENIP.Xml
Res\_Arm\_HC\_15C\CHT\string\SysAlarmMsgCht_CIP.Xml
Res\_Arm\_HC\_15C\CHT\string\SysAlarmMsgCht_ENIP.Xml
Res\_Arm\_HC\_15C\CHS\string\SysAlarmMsgChs_CIP.Xml
Res\_Arm\_HC\_15C\CHS\string\SysAlarmMsgChs_ENIP.Xml
Res\_Arm\_HC\_15B\Common\string\SysAlarmMsgCom_CIP.Xml
Res\_Arm\_HC\_15B\Common\string\SysAlarmMsgCom_ENIP.Xml
Res\_Arm\_HC\_15B\CHT\string\SysAlarmMsgCht_CIP.Xml
Res\_Arm\_HC\_15B\CHT\string\SysAlarmMsgCht_ENIP.Xml
Res\_Arm\_HC\_15B\CHS\string\SysAlarmMsgChs_CIP.Xml
Res\_Arm\_HC\_15B\CHS\string\SysAlarmMsgChs_ENIP.Xml
Res\_Arm\_HC\_15A\Common\string\SysAlarmMsgCom_CIP.Xml
Res\_Arm\_HC\_15A\Common\string\SysAlarmMsgCom_ENIP.Xml
Res\_Arm\_HC\_15A\CHT\string\SysAlarmMsgCht_CIP.Xml
Res\_Arm\_HC\_15A\CHT\string\SysAlarmMsgCht_ENIP.Xml
Res\_Arm\_HC\_15A\CHS\string\SysAlarmMsgChs_CIP.Xml
Res\_Arm\_HC\_15A\CHS\string\SysAlarmMsgChs_ENIP.Xml
Res\_Arm\_HC\_12B\Common\string\SysAlarmMsgCom_CIP.Xml
Res\_Arm\_HC\_12B\Common\string\SysAlarmMsgCom_ENIP.Xml
Res\_Arm\_HC\_12B\CHT\string\SysAlarmMsgCht_CIP.Xml
Res\_Arm\_HC\_12B\CHT\string\SysAlarmMsgCht_ENIP.Xml
Res\_Arm\_HC\_12B\CHS\string\SysAlarmMsgChs_CIP.Xml
Res\_Arm\_HC\_12B\CHS\string\SysAlarmMsgChs_ENIP.Xml
Res\_Arm\_HC\_12A\Common\string\SysAlarmMsgCom_CIP.Xml
Res\_Arm\_HC\_12A\Common\string\SysAlarmMsgCom_ENIP.Xml
Res\_Arm\_HC\_12A\CHT\string\SysAlarmMsgCht_CIP.Xml
Res\_Arm\_HC\_12A\CHT\string\SysAlarmMsgCht_ENIP.Xml
Res\_Arm\_HC\_12A\CHS\string\SysAlarmMsgChs_CIP.Xml
Res\_Arm\_HC\_12A\CHS\string\SysAlarmMsgChs_ENIP.Xml
Res\_Arm\_HC\_10E\Common\string\SysAlarmMsgCom_CIP.Xml
Res\_Arm\_HC\_10E\Common\string\SysAlarmMsgCom_ENIP.Xml
Res\_Arm\_HC\_10E\CHT\string\SysAlarmMsgCht_CIP.Xml
Res\_Arm\_HC\_10E\CHT\string\SysAlarmMsgCht_ENIP.Xml
Res\_Arm\_HC\_10E\CHS\string\SysAlarmMsgChs_CIP.Xml
Res\_Arm\_HC\_10E\CHS\string\SysAlarmMsgChs_ENIP.Xml
Res\_Arm\_HC\_10C-5\Common\string\SysAlarmMsgCom_CIP.Xml
Res\_Arm\_HC\_10C-5\Common\string\SysAlarmMsgCom_ENIP.Xml
Res\_Arm\_HC\_10C-5\CHT\string\SysAlarmMsgCht_CIP.Xml
Res\_Arm\_HC\_10C-5\CHT\string\SysAlarmMsgCht_ENIP.Xml
Res\_Arm\_HC\_10C-5\CHS\string\SysAlarmMsgChs_CIP.Xml
Res\_Arm\_HC\_10C-5\CHS\string\SysAlarmMsgChs_ENIP.Xml
Res\_Arm\_HC\_10C\Common\string\SysAlarmMsgCom_CIP.Xml
Res\_Arm\_HC\_10C\Common\string\SysAlarmMsgCom_ENIP.Xml
Res\_Arm\_HC\_10C\CHT\string\SysAlarmMsgCht_CIP.Xml
Res\_Arm\_HC\_10C\CHT\string\SysAlarmMsgCht_ENIP.Xml
Res\_Arm\_HC\_10C\CHS\string\SysAlarmMsgChs_CIP.Xml
Res\_Arm\_HC\_10C\CHS\string\SysAlarmMsgChs_ENIP.Xml
Res\_Arm\_HC\_10B\Common\string\SysAlarmMsgCom_CIP.Xml
Res\_Arm\_HC\_10B\Common\string\SysAlarmMsgCom_ENIP.Xml
Res\_Arm\_HC\_10B\CHT\string\SysAlarmMsgCht_CIP.Xml
Res\_Arm\_HC\_10B\CHT\string\SysAlarmMsgCht_ENIP.Xml
Res\_Arm\_HC\_10B\CHS\string\SysAlarmMsgChs_CIP.Xml
Res\_Arm\_HC\_10B\CHS\string\SysAlarmMsgChs_ENIP.Xml
Res\_Arm\_HC\_10A\Common\string\SysAlarmMsgCom_CIP.Xml
Res\_Arm\_HC\_10A\Common\string\SysAlarmMsgCom_ENIP.Xml
Res\_Arm\_HC\_10A\CHT\string\SysAlarmMsgCht_CIP.Xml
Res\_Arm\_HC\_10A\CHT\string\SysAlarmMsgCht_ENIP.Xml
Res\_Arm\_HC\_10A\CHS\string\SysAlarmMsgChs_CIP.Xml
Res\_Arm\_HC\_10A\CHS\string\SysAlarmMsgChs_ENIP.Xml
Res\_Arm\_GlassGrind\_6B\Common\string\SysAlarmMsgCom_CIP.Xml
Res\_Arm\_GlassGrind\_6B\Common\string\SysAlarmMsgCom_ENIP.Xml
Res\_Arm\_GlassGrind\_6B\CHT\string\SysAlarmMsgCht_CIP.Xml
Res\_Arm\_GlassGrind\_6B\CHT\string\SysAlarmMsgCht_ENIP.Xml
Res\_Arm\_GlassGrind\_6B\CHS\string\SysAlarmMsgChs_CIP.Xml
Res\_Arm\_GlassGrind\_6B\CHS\string\SysAlarmMsgChs_ENIP.Xml
Res\_Arm\_GANTRY\_HHB\Common\string\SysAlarmMsgCom_CIP.Xml
Res\_Arm\_GANTRY\_HHB\Common\string\SysAlarmMsgCom_ENIP.Xml
Res\_Arm\_GANTRY\_HHB\CHT\string\SysAlarmMsgCht_CIP.Xml
Res\_Arm\_GANTRY\_HHB\CHT\string\SysAlarmMsgCht_ENIP.Xml
Res\_Arm\_GANTRY\_HHB\CHS\string\SysAlarmMsgChs_CIP.Xml
Res\_Arm\_GANTRY\_HHB\CHS\string\SysAlarmMsgChs_ENIP.Xml
Res\_Arm\_GANTRY\_81R\Common\string\SysAlarmMsgCom_CIP.Xml
Res\_Arm\_GANTRY\_81R\Common\string\SysAlarmMsgCom_ENIP.Xml
Res\_Arm\_GANTRY\_81R\CHT\string\SysAlarmMsgCht_CIP.Xml
Res\_Arm\_GANTRY\_81R\CHT\string\SysAlarmMsgCht_ENIP.Xml
Res\_Arm\_GANTRY\_81R\CHS\string\SysAlarmMsgChs_CIP.Xml
Res\_Arm\_GANTRY\_81R\CHS\string\SysAlarmMsgChs_ENIP.Xml
Res\_Arm\_GANTRY\_80R\Common\string\SysAlarmMsgCom_CIP.Xml
Res\_Arm\_GANTRY\_80R\Common\string\SysAlarmMsgCom_ENIP.Xml
Res\_Arm\_GANTRY\_80R\CHT\string\SysAlarmMsgCht_CIP.Xml
Res\_Arm\_GANTRY\_80R\CHT\string\SysAlarmMsgCht_ENIP.Xml
Res\_Arm\_GANTRY\_80R\CHS\string\SysAlarmMsgChs_CIP.Xml
Res\_Arm\_GANTRY\_80R\CHS\string\SysAlarmMsgChs_ENIP.Xml
Res\_Arm\_FC\_B-5\Common\string\SysAlarmMsgCom_CIP.Xml
Res\_Arm\_FC\_B-5\Common\string\SysAlarmMsgCom_ENIP.Xml
Res\_Arm\_FC\_B-5\CHT\string\SysAlarmMsgCht_CIP.Xml
Res\_Arm\_FC\_B-5\CHT\string\SysAlarmMsgCht_ENIP.Xml
Res\_Arm\_FC\_B-5\CHS\string\SysAlarmMsgChs_CIP.Xml
Res\_Arm\_FC\_B-5\CHS\string\SysAlarmMsgChs_ENIP.Xml
Res\_Arm\_FC\_B\Common\string\SysAlarmMsgCom_CIP.Xml
Res\_Arm\_FC\_B\Common\string\SysAlarmMsgCom_ENIP.Xml
Res\_Arm\_FC\_B\CHT\string\SysAlarmMsgCht_CIP.Xml
Res\_Arm\_FC\_B\CHT\string\SysAlarmMsgCht_ENIP.Xml
Res\_Arm\_FC\_B\CHS\string\SysAlarmMsgChs_CIP.Xml
Res\_Arm\_FC\_B\CHS\string\SysAlarmMsgChs_ENIP.Xml
Res\_Arm\_FC\_A\Common\string\SysAlarmMsgCom_CIP.Xml
Res\_Arm\_FC\_A\Common\string\SysAlarmMsgCom_ENIP.Xml
Res\_Arm\_FC\_A\CHT\string\SysAlarmMsgCht_CIP.Xml
Res\_Arm\_FC\_A\CHT\string\SysAlarmMsgCht_ENIP.Xml
Res\_Arm\_FC\_A\CHS\string\SysAlarmMsgChs_CIP.Xml
Res\_Arm\_FC\_A\CHS\string\SysAlarmMsgChs_ENIP.Xml
Res\_Arm\_Drill\_60B\Common\string\SysAlarmMsgCom_CIP.Xml
Res\_Arm\_Drill\_60B\Common\string\SysAlarmMsgCom_ENIP.Xml
Res\_Arm\_Drill\_60B\CHT\string\SysAlarmMsgCht_CIP.Xml
Res\_Arm\_Drill\_60B\CHT\string\SysAlarmMsgCht_ENIP.Xml
Res\_Arm\_Drill\_60B\CHS\string\SysAlarmMsgChs_CIP.Xml
Res\_Arm\_Drill\_60B\CHS\string\SysAlarmMsgChs_ENIP.Xml
Res\_Arm\_DELTA\_HHB\Common\string\SysAlarmMsgCom_CIP.Xml
Res\_Arm\_DELTA\_HHB\Common\string\SysAlarmMsgCom_ENIP.Xml
Res\_Arm\_DELTA\_HHB\CHT\string\SysAlarmMsgCht_CIP.Xml
Res\_Arm\_DELTA\_HHB\CHT\string\SysAlarmMsgCht_ENIP.Xml
Res\_Arm\_DELTA\_HHB\CHS\string\SysAlarmMsgChs_CIP.Xml
Res\_Arm\_DELTA\_HHB\CHS\string\SysAlarmMsgChs_ENIP.Xml
Res\_Arm\_DELTA\_81R\Common\string\SysAlarmMsgCom_CIP.Xml
Res\_Arm\_DELTA\_81R\Common\string\SysAlarmMsgCom_ENIP.Xml
Res\_Arm\_DELTA\_81R\CHT\string\SysAlarmMsgCht_CIP.Xml
Res\_Arm\_DELTA\_81R\CHT\string\SysAlarmMsgCht_ENIP.Xml
Res\_Arm\_DELTA\_81R\CHS\string\SysAlarmMsgChs_CIP.Xml
Res\_Arm\_DELTA\_81R\CHS\string\SysAlarmMsgChs_ENIP.Xml
Res\_Arm\_DELTA\_80R\Common\string\SysAlarmMsgCom_CIP.Xml
Res\_Arm\_DELTA\_80R\Common\string\SysAlarmMsgCom_ENIP.Xml
Res\_Arm\_DELTA\_80R\CHT\string\SysAlarmMsgCht_CIP.Xml
Res\_Arm\_DELTA\_80R\CHT\string\SysAlarmMsgCht_ENIP.Xml
Res\_Arm\_DELTA\_80R\CHS\string\SysAlarmMsgChs_CIP.Xml
Res\_Arm\_DELTA\_80R\CHS\string\SysAlarmMsgChs_ENIP.Xml
Res\_Arm\_Cutting\_70B-5\Common\string\SysAlarmMsgCom_CIP.Xml
Res\_Arm\_Cutting\_70B-5\Common\string\SysAlarmMsgCom_ENIP.Xml
Res\_Arm\_Cutting\_70B-5\CHT\string\SysAlarmMsgCht_CIP.Xml
Res\_Arm\_Cutting\_70B-5\CHT\string\SysAlarmMsgCht_ENIP.Xml
Res\_Arm\_Cutting\_70B-5\CHS\string\SysAlarmMsgChs_CIP.Xml
Res\_Arm\_Cutting\_70B-5\CHS\string\SysAlarmMsgChs_ENIP.Xml
Res\_Arm\_Cutting\_70B\Common\string\SysAlarmMsgCom_CIP.Xml
Res\_Arm\_Cutting\_70B\Common\string\SysAlarmMsgCom_ENIP.Xml
Res\_Arm\_Cutting\_70B\CHT\string\SysAlarmMsgCht_CIP.Xml
Res\_Arm\_Cutting\_70B\CHT\string\SysAlarmMsgCht_ENIP.Xml
Res\_Arm\_Cutting\_70B\CHS\string\SysAlarmMsgChs_CIP.Xml
Res\_Arm\_Cutting\_70B\CHS\string\SysAlarmMsgChs_ENIP.Xml
Res\_Arm\_Cutting\_70A\Common\string\SysAlarmMsgCom_CIP.Xml
Res\_Arm\_Cutting\_70A\Common\string\SysAlarmMsgCom_ENIP.Xml
Res\_Arm\_Cutting\_70A\CHT\string\SysAlarmMsgCht_CIP.Xml
Res\_Arm\_Cutting\_70A\CHT\string\SysAlarmMsgCht_ENIP.Xml
Res\_Arm\_Cutting\_70A\CHS\string\SysAlarmMsgChs_CIP.Xml
Res\_Arm\_Cutting\_70A\CHS\string\SysAlarmMsgChs_ENIP.Xml
Res\_Arm\_Cutting\_6B\Common\string\SysAlarmMsgCom_CIP.Xml
Res\_Arm\_Cutting\_6B\Common\string\SysAlarmMsgCom_ENIP.Xml
Res\_Arm\_Cutting\_6B\CHT\string\SysAlarmMsgCht_CIP.Xml
Res\_Arm\_Cutting\_6B\CHT\string\SysAlarmMsgCht_ENIP.Xml
Res\_Arm\_Cutting\_6B\CHS\string\SysAlarmMsgChs_CIP.Xml
Res\_Arm\_Cutting\_6B\CHS\string\SysAlarmMsgChs_ENIP.Xml
Res\_Arm\_Cutting\_6A\Common\string\SysAlarmMsgCom_CIP.Xml
Res\_Arm\_Cutting\_6A\Common\string\SysAlarmMsgCom_ENIP.Xml
Res\_Arm\_Cutting\_6A\CHT\string\SysAlarmMsgCht_CIP.Xml
Res\_Arm\_Cutting\_6A\CHT\string\SysAlarmMsgCht_ENIP.Xml
Res\_Arm\_Cutting\_6A\CHS\string\SysAlarmMsgChs_CIP.Xml
Res\_Arm\_Cutting\_6A\CHS\string\SysAlarmMsgChs_ENIP.Xml
Res\_Arm\_Cutting\_60A\Common\string\SysAlarmMsgCom_CIP.Xml
Res\_Arm\_Cutting\_60A\Common\string\SysAlarmMsgCom_ENIP.Xml
Res\_Arm\_Cutting\_60A\CHT\string\SysAlarmMsgCht_CIP.Xml
Res\_Arm\_Cutting\_60A\CHT\string\SysAlarmMsgCht_ENIP.Xml
Res\_Arm\_Cutting\_60A\CHS\string\SysAlarmMsgChs_CIP.Xml
Res\_Arm\_Cutting\_60A\CHS\string\SysAlarmMsgChs_ENIP.Xml
Res\_Arm\_ARTIC\_HHB\Common\string\SysAlarmMsgCom_CIP.Xml
Res\_Arm\_ARTIC\_HHB\Common\string\SysAlarmMsgCom_ENIP.Xml
Res\_Arm\_ARTIC\_HHB\CHT\string\SysAlarmMsgCht_CIP.Xml
Res\_Arm\_ARTIC\_HHB\CHT\string\SysAlarmMsgCht_ENIP.Xml
Res\_Arm\_ARTIC\_HHB\CHS\string\SysAlarmMsgChs_CIP.Xml
Res\_Arm\_ARTIC\_HHB\CHS\string\SysAlarmMsgChs_ENIP.Xml
Res\_Arm\_ARTIC\_81R\Common\string\SysAlarmMsgCom_CIP.Xml
Res\_Arm\_ARTIC\_81R\Common\string\SysAlarmMsgCom_ENIP.Xml
Res\_Arm\_ARTIC\_81R\CHT\string\SysAlarmMsgCht_CIP.Xml
Res\_Arm\_ARTIC\_81R\CHT\string\SysAlarmMsgCht_ENIP.Xml
Res\_Arm\_ARTIC\_81R\CHS\string\SysAlarmMsgChs_CIP.Xml
Res\_Arm\_ARTIC\_81R\CHS\string\SysAlarmMsgChs_ENIP.Xml
Res\_Arm\_ARTIC\_80R\Common\string\SysAlarmMsgCom_CIP.Xml
Res\_Arm\_ARTIC\_80R\Common\string\SysAlarmMsgCom_ENIP.Xml
Res\_Arm\_ARTIC\_80R\CHT\string\SysAlarmMsgCht_CIP.Xml
Res\_Arm\_ARTIC\_80R\CHT\string\SysAlarmMsgCht_ENIP.Xml
Res\_Arm\_ARTIC\_80R\CHS\string\SysAlarmMsgChs_CIP.Xml
Res\_Arm\_ARTIC\_80R\CHS\string\SysAlarmMsgChs_ENIP.Xml
----------------------------------------------------------------------
